(14:45:13) INFO:    [Legendary]:        Legendary location: /opt/Heroic/resources/app.asar.unpacked/build/bin/x64/linux/legendary
(14:45:13) INFO:    [Gog]:              GOGDL location: /opt/Heroic/resources/app.asar.unpacked/build/bin/x64/linux/gogdl
(14:45:13) INFO:    [Connection]:       Connectivity: check-online
(14:45:13) INFO:    [Connection]:       Pinging external endpoints
(14:45:13) INFO:    [Gog]:              Checking for existing gog manifests
(14:45:13) WARNING: [Backend]:          Protocol already registered.
(14:45:13) INFO:    [Legendary]:        Running command: LEGENDARY_CONFIG_PATH=/home/vmdjavem/.config/heroic/legendaryConfig/legendary /opt/Heroic/resources/app.asar.unpacked/build/bin/x64/linux/legendary --version
(14:45:13) INFO:    [Gog]:              Running command: GOGDL_CONFIG_PATH=/home/vmdjavem/.config/heroic/gogdlConfig /opt/Heroic/resources/app.asar.unpacked/build/bin/x64/linux/gogdl --auth-config-path /home/vmdjavem/.config/heroic/gog_store/auth.json --version
(14:45:13) INFO:    [Nile]:             Running command: NILE_CONFIG_PATH=/home/vmdjavem/.config/heroic/nile_config /opt/Heroic/resources/app.asar.unpacked/build/bin/x64/linux/nile --version
(14:45:13) INFO:    [Backend]:          
System Information:
CPU: 12x AMD Ryzen 5 7600X 6-Core Processor
Memory: 32.7 GB (used: 4.76 GB)
GPUs:
  GPU 0:
    Name: Advanced Micro Devices, Inc. [AMD/ATI] Raphael
    IDs: D=164e V=1002 SD=7e26 SV=1462
    Driver: amdgpu
  GPU 1:
    Name: Advanced Micro Devices, Inc. [AMD/ATI] Navi 32 [Radeon RX 7700 XT / 7800 XT]
    IDs: D=747e V=1002 SD=f475 SV=1da2
    Driver: amdgpu
OS: EndeavourOS 6.15.3-arch1-1 (linux)

The current system is not a Steam Deck
We are not running inside a Flatpak container

Software Versions:
  Heroic: 2.17.2 Cutty Flam Franky
  Legendary: 0.20.37 Exit 17 (Heroic)
  gogdl: 1.1.2
  comet: comet 0.2.0
  Nile: 1.1.2 Will A. Zeppeli

(14:45:13) INFO:    [Frontend]:         Refreshing undefined Library
(14:45:13) WARNING: [Backend]:          refresh not implemented on Sideload Library Manager
(14:45:13) INFO:    [Legendary]:        Refreshing library...
(14:45:13) INFO:    [Legendary]:        Refreshing Epic Games...
(14:45:13) INFO:    [Backend]:          Frontend Ready
(14:45:13) INFO:    [Backend]:          Checking for new Heroic Updates
(14:45:13) INFO:    [Backend]:          Checking for current version changelog
(14:45:14) INFO:    [Connection]:       Connectivity: online
(14:45:14) ERROR:   [Gog]:              Unable to syncQueued playtime, userData not present
(14:45:14) INFO:    [Gog]:              Running command: GOGDL_CONFIG_PATH=/home/vmdjavem/.config/heroic/gogdlConfig /opt/Heroic/resources/app.asar.unpacked/build/bin/x64/linux/gogdl --auth-config-path /home/vmdjavem/.config/heroic/gog_store/auth.json auth
(14:45:14) INFO:    [Legendary]:        Running command: LEGENDARY_CONFIG_PATH=/home/vmdjavem/.config/heroic/legendaryConfig/legendary /opt/Heroic/resources/app.asar.unpacked/build/bin/x64/linux/legendary list --third-party
(14:45:14) INFO:    [Backend]:          AreWeAntiCheatYet data downloaded
(14:45:15) INFO:    [Winetricks]:       Downloading Winetricks
(14:45:16) INFO:    [Legendary]:        Game list updated, got 97 games & DLCs
(14:45:16) WARNING: [Backend]:          listUpdateableGames not implemented on Sideload Library Manager
(14:45:17) INFO:    [Legendary]:        Checking for game updates: LEGENDARY_CONFIG_PATH=/home/vmdjavem/.config/heroic/legendaryConfig/legendary /opt/Heroic/resources/app.asar.unpacked/build/bin/x64/linux/legendary list --third-party
(14:45:18) INFO:    [WineDownloader]:   Updating wine versions info
(14:45:18) INFO:    [WineDownloader]:   Fetching upstream information...
(14:45:18) INFO:    [Backend]:          Starting the Download Queue
(14:45:19) INFO:    [WineDownloader]:   wine versions updated
(14:45:19) INFO:    [Legendary]:        Found 0 games to update
(14:45:21) INFO:    [Legendary]:        Uninstalling 256ba8bdd1ff4c26a0b2d3776d1a1bf6: LEGENDARY_CONFIG_PATH=/home/vmdjavem/.config/heroic/legendaryConfig/legendary /opt/Heroic/resources/app.asar.unpacked/build/bin/x64/linux/legendary uninstall 256ba8bdd1ff4c26a0b2d3776d1a1bf6 -y
(14:45:21) INFO:    [Backend]:          Preventing machine to sleep
(14:45:21) INFO:    [Backend]:          Finished uninstalling
(14:45:21) INFO:    [Backend]:          Removing prefix /home/vmdjavem/Games/Heroic/Prefixes/default
(14:45:21) INFO:    [Backend]:          Can't delete folder /home/vmdjavem/Games/Heroic/Prefixes/default, prefix folder is the default prefix directory /home/vmdjavem/Games/Heroic/Prefixes/default
(14:45:21) INFO:    [Frontend]:         Refreshing legendary Library
(14:45:21) INFO:    [Legendary]:        Refreshing library...
(14:45:21) INFO:    [Legendary]:        Refreshing Epic Games...
(14:45:21) INFO:    [Backend]:          Desktop shortcut removed
(14:45:21) INFO:    [Backend]:          Applications shortcut removed
(14:45:21) INFO:    [Backend]:          Preventing machine to sleep
(14:45:21) INFO:    [Backend]:          Stopping Power Saver Blocker
(14:45:22) INFO:    [Legendary]:        Running command: LEGENDARY_CONFIG_PATH=/home/vmdjavem/.config/heroic/legendaryConfig/legendary /opt/Heroic/resources/app.asar.unpacked/build/bin/x64/linux/legendary list --third-party
