(21:47:32) INFO:    [Legendary]:        Legendary location: /opt/Heroic/resources/app.asar.unpacked/build/bin/x64/linux/legendary
(21:47:32) INFO:    [Gog]:              GOGDL location: /opt/Heroic/resources/app.asar.unpacked/build/bin/x64/linux/gogdl
(21:47:32) INFO:    [Connection]:       Connectivity: check-online
(21:47:32) INFO:    [Connection]:       Pinging external endpoints
(21:47:32) INFO:    [Gog]:              Checking for existing gog manifests
(21:47:33) WARNING: [Backend]:          Protocol already registered.
(21:47:33) INFO:    [Legendary]:        Running command: LEGENDARY_CONFIG_PATH=/home/vmdjavem/.config/heroic/legendaryConfig/legendary /opt/Heroic/resources/app.asar.unpacked/build/bin/x64/linux/legendary --version
(21:47:34) INFO:    [Gog]:              Running command: GOGDL_CONFIG_PATH=/home/vmdjavem/.config/heroic/gogdlConfig /opt/Heroic/resources/app.asar.unpacked/build/bin/x64/linux/gogdl --auth-config-path /home/vmdjavem/.config/heroic/gog_store/auth.json --version
(21:47:34) INFO:    [Nile]:             Running command: NILE_CONFIG_PATH=/home/vmdjavem/.config/heroic/nile_config /opt/Heroic/resources/app.asar.unpacked/build/bin/x64/linux/nile --version
(21:47:34) INFO:    [Connection]:       Connectivity: online
(21:47:34) ERROR:   [Gog]:              Unable to syncQueued playtime, userData not present
(21:47:34) INFO:    [Gog]:              Running command: GOGDL_CONFIG_PATH=/home/vmdjavem/.config/heroic/gogdlConfig /opt/Heroic/resources/app.asar.unpacked/build/bin/x64/linux/gogdl --auth-config-path /home/vmdjavem/.config/heroic/gog_store/auth.json auth
(21:47:34) INFO:    [Frontend]:         Refreshing undefined Library
(21:47:34) WARNING: [Backend]:          refresh not implemented on Sideload Library Manager
(21:47:34) INFO:    [Legendary]:        Refreshing library...
(21:47:34) INFO:    [Legendary]:        Refreshing Epic Games...
(21:47:34) INFO:    [Backend]:          Frontend Ready
(21:47:34) INFO:    [ProtocolHandler]:  Received heroic://launch?appName=k9WDWBSBu5MRntf9VDLYzL&runner=sideload
(21:47:34) INFO:    [Backend]:          Launching Plutonium Launcher (k9WDWBSBu5MRntf9VDLYzL)
(21:47:34) INFO:    [Backend]:          Preventing display from sleep
(21:47:34) INFO:    [Backend]:          Checking if wine version exists: Proton - GE-Proton-latest
(21:47:34) INFO:    [Backend]:          Preventing machine to sleep
(21:47:34) INFO:    [Backend]:          
System Information:
CPU: 12x AMD Ryzen 5 7600X 6-Core Processor
Memory: 32.7 GB (used: 5.23 GB)
GPUs:
  GPU 0:
    Name: Advanced Micro Devices, Inc. [AMD/ATI] Raphael
    IDs: D=164e V=1002 SD=7e26 SV=1462
    Driver: amdgpu
  GPU 1:
    Name: Advanced Micro Devices, Inc. [AMD/ATI] Navi 32 [Radeon RX 7700 XT / 7800 XT]
    IDs: D=747e V=1002 SD=f475 SV=1da2
    Driver: amdgpu
OS: EndeavourOS 6.15.2-arch1-1 (linux)

The current system is not a Steam Deck
We are not running inside a Flatpak container

Software Versions:
  Heroic: 2.17.2 Cutty Flam Franky
  Legendary: 0.20.37 Exit 17 (Heroic)
  gogdl: 1.1.2
  comet: comet 0.2.0
  Nile: 1.1.2 Will A. Zeppeli

(21:47:34) ERROR:   [Gog]:              Error running command "GOGDL_CONFIG_PATH=/home/vmdjavem/.config/heroic/gogdlConfig /opt/Heroic/resources/app.asar.unpacked/build/bin/x64/linux/gogdl --auth-config-path /home/vmdjavem/.config/heroic/gog_store/auth.json auth": Process terminated with signal SIGSEGV
(21:47:34) INFO:    [Legendary]:        Running command: LEGENDARY_CONFIG_PATH=/home/vmdjavem/.config/heroic/legendaryConfig/legendary /opt/Heroic/resources/app.asar.unpacked/build/bin/x64/linux/legendary --version
(21:47:34) INFO:    [Gog]:              Running command: GOGDL_CONFIG_PATH=/home/vmdjavem/.config/heroic/gogdlConfig /opt/Heroic/resources/app.asar.unpacked/build/bin/x64/linux/gogdl --auth-config-path /home/vmdjavem/.config/heroic/gog_store/auth.json --version
(21:47:34) INFO:    [Nile]:             Running command: NILE_CONFIG_PATH=/home/vmdjavem/.config/heroic/nile_config /opt/Heroic/resources/app.asar.unpacked/build/bin/x64/linux/nile --version
(21:47:34) INFO:    [Backend]:          Checking for new Heroic Updates
(21:47:34) INFO:    [Backend]:          Checking for current version changelog
(21:47:34) INFO:    [Legendary]:        Running command: LEGENDARY_CONFIG_PATH=/home/vmdjavem/.config/heroic/legendaryConfig/legendary /opt/Heroic/resources/app.asar.unpacked/build/bin/x64/linux/legendary --version
(21:47:34) INFO:    [Gog]:              Running command: GOGDL_CONFIG_PATH=/home/vmdjavem/.config/heroic/gogdlConfig /opt/Heroic/resources/app.asar.unpacked/build/bin/x64/linux/gogdl --auth-config-path /home/vmdjavem/.config/heroic/gog_store/auth.json --version
(21:47:34) INFO:    [Nile]:             Running command: NILE_CONFIG_PATH=/home/vmdjavem/.config/heroic/nile_config /opt/Heroic/resources/app.asar.unpacked/build/bin/x64/linux/nile --version
(21:47:34) INFO:    [Legendary]:        Running command: LEGENDARY_CONFIG_PATH=/home/vmdjavem/.config/heroic/legendaryConfig/legendary /opt/Heroic/resources/app.asar.unpacked/build/bin/x64/linux/legendary list --third-party
(21:47:34) INFO:    [Backend]:          AreWeAntiCheatYet data downloaded
(21:47:34) ERROR:   [Gog]:              Error running command "GOGDL_CONFIG_PATH=/home/vmdjavem/.config/heroic/gogdlConfig /opt/Heroic/resources/app.asar.unpacked/build/bin/x64/linux/gogdl --auth-config-path /home/vmdjavem/.config/heroic/gog_store/auth.json --version": Process terminated with signal SIGSEGV
(21:47:35) ERROR:   [Legendary]:        Error running command "LEGENDARY_CONFIG_PATH=/home/vmdjavem/.config/heroic/legendaryConfig/legendary /opt/Heroic/resources/app.asar.unpacked/build/bin/x64/linux/legendary --version": Process terminated with signal SIGSEGV
(21:47:35) DEBUG:   [Backend]:          Checking if we should toggle Shader Pre-Caching
(21:47:35) DEBUG:   [Backend]:          Checking if we should toggle Shader Pre-Caching
(21:47:35) INFO:    [Winetricks]:       Downloading Winetricks
(21:47:35) INFO:    [Backend]:          Checking if wine version exists: Proton - GE-Proton-latest
(21:47:35) INFO:    [Backend]:          Checking if wine version exists: Proton - GE-Proton-latest
(21:47:35) INFO:    [Backend]:          Checking if wine version exists: Proton - GE-Proton-latest
(21:47:35) DEBUG:   [Backend]:          Running Wine command: createprefix
(21:47:37) INFO:    [Legendary]:        Game list updated, got 97 games & DLCs
(21:47:37) WARNING: [Backend]:          listUpdateableGames not implemented on Sideload Library Manager
(21:47:37) INFO:    [Legendary]:        Checking for game updates: LEGENDARY_CONFIG_PATH=/home/vmdjavem/.config/heroic/legendaryConfig/legendary /opt/Heroic/resources/app.asar.unpacked/build/bin/x64/linux/legendary list --third-party
(21:47:38) INFO:    [Legendary]:        Found 0 games to update
(21:47:41) INFO:    [Backend]:          launching non-native sideloaded: /home/vmdjavem/Games/Heroic/Prefixes/default/Plutonium Launcher/drive_c/users/steamuser/AppData/Local/Plutonium/bin/plutonium-launcher-win32.exe 
(21:47:41) INFO:    [Backend]:          Checking if wine version exists: Proton - GE-Proton-latest
(21:47:41) INFO:    [Backend]:          Preventing display to sleep
(21:47:41) DEBUG:   [Backend]:          Running Wine command: /home/vmdjavem/Games/Heroic/Prefixes/default/Plutonium Launcher/drive_c/users/steamuser/AppData/Local/Plutonium/bin/plutonium-launcher-win32.exe
(21:47:41) DEBUG:   [Backend]:          Logging to file "/home/vmdjavem/.config/heroic/GamesConfig/k9WDWBSBu5MRntf9VDLYzL-lastPlay.log"
(21:51:36) INFO:    [Connection]:       Connectivity: offline
(21:51:39) INFO:    [Connection]:       Connectivity: check-online
(21:51:39) INFO:    [Connection]:       Pinging external endpoints
(21:51:40) INFO:    [Connection]:       Connectivity: online
(21:56:23) INFO:    [Backend]:          Stopping Display Power Saver Blocker
