(18:03:53) INFO:    [Legendary]:        Legendary location: /opt/Heroic/resources/app.asar.unpacked/build/bin/x64/linux/legendary
(18:03:53) INFO:    [Gog]:              GOGDL location: /opt/Heroic/resources/app.asar.unpacked/build/bin/x64/linux/gogdl
(18:03:53) INFO:    [Connection]:       Connectivity: check-online
(18:03:53) INFO:    [Connection]:       Pinging external endpoints
(18:03:53) INFO:    [Gog]:              Checking for existing gog manifests
(18:03:53) WARNING: [Backend]:          Protocol already registered.
(18:03:53) INFO:    [Legendary]:        Running command: LEGENDARY_CONFIG_PATH=/home/vmdjavem/.config/heroic/legendaryConfig/legendary /opt/Heroic/resources/app.asar.unpacked/build/bin/x64/linux/legendary --version
(18:03:53) INFO:    [Gog]:              Running command: GOGDL_CONFIG_PATH=/home/vmdjavem/.config/heroic/gogdlConfig /opt/Heroic/resources/app.asar.unpacked/build/bin/x64/linux/gogdl --auth-config-path /home/vmdjavem/.config/heroic/gog_store/auth.json --version
(18:03:53) INFO:    [Nile]:             Running command: NILE_CONFIG_PATH=/home/vmdjavem/.config/heroic/nile_config /opt/Heroic/resources/app.asar.unpacked/build/bin/x64/linux/nile --version
(18:03:53) INFO:    [Backend]:          
System Information:
CPU: 12x AMD Ryzen 5 7600X 6-Core Processor
Memory: 32.7 GB (used: 6.68 GB)
GPUs:
  GPU 0:
    Name: Advanced Micro Devices, Inc. [AMD/ATI] Raphael
    IDs: D=164e V=1002 SD=7e26 SV=1462
    Driver: amdgpu
  GPU 1:
    Name: Advanced Micro Devices, Inc. [AMD/ATI] Navi 32 [Radeon RX 7700 XT / 7800 XT]
    IDs: D=747e V=1002 SD=f475 SV=1da2
    Driver: amdgpu
OS: EndeavourOS 6.14.7-arch2-1 (linux)

The current system is not a Steam Deck
We are not running inside a Flatpak container

Software Versions:
  Heroic: 2.17.0 Cutty Flam Franky
  Legendary: 0.20.37 Exit 17 (Heroic)
  gogdl: 1.1.2
  comet: comet 0.2.0
  Nile: 1.1.2 Will A. Zeppeli

(18:03:54) INFO:    [Frontend]:         Refreshing undefined Library
(18:03:54) WARNING: [Backend]:          refresh not implemented on Sideload Library Manager
(18:03:54) INFO:    [Legendary]:        Refreshing library...
(18:03:54) INFO:    [Legendary]:        Refreshing Epic Games...
(18:03:54) INFO:    [Backend]:          Frontend Ready
(18:03:54) INFO:    [Connection]:       Connectivity: online
(18:03:54) ERROR:   [Gog]:              Unable to syncQueued playtime, userData not present
(18:03:54) INFO:    [Gog]:              Running command: GOGDL_CONFIG_PATH=/home/vmdjavem/.config/heroic/gogdlConfig /opt/Heroic/resources/app.asar.unpacked/build/bin/x64/linux/gogdl --auth-config-path /home/vmdjavem/.config/heroic/gog_store/auth.json auth
(18:03:54) INFO:    [Backend]:          Checking for new Heroic Updates
(18:03:54) INFO:    [Backend]:          Checking for current version changelog
(18:03:54) INFO:    [Legendary]:        Running command: LEGENDARY_CONFIG_PATH=/home/vmdjavem/.config/heroic/legendaryConfig/legendary /opt/Heroic/resources/app.asar.unpacked/build/bin/x64/linux/legendary list --third-party
(18:03:54) INFO:    [Backend]:          AreWeAntiCheatYet data downloaded
(18:03:55) INFO:    [Legendary]:        Game list updated, got 97 games & DLCs
(18:03:55) WARNING: [Backend]:          listUpdateableGames not implemented on Sideload Library Manager
(18:03:55) INFO:    [Legendary]:        Checking for game updates: LEGENDARY_CONFIG_PATH=/home/vmdjavem/.config/heroic/legendaryConfig/legendary /opt/Heroic/resources/app.asar.unpacked/build/bin/x64/linux/legendary list --third-party
(18:03:56) INFO:    [Winetricks]:       Downloading Winetricks
(18:03:57) INFO:    [Legendary]:        Found 0 games to update
(18:03:58) INFO:    [WineDownloader]:   Updating wine versions info
(18:03:58) INFO:    [WineDownloader]:   Fetching upstream information...
(18:03:59) INFO:    [Backend]:          Starting the Download Queue
(18:03:59) INFO:    [WineDownloader]:   wine versions updated
(18:04:40) INFO:    [Backend]:          Writing config for qiF6wurL2vEmoJPF3nrpj1
(18:04:40) INFO:    [Backend]:          Changed config: winePrefix from /home/vmdjavem/Games/Heroic/Prefixes/default to /home/vmdjavem/Games/Heroic/Prefixes/default/GTA IV
(18:04:40) WARNING: [Backend]:          Required prefix files are missing, running `verifyWinePrefix` to create prefix
(18:04:40) INFO:    [Backend]:          Checking if wine version exists: Wine Default - wine-10.5
(18:04:40) INFO:    [Backend]:          Checking if wine version exists: Wine Default - wine-10.5
(18:04:40) ERROR:   [Backend]:          Couldn't find all library folders of Wine Default - wine-10.5!
Missing undefined and/or undefined!
Falling back to system libraries!
(18:04:40) DEBUG:   [Backend]:          Running Wine command: wineboot --init
(18:04:59) INFO:    [Backend]:          Checking if wine version exists: Wine Default - wine-10.5
(18:04:59) ERROR:   [Backend]:          Couldn't find all library folders of Wine Default - wine-10.5!
Missing undefined and/or undefined!
Falling back to system libraries!
(18:04:59) DEBUG:   [Backend]:          Running Wine command: /home/vmdjavem/Torrents/GTA IV - Complete Edition [FitGirl Repack]/setup.exe
(18:15:37) INFO:    [Backend]:          Adding shortcuts for GTA IV
(18:15:37) INFO:    [ExtraGameInfo]:    Getting ExtraGameInfo data for GTA IV
(18:15:37) INFO:    [ExtraGameInfo]:    Getting PCGamingWiki data for GTA IV
(18:15:37) INFO:    [ExtraGameInfo]:    Getting HowLongToBeat data for GTA IV
(18:15:37) INFO:    [ExtraGameInfo]:    Getting GamesDB data for GTA IV
(18:15:37) INFO:    [Frontend]:         Refreshing sideload Library
(18:15:37) WARNING: [Backend]:          refresh not implemented on Sideload Library Manager
(18:15:37) INFO:    [Backend]:          Writing config for qiF6wurL2vEmoJPF3nrpj1
(18:15:37) INFO:    [Backend]:          Changed config: wineCrossoverBottle from undefined to 
(18:15:38) INFO:    [DownloadManager]:  Downloader: Finished downloading https://cdn2.steamgriddb.com/file/sgdb-cdn/grid/f024cb7f6d25f950416a23b64a6b0b72.png
(18:15:38) DEBUG:   [Backend]:          SteamDeck data for 12210 {"success":1,"results":{"appid":12210,"resolved_category":2,"resolved_items":[{"display_type":3,"loc_token":"#SteamDeckVerified_TestResult_LauncherInteractionIssues"},{"display_type":4,"loc_token":"#SteamDeckVerified_TestResult_DefaultControllerConfigFullyFunctional"},{"display_type":4,"loc_token":"#SteamDeckVerified_TestResult_ControllerGlyphsMatchDeckDevice"},{"display_type":4,"loc_token":"#SteamDeckVerified_TestResult_InterfaceTextIsLegible"},{"display_type":4,"loc_token":"#SteamDeckVerified_TestResult_DefaultConfigurationIsPerformant"},{"display_type":1,"loc_token":"#SteamDeckVerified_TestResult_FirstTimeSetupRequiresActiveInternetConnection"}],"steam_deck_blog_url":"","search_id":null,"steamos_resolved_category":2,"steamos_resolved_items":[{"display_type":3,"loc_token":"#SteamOS_TestResult_GameStartupFunctional"},{"display_type":1,"loc_token":"#SteamOS_TestResult_LauncherInteractionIssues"},{"display_type":1,"loc_token":"#SteamOS_TestResult_FirstTimeSetupRequiresActiveInternetConnection"}]}}
(18:15:38) DEBUG:   [Backend]:          ProtonDB data for 12210 {"bestReportedTier":"platinum","confidence":"strong","score":0.73,"tier":"gold","total":531,"trendingTier":"gold"}
(18:15:38) INFO:    [Shortcuts]:        Prepare Steam images for GTA IV
(18:15:38) INFO:    [Shortcuts]:        GTA IV was successfully added to Steam.
(18:15:39) INFO:    [DownloadManager]:  Downloader: Finished downloading https://cdn.cloudflare.steamstatic.com/steam/apps/12210/header.jpg
(18:15:39) INFO:    [DownloadManager]:  Downloader: Finished downloading https://cdn.cloudflare.steamstatic.com/steam/apps/12210/logo.png
(18:15:39) INFO:    [DownloadManager]:  Downloader: Finished downloading https://cdn.cloudflare.steamstatic.com/steam/apps/12210/library_600x900_2x.jpg
(18:15:39) INFO:    [DownloadManager]:  Downloader: Finished downloading https://cdn.cloudflare.steamstatic.com/steam/apps/12210/library_hero.jpg
(18:15:41) INFO:    [Backend]:          Launching GTA IV (qiF6wurL2vEmoJPF3nrpj1)
(18:15:41) INFO:    [Backend]:          Preventing display from sleep
(18:15:41) INFO:    [Backend]:          Checking if wine version exists: Wine Default - wine-10.5
(18:15:41) INFO:    [Backend]:          Checking if wine version exists: Wine Default - wine-10.5
(18:15:41) INFO:    [Backend]:          Checking if wine version exists: Wine Default - wine-10.5
(18:15:41) INFO:    [Backend]:          Checking if wine version exists: Wine Default - wine-10.5
(18:15:41) ERROR:   [Backend]:          Couldn't find all library folders of Wine Default - wine-10.5!
Missing undefined and/or undefined!
Falling back to system libraries!
(18:15:41) DEBUG:   [Backend]:          Running Wine command: wineboot --init
(18:15:41) INFO:    [Backend]:          Preventing machine to sleep
(18:15:46) INFO:    [Backend]:          Created/Updated Wineprefix at /home/vmdjavem/Games/Heroic/Prefixes/default/GTA IV
(18:15:47) INFO:    [DXVKInstaller]:    installing dxvk on... /home/vmdjavem/Games/Heroic/Prefixes/default/GTA IV
(18:15:47) INFO:    [Backend]:          Checking if wine version exists: Wine Default - wine-10.5
(18:15:47) INFO:    [Backend]:          Checking if wine version exists: Wine Default - wine-10.5
(18:15:47) INFO:    [Backend]:          Checking if wine version exists: Wine Default - wine-10.5
(18:15:47) INFO:    [Backend]:          Checking if wine version exists: Wine Default - wine-10.5
(18:15:47) INFO:    [Backend]:          Checking if wine version exists: Wine Default - wine-10.5
(18:15:47) INFO:    [Backend]:          Checking if wine version exists: Wine Default - wine-10.5
(18:15:47) INFO:    [Backend]:          Checking if wine version exists: Wine Default - wine-10.5
(18:15:47) INFO:    [Backend]:          Checking if wine version exists: Wine Default - wine-10.5
(18:15:47) INFO:    [Backend]:          Checking if wine version exists: Wine Default - wine-10.5
(18:15:47) INFO:    [Backend]:          Checking if wine version exists: Wine Default - wine-10.5
(18:15:47) ERROR:   [Backend]:          Couldn't find all library folders of Wine Default - wine-10.5!
Missing undefined and/or undefined!
Falling back to system libraries!
(18:15:47) ERROR:   [Backend]:          Couldn't find all library folders of Wine Default - wine-10.5!
Missing undefined and/or undefined!
Falling back to system libraries!
(18:15:47) ERROR:   [Backend]:          Couldn't find all library folders of Wine Default - wine-10.5!
Missing undefined and/or undefined!
Falling back to system libraries!
(18:15:47) ERROR:   [Backend]:          Couldn't find all library folders of Wine Default - wine-10.5!
Missing undefined and/or undefined!
Falling back to system libraries!
(18:15:47) ERROR:   [Backend]:          Couldn't find all library folders of Wine Default - wine-10.5!
Missing undefined and/or undefined!
Falling back to system libraries!
(18:15:47) ERROR:   [Backend]:          Couldn't find all library folders of Wine Default - wine-10.5!
Missing undefined and/or undefined!
Falling back to system libraries!
(18:15:47) ERROR:   [Backend]:          Couldn't find all library folders of Wine Default - wine-10.5!
Missing undefined and/or undefined!
Falling back to system libraries!
(18:15:47) ERROR:   [Backend]:          Couldn't find all library folders of Wine Default - wine-10.5!
Missing undefined and/or undefined!
Falling back to system libraries!
(18:15:47) ERROR:   [Backend]:          Couldn't find all library folders of Wine Default - wine-10.5!
Missing undefined and/or undefined!
Falling back to system libraries!
(18:15:47) ERROR:   [Backend]:          Couldn't find all library folders of Wine Default - wine-10.5!
Missing undefined and/or undefined!
Falling back to system libraries!
(18:15:47) DEBUG:   [Backend]:          Running Wine command: reg add HKEY_CURRENT_USER\Software\Wine\DllOverrides /v d3d10core /d native,builtin /f
(18:15:47) DEBUG:   [Backend]:          Running Wine command: reg add HKEY_CURRENT_USER\Software\Wine\DllOverrides /v d3d11 /d native,builtin /f
(18:15:47) DEBUG:   [Backend]:          Running Wine command: reg add HKEY_CURRENT_USER\Software\Wine\DllOverrides /v d3d8 /d native,builtin /f
(18:15:47) DEBUG:   [Backend]:          Running Wine command: reg add HKEY_CURRENT_USER\Software\Wine\DllOverrides /v d3d9 /d native,builtin /f
(18:15:47) DEBUG:   [Backend]:          Running Wine command: reg add HKEY_CURRENT_USER\Software\Wine\DllOverrides /v dxgi /d native,builtin /f
(18:15:47) DEBUG:   [Backend]:          Running Wine command: reg add HKEY_CURRENT_USER\Software\Wine\DllOverrides /v d3d10core /d native,builtin /f
(18:15:47) DEBUG:   [Backend]:          Running Wine command: reg add HKEY_CURRENT_USER\Software\Wine\DllOverrides /v d3d11 /d native,builtin /f
(18:15:47) DEBUG:   [Backend]:          Running Wine command: reg add HKEY_CURRENT_USER\Software\Wine\DllOverrides /v d3d8 /d native,builtin /f
(18:15:47) DEBUG:   [Backend]:          Running Wine command: reg add HKEY_CURRENT_USER\Software\Wine\DllOverrides /v d3d9 /d native,builtin /f
(18:15:47) DEBUG:   [Backend]:          Running Wine command: reg add HKEY_CURRENT_USER\Software\Wine\DllOverrides /v dxgi /d native,builtin /f
(18:15:47) INFO:    [DXVKInstaller]:    installing dxvk-nvapi on... /home/vmdjavem/Games/Heroic/Prefixes/default/GTA IV
(18:15:47) INFO:    [Backend]:          Checking if wine version exists: Wine Default - wine-10.5
(18:15:47) INFO:    [Backend]:          Checking if wine version exists: Wine Default - wine-10.5
(18:15:47) INFO:    [Backend]:          Checking if wine version exists: Wine Default - wine-10.5
(18:15:47) INFO:    [Backend]:          Checking if wine version exists: Wine Default - wine-10.5
(18:15:47) INFO:    [Backend]:          Checking if wine version exists: Wine Default - wine-10.5
(18:15:47) INFO:    [Backend]:          Checking if wine version exists: Wine Default - wine-10.5
(18:15:47) ERROR:   [Backend]:          Couldn't find all library folders of Wine Default - wine-10.5!
Missing undefined and/or undefined!
Falling back to system libraries!
(18:15:47) ERROR:   [Backend]:          Couldn't find all library folders of Wine Default - wine-10.5!
Missing undefined and/or undefined!
Falling back to system libraries!
(18:15:47) ERROR:   [Backend]:          Couldn't find all library folders of Wine Default - wine-10.5!
Missing undefined and/or undefined!
Falling back to system libraries!
(18:15:47) ERROR:   [Backend]:          Couldn't find all library folders of Wine Default - wine-10.5!
Missing undefined and/or undefined!
Falling back to system libraries!
(18:15:47) ERROR:   [Backend]:          Couldn't find all library folders of Wine Default - wine-10.5!
Missing undefined and/or undefined!
Falling back to system libraries!
(18:15:47) ERROR:   [Backend]:          Couldn't find all library folders of Wine Default - wine-10.5!
Missing undefined and/or undefined!
Falling back to system libraries!
(18:15:47) DEBUG:   [Backend]:          Running Wine command: reg add HKEY_CURRENT_USER\Software\Wine\DllOverrides /v nvapi64-tests.exe /d native,builtin /f
(18:15:47) DEBUG:   [Backend]:          Running Wine command: reg add HKEY_CURRENT_USER\Software\Wine\DllOverrides /v nvapi64 /d native,builtin /f
(18:15:47) DEBUG:   [Backend]:          Running Wine command: reg add HKEY_CURRENT_USER\Software\Wine\DllOverrides /v nvofapi64-tests.exe /d native,builtin /f
(18:15:47) DEBUG:   [Backend]:          Running Wine command: reg add HKEY_CURRENT_USER\Software\Wine\DllOverrides /v nvofapi64 /d native,builtin /f
(18:15:47) DEBUG:   [Backend]:          Running Wine command: reg add HKEY_CURRENT_USER\Software\Wine\DllOverrides /v nvapi /d native,builtin /f
(18:15:47) DEBUG:   [Backend]:          Running Wine command: reg add HKEY_LOCAL_MACHINE\SOFTWARE\NVIDIA Corporation\Global\NGXCore /v FullPath /d C:\windows\system32 /f
(18:15:52) INFO:    [DXVKInstaller]:    installing vkd3d on... /home/vmdjavem/Games/Heroic/Prefixes/default/GTA IV
(18:15:52) INFO:    [Backend]:          Checking if wine version exists: Wine Default - wine-10.5
(18:15:52) INFO:    [Backend]:          Checking if wine version exists: Wine Default - wine-10.5
(18:15:52) INFO:    [Backend]:          Checking if wine version exists: Wine Default - wine-10.5
(18:15:52) INFO:    [Backend]:          Checking if wine version exists: Wine Default - wine-10.5
(18:15:52) ERROR:   [Backend]:          Couldn't find all library folders of Wine Default - wine-10.5!
Missing undefined and/or undefined!
Falling back to system libraries!
(18:15:52) ERROR:   [Backend]:          Couldn't find all library folders of Wine Default - wine-10.5!
Missing undefined and/or undefined!
Falling back to system libraries!
(18:15:52) ERROR:   [Backend]:          Couldn't find all library folders of Wine Default - wine-10.5!
Missing undefined and/or undefined!
Falling back to system libraries!
(18:15:52) ERROR:   [Backend]:          Couldn't find all library folders of Wine Default - wine-10.5!
Missing undefined and/or undefined!
Falling back to system libraries!
(18:15:52) DEBUG:   [Backend]:          Running Wine command: reg add HKEY_CURRENT_USER\Software\Wine\DllOverrides /v d3d12 /d native,builtin /f
(18:15:52) DEBUG:   [Backend]:          Running Wine command: reg add HKEY_CURRENT_USER\Software\Wine\DllOverrides /v d3d12core /d native,builtin /f
(18:15:52) DEBUG:   [Backend]:          Running Wine command: reg add HKEY_CURRENT_USER\Software\Wine\DllOverrides /v d3d12 /d native,builtin /f
(18:15:52) DEBUG:   [Backend]:          Running Wine command: reg add HKEY_CURRENT_USER\Software\Wine\DllOverrides /v d3d12core /d native,builtin /f
(18:15:53) ERROR:   [Backend]:          Couldn't find all library folders of Wine Default - wine-10.5!
Missing undefined and/or undefined!
Falling back to system libraries!
(18:15:53) INFO:    [Backend]:          launching non-native sideloaded: /home/vmdjavem/Games/Heroic/Prefixes/default/GTA IV/drive_c/Program Files (x86)/Grand Theft Auto IV - The Complete Edition/GTAIV.exe 
(18:15:53) INFO:    [Backend]:          Checking if wine version exists: Wine Default - wine-10.5
(18:15:53) ERROR:   [Backend]:          Couldn't find all library folders of Wine Default - wine-10.5!
Missing undefined and/or undefined!
Falling back to system libraries!
(18:15:53) DEBUG:   [Backend]:          Running Wine command: /home/vmdjavem/Games/Heroic/Prefixes/default/GTA IV/drive_c/Program Files (x86)/Grand Theft Auto IV - The Complete Edition/GTAIV.exe
(18:15:53) DEBUG:   [Backend]:          Logging to file "/home/vmdjavem/.config/heroic/GamesConfig/qiF6wurL2vEmoJPF3nrpj1-lastPlay.log"
(18:15:53) INFO:    [Backend]:          Preventing display to sleep
(18:16:30) INFO:    [Backend]:          Stopping Display Power Saver Blocker
(18:16:30) INFO:    [Frontend]:         Refreshing sideload Library
(18:16:30) WARNING: [Backend]:          refresh not implemented on Sideload Library Manager
(18:16:30) INFO:    [Backend]:          Stopping Power Saver Blocker
(18:16:30) INFO:    [Backend]:          Stopping Display Sleep Blocker
(18:16:55) INFO:    [Backend]:          Launching GTA IV (qiF6wurL2vEmoJPF3nrpj1)
(18:16:55) INFO:    [Backend]:          Preventing display from sleep
(18:16:55) INFO:    [Backend]:          Checking if wine version exists: Wine Default - wine-10.5
(18:16:55) INFO:    [Backend]:          Checking if wine version exists: Wine Default - wine-10.5
(18:16:55) INFO:    [Backend]:          Checking if wine version exists: Wine Default - wine-10.5
(18:16:55) INFO:    [Backend]:          Checking if wine version exists: Wine Default - wine-10.5
(18:16:55) ERROR:   [Backend]:          Couldn't find all library folders of Wine Default - wine-10.5!
Missing undefined and/or undefined!
Falling back to system libraries!
(18:16:55) DEBUG:   [Backend]:          Running Wine command: wineboot --init
(18:16:55) INFO:    [Backend]:          Preventing machine to sleep
(18:17:00) INFO:    [DXVKInstaller]:    installing dxvk on... /home/vmdjavem/Games/Heroic/Prefixes/default/GTA IV
(18:17:00) INFO:    [DXVKInstaller]:    dxvk already installed!
(18:17:00) INFO:    [DXVKInstaller]:    installing dxvk-nvapi on... /home/vmdjavem/Games/Heroic/Prefixes/default/GTA IV
(18:17:00) INFO:    [DXVKInstaller]:    dxvk-nvapi already installed!
(18:17:00) INFO:    [DXVKInstaller]:    installing vkd3d on... /home/vmdjavem/Games/Heroic/Prefixes/default/GTA IV
(18:17:00) INFO:    [DXVKInstaller]:    vkd3d already installed!
(18:17:01) ERROR:   [Backend]:          Couldn't find all library folders of Wine Default - wine-10.5!
Missing undefined and/or undefined!
Falling back to system libraries!
(18:17:01) INFO:    [Backend]:          launching non-native sideloaded: /home/vmdjavem/Games/Heroic/Prefixes/default/GTA IV/drive_c/Program Files (x86)/Grand Theft Auto IV - The Complete Edition/GTAIV.exe 
(18:17:01) INFO:    [Backend]:          Checking if wine version exists: Wine Default - wine-10.5
(18:17:01) ERROR:   [Backend]:          Couldn't find all library folders of Wine Default - wine-10.5!
Missing undefined and/or undefined!
Falling back to system libraries!
(18:17:01) DEBUG:   [Backend]:          Running Wine command: /home/vmdjavem/Games/Heroic/Prefixes/default/GTA IV/drive_c/Program Files (x86)/Grand Theft Auto IV - The Complete Edition/GTAIV.exe
(18:17:01) DEBUG:   [Backend]:          Logging to file "/home/vmdjavem/.config/heroic/GamesConfig/qiF6wurL2vEmoJPF3nrpj1-lastPlay.log"
(18:17:01) INFO:    [Backend]:          Preventing display to sleep
(18:28:55) INFO:    [Backend]:          Stopping Display Power Saver Blocker
(18:28:55) INFO:    [Frontend]:         Refreshing sideload Library
(18:28:55) WARNING: [Backend]:          refresh not implemented on Sideload Library Manager
(18:28:55) INFO:    [Backend]:          Stopping Power Saver Blocker
(18:28:55) INFO:    [Backend]:          Stopping Display Sleep Blocker
