(15:16:07) INFO:    [Legendary]:        Legendary location: /opt/Heroic/resources/app.asar.unpacked/build/bin/x64/linux/legendary
(15:16:07) INFO:    [Gog]:              GOGDL location: /opt/Heroic/resources/app.asar.unpacked/build/bin/x64/linux/gogdl
(15:16:07) INFO:    [Connection]:       Connectivity: check-online
(15:16:07) INFO:    [Connection]:       Pinging external endpoints
(15:16:07) INFO:    [Gog]:              Checking for existing gog manifests
(15:16:07) WARNING: [Backend]:          Protocol already registered.
(15:16:07) INFO:    [Legendary]:        Running command: LEGENDARY_CONFIG_PATH=/home/vmdjavem/.config/heroic/legendaryConfig/legendary /opt/Heroic/resources/app.asar.unpacked/build/bin/x64/linux/legendary --version
(15:16:07) INFO:    [Gog]:              Running command: GOGDL_CONFIG_PATH=/home/vmdjavem/.config/heroic/gogdlConfig /opt/Heroic/resources/app.asar.unpacked/build/bin/x64/linux/gogdl --auth-config-path /home/vmdjavem/.config/heroic/gog_store/auth.json --version
(15:16:07) INFO:    [Nile]:             Running command: NILE_CONFIG_PATH=/home/vmdjavem/.config/heroic/nile_config /opt/Heroic/resources/app.asar.unpacked/build/bin/x64/linux/nile --version
(15:16:07) INFO:    [Backend]:          
System Information:
CPU: 12x AMD Ryzen 5 7600X 6-Core Processor
Memory: 32.7 GB (used: 5.37 GB)
GPUs:
  GPU 0:
    Name: Advanced Micro Devices, Inc. [AMD/ATI] Raphael
    IDs: D=164e V=1002 SD=7e26 SV=1462
    Driver: amdgpu
  GPU 1:
    Name: Advanced Micro Devices, Inc. [AMD/ATI] Navi 32 [Radeon RX 7700 XT / 7800 XT]
    IDs: D=747e V=1002 SD=f475 SV=1da2
    Driver: amdgpu
OS: EndeavourOS 6.15.4-arch2-1 (linux)

The current system is not a Steam Deck
We are not running inside a Flatpak container

Software Versions:
  Heroic: 2.17.2 Cutty Flam Franky
  Legendary: 0.20.37 Exit 17 (Heroic)
  gogdl: 1.1.2
  comet: comet 0.2.0
  Nile: 1.1.2 Will A. Zeppeli

(15:16:07) INFO:    [Frontend]:         Refreshing undefined Library
(15:16:07) WARNING: [Backend]:          refresh not implemented on Sideload Library Manager
(15:16:07) INFO:    [Legendary]:        Refreshing library...
(15:16:07) INFO:    [Legendary]:        Refreshing Epic Games...
(15:16:07) INFO:    [Backend]:          Frontend Ready
(15:16:08) INFO:    [Backend]:          Checking for new Heroic Updates
(15:16:08) INFO:    [Backend]:          Checking for current version changelog
(15:16:08) INFO:    [Legendary]:        Running command: LEGENDARY_CONFIG_PATH=/home/vmdjavem/.config/heroic/legendaryConfig/legendary /opt/Heroic/resources/app.asar.unpacked/build/bin/x64/linux/legendary list --third-party
(15:16:08) INFO:    [Connection]:       Connectivity: online
(15:16:08) ERROR:   [Gog]:              Unable to syncQueued playtime, userData not present
(15:16:08) INFO:    [Gog]:              Running command: GOGDL_CONFIG_PATH=/home/vmdjavem/.config/heroic/gogdlConfig /opt/Heroic/resources/app.asar.unpacked/build/bin/x64/linux/gogdl --auth-config-path /home/vmdjavem/.config/heroic/gog_store/auth.json auth
(15:16:09) INFO:    [Backend]:          AreWeAntiCheatYet data downloaded
(15:16:10) INFO:    [Winetricks]:       Downloading Winetricks
(15:16:12) INFO:    [WineDownloader]:   Updating wine versions info
(15:16:12) INFO:    [WineDownloader]:   Fetching upstream information...
(15:16:12) INFO:    [Backend]:          Starting the Download Queue
(15:16:13) INFO:    [Legendary]:        Game list updated, got 97 games & DLCs
(15:16:13) WARNING: [Backend]:          listUpdateableGames not implemented on Sideload Library Manager
(15:16:13) INFO:    [Legendary]:        Checking for game updates: LEGENDARY_CONFIG_PATH=/home/vmdjavem/.config/heroic/legendaryConfig/legendary /opt/Heroic/resources/app.asar.unpacked/build/bin/x64/linux/legendary list --third-party
(15:16:15) INFO:    [WineDownloader]:   wine versions updated
(15:16:18) INFO:    [Legendary]:        Found 0 games to update
