(20:03:59) INFO:    [Legendary]:        Legendary location: /opt/Heroic/resources/app.asar.unpacked/build/bin/x64/linux/legendary
(20:03:59) INFO:    [Gog]:              GOGDL location: /opt/Heroic/resources/app.asar.unpacked/build/bin/x64/linux/gogdl
(20:03:59) INFO:    [Connection]:       Connectivity: check-online
(20:03:59) INFO:    [Connection]:       Pinging external endpoints
(20:03:59) INFO:    [Gog]:              Checking for existing gog manifests
(20:03:59) WARNING: [Backend]:          Protocol already registered.
(20:03:59) INFO:    [Legendary]:        Running command: LEGENDARY_CONFIG_PATH=/home/vmdjavem/.config/heroic/legendaryConfig/legendary /opt/Heroic/resources/app.asar.unpacked/build/bin/x64/linux/legendary --version
(20:03:59) INFO:    [Gog]:              Running command: GOGDL_CONFIG_PATH=/home/vmdjavem/.config/heroic/gogdlConfig /opt/Heroic/resources/app.asar.unpacked/build/bin/x64/linux/gogdl --auth-config-path /home/vmdjavem/.config/heroic/gog_store/auth.json --version
(20:03:59) INFO:    [Nile]:             Running command: NILE_CONFIG_PATH=/home/vmdjavem/.config/heroic/nile_config /opt/Heroic/resources/app.asar.unpacked/build/bin/x64/linux/nile --version
(20:03:59) INFO:    [Backend]:          
System Information:
CPU: 12x AMD Ryzen 5 7600X 6-Core Processor
Memory: 32.7 GB (used: 5.64 GB)
GPUs:
  GPU 0:
    Name: Advanced Micro Devices, Inc. [AMD/ATI] Raphael
    IDs: D=164e V=1002 SD=7e26 SV=1462
    Driver: amdgpu
  GPU 1:
    Name: Advanced Micro Devices, Inc. [AMD/ATI] Navi 32 [Radeon RX 7700 XT / 7800 XT]
    IDs: D=747e V=1002 SD=f475 SV=1da2
    Driver: amdgpu
OS: EndeavourOS 6.15.4-arch2-1 (linux)

The current system is not a Steam Deck
We are not running inside a Flatpak container

Software Versions:
  Heroic: 2.17.2 Cutty Flam Franky
  Legendary: 0.20.37 Exit 17 (Heroic)
  gogdl: 1.1.2
  comet: comet 0.2.0
  Nile: 1.1.2 Will A. Zeppeli

(20:03:59) INFO:    [Frontend]:         Refreshing undefined Library
(20:03:59) WARNING: [Backend]:          refresh not implemented on Sideload Library Manager
(20:03:59) INFO:    [Legendary]:        Refreshing library...
(20:03:59) INFO:    [Legendary]:        Refreshing Epic Games...
(20:03:59) INFO:    [Backend]:          Frontend Ready
(20:04:00) INFO:    [Backend]:          Checking for new Heroic Updates
(20:04:00) INFO:    [Backend]:          Checking for current version changelog
(20:04:01) INFO:    [Connection]:       Connectivity: online
(20:04:01) ERROR:   [Gog]:              Unable to syncQueued playtime, userData not present
(20:04:01) INFO:    [Gog]:              Running command: GOGDL_CONFIG_PATH=/home/vmdjavem/.config/heroic/gogdlConfig /opt/Heroic/resources/app.asar.unpacked/build/bin/x64/linux/gogdl --auth-config-path /home/vmdjavem/.config/heroic/gog_store/auth.json auth
(20:04:02) INFO:    [Winetricks]:       Downloading Winetricks
(20:04:02) INFO:    [Legendary]:        Running command: LEGENDARY_CONFIG_PATH=/home/vmdjavem/.config/heroic/legendaryConfig/legendary /opt/Heroic/resources/app.asar.unpacked/build/bin/x64/linux/legendary list --third-party
(20:04:02) INFO:    [Backend]:          AreWeAntiCheatYet data downloaded
(20:04:02) INFO:    [DXVKInstaller]:    Updating dxvk to: dxvk-2.7
(20:04:04) INFO:    [WineDownloader]:   Updating wine versions info
(20:04:04) INFO:    [WineDownloader]:   Fetching upstream information...
(20:04:04) INFO:    [Backend]:          Starting the Download Queue
(20:04:06) INFO:    [WineDownloader]:   wine versions updated
