(14:50:56) INFO:    [Legendary]:        Legendary location: /opt/Heroic/resources/app.asar.unpacked/build/bin/x64/linux/legendary
(14:50:56) INFO:    [Gog]:              GOGDL location: /opt/Heroic/resources/app.asar.unpacked/build/bin/x64/linux/gogdl
(14:50:56) INFO:    [Connection]:       Connectivity: check-online
(14:50:56) INFO:    [Connection]:       Pinging external endpoints
(14:50:56) INFO:    [Gog]:              Checking for existing gog manifests
(14:50:56) WARNING: [Backend]:          Protocol already registered.
(14:50:56) INFO:    [Legendary]:        Running command: LEGENDARY_CONFIG_PATH=/home/vmdjavem/.config/heroic/legendaryConfig/legendary /opt/Heroic/resources/app.asar.unpacked/build/bin/x64/linux/legendary --version
(14:50:56) INFO:    [Gog]:              Running command: GOGDL_CONFIG_PATH=/home/vmdjavem/.config/heroic/gogdlConfig /opt/Heroic/resources/app.asar.unpacked/build/bin/x64/linux/gogdl --auth-config-path /home/vmdjavem/.config/heroic/gog_store/auth.json --version
(14:50:56) INFO:    [Nile]:             Running command: NILE_CONFIG_PATH=/home/vmdjavem/.config/heroic/nile_config /opt/Heroic/resources/app.asar.unpacked/build/bin/x64/linux/nile --version
(14:50:56) INFO:    [Backend]:          
System Information:
CPU: 12x AMD Ryzen 5 7600X 6-Core Processor
Memory: 32.7 GB (used: 4.67 GB)
GPUs:
  GPU 0:
    Name: Advanced Micro Devices, Inc. [AMD/ATI] Raphael
    IDs: D=164e V=1002 SD=7e26 SV=1462
    Driver: amdgpu
  GPU 1:
    Name: Advanced Micro Devices, Inc. [AMD/ATI] Navi 32 [Radeon RX 7700 XT / 7800 XT]
    IDs: D=747e V=1002 SD=f475 SV=1da2
    Driver: amdgpu
OS: EndeavourOS 6.15.3-arch1-1 (linux)

The current system is not a Steam Deck
We are not running inside a Flatpak container

Software Versions:
  Heroic: 2.17.2 Cutty Flam Franky
  Legendary: 0.20.37 Exit 17 (Heroic)
  gogdl: 1.1.2
  comet: comet 0.2.0
  Nile: 1.1.2 Will A. Zeppeli

(14:50:56) INFO:    [Frontend]:         Refreshing undefined Library
(14:50:56) WARNING: [Backend]:          refresh not implemented on Sideload Library Manager
(14:50:56) INFO:    [Legendary]:        Refreshing library...
(14:50:56) INFO:    [Legendary]:        Refreshing Epic Games...
(14:50:56) INFO:    [Backend]:          Frontend Ready
(14:50:57) INFO:    [Backend]:          Checking for new Heroic Updates
(14:50:57) INFO:    [Backend]:          Checking for current version changelog
(14:50:57) INFO:    [Legendary]:        Running command: LEGENDARY_CONFIG_PATH=/home/vmdjavem/.config/heroic/legendaryConfig/legendary /opt/Heroic/resources/app.asar.unpacked/build/bin/x64/linux/legendary list --third-party
(14:50:58) INFO:    [Connection]:       Connectivity: online
(14:50:58) ERROR:   [Gog]:              Unable to syncQueued playtime, userData not present
(14:50:58) INFO:    [Gog]:              Running command: GOGDL_CONFIG_PATH=/home/vmdjavem/.config/heroic/gogdlConfig /opt/Heroic/resources/app.asar.unpacked/build/bin/x64/linux/gogdl --auth-config-path /home/vmdjavem/.config/heroic/gog_store/auth.json auth
(14:50:58) INFO:    [Backend]:          AreWeAntiCheatYet data downloaded
(14:50:59) INFO:    [Legendary]:        Game list updated, got 97 games & DLCs
(14:50:59) INFO:    [Winetricks]:       Downloading Winetricks
(14:50:59) WARNING: [Backend]:          listUpdateableGames not implemented on Sideload Library Manager
(14:50:59) INFO:    [Legendary]:        Checking for game updates: LEGENDARY_CONFIG_PATH=/home/vmdjavem/.config/heroic/legendaryConfig/legendary /opt/Heroic/resources/app.asar.unpacked/build/bin/x64/linux/legendary list --third-party
(14:51:01) INFO:    [Legendary]:        Found 0 games to update
(14:51:01) INFO:    [WineDownloader]:   Updating wine versions info
(14:51:01) INFO:    [WineDownloader]:   Fetching upstream information...
(14:51:01) INFO:    [Backend]:          Starting the Download Queue
