(18:25:25) INFO:    [Legendary]:        Legendary location: /opt/Heroic/resources/app.asar.unpacked/build/bin/x64/linux/legendary
(18:25:25) INFO:    [Gog]:              GOGDL location: /opt/Heroic/resources/app.asar.unpacked/build/bin/x64/linux/gogdl
(18:25:25) INFO:    [Connection]:       Connectivity: check-online
(18:25:25) INFO:    [Connection]:       Pinging external endpoints
(18:25:25) INFO:    [Gog]:              Checking for existing gog manifests
(18:25:25) WARNING: [Backend]:          Protocol already registered.
(18:25:25) INFO:    [Legendary]:        Running command: LEGENDARY_CONFIG_PATH=/home/vmdjavem/.config/heroic/legendaryConfig/legendary /opt/Heroic/resources/app.asar.unpacked/build/bin/x64/linux/legendary --version
(18:25:25) INFO:    [Gog]:              Running command: GOGDL_CONFIG_PATH=/home/vmdjavem/.config/heroic/gogdlConfig /opt/Heroic/resources/app.asar.unpacked/build/bin/x64/linux/gogdl --auth-config-path /home/vmdjavem/.config/heroic/gog_store/auth.json --version
(18:25:25) INFO:    [Nile]:             Running command: NILE_CONFIG_PATH=/home/vmdjavem/.config/heroic/nile_config /opt/Heroic/resources/app.asar.unpacked/build/bin/x64/linux/nile --version
(18:25:25) INFO:    [Connection]:       Connectivity: online
(18:25:25) ERROR:   [Gog]:              Unable to syncQueued playtime, userData not present
(18:25:25) INFO:    [Gog]:              Running command: GOGDL_CONFIG_PATH=/home/vmdjavem/.config/heroic/gogdlConfig /opt/Heroic/resources/app.asar.unpacked/build/bin/x64/linux/gogdl --auth-config-path /home/vmdjavem/.config/heroic/gog_store/auth.json auth
(18:25:25) INFO:    [Backend]:          
System Information:
CPU: 12x AMD Ryzen 5 7600X 6-Core Processor
Memory: 32.7 GB (used: 3.49 GB)
GPUs:
  GPU 0:
    Name: Advanced Micro Devices, Inc. [AMD/ATI] Raphael
    IDs: D=164e V=1002 SD=7e26 SV=1462
    Driver: amdgpu
  GPU 1:
    Name: Advanced Micro Devices, Inc. [AMD/ATI] Navi 32 [Radeon RX 7700 XT / 7800 XT]
    IDs: D=747e V=1002 SD=f475 SV=1da2
    Driver: amdgpu
OS: EndeavourOS 6.15.2-arch1-1 (linux)

The current system is not a Steam Deck
We are not running inside a Flatpak container

Software Versions:
  Heroic: 2.17.2 Cutty Flam Franky
  Legendary: 0.20.37 Exit 17 (Heroic)
  gogdl: 1.1.2
  comet: comet 0.2.0
  Nile: 1.1.2 Will A. Zeppeli

(18:25:25) INFO:    [Frontend]:         Refreshing undefined Library
(18:25:25) WARNING: [Backend]:          refresh not implemented on Sideload Library Manager
(18:25:25) INFO:    [Legendary]:        Refreshing library...
(18:25:25) INFO:    [Legendary]:        Refreshing Epic Games...
(18:25:25) INFO:    [Backend]:          Frontend Ready
(18:25:25) INFO:    [Backend]:          Checking for new Heroic Updates
(18:25:25) INFO:    [Backend]:          Checking for current version changelog
(18:25:25) INFO:    [Backend]:          AreWeAntiCheatYet data downloaded
(18:25:26) INFO:    [Legendary]:        Running command: LEGENDARY_CONFIG_PATH=/home/vmdjavem/.config/heroic/legendaryConfig/legendary /opt/Heroic/resources/app.asar.unpacked/build/bin/x64/linux/legendary list --third-party
(18:25:27) INFO:    [Legendary]:        Game list updated, got 97 games & DLCs
(18:25:27) WARNING: [Backend]:          listUpdateableGames not implemented on Sideload Library Manager
(18:25:27) INFO:    [Legendary]:        Checking for game updates: LEGENDARY_CONFIG_PATH=/home/vmdjavem/.config/heroic/legendaryConfig/legendary /opt/Heroic/resources/app.asar.unpacked/build/bin/x64/linux/legendary list --third-party
(18:25:27) INFO:    [Winetricks]:       Downloading Winetricks
(18:25:28) INFO:    [Legendary]:        Found 0 games to update
(18:25:30) INFO:    [WineDownloader]:   Updating wine versions info
(18:25:30) INFO:    [WineDownloader]:   Fetching upstream information...
(18:25:30) INFO:    [WineDownloader]:   wine versions updated
(18:25:30) INFO:    [Backend]:          Starting the Download Queue
(18:26:14) INFO:    [Backend]:          Checking if wine version exists: Proton - GE-Proton-latest
(18:26:14) INFO:    [Backend]:          Checking if wine version exists: Proton - GE-Proton-latest
(18:26:14) INFO:    [Backend]:          Checking if wine version exists: Proton - GE-Proton-latest
(18:26:14) DEBUG:   [Backend]:          Running Wine command: createprefix
(18:26:20) INFO:    [Backend]:          Checking if wine version exists: Proton - GE-Proton-latest
(18:26:20) DEBUG:   [Backend]:          Running Wine command: /home/vmdjavem/Games/Heroic/Prefixes/default/Hearts of iron IV/pfx/drive_c/Program Files (x86)/DODI-Repacks/Hearts of Iron IV/dowser.exe
