(16:19:41) INFO:    [Legendary]:        Legendary location: /opt/Heroic/resources/app.asar.unpacked/build/bin/x64/linux/legendary
(16:19:41) INFO:    [Gog]:              GOGDL location: /opt/Heroic/resources/app.asar.unpacked/build/bin/x64/linux/gogdl
(16:19:41) INFO:    [Connection]:       Connectivity: check-online
(16:19:41) INFO:    [Connection]:       Pinging external endpoints
(16:19:41) INFO:    [Gog]:              Checking for existing gog manifests
(16:19:42) WARNING: [Backend]:          Protocol already registered.
(16:19:42) INFO:    [Legendary]:        Running command: LEGENDARY_CONFIG_PATH=/home/vmdjavem/.config/heroic/legendaryConfig/legendary /opt/Heroic/resources/app.asar.unpacked/build/bin/x64/linux/legendary --version
(16:19:42) INFO:    [Gog]:              Running command: GOGDL_CONFIG_PATH=/home/vmdjavem/.config/heroic/gogdlConfig /opt/Heroic/resources/app.asar.unpacked/build/bin/x64/linux/gogdl --auth-config-path /home/vmdjavem/.config/heroic/gog_store/auth.json --version
(16:19:42) INFO:    [Nile]:             Running command: NILE_CONFIG_PATH=/home/vmdjavem/.config/heroic/nile_config /opt/Heroic/resources/app.asar.unpacked/build/bin/x64/linux/nile --version
(16:19:42) INFO:    [Backend]:          
System Information:
CPU: 12x AMD Ryzen 5 7600X 6-Core Processor
Memory: 32.7 GB (used: 3.76 GB)
GPUs:
  GPU 0:
    Name: Advanced Micro Devices, Inc. [AMD/ATI] Raphael
    IDs: D=164e V=1002 SD=7e26 SV=1462
    Driver: amdgpu
  GPU 1:
    Name: Advanced Micro Devices, Inc. [AMD/ATI] Navi 32 [Radeon RX 7700 XT / 7800 XT]
    IDs: D=747e V=1002 SD=f475 SV=1da2
    Driver: amdgpu
OS: EndeavourOS 6.14.7-arch2-1 (linux)

The current system is not a Steam Deck
We are not running inside a Flatpak container

Software Versions:
  Heroic: 2.17.0 Cutty Flam Franky
  Legendary: 0.20.37 Exit 17 (Heroic)
  gogdl: 1.1.2
  comet: comet 0.2.0
  Nile: 1.1.2 Will A. Zeppeli

(16:19:42) INFO:    [Frontend]:         Refreshing undefined Library
(16:19:42) WARNING: [Backend]:          refresh not implemented on Sideload Library Manager
(16:19:42) INFO:    [Legendary]:        Refreshing library...
(16:19:42) INFO:    [Legendary]:        Refreshing Epic Games...
(16:19:42) INFO:    [Backend]:          Frontend Ready
(16:19:42) INFO:    [Connection]:       Connectivity: online
(16:19:42) ERROR:   [Gog]:              Unable to syncQueued playtime, userData not present
(16:19:42) INFO:    [Gog]:              Running command: GOGDL_CONFIG_PATH=/home/vmdjavem/.config/heroic/gogdlConfig /opt/Heroic/resources/app.asar.unpacked/build/bin/x64/linux/gogdl --auth-config-path /home/vmdjavem/.config/heroic/gog_store/auth.json auth
(16:19:42) INFO:    [Backend]:          Checking for new Heroic Updates
(16:19:42) INFO:    [Backend]:          Checking for current version changelog
(16:19:42) INFO:    [Backend]:          AreWeAntiCheatYet data downloaded
(16:19:43) INFO:    [Legendary]:        Running command: LEGENDARY_CONFIG_PATH=/home/vmdjavem/.config/heroic/legendaryConfig/legendary /opt/Heroic/resources/app.asar.unpacked/build/bin/x64/linux/legendary list --third-party
(16:19:44) INFO:    [Winetricks]:       Downloading Winetricks
(16:19:46) INFO:    [WineDownloader]:   Updating wine versions info
(16:19:46) INFO:    [WineDownloader]:   Fetching upstream information...
(16:19:47) INFO:    [Legendary]:        Game list updated, got 97 games & DLCs
(16:19:47) WARNING: [Backend]:          listUpdateableGames not implemented on Sideload Library Manager
(16:19:47) INFO:    [WineDownloader]:   wine versions updated
(16:19:47) INFO:    [Backend]:          Starting the Download Queue
(16:19:47) INFO:    [Legendary]:        Checking for game updates: LEGENDARY_CONFIG_PATH=/home/vmdjavem/.config/heroic/legendaryConfig/legendary /opt/Heroic/resources/app.asar.unpacked/build/bin/x64/linux/legendary list --third-party
(16:19:48) INFO:    [Legendary]:        Found 0 games to update
(16:19:57) INFO:    [Backend]:          Checking if wine version exists: Proton - GE-Proton-latest
(16:19:57) INFO:    [Backend]:          Checking if wine version exists: Proton - GE-Proton-latest
(16:19:57) INFO:    [Backend]:          Checking if wine version exists: Proton - GE-Proton-latest
(16:19:57) DEBUG:   [Backend]:          Running Wine command: createprefix
(16:20:28) INFO:    [Backend]:          Checking if wine version exists: Proton - GE-Proton-latest
(16:20:28) INFO:    [Backend]:          Checking if wine version exists: Proton - GE-Proton-latest
(16:20:28) INFO:    [Backend]:          Checking if wine version exists: Proton - GE-Proton-latest
(16:20:28) DEBUG:   [Backend]:          Running Wine command: createprefix
(16:20:30) INFO:    [Backend]:          Checking if wine version exists: Proton - GE-Proton-latest
(16:20:30) DEBUG:   [Backend]:          Running Wine command: /home/vmdjavem/Games/Heroic/Prefixes/default/Hearts of iron IV/pfx/drive_c/Program Files (x86)/DODI-Repacks/Hearts of Iron IV/dowser.exe
(16:20:36) INFO:    [Backend]:          Checking if wine version exists: Proton - GE-Proton-latest
(16:20:36) DEBUG:   [Backend]:          Running Wine command: /home/vmdjavem/Games/Heroic/Prefixes/default/Hearts of iron IV/pfx/drive_c/Program Files (x86)/DODI-Repacks/Hearts of Iron IV/dowser.exe
