(09:28:34) INFO:    [Legendary]:        Legendary location: /opt/Heroic/resources/app.asar.unpacked/build/bin/x64/linux/legendary
(09:28:34) INFO:    [Gog]:              GOGDL location: /opt/Heroic/resources/app.asar.unpacked/build/bin/x64/linux/gogdl
(09:28:34) INFO:    [Connection]:       Connectivity: check-online
(09:28:34) INFO:    [Connection]:       Pinging external endpoints
(09:28:34) INFO:    [Gog]:              Checking for existing gog manifests
(09:28:34) WARNING: [Backend]:          Protocol already registered.
(09:28:34) INFO:    [Frontend]:         Refreshing undefined Library
(09:28:34) WARNING: [Backend]:          refresh not implemented on Sideload Library Manager
(09:28:34) INFO:    [Legendary]:        Refreshing library...
(09:28:34) INFO:    [Legendary]:        Refreshing Epic Games...
(09:28:34) INFO:    [Backend]:          Frontend Ready
(09:28:34) INFO:    [Connection]:       Connectivity: online
(09:28:34) ERROR:   [Gog]:              Unable to syncQueued playtime, userData not present
(09:28:34) INFO:    [Gog]:              Running command: GOGDL_CONFIG_PATH=/home/vmdjavem/.config/heroic/gogdlConfig /opt/Heroic/resources/app.asar.unpacked/build/bin/x64/linux/gogdl --auth-config-path /home/vmdjavem/.config/heroic/gog_store/auth.json auth
(09:28:34) INFO:    [Backend]:          Checking for new Heroic Updates
(09:28:34) INFO:    [Backend]:          Checking for current version changelog
(09:28:34) INFO:    [Frontend]:         Updated to a new version, cleaaning up the cache.
(09:28:34) INFO:    [Legendary]:        Running command: LEGENDARY_CONFIG_PATH=/home/vmdjavem/.config/heroic/legendaryConfig/legendary /opt/Heroic/resources/app.asar.unpacked/build/bin/x64/linux/legendary cleanup
(09:28:35) INFO:    [Backend]:          AreWeAntiCheatYet data downloaded
(09:28:35) INFO:    [Legendary]:        Running command: LEGENDARY_CONFIG_PATH=/home/vmdjavem/.config/heroic/legendaryConfig/legendary /opt/Heroic/resources/app.asar.unpacked/build/bin/x64/linux/legendary list --third-party
(09:28:35) INFO:    [Legendary]:        Running command: LEGENDARY_CONFIG_PATH=/home/vmdjavem/.config/heroic/legendaryConfig/legendary /opt/Heroic/resources/app.asar.unpacked/build/bin/x64/linux/legendary --version
(09:28:35) INFO:    [Gog]:              Running command: GOGDL_CONFIG_PATH=/home/vmdjavem/.config/heroic/gogdlConfig /opt/Heroic/resources/app.asar.unpacked/build/bin/x64/linux/gogdl --auth-config-path /home/vmdjavem/.config/heroic/gog_store/auth.json --version
(09:28:35) INFO:    [Nile]:             Running command: NILE_CONFIG_PATH=/home/vmdjavem/.config/heroic/nile_config /opt/Heroic/resources/app.asar.unpacked/build/bin/x64/linux/nile --version
(09:28:35) INFO:    [Backend]:          
System Information:
CPU: 12x AMD Ryzen 5 7600X 6-Core Processor
Memory: 32.7 GB (used: 4.22 GB)
GPUs:
  GPU 0:
    Name: Advanced Micro Devices, Inc. [AMD/ATI] Raphael
    IDs: D=164e V=1002 SD=7e26 SV=1462
    Driver: amdgpu
  GPU 1:
    Name: Advanced Micro Devices, Inc. [AMD/ATI] Navi 32 [Radeon RX 7700 XT / 7800 XT]
    IDs: D=747e V=1002 SD=f475 SV=1da2
    Driver: amdgpu
OS: EndeavourOS 6.15.2-arch1-1 (linux)

The current system is not a Steam Deck
We are not running inside a Flatpak container

Software Versions:
  Heroic: 2.17.2 Cutty Flam Franky
  Legendary: 0.20.37 Exit 17 (Heroic)
  gogdl: 1.1.2
  comet: comet 0.2.0
  Nile: 1.1.2 Will A. Zeppeli

(09:28:37) INFO:    [Winetricks]:       Downloading Winetricks
(09:28:38) INFO:    [Legendary]:        Game list updated, got 97 games & DLCs
(09:28:38) WARNING: [Backend]:          listUpdateableGames not implemented on Sideload Library Manager
(09:28:38) INFO:    [Legendary]:        Checking for game updates: LEGENDARY_CONFIG_PATH=/home/vmdjavem/.config/heroic/legendaryConfig/legendary /opt/Heroic/resources/app.asar.unpacked/build/bin/x64/linux/legendary list --third-party
(09:28:39) INFO:    [WineDownloader]:   Updating wine versions info
(09:28:39) INFO:    [WineDownloader]:   Fetching upstream information...
(09:28:39) INFO:    [Backend]:          Starting the Download Queue
(09:28:39) INFO:    [Legendary]:        Found 0 games to update
(09:28:40) INFO:    [WineDownloader]:   wine versions updated
