(14:53:07) INFO:    [Legendary]:        Legendary location: /opt/Heroic/resources/app.asar.unpacked/build/bin/x64/linux/legendary
(14:53:07) INFO:    [Gog]:              GOGDL location: /opt/Heroic/resources/app.asar.unpacked/build/bin/x64/linux/gogdl
(14:53:07) INFO:    [Connection]:       Connectivity: check-online
(14:53:07) INFO:    [Connection]:       Pinging external endpoints
(14:53:07) INFO:    [Gog]:              Checking for existing gog manifests
(14:53:07) WARNING: [Backend]:          Protocol already registered.
(14:53:07) INFO:    [Legendary]:        Running command: LEGENDARY_CONFIG_PATH=/home/vmdjavem/.config/heroic/legendaryConfig/legendary /opt/Heroic/resources/app.asar.unpacked/build/bin/x64/linux/legendary --version
(14:53:07) INFO:    [Gog]:              Running command: GOGDL_CONFIG_PATH=/home/vmdjavem/.config/heroic/gogdlConfig /opt/Heroic/resources/app.asar.unpacked/build/bin/x64/linux/gogdl --auth-config-path /home/vmdjavem/.config/heroic/gog_store/auth.json --version
(14:53:07) INFO:    [Nile]:             Running command: NILE_CONFIG_PATH=/home/vmdjavem/.config/heroic/nile_config /opt/Heroic/resources/app.asar.unpacked/build/bin/x64/linux/nile --version
(14:53:07) INFO:    [Connection]:       Connectivity: online
(14:53:07) ERROR:   [Gog]:              Unable to syncQueued playtime, userData not present
(14:53:07) INFO:    [Gog]:              Running command: GOGDL_CONFIG_PATH=/home/vmdjavem/.config/heroic/gogdlConfig /opt/Heroic/resources/app.asar.unpacked/build/bin/x64/linux/gogdl --auth-config-path /home/vmdjavem/.config/heroic/gog_store/auth.json auth
(14:53:08) INFO:    [Backend]:          
System Information:
CPU: 12x AMD Ryzen 5 7600X 6-Core Processor
Memory: 32.7 GB (used: 3.19 GB)
GPUs:
  GPU 0:
    Name: Advanced Micro Devices, Inc. [AMD/ATI] Raphael
    IDs: D=164e V=1002 SD=7e26 SV=1462
    Driver: amdgpu
  GPU 1:
    Name: Advanced Micro Devices, Inc. [AMD/ATI] Navi 32 [Radeon RX 7700 XT / 7800 XT]
    IDs: D=747e V=1002 SD=f475 SV=1da2
    Driver: amdgpu
OS: EndeavourOS 6.14.6-arch1-1 (linux)

The current system is not a Steam Deck
We are not running inside a Flatpak container

Software Versions:
  Heroic: 2.16.1 Scopper Gaban
  Legendary: 0.20.36 Urban Flight (Heroic)
  gogdl: 1.1.2
  comet: comet 0.2.0
  Nile: 1.1.2 Will A. Zeppeli

(14:53:08) INFO:    [Backend]:          AreWeAntiCheatYet data downloaded
(14:53:08) INFO:    [Frontend]:         Refreshing undefined Library
(14:53:08) WARNING: [Backend]:          refresh not implemented on Sideload Library Manager
(14:53:08) INFO:    [Legendary]:        Refreshing library...
(14:53:08) INFO:    [Legendary]:        Refreshing Epic Games...
(14:53:08) INFO:    [Backend]:          Frontend Ready
(14:53:08) INFO:    [Backend]:          Checking for new Heroic Updates
(14:53:08) INFO:    [Backend]:          Checking for current version changelog
(14:53:08) INFO:    [Legendary]:        Running command: LEGENDARY_CONFIG_PATH=/home/vmdjavem/.config/heroic/legendaryConfig/legendary /opt/Heroic/resources/app.asar.unpacked/build/bin/x64/linux/legendary list --third-party
(14:53:10) INFO:    [Winetricks]:       Downloading Winetricks
(14:53:10) INFO:    [Legendary]:        Game list updated, got 97 games & DLCs
(14:53:10) WARNING: [Backend]:          listUpdateableGames not implemented on Sideload Library Manager
(14:53:10) INFO:    [Legendary]:        Checking for game updates: LEGENDARY_CONFIG_PATH=/home/vmdjavem/.config/heroic/legendaryConfig/legendary /opt/Heroic/resources/app.asar.unpacked/build/bin/x64/linux/legendary list --third-party
(14:53:11) INFO:    [Legendary]:        Found 0 games to update
(14:53:12) INFO:    [WineDownloader]:   Updating wine versions info
(14:53:12) INFO:    [WineDownloader]:   Fetching upstream information...
(14:53:13) INFO:    [WineDownloader]:   wine versions updated
(14:53:13) INFO:    [Backend]:          Starting the Download Queue
(14:54:40) INFO:    [Backend]:          Checking if wine version exists: Proton - GE-Proton-latest
(14:54:40) INFO:    [Backend]:          Checking if wine version exists: Proton - GE-Proton-latest
(14:54:40) INFO:    [Backend]:          Checking if wine version exists: Proton - GE-Proton-latest
(14:54:40) DEBUG:   [Backend]:          Running Wine command: run wineboot --init
(14:54:44) INFO:    [Backend]:          Checking if wine version exists: Proton - GE-Proton-latest
(14:54:44) DEBUG:   [Backend]:          Running Wine command: run /home/vmdjavem/Games/Heroic/Prefixes/default/Hearts of iron IV/pfx/drive_c/Program Files (x86)/DODI-Repacks/Hearts of Iron IV/dowser.exe
(15:02:54) INFO:    [Backend]:          Checking if wine version exists: Proton - GE-Proton-latest
(15:02:54) INFO:    [Backend]:          Checking if wine version exists: Proton - GE-Proton-latest
(15:02:54) INFO:    [Backend]:          Checking if wine version exists: Proton - GE-Proton-latest
(15:02:54) DEBUG:   [Backend]:          Running Wine command: run wineboot --init
(15:02:57) INFO:    [Backend]:          Checking if wine version exists: Proton - GE-Proton-latest
(15:02:57) DEBUG:   [Backend]:          Running Wine command: run /home/vmdjavem/Games/Heroic/Prefixes/default/Hearts of iron IV/pfx/drive_c/Program Files (x86)/DODI-Repacks/Hearts of Iron IV/dowser.exe
