(17:35:20) INFO:    [Legendary]:        Legendary location: /opt/Heroic/resources/app.asar.unpacked/build/bin/x64/linux/legendary
(17:35:20) INFO:    [Gog]:              GOGDL location: /opt/Heroic/resources/app.asar.unpacked/build/bin/x64/linux/gogdl
(17:35:20) INFO:    [Connection]:       Connectivity: check-online
(17:35:20) INFO:    [Connection]:       Pinging external endpoints
(17:35:20) INFO:    [Gog]:              Checking for existing gog manifests
(17:35:20) WARNING: [Backend]:          Protocol already registered.
(17:35:20) INFO:    [Legendary]:        Running command: LEGENDARY_CONFIG_PATH=/home/vmdjavem/.config/heroic/legendaryConfig/legendary /opt/Heroic/resources/app.asar.unpacked/build/bin/x64/linux/legendary --version
(17:35:20) INFO:    [Gog]:              Running command: GOGDL_CONFIG_PATH=/home/vmdjavem/.config/heroic/gogdlConfig /opt/Heroic/resources/app.asar.unpacked/build/bin/x64/linux/gogdl --auth-config-path /home/vmdjavem/.config/heroic/gog_store/auth.json --version
(17:35:20) INFO:    [Nile]:             Running command: NILE_CONFIG_PATH=/home/vmdjavem/.config/heroic/nile_config /opt/Heroic/resources/app.asar.unpacked/build/bin/x64/linux/nile --version
(17:35:21) INFO:    [Backend]:          
System Information:
CPU: 12x AMD Ryzen 5 7600X 6-Core Processor
Memory: 32.7 GB (used: 3.66 GB)
GPUs:
  GPU 0:
    Name: Advanced Micro Devices, Inc. [AMD/ATI] Raphael
    IDs: D=164e V=1002 SD=7e26 SV=1462
    Driver: amdgpu
  GPU 1:
    Name: Advanced Micro Devices, Inc. [AMD/ATI] Navi 32 [Radeon RX 7700 XT / 7800 XT]
    IDs: D=747e V=1002 SD=f475 SV=1da2
    Driver: amdgpu
OS: EndeavourOS 6.14.6-arch1-1 (linux)

The current system is not a Steam Deck
We are not running inside a Flatpak container

Software Versions:
  Heroic: 2.16.1 Scopper Gaban
  Legendary: 0.20.36 Urban Flight (Heroic)
  gogdl: 1.1.2
  comet: comet 0.2.0
  Nile: 1.1.2 Will A. Zeppeli

(17:35:21) INFO:    [Connection]:       Connectivity: online
(17:35:21) ERROR:   [Gog]:              Unable to syncQueued playtime, userData not present
(17:35:21) INFO:    [Gog]:              Running command: GOGDL_CONFIG_PATH=/home/vmdjavem/.config/heroic/gogdlConfig /opt/Heroic/resources/app.asar.unpacked/build/bin/x64/linux/gogdl --auth-config-path /home/vmdjavem/.config/heroic/gog_store/auth.json auth
(17:35:21) INFO:    [Frontend]:         Refreshing undefined Library
(17:35:21) WARNING: [Backend]:          refresh not implemented on Sideload Library Manager
(17:35:21) INFO:    [Legendary]:        Refreshing library...
(17:35:21) INFO:    [Legendary]:        Refreshing Epic Games...
(17:35:21) INFO:    [Backend]:          Frontend Ready
(17:35:21) INFO:    [Backend]:          Checking for new Heroic Updates
(17:35:21) INFO:    [Backend]:          Checking for current version changelog
(17:35:21) INFO:    [Backend]:          AreWeAntiCheatYet data downloaded
(17:35:21) INFO:    [Legendary]:        Running command: LEGENDARY_CONFIG_PATH=/home/vmdjavem/.config/heroic/legendaryConfig/legendary /opt/Heroic/resources/app.asar.unpacked/build/bin/x64/linux/legendary list --third-party
(17:35:22) INFO:    [Legendary]:        Game list updated, got 97 games & DLCs
(17:35:22) WARNING: [Backend]:          listUpdateableGames not implemented on Sideload Library Manager
(17:35:22) INFO:    [Legendary]:        Checking for game updates: LEGENDARY_CONFIG_PATH=/home/vmdjavem/.config/heroic/legendaryConfig/legendary /opt/Heroic/resources/app.asar.unpacked/build/bin/x64/linux/legendary list --third-party
(17:35:23) INFO:    [Winetricks]:       Downloading Winetricks
(17:35:24) INFO:    [Legendary]:        Found 0 games to update
(17:35:25) INFO:    [WineDownloader]:   Updating wine versions info
(17:35:25) INFO:    [WineDownloader]:   Fetching upstream information...
(17:35:26) INFO:    [Backend]:          Starting the Download Queue
(17:35:26) INFO:    [WineDownloader]:   wine versions updated
(17:35:41) INFO:    [Backend]:          Checking if wine version exists: Proton - GE-Proton-latest
(17:35:41) INFO:    [Backend]:          Checking if wine version exists: Proton - GE-Proton-latest
(17:35:41) INFO:    [Backend]:          Checking if wine version exists: Proton - GE-Proton-latest
(17:35:41) DEBUG:   [Backend]:          Running Wine command: run wineboot --init
(17:35:45) INFO:    [Backend]:          Checking if wine version exists: Proton - GE-Proton-latest
(17:35:45) DEBUG:   [Backend]:          Running Wine command: run /home/vmdjavem/Games/Heroic/Prefixes/default/Hearts of iron IV/pfx/drive_c/Program Files (x86)/DODI-Repacks/Hearts of Iron IV/dowser.exe
(17:38:45) INFO:    [Backend]:          Checking if wine version exists: Proton - GE-Proton-latest
(17:38:45) INFO:    [Backend]:          Checking if wine version exists: Proton - GE-Proton-latest
(17:38:45) INFO:    [Backend]:          Checking if wine version exists: Proton - GE-Proton-latest
(17:38:45) DEBUG:   [Backend]:          Running Wine command: run wineboot --init
(17:38:49) INFO:    [Backend]:          Checking if wine version exists: Proton - GE-Proton-latest
(17:38:49) DEBUG:   [Backend]:          Running Wine command: run /home/vmdjavem/Games/Heroic/Prefixes/default/Hearts of iron IV/pfx/drive_c/Program Files (x86)/DODI-Repacks/Hearts of Iron IV/dowser.exe
