(18:13:11) INFO:    [Legendary]:        Legendary location: /opt/Heroic/resources/app.asar.unpacked/build/bin/x64/linux/legendary
(18:13:11) INFO:    [Gog]:              GOGDL location: /opt/Heroic/resources/app.asar.unpacked/build/bin/x64/linux/gogdl
(18:13:11) INFO:    [Connection]:       Connectivity: check-online
(18:13:11) INFO:    [Connection]:       Pinging external endpoints
(18:13:11) INFO:    [Gog]:              Checking for existing gog manifests
(18:13:12) WARNING: [Backend]:          Protocol already registered.
(18:13:12) INFO:    [Legendary]:        Running command: LEGENDARY_CONFIG_PATH=/home/vmdjavem/.config/heroic/legendaryConfig/legendary /opt/Heroic/resources/app.asar.unpacked/build/bin/x64/linux/legendary --version
(18:13:12) INFO:    [Gog]:              Running command: GOGDL_CONFIG_PATH=/home/vmdjavem/.config/heroic/gogdlConfig /opt/Heroic/resources/app.asar.unpacked/build/bin/x64/linux/gogdl --auth-config-path /home/vmdjavem/.config/heroic/gog_store/auth.json --version
(18:13:12) INFO:    [Nile]:             Running command: NILE_CONFIG_PATH=/home/vmdjavem/.config/heroic/nile_config /opt/Heroic/resources/app.asar.unpacked/build/bin/x64/linux/nile --version
(18:13:12) INFO:    [Backend]:          
System Information:
CPU: 12x AMD Ryzen 5 7600X 6-Core Processor
Memory: 32.7 GB (used: 5.1 GB)
GPUs:
  GPU 0:
    Name: Advanced Micro Devices, Inc. [AMD/ATI] Raphael
    IDs: D=164e V=1002 SD=7e26 SV=1462
    Driver: amdgpu
  GPU 1:
    Name: Advanced Micro Devices, Inc. [AMD/ATI] Navi 32 [Radeon RX 7700 XT / 7800 XT]
    IDs: D=747e V=1002 SD=f475 SV=1da2
    Driver: amdgpu
OS: EndeavourOS 6.14.6-arch1-1 (linux)

The current system is not a Steam Deck
We are not running inside a Flatpak container

Software Versions:
  Heroic: 2.17.0 Cutty Flam Franky
  Legendary: 0.20.37 Exit 17 (Heroic)
  gogdl: 1.1.2
  comet: comet 0.2.0
  Nile: 1.1.2 Will A. Zeppeli

(18:13:12) INFO:    [Connection]:       Connectivity: online
(18:13:12) ERROR:   [Gog]:              Unable to syncQueued playtime, userData not present
(18:13:12) INFO:    [Gog]:              Running command: GOGDL_CONFIG_PATH=/home/vmdjavem/.config/heroic/gogdlConfig /opt/Heroic/resources/app.asar.unpacked/build/bin/x64/linux/gogdl --auth-config-path /home/vmdjavem/.config/heroic/gog_store/auth.json auth
(18:13:12) INFO:    [Frontend]:         Refreshing undefined Library
(18:13:12) WARNING: [Backend]:          refresh not implemented on Sideload Library Manager
(18:13:12) INFO:    [Legendary]:        Refreshing library...
(18:13:12) INFO:    [Legendary]:        Refreshing Epic Games...
(18:13:12) INFO:    [Backend]:          Frontend Ready
(18:13:12) INFO:    [Backend]:          Checking for new Heroic Updates
(18:13:12) INFO:    [Backend]:          Checking for current version changelog
(18:13:12) INFO:    [Frontend]:         Updated to a new version, cleaaning up the cache.
(18:13:12) INFO:    [Legendary]:        Running command: LEGENDARY_CONFIG_PATH=/home/vmdjavem/.config/heroic/legendaryConfig/legendary /opt/Heroic/resources/app.asar.unpacked/build/bin/x64/linux/legendary cleanup
(18:13:12) INFO:    [Legendary]:        Running command: LEGENDARY_CONFIG_PATH=/home/vmdjavem/.config/heroic/legendaryConfig/legendary /opt/Heroic/resources/app.asar.unpacked/build/bin/x64/linux/legendary list --third-party
(18:13:12) INFO:    [Backend]:          AreWeAntiCheatYet data downloaded
(18:13:14) INFO:    [Winetricks]:       Downloading Winetricks
(18:13:15) INFO:    [Legendary]:        Game list updated, got 97 games & DLCs
(18:13:15) WARNING: [Backend]:          listUpdateableGames not implemented on Sideload Library Manager
(18:13:15) INFO:    [Legendary]:        Checking for game updates: LEGENDARY_CONFIG_PATH=/home/vmdjavem/.config/heroic/legendaryConfig/legendary /opt/Heroic/resources/app.asar.unpacked/build/bin/x64/linux/legendary list --third-party
(18:13:16) INFO:    [Legendary]:        Found 0 games to update
(18:13:17) INFO:    [WineDownloader]:   Updating wine versions info
(18:13:17) INFO:    [WineDownloader]:   Fetching upstream information...
(18:13:17) INFO:    [Backend]:          Starting the Download Queue
(18:13:17) INFO:    [WineDownloader]:   wine versions updated
(18:13:20) INFO:    [Backend]:          Launching Fallout New Vegas (tbhWercQ8m1gTSVqCEncDK)
(18:13:20) INFO:    [Backend]:          Preventing display from sleep
(18:13:20) INFO:    [Backend]:          Checking if wine version exists: Wine - Wine-GE-latest
(18:13:20) INFO:    [Backend]:          Checking if wine version exists: Wine - Wine-GE-latest
(18:13:20) INFO:    [Backend]:          Checking if wine version exists: Wine - Wine-GE-latest
(18:13:20) INFO:    [Backend]:          Checking if wine version exists: Wine - Wine-GE-latest
(18:13:20) DEBUG:   [Backend]:          Running Wine command: wineboot --init
(18:13:20) INFO:    [Backend]:          Preventing machine to sleep
(18:13:23) INFO:    [DXVKInstaller]:    installing dxvk on... /home/vmdjavem/Games/Heroic/Prefixes/default/Fallout New Vegas
(18:13:23) INFO:    [DXVKInstaller]:    dxvk already installed!
(18:13:23) INFO:    [DXVKInstaller]:    installing dxvk-nvapi on... /home/vmdjavem/Games/Heroic/Prefixes/default/Fallout New Vegas
(18:13:23) INFO:    [DXVKInstaller]:    dxvk-nvapi already installed!
(18:13:23) INFO:    [DXVKInstaller]:    installing vkd3d on... /home/vmdjavem/Games/Heroic/Prefixes/default/Fallout New Vegas
(18:13:23) INFO:    [DXVKInstaller]:    vkd3d already installed!
(18:13:24) INFO:    [Backend]:          launching non-native sideloaded: /home/vmdjavem/Games/Heroic/Prefixes/default/Fallout New Vegas/drive_c/Program Files/Fallout - New Vegas/FalloutNVLauncher.exe 
(18:13:24) INFO:    [Backend]:          Checking if wine version exists: Wine - Wine-GE-latest
(18:13:24) DEBUG:   [Backend]:          Running Wine command: /home/vmdjavem/Games/Heroic/Prefixes/default/Fallout New Vegas/drive_c/Program Files/Fallout - New Vegas/FalloutNVLauncher.exe
(18:13:24) DEBUG:   [Backend]:          Logging to file "/home/vmdjavem/.config/heroic/GamesConfig/tbhWercQ8m1gTSVqCEncDK-lastPlay.log"
(18:13:24) INFO:    [Backend]:          Preventing display to sleep
