Launching "BioShock Remastered" (legendary)
Native? No
Installed in: /home/vmdjavem/Games/Heroic/BioshockRemastered

System Info:
CPU: 12x AMD Ryzen 5 7600X 6-Core Processor
Memory: 32.7 GB (used: 4.04 GB)
GPUs:
  GPU 0:
    Name: Advanced Micro Devices, Inc. [AMD/ATI] Raphael
    IDs: D=164e V=1002 SD=7e26 SV=1462
    Driver: amdgpu
  GPU 1:
    Name: Advanced Micro Devices, Inc. [AMD/ATI] Navi 32 [Radeon RX 7700 XT / 7800 XT]
    IDs: D=747e V=1002 SD=f475 SV=1da2
    Driver: amdgpu
OS: EndeavourOS 6.14.5-arch1-1 (linux)

The current system is not a Steam Deck
We are not running inside a Flatpak container

Software Versions:
  Heroic: 2.16.1 Scopper Gaban
  Legendary: 0.20.36 Urban Flight (Heroic)
  gogdl: 1.1.2
  comet: comet 0.2.0
  Nile: 1.1.2 Will A. Zeppeli

Game Settings: {
	"autoInstallDxvk": true,
	"autoInstallDxvkNvapi": true,
	"autoInstallVkd3d": true,
	"preferSystemLibs": false,
	"enableEsync": true,
	"enableMsync": false,
	"enableFsync": true,
	"nvidiaPrime": false,
	"enviromentOptions": [],
	"wrapperOptions": [],
	"showFps": false,
	"useGameMode": false,
	"battlEyeRuntime": true,
	"eacRuntime": true,
	"language": "",
	"beforeLaunchScriptPath": "",
	"afterLaunchScriptPath": "",
	"verboseLogs": false,
	"wineVersion": {
		"bin": "/usr/bin/wine",
		"name": "Wine Default - wine-10.5",
		"type": "wine",
		"wineserver": "/usr/bin/wineserver"
	},
	"winePrefix": "/home/vmdjavem/Games/Heroic/Prefixes/default/BioShock Remastered",
	"wineCrossoverBottle": ""
}

Game launched at: Sat May 10 2025 19:10:24 GMT-0500 (hora estándar oriental)

Winetricks packages: 

Launch Command: HEROIC_APP_NAME=bc2c95c6ff564a16b26644f1d3ac3c55 HEROIC_APP_RUNNER=legendary GAMEID=umu-0 HEROIC_APP_SOURCE=epic STORE=egs STEAM_COMPAT_INSTALL_PATH=/home/vmdjavem/Games/Heroic/BioshockRemastered LD_PRELOAD= WINEPREFIX="/home/vmdjavem/Games/Heroic/Prefixes/default/BioShock Remastered" WINEDLLOVERRIDES=winemenubuilder.exe=d WINE_FULLSCREEN_FSR=0 WINEESYNC=1 WINEFSYNC=1 DXVK_ENABLE_NVAPI=1 DXVK_NVAPI_ALLOW_OTHER_DRIVERS=1 PROTON_EAC_RUNTIME=/home/vmdjavem/.config/heroic/tools/runtimes/eac_runtime PROTON_BATTLEYE_RUNTIME=/home/vmdjavem/.config/heroic/tools/runtimes/battleye_runtime ORIG_LD_LIBRARY_PATH= /opt/Heroic/resources/app.asar.unpacked/build/bin/x64/linux/legendary launch bc2c95c6ff564a16b26644f1d3ac3c55 --wine /usr/bin/wine --language en

Game Log:
IMPORTANT: Logs are disabled.
Enable verbose logs in Game's settings > Advanced tab > 'Enable verbose logs' before reporting an issue.

============= End of log =============