Launching "Plutonium Launcher" (sideload)
Native? No
Installed in: /home/vmdjavem/Games/Heroic/Prefixes/default/Plutonium Launcher/drive_c/users/steamuser/AppData/Local/Plutonium/bin

System Info:
CPU: 12x AMD Ryzen 5 7600X 6-Core Processor
Memory: 32.7 GB (used: 5.79 GB)
GPUs:
  GPU 0:
    Name: Advanced Micro Devices, Inc. [AMD/ATI] Raphael
    IDs: D=164e V=1002 SD=7e26 SV=1462
    Driver: amdgpu
  GPU 1:
    Name: Advanced Micro Devices, Inc. [AMD/ATI] Navi 32 [Radeon RX 7700 XT / 7800 XT]
    IDs: D=747e V=1002 SD=f475 SV=1da2
    Driver: amdgpu
OS: EndeavourOS 6.15.2-arch1-1 (linux)

The current system is not a Steam Deck
We are not running inside a Flatpak container

Software Versions:
  Heroic: 2.17.2 Cutty Flam Franky
  Legendary: invalid
  gogdl: 1.1.2
  comet: comet 0.2.0
  Nile: 1.1.2 Will A. Zeppeli

Game Settings: {
	"autoInstallDxvkNvapi": true,
	"preferSystemLibs": false,
	"enableEsync": true,
	"enableFsync": true,
	"nvidiaPrime": false,
	"enviromentOptions": [],
	"wrapperOptions": [],
	"showFps": false,
	"useGameMode": false,
	"battlEyeRuntime": true,
	"eacRuntime": true,
	"language": "",
	"beforeLaunchScriptPath": "",
	"afterLaunchScriptPath": "",
	"verboseLogs": false,
	"advertiseAvxForRosetta": false,
	"wineVersion": {
		"bin": "/home/vmdjavem/.config/heroic/tools/proton/GE-Proton-latest/proton",
		"name": "Proton - GE-Proton-latest",
		"type": "proton"
	},
	"winePrefix": "/home/vmdjavem/Games/Heroic/Prefixes/default/Plutonium Launcher"
}

Game launched at: Thu Jun 19 2025 21:47:35 GMT-0500 (Eastern Standard Time)

Winetricks packages: 

Game Log:
IMPORTANT: Logs are disabled.
Enable verbose logs in Game's settings > Advanced tab > 'Enable verbose logs' before reporting an issue.

============= End of log =============