Launching "Hearts of iron IV" (sideload)
Native? No
Installed in: /home/vmdjavem/Games/Heroic/Prefixes/default/Hearts of iron IV/pfx/drive_c/Program Files (x86)/DODI-Repacks/Hearts of Iron IV

System Info:
CPU: 12x AMD Ryzen 5 7600X 6-Core Processor
Memory: 32.7 GB (used: 3.53 GB)
GPUs:
  GPU 0:
    Name: Advanced Micro Devices, Inc. [AMD/ATI] Raphael
    IDs: D=164e V=1002 SD=7e26 SV=1462
    Driver: amdgpu
  GPU 1:
    Name: Advanced Micro Devices, Inc. [AMD/ATI] Navi 32 [Radeon RX 7700 XT / 7800 XT]
    IDs: D=747e V=1002 SD=f475 SV=1da2
    Driver: amdgpu
OS: EndeavourOS 6.14.7-arch2-1 (linux)

The current system is not a Steam Deck
We are not running inside a Flatpak container

Software Versions:
  Heroic: 2.17.0 Cutty Flam Franky
  Legendary: 0.20.37 Exit 17 (Heroic)
  gogdl: 1.1.2
  comet: comet 0.2.0
  Nile: 1.1.2 Will A. Zeppeli

Game Settings: {
	"autoInstallDxvkNvapi": true,
	"preferSystemLibs": false,
	"enableEsync": true,
	"enableFsync": true,
	"nvidiaPrime": false,
	"enviromentOptions": [],
	"wrapperOptions": [],
	"showFps": false,
	"useGameMode": false,
	"battlEyeRuntime": true,
	"eacRuntime": true,
	"language": "",
	"beforeLaunchScriptPath": "",
	"afterLaunchScriptPath": "",
	"verboseLogs": false,
	"wineVersion": {
		"bin": "/home/vmdjavem/.config/heroic/tools/proton/GE-Proton-latest/proton",
		"name": "Proton - GE-Proton-latest",
		"type": "proton"
	},
	"winePrefix": "/home/vmdjavem/Games/Heroic/Prefixes/default/Hearts of iron IV"
}

Game launched at: Sun May 25 2025 13:55:09 GMT-0500 (hora estándar oriental)

