Launching "GTA IV" (sideload)
Native? No
Installed in: /home/vmdjavem/Games/Heroic/Prefixes/default/GTA IV/drive_c/Program Files (x86)/Grand Theft Auto IV - The Complete Edition

System Info:
CPU: 12x AMD Ryzen 5 7600X 6-Core Processor
Memory: 32.7 GB (used: 6.68 GB)
GPUs:
  GPU 0:
    Name: Advanced Micro Devices, Inc. [AMD/ATI] Raphael
    IDs: D=164e V=1002 SD=7e26 SV=1462
    Driver: amdgpu
  GPU 1:
    Name: Advanced Micro Devices, Inc. [AMD/ATI] Navi 32 [Radeon RX 7700 XT / 7800 XT]
    IDs: D=747e V=1002 SD=f475 SV=1da2
    Driver: amdgpu
OS: EndeavourOS 6.14.7-arch2-1 (linux)

The current system is not a Steam Deck
We are not running inside a Flatpak container

Software Versions:
  Heroic: 2.17.0 Cutty Flam Franky
  Legendary: 0.20.37 Exit 17 (Heroic)
  gogdl: 1.1.2
  comet: comet 0.2.0
  Nile: 1.1.2 Will A. Zeppeli

Game Settings: {
	"autoInstallDxvk": true,
	"autoInstallDxvkNvapi": true,
	"autoInstallVkd3d": true,
	"preferSystemLibs": false,
	"enableEsync": true,
	"enableFsync": true,
	"nvidiaPrime": false,
	"enviromentOptions": [],
	"wrapperOptions": [],
	"showFps": false,
	"useGameMode": false,
	"battlEyeRuntime": true,
	"eacRuntime": true,
	"language": "",
	"beforeLaunchScriptPath": "",
	"afterLaunchScriptPath": "",
	"verboseLogs": false,
	"wineVersion": {
		"bin": "/usr/bin/wine",
		"name": "Wine Default - wine-10.5",
		"type": "wine",
		"wineserver": "/usr/bin/wineserver"
	},
	"winePrefix": "/home/vmdjavem/Games/Heroic/Prefixes/default/GTA IV"
}

Game launched at: Fri May 30 2025 18:16:55 GMT-0500 (hora estándar oriental)

Winetricks packages: 

============= End of log =============