[2025-Sep-30 16:02:29.051 -05:00][46330:46330][info ] Logging initialized
[2025-Sep-30 16:02:29.051 -05:00][46330:46330][info ] Initializing krisp SDK...
[2025-Sep-30 16:02:29.051 -05:00][46330:46330][info ] DoKrispInitialize
[2025-Sep-30 16:02:29.313 -05:00][46330:46330][info ] LoadDynamicKrisp
[2025-Sep-30 16:02:29.313 -05:00][46330:46330][info ] Did not find KRISP_DYLIB_PATH, skipping dynamic loading
[2025-Sep-30 16:02:29.313 -05:00][46330:46330][info ] Initializing Krisp SDK in PID 46330, addr 0x7fc67a23cf90
[2025-Sep-30 16:02:29.314 -05:00][46330:46330][info ] Initialized Krisp SDK successfully
[2025-Sep-30 16:02:29.314 -05:00][46330:46330][info ] Krisp SDK initialized
[2025-Sep-30 16:03:02.075 -05:00][46330:46330][info ] Logging initialized
[2025-Sep-30 16:03:02.075 -05:00][46330:46330][info ] Initializing krisp SDK...
[2025-Sep-30 16:03:02.075 -05:00][46330:46330][info ] Krisp SDK initialized
[2025-Sep-30 16:05:28.289 -05:00][46330:46330][info ] Logging initialized
[2025-Sep-30 16:05:28.289 -05:00][46330:46330][info ] Initializing krisp SDK...
[2025-Sep-30 16:05:28.289 -05:00][46330:46330][info ] Krisp SDK initialized
[2025-Oct-01 11:43:05.995 -05:00][12213:12213][info ] Logging initialized
[2025-Oct-01 11:43:05.995 -05:00][12213:12213][info ] Initializing krisp SDK...
[2025-Oct-01 11:43:05.995 -05:00][12213:12213][info ] DoKrispInitialize
[2025-Oct-01 11:43:06.287 -05:00][12213:12213][info ] LoadDynamicKrisp
[2025-Oct-01 11:43:06.287 -05:00][12213:12213][info ] Did not find KRISP_DYLIB_PATH, skipping dynamic loading
[2025-Oct-01 11:43:06.287 -05:00][12213:12213][info ] Initializing Krisp SDK in PID 12213, addr 0x7f7ff298cf90
[2025-Oct-01 11:43:06.288 -05:00][12213:12213][info ] Initialized Krisp SDK successfully
[2025-Oct-01 11:43:06.288 -05:00][12213:12213][info ] Krisp SDK initialized
[2025-Oct-01 11:43:07.980 -05:00][12213:12213][info ] Logging initialized
[2025-Oct-01 11:43:07.980 -05:00][12213:12213][info ] Initializing krisp SDK...
[2025-Oct-01 11:43:07.980 -05:00][12213:12213][info ] Krisp SDK initialized
[2025-Oct-03 14:23:21.514 -05:00][40746:40746][info ] Logging initialized
[2025-Oct-03 14:23:21.514 -05:00][40746:40746][info ] Initializing krisp SDK...
[2025-Oct-03 14:23:21.514 -05:00][40746:40746][info ] DoKrispInitialize
[2025-Oct-03 14:23:21.824 -05:00][40746:40746][info ] LoadDynamicKrisp
[2025-Oct-03 14:23:21.824 -05:00][40746:40746][info ] Did not find KRISP_DYLIB_PATH, skipping dynamic loading
[2025-Oct-03 14:23:21.824 -05:00][40746:40746][info ] Initializing Krisp SDK in PID 40746, addr 0x7f3ac507cf90
[2025-Oct-03 14:23:21.825 -05:00][40746:40746][info ] Initialized Krisp SDK successfully
[2025-Oct-03 14:23:21.825 -05:00][40746:40746][info ] Krisp SDK initialized
[2025-Oct-03 15:48:10.612 -05:00][90722:90722][info ] Logging initialized
[2025-Oct-03 15:48:10.612 -05:00][90722:90722][info ] Initializing krisp SDK...
[2025-Oct-03 15:48:10.612 -05:00][90722:90722][info ] DoKrispInitialize
[2025-Oct-03 15:48:10.943 -05:00][90722:90722][info ] LoadDynamicKrisp
[2025-Oct-03 15:48:10.943 -05:00][90722:90722][info ] Did not find KRISP_DYLIB_PATH, skipping dynamic loading
[2025-Oct-03 15:48:10.943 -05:00][90722:90722][info ] Initializing Krisp SDK in PID 90722, addr 0x7f8a3113cf90
[2025-Oct-03 15:48:10.943 -05:00][90722:90722][info ] Initialized Krisp SDK successfully
[2025-Oct-03 15:48:10.943 -05:00][90722:90722][info ] Krisp SDK initialized
