    OpenRGB v0.9+ (git1290)
    Commit: 45af044cd84032b9a9b5865cb5e12aa2cd98c47e from 2025-04-13 13:42:14 -0500
    Launched: 20250801_205019
====================================================================================================

0     |Info:    [ProfileManager] Found file: lol.orp attempting to validate header
0     |Info:    [ProfileManager] Valid v5 profile found for lol
0     |Info:    [ProfileManager] Found file: Verde.orp attempting to validate header
0     |Info:    [ProfileManager] Valid v5 profile found for Verde
0     |Info:    [ProfileManager] Found file: blanco.orp attempting to validate header
0     |Info:    [ProfileManager] Valid v5 profile found for blanco
0     |Info:    [ProfileManager] Found file: Rojo.orp attempting to validate header
0     |Info:    [ProfileManager] Valid v5 profile found for Rojo
0     |Info:    [ProfileManager] Found file: rosa.orp attempting to validate header
0     |Info:    [ProfileManager] Valid v5 profile found for rosa
0     |Info:    [ProfileManager] Found file: Turquesa\.orp attempting to validate header
0     |Info:    [ProfileManager] Valid v5 profile found for Turquesa\
0     |Info:    [ProfileManager] Found file: free.orp attempting to validate header
0     |Info:    [ProfileManager] Valid v5 profile found for free
53    |Info:    [ResourceManager] Initializing HID interfaces: Success
53    |Info:    ------------------------------------------------------
53    |Info:    |               Start device detection               |
53    |Info:    ------------------------------------------------------
57    |Info:    ------------------------------------------------------
57    |Info:    |             Detecting I2C interfaces               |
57    |Info:    ------------------------------------------------------
57    |Info:    [ResourceManager] Registering I2C interface: /dev/i2c-3 Device 1002:747E Subsystem: 1DA2:F475
57    |Warning: [i2c_smbus_linux] Failed to read i2c device PCI device ID
57    |Info:    [ResourceManager] Registering I2C interface: /dev/i2c-10 Device 0000:0000 Subsystem: 0000:0000
57    |Info:    [ResourceManager] Registering I2C interface: /dev/i2c-1 Device 1022:790B Subsystem: 1462:7E26
57    |Warning: [i2c_smbus_linux] Failed to read i2c device PCI device ID
57    |Info:    [ResourceManager] Registering I2C interface: /dev/i2c-17 Device 0000:0000 Subsystem: 0000:0000
58    |Info:    [ResourceManager] Registering I2C interface: /dev/i2c-8 Device 1002:747E Subsystem: 1DA2:F475
58    |Info:    [ResourceManager] Registering I2C interface: /dev/i2c-15 Device 1002:164E Subsystem: 1462:7E26
58    |Info:    [ResourceManager] Registering I2C interface: /dev/i2c-6 Device 1002:747E Subsystem: 1DA2:F475
58    |Info:    [ResourceManager] Registering I2C interface: /dev/i2c-13 Device 1002:164E Subsystem: 1462:7E26
58    |Info:    [ResourceManager] Registering I2C interface: /dev/i2c-4 Device 1002:747E Subsystem: 1DA2:F475
58    |Warning: [i2c_smbus_linux] Failed to read i2c device PCI device ID
58    |Info:    [ResourceManager] Registering I2C interface: /dev/i2c-11 Device 0000:0000 Subsystem: 0000:0000
58    |Info:    [ResourceManager] Registering I2C interface: /dev/i2c-2 Device 1022:790B Subsystem: 1462:7E26
58    |Info:    [ResourceManager] Registering I2C interface: /dev/i2c-0 Device 1022:790B Subsystem: 1462:7E26
58    |Warning: [i2c_smbus_linux] Failed to read i2c device PCI device ID
58    |Info:    [ResourceManager] Registering I2C interface: /dev/i2c-18 Device 0000:0000 Subsystem: 0000:0000
58    |Info:    [ResourceManager] Registering I2C interface: /dev/i2c-9 Device 1002:747E Subsystem: 1DA2:F475
58    |Warning: [i2c_smbus_linux] Failed to read i2c device PCI device ID
58    |Info:    [ResourceManager] Registering I2C interface: /dev/i2c-16 Device 0000:0000 Subsystem: 0000:0000
58    |Info:    [ResourceManager] Registering I2C interface: /dev/i2c-7 Device 1002:747E Subsystem: 1DA2:F475
58    |Info:    [ResourceManager] Registering I2C interface: /dev/i2c-14 Device 1002:164E Subsystem: 1462:7E26
58    |Info:    [ResourceManager] Registering I2C interface: /dev/i2c-5 Device 1002:747E Subsystem: 1DA2:F475
58    |Info:    [ResourceManager] Registering I2C interface: /dev/i2c-12 Device 1002:164E Subsystem: 1462:7E26
58    |Info:    ------------------------------------------------------
58    |Info:    |               Detecting I2C devices                |
58    |Info:    ------------------------------------------------------
427   |Info:    [ENE DRAM] Registering RGB controller
694   |Info:    [ENE DRAM] Registering RGB controller
1899  |Info:    ------------------------------------------------------
1899  |Info:    |            Detecting I2C DIMM modules              |
1899  |Info:    ------------------------------------------------------
1905  |Info:    [ResourceManager] Detected occupied slot 2, bus 2, type DDR5
1910  |Info:    [ResourceManager] Detected occupied slot 4, bus 2, type DDR5
1935  |Info:    [ResourceManager] Detected occupied slot 2, bus 10, type DDR5
1939  |Info:    [ResourceManager] Detected occupied slot 4, bus 10, type DDR5
1962  |Info:    [ResourceManager] Detected occupied slot 2, bus 11, type DDR5
1967  |Info:    [ResourceManager] Detected occupied slot 4, bus 11, type DDR5
1986  |Info:    ------------------------------------------------------
1986  |Info:    |               Detecting I2C PCI devices            |
1986  |Info:    ------------------------------------------------------
2027  |Info:    [Sapphire Radeon RX 7700 XT Nitro+] Registering RGB controller
2039  |Info:    ------------------------------------------------------
2039  |Info:    |               Detecting HID devices                |
2039  |Info:    ------------------------------------------------------
2104  |Info:    [MSI B650 GAMING PLUS WIFI (MS-7E26)] Registering RGB controller
2106  |Info:    ------------------------------------------------------
2106  |Info:    |            Detecting libusb HID devices            |
2106  |Info:    ------------------------------------------------------
2185  |Info:    ------------------------------------------------------
2185  |Info:    |              Detecting other devices               |
2185  |Info:    ------------------------------------------------------
2244  |Info:    [ResourceManager] Calling Post-detection callbacks
2244  |Info:    ------------------------------------------------------
2244  |Info:    |                Detection completed                 |
2244  |Info:    ------------------------------------------------------
