    OpenRGB v0.9+ (git1290)
    Commit: 45af044cd84032b9a9b5865cb5e12aa2cd98c47e from 2025-04-13 13:42:14 -0500
    Launched: 20250724_193858
====================================================================================================

0     |Info:    [ProfileManager] Found file: lol.orp attempting to validate header
0     |Info:    [ProfileManager] Valid v5 profile found for lol
0     |Info:    [ProfileManager] Found file: Verde.orp attempting to validate header
0     |Info:    [ProfileManager] Valid v5 profile found for Verde
0     |Info:    [ProfileManager] Found file: blanco.orp attempting to validate header
1     |Info:    [ProfileManager] Valid v5 profile found for blanco
1     |Info:    [ProfileManager] Found file: Rojo.orp attempting to validate header
2     |Info:    [ProfileManager] Valid v5 profile found for Rojo
2     |Info:    [ProfileManager] Found file: rosa.orp attempting to validate header
2     |Info:    [ProfileManager] Valid v5 profile found for rosa
2     |Info:    [ProfileManager] Found file: Turquesa\.orp attempting to validate header
2     |Info:    [ProfileManager] Valid v5 profile found for Turquesa\
2     |Info:    [ProfileManager] Found file: free.orp attempting to validate header
2     |Info:    [ProfileManager] Valid v5 profile found for free
64    |Info:    [ResourceManager] Initializing HID interfaces: Success
64    |Info:    ------------------------------------------------------
64    |Info:    |               Start device detection               |
64    |Info:    ------------------------------------------------------
68    |Info:    ------------------------------------------------------
68    |Info:    |             Detecting I2C interfaces               |
68    |Info:    ------------------------------------------------------
68    |Info:    [ResourceManager] Registering I2C interface: /dev/i2c-3 Device 1002:747E Subsystem: 1DA2:F475
68    |Warning: [i2c_smbus_linux] Failed to read i2c device PCI device ID
68    |Info:    [ResourceManager] Registering I2C interface: /dev/i2c-10 Device 0000:0000 Subsystem: 0000:0000
68    |Info:    [ResourceManager] Registering I2C interface: /dev/i2c-1 Device 1022:790B Subsystem: 1462:7E26
68    |Warning: [i2c_smbus_linux] Failed to read i2c device PCI device ID
68    |Info:    [ResourceManager] Registering I2C interface: /dev/i2c-17 Device 0000:0000 Subsystem: 0000:0000
68    |Info:    [ResourceManager] Registering I2C interface: /dev/i2c-8 Device 1002:747E Subsystem: 1DA2:F475
68    |Info:    [ResourceManager] Registering I2C interface: /dev/i2c-15 Device 1002:164E Subsystem: 1462:7E26
68    |Info:    [ResourceManager] Registering I2C interface: /dev/i2c-6 Device 1002:747E Subsystem: 1DA2:F475
68    |Info:    [ResourceManager] Registering I2C interface: /dev/i2c-13 Device 1002:164E Subsystem: 1462:7E26
68    |Info:    [ResourceManager] Registering I2C interface: /dev/i2c-4 Device 1002:747E Subsystem: 1DA2:F475
68    |Warning: [i2c_smbus_linux] Failed to read i2c device PCI device ID
68    |Info:    [ResourceManager] Registering I2C interface: /dev/i2c-11 Device 0000:0000 Subsystem: 0000:0000
68    |Info:    [ResourceManager] Registering I2C interface: /dev/i2c-2 Device 1022:790B Subsystem: 1462:7E26
68    |Info:    [ResourceManager] Registering I2C interface: /dev/i2c-0 Device 1022:790B Subsystem: 1462:7E26
68    |Warning: [i2c_smbus_linux] Failed to read i2c device PCI device ID
68    |Info:    [ResourceManager] Registering I2C interface: /dev/i2c-18 Device 0000:0000 Subsystem: 0000:0000
68    |Info:    [ResourceManager] Registering I2C interface: /dev/i2c-9 Device 1002:747E Subsystem: 1DA2:F475
68    |Warning: [i2c_smbus_linux] Failed to read i2c device PCI device ID
68    |Info:    [ResourceManager] Registering I2C interface: /dev/i2c-16 Device 0000:0000 Subsystem: 0000:0000
69    |Info:    [ResourceManager] Registering I2C interface: /dev/i2c-7 Device 1002:747E Subsystem: 1DA2:F475
69    |Info:    [ResourceManager] Registering I2C interface: /dev/i2c-14 Device 1002:164E Subsystem: 1462:7E26
69    |Info:    [ResourceManager] Registering I2C interface: /dev/i2c-5 Device 1002:747E Subsystem: 1DA2:F475
69    |Info:    [ResourceManager] Registering I2C interface: /dev/i2c-12 Device 1002:164E Subsystem: 1462:7E26
69    |Info:    ------------------------------------------------------
69    |Info:    |               Detecting I2C devices                |
69    |Info:    ------------------------------------------------------
438   |Info:    [ENE DRAM] Registering RGB controller
698   |Info:    [ENE DRAM] Registering RGB controller
1896  |Info:    ------------------------------------------------------
1896  |Info:    |            Detecting I2C DIMM modules              |
1896  |Info:    ------------------------------------------------------
2909  |Info:    [ResourceManager] Detected occupied slot 2, bus 2, type DDR5
3926  |Info:    [ResourceManager] Detected occupied slot 4, bus 2, type DDR5
3950  |Info:    [ResourceManager] Detected occupied slot 2, bus 10, type DDR5
3955  |Info:    [ResourceManager] Detected occupied slot 4, bus 10, type DDR5
3979  |Info:    [ResourceManager] Detected occupied slot 2, bus 11, type DDR5
3984  |Info:    [ResourceManager] Detected occupied slot 4, bus 11, type DDR5
4003  |Info:    ------------------------------------------------------
4003  |Info:    |               Detecting I2C PCI devices            |
4003  |Info:    ------------------------------------------------------
4042  |Info:    [Sapphire Radeon RX 7700 XT Nitro+] Registering RGB controller
4055  |Info:    ------------------------------------------------------
4055  |Info:    |               Detecting HID devices                |
4055  |Info:    ------------------------------------------------------
4125  |Info:    [MSI B650 GAMING PLUS WIFI (MS-7E26)] Registering RGB controller
4127  |Info:    ------------------------------------------------------
4127  |Info:    |            Detecting libusb HID devices            |
4127  |Info:    ------------------------------------------------------
4134  |Info:    ------------------------------------------------------
4134  |Info:    |              Detecting other devices               |
4134  |Info:    ------------------------------------------------------
4200  |Info:    [ResourceManager] Calling Post-detection callbacks
4200  |Info:    ------------------------------------------------------
4200  |Info:    |                Detection completed                 |
4200  |Info:    ------------------------------------------------------
6497  |Info:    [ProfileManager] Profile loading: Succeeded for ENE DRAM @ I2C: /dev/i2c-0, address 0x71
6497  |Info:    [ProfileManager] Profile loading: Succeeded for ENE DRAM @ I2C: /dev/i2c-0, address 0x73
6497  |Info:    [ProfileManager] Profile loading: Succeeded for Sapphire Radeon RX 7700 XT Nitro+ @ I2C: /dev/i2c-9, address 0x28
6497  |Info:    [ProfileManager] Profile loading: Succeeded for MSI B650 GAMING PLUS WIFI (MS-7E26) @ HID: /dev/hidraw5
