    OpenRGB v0.9+ (git1660)
    Commit: 93dd7f21226f93a7b5ddd49c1eed89ed9d535e54 from 2025-09-28 01:57:07 -0500
    Launched: 20250928_134852
====================================================================================================

0     |Info:    [ProfileManager] Found file: lol.orp attempting to validate header
0     |Info:    [ProfileManager] Valid v5 profile found for lol
0     |Info:    [ProfileManager] Found file: Verde.orp attempting to validate header
0     |Info:    [ProfileManager] Valid v5 profile found for Verde
0     |Info:    [ProfileManager] Found file: blanco.orp attempting to validate header
0     |Info:    [ProfileManager] Valid v5 profile found for blanco
0     |Info:    [ProfileManager] Found file: Rojo.orp attempting to validate header
1     |Info:    [ProfileManager] Valid v5 profile found for Rojo
1     |Info:    [ProfileManager] Found file: rosa.orp attempting to validate header
1     |Info:    [ProfileManager] Valid v5 profile found for rosa
1     |Info:    [ProfileManager] Found file: Turquesa\.orp attempting to validate header
1     |Info:    [ProfileManager] Valid v5 profile found for Turquesa\
1     |Info:    [ProfileManager] Found file: free.orp attempting to validate header
1     |Info:    [ProfileManager] Valid v5 profile found for free
54    |Info:    [ResourceManager] Saving detector settings
55    |Info:    [ResourceManager] Initializing HID interfaces: Success
55    |Info:    ------------------------------------------------------
55    |Info:    |               Start device detection               |
55    |Info:    ------------------------------------------------------
65    |Info:    ------------------------------------------------------
65    |Info:    |             Detecting I2C interfaces               |
65    |Info:    ------------------------------------------------------
67    |Info:    [ResourceManager] Registering I2C interface: /dev/i2c-3 Device 1002:747E Subsystem: 1DA2:F475
67    |Warning: [i2c_smbus_linux] Failed to read i2c device PCI device ID
67    |Info:    [ResourceManager] Registering I2C interface: /dev/i2c-10 Device 0000:0000 Subsystem: 0000:0000
69    |Info:    [ResourceManager] Registering I2C interface: /dev/i2c-1 Device 1022:790B Subsystem: 1462:7E26
69    |Warning: [i2c_smbus_linux] Failed to read i2c device PCI device ID
69    |Info:    [ResourceManager] Registering I2C interface: /dev/i2c-17 Device 0000:0000 Subsystem: 0000:0000
69    |Info:    [ResourceManager] Registering I2C interface: /dev/i2c-8 Device 1002:747E Subsystem: 1DA2:F475
69    |Info:    [ResourceManager] Registering I2C interface: /dev/i2c-15 Device 1002:164E Subsystem: 1462:7E26
69    |Info:    [ResourceManager] Registering I2C interface: /dev/i2c-6 Device 1002:747E Subsystem: 1DA2:F475
69    |Info:    [ResourceManager] Registering I2C interface: /dev/i2c-13 Device 1002:164E Subsystem: 1462:7E26
69    |Info:    [ResourceManager] Registering I2C interface: /dev/i2c-4 Device 1002:747E Subsystem: 1DA2:F475
69    |Warning: [i2c_smbus_linux] Failed to read i2c device PCI device ID
69    |Info:    [ResourceManager] Registering I2C interface: /dev/i2c-11 Device 0000:0000 Subsystem: 0000:0000
69    |Info:    [ResourceManager] Registering I2C interface: /dev/i2c-2 Device 1022:790B Subsystem: 1462:7E26
69    |Info:    [ResourceManager] Registering I2C interface: /dev/i2c-0 Device 1022:790B Subsystem: 1462:7E26
69    |Warning: [i2c_smbus_linux] Failed to read i2c device PCI device ID
69    |Info:    [ResourceManager] Registering I2C interface: /dev/i2c-18 Device 0000:0000 Subsystem: 0000:0000
69    |Info:    [ResourceManager] Registering I2C interface: /dev/i2c-9 Device 1002:747E Subsystem: 1DA2:F475
69    |Warning: [i2c_smbus_linux] Failed to read i2c device PCI device ID
70    |Info:    [ResourceManager] Registering I2C interface: /dev/i2c-16 Device 0000:0000 Subsystem: 0000:0000
70    |Info:    [ResourceManager] Registering I2C interface: /dev/i2c-7 Device 1002:747E Subsystem: 1DA2:F475
70    |Info:    [ResourceManager] Registering I2C interface: /dev/i2c-14 Device 1002:164E Subsystem: 1462:7E26
70    |Info:    [ResourceManager] Registering I2C interface: /dev/i2c-5 Device 1002:747E Subsystem: 1DA2:F475
70    |Info:    [ResourceManager] Registering I2C interface: /dev/i2c-12 Device 1002:164E Subsystem: 1462:7E26
70    |Info:    ------------------------------------------------------
70    |Info:    |               Detecting I2C devices                |
70    |Info:    ------------------------------------------------------
430   |Info:    [ENE DRAM] Registering RGB controller
681   |Info:    [ENE DRAM] Registering RGB controller
1579  |Info:    ------------------------------------------------------
1580  |Info:    |            Detecting I2C DIMM modules              |
1580  |Info:    ------------------------------------------------------
2668  |Info:    [ResourceManager] Detected occupied slot 2, bus 11, type DDR5
3677  |Info:    [ResourceManager] Detected occupied slot 4, bus 11, type DDR5
3695  |Info:    ------------------------------------------------------
3695  |Info:    |               Detecting I2C PCI devices            |
3695  |Info:    ------------------------------------------------------
3734  |Info:    [Sapphire Radeon RX 7700 XT Nitro+] Registering RGB controller
3746  |Info:    ------------------------------------------------------
3746  |Info:    |               Detecting HID devices                |
3746  |Info:    ------------------------------------------------------
3814  |Info:    [MSI B650 GAMING PLUS WIFI (MS-7E26)] Registering RGB controller
3816  |Info:    ------------------------------------------------------
3816  |Info:    |            Detecting libusb HID devices            |
3816  |Info:    ------------------------------------------------------
3900  |Info:    ------------------------------------------------------
3900  |Info:    |              Detecting other devices               |
3900  |Info:    ------------------------------------------------------
3972  |Info:    [ResourceManager] Calling Post-detection callbacks
3972  |Info:    ------------------------------------------------------
3972  |Info:    |                Detection completed                 |
3972  |Info:    ------------------------------------------------------
7744  |Info:    [ProfileManager] Profile loading: Succeeded for ENE DRAM @ I2C: /dev/i2c-0, address 0x71
7744  |Info:    [ProfileManager] Profile loading: Succeeded for ENE DRAM @ I2C: /dev/i2c-0, address 0x73
7744  |Info:    [ProfileManager] Profile loading: Succeeded for Sapphire Radeon RX 7700 XT Nitro+ @ I2C: /dev/i2c-9, address 0x28
7744  |Info:    [ProfileManager] Profile loading: Succeeded for MSI B650 GAMING PLUS WIFI (MS-7E26) @ HID: /dev/hidraw5
10140 |Info:    [ProfileManager] Found file: lol.orp attempting to validate header
10140 |Info:    [ProfileManager] Valid v5 profile found for lol
10140 |Info:    [ProfileManager] Found file: Verde.orp attempting to validate header
10140 |Info:    [ProfileManager] Valid v5 profile found for Verde
10140 |Info:    [ProfileManager] Found file: Rojo.orp attempting to validate header
10140 |Info:    [ProfileManager] Valid v5 profile found for Rojo
10140 |Info:    [ProfileManager] Found file: rosa.orp attempting to validate header
10140 |Info:    [ProfileManager] Valid v5 profile found for rosa
10140 |Info:    [ProfileManager] Found file: Turquesa\.orp attempting to validate header
10140 |Info:    [ProfileManager] Valid v5 profile found for Turquesa\
10140 |Info:    [ProfileManager] Found file: free.orp attempting to validate header
10140 |Info:    [ProfileManager] Valid v5 profile found for free
13544 |Info:    [ProfileManager] Profile loading: Succeeded for ENE DRAM @ I2C: /dev/i2c-0, address 0x71
13544 |Info:    [ProfileManager] Profile loading: Succeeded for ENE DRAM @ I2C: /dev/i2c-0, address 0x73
13544 |Info:    [ProfileManager] Profile loading: FAILED! for Sapphire Radeon RX 7700 XT Nitro+ @ I2C: /dev/i2c-9, address 0x28
13544 |Info:    [ProfileManager] Profile loading: Succeeded for MSI B650 GAMING PLUS WIFI (MS-7E26) @ HID: /dev/hidraw5
229029|Info:    [ProfileManager] Profile loading: Succeeded for ENE DRAM @ I2C: /dev/i2c-0, address 0x71
229029|Info:    [ProfileManager] Profile loading: Succeeded for ENE DRAM @ I2C: /dev/i2c-0, address 0x73
229029|Info:    [ProfileManager] Profile loading: Succeeded for Sapphire Radeon RX 7700 XT Nitro+ @ I2C: /dev/i2c-9, address 0x28
229029|Info:    [ProfileManager] Profile loading: Succeeded for MSI B650 GAMING PLUS WIFI (MS-7E26) @ HID: /dev/hidraw5
344481|Info:    [ProfileManager] Found file: lol.orp attempting to validate header
344481|Info:    [ProfileManager] Valid v5 profile found for lol
344481|Info:    [ProfileManager] Found file: Verde.orp attempting to validate header
344481|Info:    [ProfileManager] Valid v5 profile found for Verde
344481|Info:    [ProfileManager] Found file: Rojo.orp attempting to validate header
344481|Info:    [ProfileManager] Valid v5 profile found for Rojo
344481|Info:    [ProfileManager] Found file: rosa.orp attempting to validate header
344481|Info:    [ProfileManager] Valid v5 profile found for rosa
344481|Info:    [ProfileManager] Found file: Turquesa\.orp attempting to validate header
344481|Info:    [ProfileManager] Valid v5 profile found for Turquesa\
344481|Info:    [ProfileManager] Found file: free.orp attempting to validate header
344481|Info:    [ProfileManager] Valid v5 profile found for free
357218|Info:    [ProfileManager] Found file: lol.orp attempting to validate header
357218|Info:    [ProfileManager] Valid v5 profile found for lol
357218|Info:    [ProfileManager] Found file: Verde.orp attempting to validate header
357218|Info:    [ProfileManager] Valid v5 profile found for Verde
357218|Info:    [ProfileManager] Found file: Rojo.orp attempting to validate header
357218|Info:    [ProfileManager] Valid v5 profile found for Rojo
357218|Info:    [ProfileManager] Found file: rosa.orp attempting to validate header
357218|Info:    [ProfileManager] Valid v5 profile found for rosa
357218|Info:    [ProfileManager] Found file: Turquesa\.orp attempting to validate header
357218|Info:    [ProfileManager] Valid v5 profile found for Turquesa\
357218|Info:    [ProfileManager] Found file: free.orp attempting to validate header
357218|Info:    [ProfileManager] Valid v5 profile found for free
359142|Info:    [ProfileManager] Profile loading: Succeeded for ENE DRAM @ I2C: /dev/i2c-0, address 0x71
359142|Info:    [ProfileManager] Profile loading: Succeeded for ENE DRAM @ I2C: /dev/i2c-0, address 0x73
359142|Info:    [ProfileManager] Profile loading: Succeeded for Sapphire Radeon RX 7700 XT Nitro+ @ I2C: /dev/i2c-9, address 0x28
359142|Info:    [ProfileManager] Profile loading: Succeeded for MSI B650 GAMING PLUS WIFI (MS-7E26) @ HID: /dev/hidraw5
