    OpenRGB v0.9+ (git1290)
    Commit: 45af044cd84032b9a9b5865cb5e12aa2cd98c47e from 2025-04-13 13:42:14 -0500
    Launched: 20250807_150134
====================================================================================================

0     |Info:    [ProfileManager] Found file: lol.orp attempting to validate header
0     |Info:    [ProfileManager] Valid v5 profile found for lol
0     |Info:    [ProfileManager] Found file: Verde.orp attempting to validate header
1     |Info:    [ProfileManager] Valid v5 profile found for Verde
1     |Info:    [ProfileManager] Found file: blanco.orp attempting to validate header
1     |Info:    [ProfileManager] Valid v5 profile found for blanco
1     |Info:    [ProfileManager] Found file: Rojo.orp attempting to validate header
2     |Info:    [ProfileManager] Valid v5 profile found for Rojo
2     |Info:    [ProfileManager] Found file: rosa.orp attempting to validate header
2     |Info:    [ProfileManager] Valid v5 profile found for rosa
2     |Info:    [ProfileManager] Found file: Turquesa\.orp attempting to validate header
3     |Info:    [ProfileManager] Valid v5 profile found for Turquesa\
3     |Info:    [ProfileManager] Found file: free.orp attempting to validate header
5     |Info:    [ProfileManager] Valid v5 profile found for free
101   |Info:    [ResourceManager] Initializing HID interfaces: Success
101   |Info:    ------------------------------------------------------
101   |Info:    |               Start device detection               |
101   |Info:    ------------------------------------------------------
105   |Info:    ------------------------------------------------------
105   |Info:    |             Detecting I2C interfaces               |
105   |Info:    ------------------------------------------------------
105   |Info:    [ResourceManager] Registering I2C interface: /dev/i2c-3 Device 1002:747E Subsystem: 1DA2:F475
105   |Warning: [i2c_smbus_linux] Failed to read i2c device PCI device ID
105   |Info:    [ResourceManager] Registering I2C interface: /dev/i2c-10 Device 0000:0000 Subsystem: 0000:0000
105   |Info:    [ResourceManager] Registering I2C interface: /dev/i2c-1 Device 1022:790B Subsystem: 1462:7E26
105   |Warning: [i2c_smbus_linux] Failed to read i2c device PCI device ID
105   |Info:    [ResourceManager] Registering I2C interface: /dev/i2c-17 Device 0000:0000 Subsystem: 0000:0000
105   |Info:    [ResourceManager] Registering I2C interface: /dev/i2c-8 Device 1002:747E Subsystem: 1DA2:F475
105   |Info:    [ResourceManager] Registering I2C interface: /dev/i2c-15 Device 1002:164E Subsystem: 1462:7E26
105   |Info:    [ResourceManager] Registering I2C interface: /dev/i2c-6 Device 1002:747E Subsystem: 1DA2:F475
106   |Info:    [ResourceManager] Registering I2C interface: /dev/i2c-13 Device 1002:164E Subsystem: 1462:7E26
106   |Info:    [ResourceManager] Registering I2C interface: /dev/i2c-4 Device 1002:747E Subsystem: 1DA2:F475
106   |Warning: [i2c_smbus_linux] Failed to read i2c device PCI device ID
106   |Info:    [ResourceManager] Registering I2C interface: /dev/i2c-11 Device 0000:0000 Subsystem: 0000:0000
106   |Info:    [ResourceManager] Registering I2C interface: /dev/i2c-2 Device 1022:790B Subsystem: 1462:7E26
106   |Info:    [ResourceManager] Registering I2C interface: /dev/i2c-0 Device 1022:790B Subsystem: 1462:7E26
106   |Warning: [i2c_smbus_linux] Failed to read i2c device PCI device ID
106   |Info:    [ResourceManager] Registering I2C interface: /dev/i2c-18 Device 0000:0000 Subsystem: 0000:0000
106   |Info:    [ResourceManager] Registering I2C interface: /dev/i2c-9 Device 1002:747E Subsystem: 1DA2:F475
106   |Warning: [i2c_smbus_linux] Failed to read i2c device PCI device ID
106   |Info:    [ResourceManager] Registering I2C interface: /dev/i2c-16 Device 0000:0000 Subsystem: 0000:0000
106   |Info:    [ResourceManager] Registering I2C interface: /dev/i2c-7 Device 1002:747E Subsystem: 1DA2:F475
106   |Info:    [ResourceManager] Registering I2C interface: /dev/i2c-14 Device 1002:164E Subsystem: 1462:7E26
106   |Info:    [ResourceManager] Registering I2C interface: /dev/i2c-5 Device 1002:747E Subsystem: 1DA2:F475
106   |Info:    [ResourceManager] Registering I2C interface: /dev/i2c-12 Device 1002:164E Subsystem: 1462:7E26
106   |Info:    ------------------------------------------------------
106   |Info:    |               Detecting I2C devices                |
106   |Info:    ------------------------------------------------------
461   |Info:    [ENE DRAM] Registering RGB controller
713   |Info:    [ENE DRAM] Registering RGB controller
1910  |Info:    ------------------------------------------------------
1910  |Info:    |            Detecting I2C DIMM modules              |
1910  |Info:    ------------------------------------------------------
2923  |Info:    [ResourceManager] Detected occupied slot 2, bus 2, type DDR5
3941  |Info:    [ResourceManager] Detected occupied slot 4, bus 2, type DDR5
3965  |Info:    [ResourceManager] Detected occupied slot 2, bus 10, type DDR5
3969  |Info:    [ResourceManager] Detected occupied slot 4, bus 10, type DDR5
3993  |Info:    [ResourceManager] Detected occupied slot 2, bus 11, type DDR5
3998  |Info:    [ResourceManager] Detected occupied slot 4, bus 11, type DDR5
4016  |Info:    ------------------------------------------------------
4016  |Info:    |               Detecting I2C PCI devices            |
4016  |Info:    ------------------------------------------------------
4060  |Info:    [Sapphire Radeon RX 7700 XT Nitro+] Registering RGB controller
4072  |Info:    ------------------------------------------------------
4072  |Info:    |               Detecting HID devices                |
4072  |Info:    ------------------------------------------------------
4145  |Info:    [MSI B650 GAMING PLUS WIFI (MS-7E26)] Registering RGB controller
4146  |Info:    ------------------------------------------------------
4146  |Info:    |            Detecting libusb HID devices            |
4146  |Info:    ------------------------------------------------------
4154  |Info:    ------------------------------------------------------
4154  |Info:    |              Detecting other devices               |
4154  |Info:    ------------------------------------------------------
4225  |Info:    [ResourceManager] Calling Post-detection callbacks
4225  |Info:    ------------------------------------------------------
4225  |Info:    |                Detection completed                 |
4225  |Info:    ------------------------------------------------------
