    OpenRGB v0.9+ (git1290)
    Commit: 45af044cd84032b9a9b5865cb5e12aa2cd98c47e from 2025-04-13 13:42:14 -0500
    Launched: 20250612_165318
====================================================================================================

0     |Info:    [ProfileManager] Found file: lol.orp attempting to validate header
0     |Info:    [ProfileManager] Valid v5 profile found for lol
0     |Info:    [ProfileManager] Found file: Verde.orp attempting to validate header
0     |Info:    [ProfileManager] Valid v5 profile found for Verde
0     |Info:    [ProfileManager] Found file: blanco.orp attempting to validate header
0     |Info:    [ProfileManager] Valid v5 profile found for blanco
0     |Info:    [ProfileManager] Found file: Rojo.orp attempting to validate header
0     |Info:    [ProfileManager] Valid v5 profile found for Rojo
0     |Info:    [ProfileManager] Found file: rosa.orp attempting to validate header
0     |Info:    [ProfileManager] Valid v5 profile found for rosa
0     |Info:    [ProfileManager] Found file: Turquesa\.orp attempting to validate header
0     |Info:    [ProfileManager] Valid v5 profile found for Turquesa\
0     |Info:    [ProfileManager] Found file: free.orp attempting to validate header
1     |Info:    [ProfileManager] Valid v5 profile found for free
53    |Info:    [ResourceManager] Initializing HID interfaces: Success
53    |Info:    ------------------------------------------------------
53    |Info:    |               Start device detection               |
53    |Info:    ------------------------------------------------------
57    |Info:    ------------------------------------------------------
57    |Info:    |             Detecting I2C interfaces               |
57    |Info:    ------------------------------------------------------
57    |Info:    [ResourceManager] Registering I2C interface: /dev/i2c-3 Device 1002:747E Subsystem: 1DA2:F475
57    |Warning: [i2c_smbus_linux] Failed to read i2c device PCI device ID
57    |Info:    [ResourceManager] Registering I2C interface: /dev/i2c-10 Device 0000:0000 Subsystem: 0000:0000
57    |Info:    [ResourceManager] Registering I2C interface: /dev/i2c-1 Device 1022:790B Subsystem: 1462:7E26
57    |Warning: [i2c_smbus_linux] Failed to read i2c device PCI device ID
57    |Info:    [ResourceManager] Registering I2C interface: /dev/i2c-17 Device 0000:0000 Subsystem: 0000:0000
57    |Info:    [ResourceManager] Registering I2C interface: /dev/i2c-8 Device 1002:747E Subsystem: 1DA2:F475
57    |Info:    [ResourceManager] Registering I2C interface: /dev/i2c-15 Device 1002:164E Subsystem: 1462:7E26
57    |Info:    [ResourceManager] Registering I2C interface: /dev/i2c-6 Device 1002:747E Subsystem: 1DA2:F475
57    |Info:    [ResourceManager] Registering I2C interface: /dev/i2c-13 Device 1002:164E Subsystem: 1462:7E26
57    |Info:    [ResourceManager] Registering I2C interface: /dev/i2c-4 Device 1002:747E Subsystem: 1DA2:F475
57    |Warning: [i2c_smbus_linux] Failed to read i2c device PCI device ID
57    |Info:    [ResourceManager] Registering I2C interface: /dev/i2c-11 Device 0000:0000 Subsystem: 0000:0000
57    |Info:    [ResourceManager] Registering I2C interface: /dev/i2c-2 Device 1022:790B Subsystem: 1462:7E26
57    |Info:    [ResourceManager] Registering I2C interface: /dev/i2c-0 Device 1022:790B Subsystem: 1462:7E26
57    |Warning: [i2c_smbus_linux] Failed to read i2c device PCI device ID
57    |Info:    [ResourceManager] Registering I2C interface: /dev/i2c-18 Device 0000:0000 Subsystem: 0000:0000
58    |Info:    [ResourceManager] Registering I2C interface: /dev/i2c-9 Device 1002:747E Subsystem: 1DA2:F475
58    |Warning: [i2c_smbus_linux] Failed to read i2c device PCI device ID
58    |Info:    [ResourceManager] Registering I2C interface: /dev/i2c-16 Device 0000:0000 Subsystem: 0000:0000
58    |Info:    [ResourceManager] Registering I2C interface: /dev/i2c-7 Device 1002:747E Subsystem: 1DA2:F475
58    |Info:    [ResourceManager] Registering I2C interface: /dev/i2c-14 Device 1002:164E Subsystem: 1462:7E26
58    |Info:    [ResourceManager] Registering I2C interface: /dev/i2c-5 Device 1002:747E Subsystem: 1DA2:F475
58    |Info:    [ResourceManager] Registering I2C interface: /dev/i2c-12 Device 1002:164E Subsystem: 1462:7E26
58    |Info:    ------------------------------------------------------
58    |Info:    |               Detecting I2C devices                |
58    |Info:    ------------------------------------------------------
418   |Info:    [ENE DRAM] Registering RGB controller
677   |Info:    [ENE DRAM] Registering RGB controller
1872  |Info:    ------------------------------------------------------
1872  |Info:    |            Detecting I2C DIMM modules              |
1872  |Info:    ------------------------------------------------------
1879  |Info:    [ResourceManager] Detected occupied slot 2, bus 2, type DDR5
1884  |Info:    [ResourceManager] Detected occupied slot 4, bus 2, type DDR5
1909  |Info:    [ResourceManager] Detected occupied slot 2, bus 10, type DDR5
1913  |Info:    [ResourceManager] Detected occupied slot 4, bus 10, type DDR5
1938  |Info:    [ResourceManager] Detected occupied slot 2, bus 11, type DDR5
1943  |Info:    [ResourceManager] Detected occupied slot 4, bus 11, type DDR5
1962  |Info:    ------------------------------------------------------
1962  |Info:    |               Detecting I2C PCI devices            |
1962  |Info:    ------------------------------------------------------
2002  |Info:    [Sapphire Radeon RX 7700 XT Nitro+] Registering RGB controller
2016  |Info:    ------------------------------------------------------
2016  |Info:    |               Detecting HID devices                |
2016  |Info:    ------------------------------------------------------
2080  |Info:    [MSI B650 GAMING PLUS WIFI (MS-7E26)] Registering RGB controller
2081  |Info:    ------------------------------------------------------
2081  |Info:    |            Detecting libusb HID devices            |
2081  |Info:    ------------------------------------------------------
2090  |Info:    ------------------------------------------------------
2090  |Info:    |              Detecting other devices               |
2090  |Info:    ------------------------------------------------------
2151  |Info:    [ResourceManager] Calling Post-detection callbacks
2151  |Info:    ------------------------------------------------------
2151  |Info:    |                Detection completed                 |
2151  |Info:    ------------------------------------------------------
7047  |Info:    [ProfileManager] Profile loading: Succeeded for ENE DRAM @ I2C: /dev/i2c-0, address 0x71
7047  |Info:    [ProfileManager] Profile loading: Succeeded for ENE DRAM @ I2C: /dev/i2c-0, address 0x73
7047  |Info:    [ProfileManager] Profile loading: Succeeded for Sapphire Radeon RX 7700 XT Nitro+ @ I2C: /dev/i2c-9, address 0x28
7047  |Info:    [ProfileManager] Profile loading: Succeeded for MSI B650 GAMING PLUS WIFI (MS-7E26) @ HID: /dev/hidraw5
45006 |Info:    [ProfileManager] Found file: lol.orp attempting to validate header
45006 |Info:    [ProfileManager] Valid v5 profile found for lol
45006 |Info:    [ProfileManager] Found file: Verde.orp attempting to validate header
45006 |Info:    [ProfileManager] Valid v5 profile found for Verde
45006 |Info:    [ProfileManager] Found file: blanco.orp attempting to validate header
45006 |Info:    [ProfileManager] Valid v5 profile found for blanco
45006 |Info:    [ProfileManager] Found file: Rojo.orp attempting to validate header
45006 |Info:    [ProfileManager] Valid v5 profile found for Rojo
45006 |Info:    [ProfileManager] Found file: rosa.orp attempting to validate header
45006 |Info:    [ProfileManager] Valid v5 profile found for rosa
45006 |Info:    [ProfileManager] Found file: Turquesa\.orp attempting to validate header
45006 |Info:    [ProfileManager] Valid v5 profile found for Turquesa\
45006 |Info:    [ProfileManager] Found file: free.orp attempting to validate header
45006 |Info:    [ProfileManager] Valid v5 profile found for free
