    OpenRGB v0.9+ (git1290)
    Commit: 45af044cd84032b9a9b5865cb5e12aa2cd98c47e from 2025-04-13 13:42:14 -0500
    Launched: 20250822_210736
====================================================================================================

1     |Info:    [ProfileManager] Found file: lol.orp attempting to validate header
5     |Info:    [ProfileManager] Valid v5 profile found for lol
5     |Info:    [ProfileManager] Found file: Verde.orp attempting to validate header
8     |Info:    [ProfileManager] Valid v5 profile found for Verde
8     |Info:    [ProfileManager] Found file: blanco.orp attempting to validate header
11    |Info:    [ProfileManager] Valid v5 profile found for blanco
11    |Info:    [ProfileManager] Found file: Rojo.orp attempting to validate header
13    |Info:    [ProfileManager] Valid v5 profile found for Rojo
13    |Info:    [ProfileManager] Found file: rosa.orp attempting to validate header
15    |Info:    [ProfileManager] Valid v5 profile found for rosa
15    |Info:    [ProfileManager] Found file: Turquesa\.orp attempting to validate header
16    |Info:    [ProfileManager] Valid v5 profile found for Turquesa\
16    |Info:    [ProfileManager] Found file: free.orp attempting to validate header
16    |Info:    [ProfileManager] Valid v5 profile found for free
98    |Info:    [ResourceManager] Initializing HID interfaces: Success
98    |Info:    ------------------------------------------------------
98    |Info:    |               Start device detection               |
98    |Info:    ------------------------------------------------------
103   |Info:    ------------------------------------------------------
103   |Info:    |             Detecting I2C interfaces               |
103   |Info:    ------------------------------------------------------
103   |Info:    [ResourceManager] Registering I2C interface: /dev/i2c-3 Device 1002:747E Subsystem: 1DA2:F475
103   |Warning: [i2c_smbus_linux] Failed to read i2c device PCI device ID
103   |Info:    [ResourceManager] Registering I2C interface: /dev/i2c-10 Device 0000:0000 Subsystem: 0000:0000
103   |Info:    [ResourceManager] Registering I2C interface: /dev/i2c-1 Device 1022:790B Subsystem: 1462:7E26
103   |Warning: [i2c_smbus_linux] Failed to read i2c device PCI device ID
103   |Info:    [ResourceManager] Registering I2C interface: /dev/i2c-17 Device 0000:0000 Subsystem: 0000:0000
103   |Info:    [ResourceManager] Registering I2C interface: /dev/i2c-8 Device 1002:747E Subsystem: 1DA2:F475
104   |Info:    [ResourceManager] Registering I2C interface: /dev/i2c-15 Device 1002:164E Subsystem: 1462:7E26
104   |Info:    [ResourceManager] Registering I2C interface: /dev/i2c-6 Device 1002:747E Subsystem: 1DA2:F475
104   |Info:    [ResourceManager] Registering I2C interface: /dev/i2c-13 Device 1002:164E Subsystem: 1462:7E26
104   |Info:    [ResourceManager] Registering I2C interface: /dev/i2c-4 Device 1002:747E Subsystem: 1DA2:F475
104   |Warning: [i2c_smbus_linux] Failed to read i2c device PCI device ID
104   |Info:    [ResourceManager] Registering I2C interface: /dev/i2c-11 Device 0000:0000 Subsystem: 0000:0000
104   |Info:    [ResourceManager] Registering I2C interface: /dev/i2c-2 Device 1022:790B Subsystem: 1462:7E26
104   |Info:    [ResourceManager] Registering I2C interface: /dev/i2c-0 Device 1022:790B Subsystem: 1462:7E26
104   |Warning: [i2c_smbus_linux] Failed to read i2c device PCI device ID
104   |Info:    [ResourceManager] Registering I2C interface: /dev/i2c-18 Device 0000:0000 Subsystem: 0000:0000
104   |Info:    [ResourceManager] Registering I2C interface: /dev/i2c-9 Device 1002:747E Subsystem: 1DA2:F475
104   |Warning: [i2c_smbus_linux] Failed to read i2c device PCI device ID
104   |Info:    [ResourceManager] Registering I2C interface: /dev/i2c-16 Device 0000:0000 Subsystem: 0000:0000
104   |Info:    [ResourceManager] Registering I2C interface: /dev/i2c-7 Device 1002:747E Subsystem: 1DA2:F475
104   |Info:    [ResourceManager] Registering I2C interface: /dev/i2c-14 Device 1002:164E Subsystem: 1462:7E26
104   |Info:    [ResourceManager] Registering I2C interface: /dev/i2c-5 Device 1002:747E Subsystem: 1DA2:F475
104   |Info:    [ResourceManager] Registering I2C interface: /dev/i2c-12 Device 1002:164E Subsystem: 1462:7E26
104   |Info:    ------------------------------------------------------
104   |Info:    |               Detecting I2C devices                |
104   |Info:    ------------------------------------------------------
469   |Info:    [ENE DRAM] Registering RGB controller
735   |Info:    [ENE DRAM] Registering RGB controller
1934  |Info:    ------------------------------------------------------
1934  |Info:    |            Detecting I2C DIMM modules              |
1934  |Info:    ------------------------------------------------------
2930  |Info:    [ResourceManager] Detected occupied slot 2, bus 2, type DDR5
3909  |Info:    [ResourceManager] Detected occupied slot 4, bus 2, type DDR5
3934  |Info:    [ResourceManager] Detected occupied slot 2, bus 10, type DDR5
3938  |Info:    [ResourceManager] Detected occupied slot 4, bus 10, type DDR5
3962  |Info:    [ResourceManager] Detected occupied slot 2, bus 11, type DDR5
3967  |Info:    [ResourceManager] Detected occupied slot 4, bus 11, type DDR5
3986  |Info:    ------------------------------------------------------
3986  |Info:    |               Detecting I2C PCI devices            |
3986  |Info:    ------------------------------------------------------
4025  |Info:    [Sapphire Radeon RX 7700 XT Nitro+] Registering RGB controller
4037  |Info:    ------------------------------------------------------
4037  |Info:    |               Detecting HID devices                |
4037  |Info:    ------------------------------------------------------
4105  |Info:    [MSI B650 GAMING PLUS WIFI (MS-7E26)] Registering RGB controller
4106  |Info:    ------------------------------------------------------
4107  |Info:    |            Detecting libusb HID devices            |
4107  |Info:    ------------------------------------------------------
4187  |Info:    ------------------------------------------------------
4187  |Info:    |              Detecting other devices               |
4187  |Info:    ------------------------------------------------------
4253  |Info:    [ResourceManager] Calling Post-detection callbacks
4253  |Info:    ------------------------------------------------------
4253  |Info:    |                Detection completed                 |
4253  |Info:    ------------------------------------------------------
