    OpenRGB v0.9+ (git1290)
    Commit: 45af044cd84032b9a9b5865cb5e12aa2cd98c47e from 2025-04-13 13:42:14 -0500
    Launched: 20250615_170737
====================================================================================================

0     |Info:    [ProfileManager] Found file: lol.orp attempting to validate header
1     |Info:    [ProfileManager] Valid v5 profile found for lol
1     |Info:    [ProfileManager] Found file: Verde.orp attempting to validate header
1     |Info:    [ProfileManager] Valid v5 profile found for Verde
1     |Info:    [ProfileManager] Found file: blanco.orp attempting to validate header
2     |Info:    [ProfileManager] Valid v5 profile found for blanco
2     |Info:    [ProfileManager] Found file: Rojo.orp attempting to validate header
2     |Info:    [ProfileManager] Valid v5 profile found for Rojo
2     |Info:    [ProfileManager] Found file: rosa.orp attempting to validate header
2     |Info:    [ProfileManager] Valid v5 profile found for rosa
2     |Info:    [ProfileManager] Found file: Turquesa\.orp attempting to validate header
3     |Info:    [ProfileManager] Valid v5 profile found for Turquesa\
3     |Info:    [ProfileManager] Found file: free.orp attempting to validate header
3     |Info:    [ProfileManager] Valid v5 profile found for free
84    |Info:    [ResourceManager] Initializing HID interfaces: Success
84    |Info:    ------------------------------------------------------
84    |Info:    |               Start device detection               |
84    |Info:    ------------------------------------------------------
87    |Info:    ------------------------------------------------------
87    |Info:    |             Detecting I2C interfaces               |
87    |Info:    ------------------------------------------------------
87    |Info:    [ResourceManager] Registering I2C interface: /dev/i2c-3 Device 1002:747E Subsystem: 1DA2:F475
87    |Warning: [i2c_smbus_linux] Failed to read i2c device PCI device ID
88    |Info:    [ResourceManager] Registering I2C interface: /dev/i2c-10 Device 0000:0000 Subsystem: 0000:0000
88    |Info:    [ResourceManager] Registering I2C interface: /dev/i2c-1 Device 1022:790B Subsystem: 1462:7E26
88    |Warning: [i2c_smbus_linux] Failed to read i2c device PCI device ID
88    |Info:    [ResourceManager] Registering I2C interface: /dev/i2c-17 Device 0000:0000 Subsystem: 0000:0000
88    |Info:    [ResourceManager] Registering I2C interface: /dev/i2c-8 Device 1002:747E Subsystem: 1DA2:F475
88    |Info:    [ResourceManager] Registering I2C interface: /dev/i2c-15 Device 1002:164E Subsystem: 1462:7E26
88    |Info:    [ResourceManager] Registering I2C interface: /dev/i2c-6 Device 1002:747E Subsystem: 1DA2:F475
88    |Info:    [ResourceManager] Registering I2C interface: /dev/i2c-13 Device 1002:164E Subsystem: 1462:7E26
88    |Info:    [ResourceManager] Registering I2C interface: /dev/i2c-4 Device 1002:747E Subsystem: 1DA2:F475
88    |Warning: [i2c_smbus_linux] Failed to read i2c device PCI device ID
88    |Info:    [ResourceManager] Registering I2C interface: /dev/i2c-11 Device 0000:0000 Subsystem: 0000:0000
88    |Info:    [ResourceManager] Registering I2C interface: /dev/i2c-2 Device 1022:790B Subsystem: 1462:7E26
88    |Info:    [ResourceManager] Registering I2C interface: /dev/i2c-0 Device 1022:790B Subsystem: 1462:7E26
88    |Warning: [i2c_smbus_linux] Failed to read i2c device PCI device ID
88    |Info:    [ResourceManager] Registering I2C interface: /dev/i2c-18 Device 0000:0000 Subsystem: 0000:0000
88    |Info:    [ResourceManager] Registering I2C interface: /dev/i2c-9 Device 1002:747E Subsystem: 1DA2:F475
88    |Warning: [i2c_smbus_linux] Failed to read i2c device PCI device ID
88    |Info:    [ResourceManager] Registering I2C interface: /dev/i2c-16 Device 0000:0000 Subsystem: 0000:0000
88    |Info:    [ResourceManager] Registering I2C interface: /dev/i2c-7 Device 1002:747E Subsystem: 1DA2:F475
89    |Info:    [ResourceManager] Registering I2C interface: /dev/i2c-14 Device 1002:164E Subsystem: 1462:7E26
89    |Info:    [ResourceManager] Registering I2C interface: /dev/i2c-5 Device 1002:747E Subsystem: 1DA2:F475
89    |Info:    [ResourceManager] Registering I2C interface: /dev/i2c-12 Device 1002:164E Subsystem: 1462:7E26
89    |Info:    ------------------------------------------------------
89    |Info:    |               Detecting I2C devices                |
89    |Info:    ------------------------------------------------------
436   |Info:    [ENE DRAM] Registering RGB controller
694   |Info:    [ENE DRAM] Registering RGB controller
1892  |Info:    ------------------------------------------------------
1892  |Info:    |            Detecting I2C DIMM modules              |
1892  |Info:    ------------------------------------------------------
2902  |Info:    [ResourceManager] Detected occupied slot 2, bus 2, type DDR5
3901  |Info:    [ResourceManager] Detected occupied slot 4, bus 2, type DDR5
3927  |Info:    [ResourceManager] Detected occupied slot 2, bus 10, type DDR5
3931  |Info:    [ResourceManager] Detected occupied slot 4, bus 10, type DDR5
3955  |Info:    [ResourceManager] Detected occupied slot 2, bus 11, type DDR5
3960  |Info:    [ResourceManager] Detected occupied slot 4, bus 11, type DDR5
3979  |Info:    ------------------------------------------------------
3979  |Info:    |               Detecting I2C PCI devices            |
3979  |Info:    ------------------------------------------------------
4021  |Info:    [Sapphire Radeon RX 7700 XT Nitro+] Registering RGB controller
4033  |Info:    ------------------------------------------------------
4033  |Info:    |               Detecting HID devices                |
4033  |Info:    ------------------------------------------------------
4108  |Info:    [MSI B650 GAMING PLUS WIFI (MS-7E26)] Registering RGB controller
4108  |Info:    ------------------------------------------------------
4108  |Info:    |            Detecting libusb HID devices            |
4108  |Info:    ------------------------------------------------------
4116  |Info:    ------------------------------------------------------
4116  |Info:    |              Detecting other devices               |
4116  |Info:    ------------------------------------------------------
4183  |Info:    [ResourceManager] Calling Post-detection callbacks
4183  |Info:    ------------------------------------------------------
4183  |Info:    |                Detection completed                 |
4183  |Info:    ------------------------------------------------------
6504  |Info:    [ProfileManager] Profile loading: Succeeded for ENE DRAM @ I2C: /dev/i2c-0, address 0x71
6504  |Info:    [ProfileManager] Profile loading: Succeeded for ENE DRAM @ I2C: /dev/i2c-0, address 0x73
6504  |Info:    [ProfileManager] Profile loading: Succeeded for Sapphire Radeon RX 7700 XT Nitro+ @ I2C: /dev/i2c-9, address 0x28
6504  |Info:    [ProfileManager] Profile loading: Succeeded for MSI B650 GAMING PLUS WIFI (MS-7E26) @ HID: /dev/hidraw5
