    OpenRGB v0.9+ (git1290)
    Commit: 45af044cd84032b9a9b5865cb5e12aa2cd98c47e from 2025-04-13 13:42:14 -0500
    Launched: 20250824_122227
====================================================================================================

3     |Info:    [ProfileManager] Found file: lol.orp attempting to validate header
5     |Info:    [ProfileManager] Valid v5 profile found for lol
5     |Info:    [ProfileManager] Found file: Verde.orp attempting to validate header
6     |Info:    [ProfileManager] Valid v5 profile found for Verde
6     |Info:    [ProfileManager] Found file: blanco.orp attempting to validate header
7     |Info:    [ProfileManager] Valid v5 profile found for blanco
7     |Info:    [ProfileManager] Found file: Rojo.orp attempting to validate header
7     |Info:    [ProfileManager] Valid v5 profile found for Rojo
7     |Info:    [ProfileManager] Found file: rosa.orp attempting to validate header
8     |Info:    [ProfileManager] Valid v5 profile found for rosa
8     |Info:    [ProfileManager] Found file: Turquesa\.orp attempting to validate header
9     |Info:    [ProfileManager] Valid v5 profile found for Turquesa\
9     |Info:    [ProfileManager] Found file: free.orp attempting to validate header
9     |Info:    [ProfileManager] Valid v5 profile found for free
76    |Info:    [ResourceManager] Initializing HID interfaces: Success
76    |Info:    ------------------------------------------------------
76    |Info:    |               Start device detection               |
76    |Info:    ------------------------------------------------------
80    |Info:    ------------------------------------------------------
80    |Info:    |             Detecting I2C interfaces               |
80    |Info:    ------------------------------------------------------
80    |Info:    [ResourceManager] Registering I2C interface: /dev/i2c-3 Device 1002:747E Subsystem: 1DA2:F475
80    |Warning: [i2c_smbus_linux] Failed to read i2c device PCI device ID
80    |Info:    [ResourceManager] Registering I2C interface: /dev/i2c-10 Device 0000:0000 Subsystem: 0000:0000
80    |Info:    [ResourceManager] Registering I2C interface: /dev/i2c-1 Device 1022:790B Subsystem: 1462:7E26
80    |Warning: [i2c_smbus_linux] Failed to read i2c device PCI device ID
80    |Info:    [ResourceManager] Registering I2C interface: /dev/i2c-17 Device 0000:0000 Subsystem: 0000:0000
80    |Info:    [ResourceManager] Registering I2C interface: /dev/i2c-8 Device 1002:747E Subsystem: 1DA2:F475
80    |Info:    [ResourceManager] Registering I2C interface: /dev/i2c-15 Device 1002:164E Subsystem: 1462:7E26
80    |Info:    [ResourceManager] Registering I2C interface: /dev/i2c-6 Device 1002:747E Subsystem: 1DA2:F475
80    |Info:    [ResourceManager] Registering I2C interface: /dev/i2c-13 Device 1002:164E Subsystem: 1462:7E26
80    |Info:    [ResourceManager] Registering I2C interface: /dev/i2c-4 Device 1002:747E Subsystem: 1DA2:F475
80    |Warning: [i2c_smbus_linux] Failed to read i2c device PCI device ID
80    |Info:    [ResourceManager] Registering I2C interface: /dev/i2c-11 Device 0000:0000 Subsystem: 0000:0000
80    |Info:    [ResourceManager] Registering I2C interface: /dev/i2c-2 Device 1022:790B Subsystem: 1462:7E26
81    |Info:    [ResourceManager] Registering I2C interface: /dev/i2c-0 Device 1022:790B Subsystem: 1462:7E26
81    |Warning: [i2c_smbus_linux] Failed to read i2c device PCI device ID
81    |Info:    [ResourceManager] Registering I2C interface: /dev/i2c-18 Device 0000:0000 Subsystem: 0000:0000
81    |Info:    [ResourceManager] Registering I2C interface: /dev/i2c-9 Device 1002:747E Subsystem: 1DA2:F475
81    |Warning: [i2c_smbus_linux] Failed to read i2c device PCI device ID
81    |Info:    [ResourceManager] Registering I2C interface: /dev/i2c-16 Device 0000:0000 Subsystem: 0000:0000
81    |Info:    [ResourceManager] Registering I2C interface: /dev/i2c-7 Device 1002:747E Subsystem: 1DA2:F475
81    |Info:    [ResourceManager] Registering I2C interface: /dev/i2c-14 Device 1002:164E Subsystem: 1462:7E26
81    |Info:    [ResourceManager] Registering I2C interface: /dev/i2c-5 Device 1002:747E Subsystem: 1DA2:F475
81    |Info:    [ResourceManager] Registering I2C interface: /dev/i2c-12 Device 1002:164E Subsystem: 1462:7E26
81    |Info:    ------------------------------------------------------
81    |Info:    |               Detecting I2C devices                |
81    |Info:    ------------------------------------------------------
449   |Info:    [ENE DRAM] Registering RGB controller
713   |Info:    [ENE DRAM] Registering RGB controller
1910  |Info:    ------------------------------------------------------
1910  |Info:    |            Detecting I2C DIMM modules              |
1910  |Info:    ------------------------------------------------------
2932  |Info:    [ResourceManager] Detected occupied slot 2, bus 2, type DDR5
3940  |Info:    [ResourceManager] Detected occupied slot 4, bus 2, type DDR5
3967  |Info:    [ResourceManager] Detected occupied slot 2, bus 10, type DDR5
3971  |Info:    [ResourceManager] Detected occupied slot 4, bus 10, type DDR5
3994  |Info:    [ResourceManager] Detected occupied slot 2, bus 11, type DDR5
3999  |Info:    [ResourceManager] Detected occupied slot 4, bus 11, type DDR5
4018  |Info:    ------------------------------------------------------
4018  |Info:    |               Detecting I2C PCI devices            |
4018  |Info:    ------------------------------------------------------
4058  |Info:    [Sapphire Radeon RX 7700 XT Nitro+] Registering RGB controller
4072  |Info:    ------------------------------------------------------
4072  |Info:    |               Detecting HID devices                |
4072  |Info:    ------------------------------------------------------
4140  |Info:    [MSI B650 GAMING PLUS WIFI (MS-7E26)] Registering RGB controller
4141  |Info:    ------------------------------------------------------
4141  |Info:    |            Detecting libusb HID devices            |
4141  |Info:    ------------------------------------------------------
4149  |Info:    ------------------------------------------------------
4149  |Info:    |              Detecting other devices               |
4149  |Info:    ------------------------------------------------------
4209  |Info:    [ResourceManager] Calling Post-detection callbacks
4209  |Info:    ------------------------------------------------------
4209  |Info:    |                Detection completed                 |
4209  |Info:    ------------------------------------------------------
