    OpenRGB v0.9+ (git1290)
    Commit: 45af044cd84032b9a9b5865cb5e12aa2cd98c47e from 2025-04-13 13:42:14 -0500
    Launched: 20250809_174535
====================================================================================================

2     |Info:    [ProfileManager] Found file: lol.orp attempting to validate header
4     |Info:    [ProfileManager] Valid v5 profile found for lol
4     |Info:    [ProfileManager] Found file: Verde.orp attempting to validate header
7     |Info:    [ProfileManager] Valid v5 profile found for Verde
7     |Info:    [ProfileManager] Found file: blanco.orp attempting to validate header
10    |Info:    [ProfileManager] Valid v5 profile found for blanco
10    |Info:    [ProfileManager] Found file: Rojo.orp attempting to validate header
16    |Info:    [ProfileManager] Valid v5 profile found for Rojo
16    |Info:    [ProfileManager] Found file: rosa.orp attempting to validate header
18    |Info:    [ProfileManager] Valid v5 profile found for rosa
18    |Info:    [ProfileManager] Found file: Turquesa\.orp attempting to validate header
20    |Info:    [ProfileManager] Valid v5 profile found for Turquesa\
20    |Info:    [ProfileManager] Found file: free.orp attempting to validate header
23    |Info:    [ProfileManager] Valid v5 profile found for free
100   |Info:    [ResourceManager] Initializing HID interfaces: Success
100   |Info:    ------------------------------------------------------
100   |Info:    |               Start device detection               |
100   |Info:    ------------------------------------------------------
104   |Info:    ------------------------------------------------------
104   |Info:    |             Detecting I2C interfaces               |
104   |Info:    ------------------------------------------------------
104   |Info:    [ResourceManager] Registering I2C interface: /dev/i2c-3 Device 1002:747E Subsystem: 1DA2:F475
104   |Warning: [i2c_smbus_linux] Failed to read i2c device PCI device ID
104   |Info:    [ResourceManager] Registering I2C interface: /dev/i2c-10 Device 0000:0000 Subsystem: 0000:0000
104   |Info:    [ResourceManager] Registering I2C interface: /dev/i2c-1 Device 1022:790B Subsystem: 1462:7E26
104   |Warning: [i2c_smbus_linux] Failed to read i2c device PCI device ID
104   |Info:    [ResourceManager] Registering I2C interface: /dev/i2c-17 Device 0000:0000 Subsystem: 0000:0000
104   |Info:    [ResourceManager] Registering I2C interface: /dev/i2c-8 Device 1002:747E Subsystem: 1DA2:F475
104   |Info:    [ResourceManager] Registering I2C interface: /dev/i2c-15 Device 1002:164E Subsystem: 1462:7E26
104   |Info:    [ResourceManager] Registering I2C interface: /dev/i2c-6 Device 1002:747E Subsystem: 1DA2:F475
104   |Info:    [ResourceManager] Registering I2C interface: /dev/i2c-13 Device 1002:164E Subsystem: 1462:7E26
104   |Info:    [ResourceManager] Registering I2C interface: /dev/i2c-4 Device 1002:747E Subsystem: 1DA2:F475
104   |Warning: [i2c_smbus_linux] Failed to read i2c device PCI device ID
104   |Info:    [ResourceManager] Registering I2C interface: /dev/i2c-11 Device 0000:0000 Subsystem: 0000:0000
104   |Info:    [ResourceManager] Registering I2C interface: /dev/i2c-2 Device 1022:790B Subsystem: 1462:7E26
105   |Info:    [ResourceManager] Registering I2C interface: /dev/i2c-0 Device 1022:790B Subsystem: 1462:7E26
105   |Warning: [i2c_smbus_linux] Failed to read i2c device PCI device ID
105   |Info:    [ResourceManager] Registering I2C interface: /dev/i2c-18 Device 0000:0000 Subsystem: 0000:0000
105   |Info:    [ResourceManager] Registering I2C interface: /dev/i2c-9 Device 1002:747E Subsystem: 1DA2:F475
105   |Warning: [i2c_smbus_linux] Failed to read i2c device PCI device ID
105   |Info:    [ResourceManager] Registering I2C interface: /dev/i2c-16 Device 0000:0000 Subsystem: 0000:0000
105   |Info:    [ResourceManager] Registering I2C interface: /dev/i2c-7 Device 1002:747E Subsystem: 1DA2:F475
105   |Info:    [ResourceManager] Registering I2C interface: /dev/i2c-14 Device 1002:164E Subsystem: 1462:7E26
105   |Info:    [ResourceManager] Registering I2C interface: /dev/i2c-5 Device 1002:747E Subsystem: 1DA2:F475
105   |Info:    [ResourceManager] Registering I2C interface: /dev/i2c-12 Device 1002:164E Subsystem: 1462:7E26
105   |Info:    ------------------------------------------------------
105   |Info:    |               Detecting I2C devices                |
105   |Info:    ------------------------------------------------------
457   |Info:    [ENE DRAM] Registering RGB controller
713   |Info:    [ENE DRAM] Registering RGB controller
1909  |Info:    ------------------------------------------------------
1909  |Info:    |            Detecting I2C DIMM modules              |
1909  |Info:    ------------------------------------------------------
2934  |Info:    [ResourceManager] Detected occupied slot 2, bus 2, type DDR5
3941  |Info:    [ResourceManager] Detected occupied slot 4, bus 2, type DDR5
3966  |Info:    [ResourceManager] Detected occupied slot 2, bus 10, type DDR5
3970  |Info:    [ResourceManager] Detected occupied slot 4, bus 10, type DDR5
3994  |Info:    [ResourceManager] Detected occupied slot 2, bus 11, type DDR5
3999  |Info:    [ResourceManager] Detected occupied slot 4, bus 11, type DDR5
4018  |Info:    ------------------------------------------------------
4018  |Info:    |               Detecting I2C PCI devices            |
4018  |Info:    ------------------------------------------------------
4057  |Info:    [Sapphire Radeon RX 7700 XT Nitro+] Registering RGB controller
4069  |Info:    ------------------------------------------------------
4069  |Info:    |               Detecting HID devices                |
4069  |Info:    ------------------------------------------------------
4136  |Info:    [MSI B650 GAMING PLUS WIFI (MS-7E26)] Registering RGB controller
4138  |Info:    ------------------------------------------------------
4138  |Info:    |            Detecting libusb HID devices            |
4138  |Info:    ------------------------------------------------------
4145  |Info:    ------------------------------------------------------
4145  |Info:    |              Detecting other devices               |
4145  |Info:    ------------------------------------------------------
4208  |Info:    [ResourceManager] Calling Post-detection callbacks
4208  |Info:    ------------------------------------------------------
4208  |Info:    |                Detection completed                 |
4208  |Info:    ------------------------------------------------------
