    OpenRGB v0.9+ (git1290)
    Commit: 45af044cd84032b9a9b5865cb5e12aa2cd98c47e from 2025-04-13 13:42:14 -0500
    Launched: 20250607_141554
====================================================================================================

0     |Info:    [ProfileManager] Found file: lol.orp attempting to validate header
0     |Info:    [ProfileManager] Valid v5 profile found for lol
0     |Info:    [ProfileManager] Found file: blanco.orp attempting to validate header
1     |Info:    [ProfileManager] Valid v5 profile found for blanco
1     |Info:    [ProfileManager] Found file: Rojo.orp attempting to validate header
1     |Info:    [ProfileManager] Valid v5 profile found for Rojo
1     |Info:    [ProfileManager] Found file: Turquesa\.orp attempting to validate header
1     |Info:    [ProfileManager] Valid v5 profile found for Turquesa\
1     |Info:    [ProfileManager] Found file: free.orp attempting to validate header
2     |Info:    [ProfileManager] Valid v5 profile found for free
73    |Info:    [ResourceManager] Initializing HID interfaces: Success
73    |Info:    ------------------------------------------------------
73    |Info:    |               Start device detection               |
73    |Info:    ------------------------------------------------------
77    |Info:    ------------------------------------------------------
77    |Info:    |             Detecting I2C interfaces               |
77    |Info:    ------------------------------------------------------
77    |Info:    [ResourceManager] Registering I2C interface: /dev/i2c-3 Device 1002:747E Subsystem: 1DA2:F475
77    |Warning: [i2c_smbus_linux] Failed to read i2c device PCI device ID
77    |Info:    [ResourceManager] Registering I2C interface: /dev/i2c-10 Device 0000:0000 Subsystem: 0000:0000
77    |Info:    [ResourceManager] Registering I2C interface: /dev/i2c-1 Device 1022:790B Subsystem: 1462:7E26
77    |Warning: [i2c_smbus_linux] Failed to read i2c device PCI device ID
77    |Info:    [ResourceManager] Registering I2C interface: /dev/i2c-17 Device 0000:0000 Subsystem: 0000:0000
77    |Info:    [ResourceManager] Registering I2C interface: /dev/i2c-8 Device 1002:747E Subsystem: 1DA2:F475
77    |Warning: [i2c_smbus_linux] Failed to read i2c device PCI device ID
77    |Info:    [ResourceManager] Registering I2C interface: /dev/i2c-15 Device 0000:0000 Subsystem: 0000:0000
77    |Info:    [ResourceManager] Registering I2C interface: /dev/i2c-6 Device 1002:747E Subsystem: 1DA2:F475
77    |Info:    [ResourceManager] Registering I2C interface: /dev/i2c-13 Device 1002:164E Subsystem: 1462:7E26
77    |Info:    [ResourceManager] Registering I2C interface: /dev/i2c-4 Device 1002:747E Subsystem: 1DA2:F475
77    |Info:    [ResourceManager] Registering I2C interface: /dev/i2c-11 Device 1002:164E Subsystem: 1462:7E26
77    |Info:    [ResourceManager] Registering I2C interface: /dev/i2c-2 Device 1022:790B Subsystem: 1462:7E26
78    |Info:    [ResourceManager] Registering I2C interface: /dev/i2c-0 Device 1022:790B Subsystem: 1462:7E26
78    |Warning: [i2c_smbus_linux] Failed to read i2c device PCI device ID
78    |Info:    [ResourceManager] Registering I2C interface: /dev/i2c-9 Device 0000:0000 Subsystem: 0000:0000
78    |Warning: [i2c_smbus_linux] Failed to read i2c device PCI device ID
78    |Info:    [ResourceManager] Registering I2C interface: /dev/i2c-16 Device 0000:0000 Subsystem: 0000:0000
78    |Info:    [ResourceManager] Registering I2C interface: /dev/i2c-7 Device 1002:747E Subsystem: 1DA2:F475
78    |Info:    [ResourceManager] Registering I2C interface: /dev/i2c-14 Device 1002:164E Subsystem: 1462:7E26
78    |Info:    [ResourceManager] Registering I2C interface: /dev/i2c-5 Device 1002:747E Subsystem: 1DA2:F475
78    |Info:    [ResourceManager] Registering I2C interface: /dev/i2c-12 Device 1002:164E Subsystem: 1462:7E26
78    |Info:    ------------------------------------------------------
78    |Info:    |               Detecting I2C devices                |
78    |Info:    ------------------------------------------------------
443   |Info:    [ENE DRAM] Registering RGB controller
702   |Info:    [ENE DRAM] Registering RGB controller
1900  |Info:    ------------------------------------------------------
1900  |Info:    |            Detecting I2C DIMM modules              |
1900  |Info:    ------------------------------------------------------
2887  |Info:    [ResourceManager] Detected occupied slot 2, bus 2, type DDR5
3895  |Info:    [ResourceManager] Detected occupied slot 4, bus 2, type DDR5
3920  |Info:    [ResourceManager] Detected occupied slot 2, bus 10, type DDR5
3924  |Info:    [ResourceManager] Detected occupied slot 4, bus 10, type DDR5
3948  |Info:    [ResourceManager] Detected occupied slot 2, bus 11, type DDR5
3952  |Info:    [ResourceManager] Detected occupied slot 4, bus 11, type DDR5
3972  |Info:    ------------------------------------------------------
3972  |Info:    |               Detecting I2C PCI devices            |
3972  |Info:    ------------------------------------------------------
4018  |Info:    ------------------------------------------------------
4018  |Info:    |               Detecting HID devices                |
4018  |Info:    ------------------------------------------------------
4092  |Info:    [MSI B650 GAMING PLUS WIFI (MS-7E26)] Registering RGB controller
4092  |Info:    ------------------------------------------------------
4092  |Info:    |            Detecting libusb HID devices            |
4092  |Info:    ------------------------------------------------------
4100  |Info:    ------------------------------------------------------
4100  |Info:    |              Detecting other devices               |
4100  |Info:    ------------------------------------------------------
4169  |Info:    [ResourceManager] Calling Post-detection callbacks
4169  |Info:    ------------------------------------------------------
4169  |Info:    |                Detection completed                 |
4169  |Info:    ------------------------------------------------------
