    OpenRGB v0.9+ (git1290)
    Commit: 45af044cd84032b9a9b5865cb5e12aa2cd98c47e from 2025-04-13 13:42:14 -0500
    Launched: 20250530_201732
====================================================================================================

0     |Info:    [ProfileManager] Found file: lol.orp attempting to validate header
0     |Info:    [ProfileManager] Valid v5 profile found for lol
0     |Info:    [ProfileManager] Found file: blanco.orp attempting to validate header
1     |Info:    [ProfileManager] Valid v5 profile found for blanco
1     |Info:    [ProfileManager] Found file: Rojo.orp attempting to validate header
1     |Info:    [ProfileManager] Valid v5 profile found for Rojo
1     |Info:    [ProfileManager] Found file: Turquesa\.orp attempting to validate header
2     |Info:    [ProfileManager] Valid v5 profile found for Turquesa\
2     |Info:    [ProfileManager] Found file: free.orp attempting to validate header
3     |Info:    [ProfileManager] Valid v5 profile found for free
72    |Info:    [ResourceManager] Initializing HID interfaces: Success
72    |Info:    ------------------------------------------------------
72    |Info:    |               Start device detection               |
72    |Info:    ------------------------------------------------------
76    |Info:    ------------------------------------------------------
76    |Info:    |             Detecting I2C interfaces               |
76    |Info:    ------------------------------------------------------
76    |Info:    [ResourceManager] Registering I2C interface: /dev/i2c-3 Device 1002:747E Subsystem: 1DA2:F475
76    |Warning: [i2c_smbus_linux] Failed to read i2c device PCI device ID
76    |Info:    [ResourceManager] Registering I2C interface: /dev/i2c-10 Device 0000:0000 Subsystem: 0000:0000
76    |Info:    [ResourceManager] Registering I2C interface: /dev/i2c-1 Device 1022:790B Subsystem: 1462:7E26
76    |Warning: [i2c_smbus_linux] Failed to read i2c device PCI device ID
76    |Info:    [ResourceManager] Registering I2C interface: /dev/i2c-17 Device 0000:0000 Subsystem: 0000:0000
76    |Info:    [ResourceManager] Registering I2C interface: /dev/i2c-8 Device 1002:747E Subsystem: 1DA2:F475
76    |Warning: [i2c_smbus_linux] Failed to read i2c device PCI device ID
76    |Info:    [ResourceManager] Registering I2C interface: /dev/i2c-15 Device 0000:0000 Subsystem: 0000:0000
76    |Info:    [ResourceManager] Registering I2C interface: /dev/i2c-6 Device 1002:747E Subsystem: 1DA2:F475
76    |Info:    [ResourceManager] Registering I2C interface: /dev/i2c-13 Device 1002:164E Subsystem: 1462:7E26
76    |Info:    [ResourceManager] Registering I2C interface: /dev/i2c-4 Device 1002:747E Subsystem: 1DA2:F475
76    |Info:    [ResourceManager] Registering I2C interface: /dev/i2c-11 Device 1002:164E Subsystem: 1462:7E26
76    |Info:    [ResourceManager] Registering I2C interface: /dev/i2c-2 Device 1022:790B Subsystem: 1462:7E26
76    |Info:    [ResourceManager] Registering I2C interface: /dev/i2c-0 Device 1022:790B Subsystem: 1462:7E26
76    |Warning: [i2c_smbus_linux] Failed to read i2c device PCI device ID
77    |Info:    [ResourceManager] Registering I2C interface: /dev/i2c-9 Device 0000:0000 Subsystem: 0000:0000
77    |Warning: [i2c_smbus_linux] Failed to read i2c device PCI device ID
77    |Info:    [ResourceManager] Registering I2C interface: /dev/i2c-16 Device 0000:0000 Subsystem: 0000:0000
77    |Info:    [ResourceManager] Registering I2C interface: /dev/i2c-7 Device 1002:747E Subsystem: 1DA2:F475
77    |Info:    [ResourceManager] Registering I2C interface: /dev/i2c-14 Device 1002:164E Subsystem: 1462:7E26
77    |Info:    [ResourceManager] Registering I2C interface: /dev/i2c-5 Device 1002:747E Subsystem: 1DA2:F475
77    |Info:    [ResourceManager] Registering I2C interface: /dev/i2c-12 Device 1002:164E Subsystem: 1462:7E26
77    |Info:    ------------------------------------------------------
77    |Info:    |               Detecting I2C devices                |
77    |Info:    ------------------------------------------------------
445   |Info:    [ENE DRAM] Registering RGB controller
706   |Info:    [ENE DRAM] Registering RGB controller
1905  |Info:    ------------------------------------------------------
1905  |Info:    |            Detecting I2C DIMM modules              |
1905  |Info:    ------------------------------------------------------
2921  |Info:    [ResourceManager] Detected occupied slot 2, bus 2, type DDR5
3932  |Info:    [ResourceManager] Detected occupied slot 4, bus 2, type DDR5
3957  |Info:    [ResourceManager] Detected occupied slot 2, bus 10, type DDR5
3962  |Info:    [ResourceManager] Detected occupied slot 4, bus 10, type DDR5
3985  |Info:    [ResourceManager] Detected occupied slot 2, bus 11, type DDR5
3990  |Info:    [ResourceManager] Detected occupied slot 4, bus 11, type DDR5
4009  |Info:    ------------------------------------------------------
4009  |Info:    |               Detecting I2C PCI devices            |
4009  |Info:    ------------------------------------------------------
4055  |Info:    ------------------------------------------------------
4055  |Info:    |               Detecting HID devices                |
4055  |Info:    ------------------------------------------------------
4123  |Info:    [MSI B650 GAMING PLUS WIFI (MS-7E26)] Registering RGB controller
4123  |Info:    ------------------------------------------------------
4123  |Info:    |            Detecting libusb HID devices            |
4123  |Info:    ------------------------------------------------------
4131  |Info:    ------------------------------------------------------
4131  |Info:    |              Detecting other devices               |
4131  |Info:    ------------------------------------------------------
4194  |Info:    [ResourceManager] Calling Post-detection callbacks
4194  |Info:    ------------------------------------------------------
4194  |Info:    |                Detection completed                 |
4194  |Info:    ------------------------------------------------------
6472  |Info:    [ProfileManager] Profile loading: Succeeded for ENE DRAM @ I2C: /dev/i2c-0, address 0x71
6472  |Info:    [ProfileManager] Profile loading: Succeeded for ENE DRAM @ I2C: /dev/i2c-0, address 0x73
6472  |Info:    [ProfileManager] Profile loading: Succeeded for MSI B650 GAMING PLUS WIFI (MS-7E26) @ HID: /dev/hidraw5
