    OpenRGB v0.9+ (git1290)
    Commit: 45af044cd84032b9a9b5865cb5e12aa2cd98c47e from 2025-04-13 13:42:14 -0500
    Launched: 20250808_201043
====================================================================================================

1     |Info:    [ProfileManager] Found file: lol.orp attempting to validate header
3     |Info:    [ProfileManager] Valid v5 profile found for lol
3     |Info:    [ProfileManager] Found file: Verde.orp attempting to validate header
4     |Info:    [ProfileManager] Valid v5 profile found for Verde
4     |Info:    [ProfileManager] Found file: blanco.orp attempting to validate header
7     |Info:    [ProfileManager] Valid v5 profile found for blanco
7     |Info:    [ProfileManager] Found file: Rojo.orp attempting to validate header
9     |Info:    [ProfileManager] Valid v5 profile found for Rojo
9     |Info:    [ProfileManager] Found file: rosa.orp attempting to validate header
9     |Info:    [ProfileManager] Valid v5 profile found for rosa
9     |Info:    [ProfileManager] Found file: Turquesa\.orp attempting to validate header
11    |Info:    [ProfileManager] Valid v5 profile found for Turquesa\
11    |Info:    [ProfileManager] Found file: free.orp attempting to validate header
11    |Info:    [ProfileManager] Valid v5 profile found for free
97    |Info:    [ResourceManager] Initializing HID interfaces: Success
97    |Info:    ------------------------------------------------------
97    |Info:    |               Start device detection               |
97    |Info:    ------------------------------------------------------
101   |Info:    ------------------------------------------------------
101   |Info:    |             Detecting I2C interfaces               |
101   |Info:    ------------------------------------------------------
101   |Info:    [ResourceManager] Registering I2C interface: /dev/i2c-3 Device 1002:747E Subsystem: 1DA2:F475
101   |Warning: [i2c_smbus_linux] Failed to read i2c device PCI device ID
101   |Info:    [ResourceManager] Registering I2C interface: /dev/i2c-10 Device 0000:0000 Subsystem: 0000:0000
101   |Info:    [ResourceManager] Registering I2C interface: /dev/i2c-1 Device 1022:790B Subsystem: 1462:7E26
101   |Warning: [i2c_smbus_linux] Failed to read i2c device PCI device ID
101   |Info:    [ResourceManager] Registering I2C interface: /dev/i2c-17 Device 0000:0000 Subsystem: 0000:0000
101   |Info:    [ResourceManager] Registering I2C interface: /dev/i2c-8 Device 1002:747E Subsystem: 1DA2:F475
101   |Info:    [ResourceManager] Registering I2C interface: /dev/i2c-15 Device 1002:164E Subsystem: 1462:7E26
101   |Info:    [ResourceManager] Registering I2C interface: /dev/i2c-6 Device 1002:747E Subsystem: 1DA2:F475
101   |Info:    [ResourceManager] Registering I2C interface: /dev/i2c-13 Device 1002:164E Subsystem: 1462:7E26
101   |Info:    [ResourceManager] Registering I2C interface: /dev/i2c-4 Device 1002:747E Subsystem: 1DA2:F475
101   |Warning: [i2c_smbus_linux] Failed to read i2c device PCI device ID
101   |Info:    [ResourceManager] Registering I2C interface: /dev/i2c-11 Device 0000:0000 Subsystem: 0000:0000
101   |Info:    [ResourceManager] Registering I2C interface: /dev/i2c-2 Device 1022:790B Subsystem: 1462:7E26
102   |Info:    [ResourceManager] Registering I2C interface: /dev/i2c-0 Device 1022:790B Subsystem: 1462:7E26
102   |Warning: [i2c_smbus_linux] Failed to read i2c device PCI device ID
102   |Info:    [ResourceManager] Registering I2C interface: /dev/i2c-18 Device 0000:0000 Subsystem: 0000:0000
102   |Info:    [ResourceManager] Registering I2C interface: /dev/i2c-9 Device 1002:747E Subsystem: 1DA2:F475
102   |Warning: [i2c_smbus_linux] Failed to read i2c device PCI device ID
102   |Info:    [ResourceManager] Registering I2C interface: /dev/i2c-16 Device 0000:0000 Subsystem: 0000:0000
102   |Info:    [ResourceManager] Registering I2C interface: /dev/i2c-7 Device 1002:747E Subsystem: 1DA2:F475
102   |Info:    [ResourceManager] Registering I2C interface: /dev/i2c-14 Device 1002:164E Subsystem: 1462:7E26
102   |Info:    [ResourceManager] Registering I2C interface: /dev/i2c-5 Device 1002:747E Subsystem: 1DA2:F475
102   |Info:    [ResourceManager] Registering I2C interface: /dev/i2c-12 Device 1002:164E Subsystem: 1462:7E26
102   |Info:    ------------------------------------------------------
102   |Info:    |               Detecting I2C devices                |
102   |Info:    ------------------------------------------------------
463   |Info:    [ENE DRAM] Registering RGB controller
719   |Info:    [ENE DRAM] Registering RGB controller
1916  |Info:    ------------------------------------------------------
1916  |Info:    |            Detecting I2C DIMM modules              |
1916  |Info:    ------------------------------------------------------
2913  |Info:    [ResourceManager] Detected occupied slot 2, bus 2, type DDR5
3873  |Info:    [ResourceManager] Detected occupied slot 4, bus 2, type DDR5
3898  |Info:    [ResourceManager] Detected occupied slot 2, bus 10, type DDR5
3902  |Info:    [ResourceManager] Detected occupied slot 4, bus 10, type DDR5
3927  |Info:    [ResourceManager] Detected occupied slot 2, bus 11, type DDR5
3932  |Info:    [ResourceManager] Detected occupied slot 4, bus 11, type DDR5
3951  |Info:    ------------------------------------------------------
3951  |Info:    |               Detecting I2C PCI devices            |
3951  |Info:    ------------------------------------------------------
3990  |Info:    [Sapphire Radeon RX 7700 XT Nitro+] Registering RGB controller
4002  |Info:    ------------------------------------------------------
4002  |Info:    |               Detecting HID devices                |
4002  |Info:    ------------------------------------------------------
4068  |Info:    [MSI B650 GAMING PLUS WIFI (MS-7E26)] Registering RGB controller
4069  |Info:    ------------------------------------------------------
4069  |Info:    |            Detecting libusb HID devices            |
4069  |Info:    ------------------------------------------------------
4077  |Info:    ------------------------------------------------------
4077  |Info:    |              Detecting other devices               |
4077  |Info:    ------------------------------------------------------
4141  |Info:    [ResourceManager] Calling Post-detection callbacks
4141  |Info:    ------------------------------------------------------
4141  |Info:    |                Detection completed                 |
4141  |Info:    ------------------------------------------------------
