    OpenRGB v0.9+ (git1290)
    Commit: 45af044cd84032b9a9b5865cb5e12aa2cd98c47e from 2025-04-13 13:42:14 -0500
    Launched: 20250818_102504
====================================================================================================

2     |Info:    [ProfileManager] Found file: lol.orp attempting to validate header
4     |Info:    [ProfileManager] Valid v5 profile found for lol
4     |Info:    [ProfileManager] Found file: Verde.orp attempting to validate header
6     |Info:    [ProfileManager] Valid v5 profile found for Verde
6     |Info:    [ProfileManager] Found file: blanco.orp attempting to validate header
7     |Info:    [ProfileManager] Valid v5 profile found for blanco
7     |Info:    [ProfileManager] Found file: Rojo.orp attempting to validate header
8     |Info:    [ProfileManager] Valid v5 profile found for Rojo
8     |Info:    [ProfileManager] Found file: rosa.orp attempting to validate header
9     |Info:    [ProfileManager] Valid v5 profile found for rosa
9     |Info:    [ProfileManager] Found file: Turquesa\.orp attempting to validate header
11    |Info:    [ProfileManager] Valid v5 profile found for Turquesa\
11    |Info:    [ProfileManager] Found file: free.orp attempting to validate header
12    |Info:    [ProfileManager] Valid v5 profile found for free
83    |Info:    [ResourceManager] Initializing HID interfaces: Success
83    |Info:    ------------------------------------------------------
83    |Info:    |               Start device detection               |
83    |Info:    ------------------------------------------------------
87    |Info:    ------------------------------------------------------
87    |Info:    |             Detecting I2C interfaces               |
87    |Info:    ------------------------------------------------------
87    |Info:    [ResourceManager] Registering I2C interface: /dev/i2c-3 Device 1002:747E Subsystem: 1DA2:F475
87    |Warning: [i2c_smbus_linux] Failed to read i2c device PCI device ID
87    |Info:    [ResourceManager] Registering I2C interface: /dev/i2c-10 Device 0000:0000 Subsystem: 0000:0000
87    |Info:    [ResourceManager] Registering I2C interface: /dev/i2c-1 Device 1022:790B Subsystem: 1462:7E26
87    |Warning: [i2c_smbus_linux] Failed to read i2c device PCI device ID
87    |Info:    [ResourceManager] Registering I2C interface: /dev/i2c-17 Device 0000:0000 Subsystem: 0000:0000
87    |Info:    [ResourceManager] Registering I2C interface: /dev/i2c-8 Device 1002:747E Subsystem: 1DA2:F475
87    |Info:    [ResourceManager] Registering I2C interface: /dev/i2c-15 Device 1002:164E Subsystem: 1462:7E26
87    |Info:    [ResourceManager] Registering I2C interface: /dev/i2c-6 Device 1002:747E Subsystem: 1DA2:F475
88    |Info:    [ResourceManager] Registering I2C interface: /dev/i2c-13 Device 1002:164E Subsystem: 1462:7E26
88    |Info:    [ResourceManager] Registering I2C interface: /dev/i2c-4 Device 1002:747E Subsystem: 1DA2:F475
88    |Warning: [i2c_smbus_linux] Failed to read i2c device PCI device ID
88    |Info:    [ResourceManager] Registering I2C interface: /dev/i2c-11 Device 0000:0000 Subsystem: 0000:0000
88    |Info:    [ResourceManager] Registering I2C interface: /dev/i2c-2 Device 1022:790B Subsystem: 1462:7E26
88    |Info:    [ResourceManager] Registering I2C interface: /dev/i2c-0 Device 1022:790B Subsystem: 1462:7E26
88    |Warning: [i2c_smbus_linux] Failed to read i2c device PCI device ID
88    |Info:    [ResourceManager] Registering I2C interface: /dev/i2c-18 Device 0000:0000 Subsystem: 0000:0000
88    |Info:    [ResourceManager] Registering I2C interface: /dev/i2c-9 Device 1002:747E Subsystem: 1DA2:F475
88    |Warning: [i2c_smbus_linux] Failed to read i2c device PCI device ID
88    |Info:    [ResourceManager] Registering I2C interface: /dev/i2c-16 Device 0000:0000 Subsystem: 0000:0000
88    |Info:    [ResourceManager] Registering I2C interface: /dev/i2c-7 Device 1002:747E Subsystem: 1DA2:F475
88    |Info:    [ResourceManager] Registering I2C interface: /dev/i2c-14 Device 1002:164E Subsystem: 1462:7E26
88    |Info:    [ResourceManager] Registering I2C interface: /dev/i2c-5 Device 1002:747E Subsystem: 1DA2:F475
88    |Info:    [ResourceManager] Registering I2C interface: /dev/i2c-12 Device 1002:164E Subsystem: 1462:7E26
88    |Info:    ------------------------------------------------------
88    |Info:    |               Detecting I2C devices                |
88    |Info:    ------------------------------------------------------
438   |Info:    [ENE DRAM] Registering RGB controller
701   |Info:    [ENE DRAM] Registering RGB controller
1899  |Info:    ------------------------------------------------------
1899  |Info:    |            Detecting I2C DIMM modules              |
1899  |Info:    ------------------------------------------------------
2928  |Info:    [ResourceManager] Detected occupied slot 2, bus 2, type DDR5
3941  |Info:    [ResourceManager] Detected occupied slot 4, bus 2, type DDR5
3965  |Info:    [ResourceManager] Detected occupied slot 2, bus 10, type DDR5
3970  |Info:    [ResourceManager] Detected occupied slot 4, bus 10, type DDR5
3993  |Info:    [ResourceManager] Detected occupied slot 2, bus 11, type DDR5
3998  |Info:    [ResourceManager] Detected occupied slot 4, bus 11, type DDR5
4018  |Info:    ------------------------------------------------------
4018  |Info:    |               Detecting I2C PCI devices            |
4018  |Info:    ------------------------------------------------------
4057  |Info:    [Sapphire Radeon RX 7700 XT Nitro+] Registering RGB controller
4069  |Info:    ------------------------------------------------------
4069  |Info:    |               Detecting HID devices                |
4069  |Info:    ------------------------------------------------------
4136  |Info:    [MSI B650 GAMING PLUS WIFI (MS-7E26)] Registering RGB controller
4137  |Info:    ------------------------------------------------------
4137  |Info:    |            Detecting libusb HID devices            |
4137  |Info:    ------------------------------------------------------
4144  |Info:    ------------------------------------------------------
4144  |Info:    |              Detecting other devices               |
4144  |Info:    ------------------------------------------------------
4206  |Info:    [ResourceManager] Calling Post-detection callbacks
4206  |Info:    ------------------------------------------------------
4206  |Info:    |                Detection completed                 |
4206  |Info:    ------------------------------------------------------
