    OpenRGB v0.9+ (git1290)
    Commit: 45af044cd84032b9a9b5865cb5e12aa2cd98c47e from 2025-04-13 13:42:14 -0500
    Launched: 20250811_150829
====================================================================================================

1     |Info:    [ProfileManager] Found file: lol.orp attempting to validate header
3     |Info:    [ProfileManager] Valid v5 profile found for lol
3     |Info:    [ProfileManager] Found file: Verde.orp attempting to validate header
6     |Info:    [ProfileManager] Valid v5 profile found for Verde
6     |Info:    [ProfileManager] Found file: blanco.orp attempting to validate header
7     |Info:    [ProfileManager] Valid v5 profile found for blanco
7     |Info:    [ProfileManager] Found file: Rojo.orp attempting to validate header
13    |Info:    [ProfileManager] Valid v5 profile found for Rojo
13    |Info:    [ProfileManager] Found file: rosa.orp attempting to validate header
17    |Info:    [ProfileManager] Valid v5 profile found for rosa
17    |Info:    [ProfileManager] Found file: Turquesa\.orp attempting to validate header
19    |Info:    [ProfileManager] Valid v5 profile found for Turquesa\
19    |Info:    [ProfileManager] Found file: free.orp attempting to validate header
23    |Info:    [ProfileManager] Valid v5 profile found for free
105   |Info:    [ResourceManager] Initializing HID interfaces: Success
105   |Info:    ------------------------------------------------------
105   |Info:    |               Start device detection               |
105   |Info:    ------------------------------------------------------
110   |Info:    ------------------------------------------------------
110   |Info:    |             Detecting I2C interfaces               |
110   |Info:    ------------------------------------------------------
111   |Info:    [ResourceManager] Registering I2C interface: /dev/i2c-3 Device 1002:747E Subsystem: 1DA2:F475
111   |Warning: [i2c_smbus_linux] Failed to read i2c device PCI device ID
111   |Info:    [ResourceManager] Registering I2C interface: /dev/i2c-10 Device 0000:0000 Subsystem: 0000:0000
111   |Info:    [ResourceManager] Registering I2C interface: /dev/i2c-1 Device 1022:790B Subsystem: 1462:7E26
111   |Warning: [i2c_smbus_linux] Failed to read i2c device PCI device ID
111   |Info:    [ResourceManager] Registering I2C interface: /dev/i2c-17 Device 0000:0000 Subsystem: 0000:0000
111   |Info:    [ResourceManager] Registering I2C interface: /dev/i2c-8 Device 1002:747E Subsystem: 1DA2:F475
111   |Info:    [ResourceManager] Registering I2C interface: /dev/i2c-15 Device 1002:164E Subsystem: 1462:7E26
111   |Info:    [ResourceManager] Registering I2C interface: /dev/i2c-6 Device 1002:747E Subsystem: 1DA2:F475
111   |Info:    [ResourceManager] Registering I2C interface: /dev/i2c-13 Device 1002:164E Subsystem: 1462:7E26
111   |Info:    [ResourceManager] Registering I2C interface: /dev/i2c-4 Device 1002:747E Subsystem: 1DA2:F475
111   |Warning: [i2c_smbus_linux] Failed to read i2c device PCI device ID
111   |Info:    [ResourceManager] Registering I2C interface: /dev/i2c-11 Device 0000:0000 Subsystem: 0000:0000
111   |Info:    [ResourceManager] Registering I2C interface: /dev/i2c-2 Device 1022:790B Subsystem: 1462:7E26
111   |Info:    [ResourceManager] Registering I2C interface: /dev/i2c-0 Device 1022:790B Subsystem: 1462:7E26
111   |Warning: [i2c_smbus_linux] Failed to read i2c device PCI device ID
111   |Info:    [ResourceManager] Registering I2C interface: /dev/i2c-18 Device 0000:0000 Subsystem: 0000:0000
111   |Info:    [ResourceManager] Registering I2C interface: /dev/i2c-9 Device 1002:747E Subsystem: 1DA2:F475
111   |Warning: [i2c_smbus_linux] Failed to read i2c device PCI device ID
111   |Info:    [ResourceManager] Registering I2C interface: /dev/i2c-16 Device 0000:0000 Subsystem: 0000:0000
111   |Info:    [ResourceManager] Registering I2C interface: /dev/i2c-7 Device 1002:747E Subsystem: 1DA2:F475
111   |Info:    [ResourceManager] Registering I2C interface: /dev/i2c-14 Device 1002:164E Subsystem: 1462:7E26
112   |Info:    [ResourceManager] Registering I2C interface: /dev/i2c-5 Device 1002:747E Subsystem: 1DA2:F475
112   |Info:    [ResourceManager] Registering I2C interface: /dev/i2c-12 Device 1002:164E Subsystem: 1462:7E26
112   |Info:    ------------------------------------------------------
112   |Info:    |               Detecting I2C devices                |
112   |Info:    ------------------------------------------------------
476   |Info:    [ENE DRAM] Registering RGB controller
738   |Info:    [ENE DRAM] Registering RGB controller
1933  |Info:    ------------------------------------------------------
1933  |Info:    |            Detecting I2C DIMM modules              |
1933  |Info:    ------------------------------------------------------
2934  |Info:    [ResourceManager] Detected occupied slot 2, bus 2, type DDR5
3926  |Info:    [ResourceManager] Detected occupied slot 4, bus 2, type DDR5
3951  |Info:    [ResourceManager] Detected occupied slot 2, bus 10, type DDR5
3955  |Info:    [ResourceManager] Detected occupied slot 4, bus 10, type DDR5
3979  |Info:    [ResourceManager] Detected occupied slot 2, bus 11, type DDR5
3984  |Info:    [ResourceManager] Detected occupied slot 4, bus 11, type DDR5
4003  |Info:    ------------------------------------------------------
4003  |Info:    |               Detecting I2C PCI devices            |
4003  |Info:    ------------------------------------------------------
4044  |Info:    [Sapphire Radeon RX 7700 XT Nitro+] Registering RGB controller
4056  |Info:    ------------------------------------------------------
4056  |Info:    |               Detecting HID devices                |
4056  |Info:    ------------------------------------------------------
4123  |Info:    [MSI B650 GAMING PLUS WIFI (MS-7E26)] Registering RGB controller
4125  |Info:    ------------------------------------------------------
4125  |Info:    |            Detecting libusb HID devices            |
4125  |Info:    ------------------------------------------------------
4206  |Info:    ------------------------------------------------------
4206  |Info:    |              Detecting other devices               |
4206  |Info:    ------------------------------------------------------
4272  |Info:    [ResourceManager] Calling Post-detection callbacks
4272  |Info:    ------------------------------------------------------
4272  |Info:    |                Detection completed                 |
4272  |Info:    ------------------------------------------------------
