    OpenRGB v0.9+ (git1290)
    Commit: 45af044cd84032b9a9b5865cb5e12aa2cd98c47e from 2025-04-13 13:42:14 -0500
    Launched: 20250523_145701
====================================================================================================

0     |Info:    [ProfileManager] Found file: lol.orp attempting to validate header
0     |Info:    [ProfileManager] Valid v5 profile found for lol
0     |Info:    [ProfileManager] Found file: blanco.orp attempting to validate header
1     |Info:    [ProfileManager] Valid v5 profile found for blanco
1     |Info:    [ProfileManager] Found file: Rojo.orp attempting to validate header
2     |Info:    [ProfileManager] Valid v5 profile found for Rojo
2     |Info:    [ProfileManager] Found file: Turquesa\.orp attempting to validate header
3     |Info:    [ProfileManager] Valid v5 profile found for Turquesa\
3     |Info:    [ProfileManager] Found file: free.orp attempting to validate header
4     |Info:    [ProfileManager] Valid v5 profile found for free
68    |Info:    [ResourceManager] Initializing HID interfaces: Success
68    |Info:    ------------------------------------------------------
68    |Info:    |               Start device detection               |
68    |Info:    ------------------------------------------------------
71    |Info:    ------------------------------------------------------
71    |Info:    |             Detecting I2C interfaces               |
71    |Info:    ------------------------------------------------------
71    |Info:    [ResourceManager] Registering I2C interface: /dev/i2c-3 Device 1002:747E Subsystem: 1DA2:F475
71    |Warning: [i2c_smbus_linux] Failed to read i2c device PCI device ID
71    |Info:    [ResourceManager] Registering I2C interface: /dev/i2c-10 Device 0000:0000 Subsystem: 0000:0000
71    |Info:    [ResourceManager] Registering I2C interface: /dev/i2c-1 Device 1022:790B Subsystem: 1462:7E26
71    |Warning: [i2c_smbus_linux] Failed to read i2c device PCI device ID
71    |Info:    [ResourceManager] Registering I2C interface: /dev/i2c-17 Device 0000:0000 Subsystem: 0000:0000
71    |Info:    [ResourceManager] Registering I2C interface: /dev/i2c-8 Device 1002:747E Subsystem: 1DA2:F475
71    |Warning: [i2c_smbus_linux] Failed to read i2c device PCI device ID
71    |Info:    [ResourceManager] Registering I2C interface: /dev/i2c-15 Device 0000:0000 Subsystem: 0000:0000
72    |Info:    [ResourceManager] Registering I2C interface: /dev/i2c-6 Device 1002:747E Subsystem: 1DA2:F475
72    |Info:    [ResourceManager] Registering I2C interface: /dev/i2c-13 Device 1002:164E Subsystem: 1462:7E26
72    |Info:    [ResourceManager] Registering I2C interface: /dev/i2c-4 Device 1002:747E Subsystem: 1DA2:F475
72    |Info:    [ResourceManager] Registering I2C interface: /dev/i2c-11 Device 1002:164E Subsystem: 1462:7E26
72    |Info:    [ResourceManager] Registering I2C interface: /dev/i2c-2 Device 1022:790B Subsystem: 1462:7E26
72    |Info:    [ResourceManager] Registering I2C interface: /dev/i2c-0 Device 1022:790B Subsystem: 1462:7E26
72    |Warning: [i2c_smbus_linux] Failed to read i2c device PCI device ID
72    |Info:    [ResourceManager] Registering I2C interface: /dev/i2c-9 Device 0000:0000 Subsystem: 0000:0000
72    |Warning: [i2c_smbus_linux] Failed to read i2c device PCI device ID
72    |Info:    [ResourceManager] Registering I2C interface: /dev/i2c-16 Device 0000:0000 Subsystem: 0000:0000
72    |Info:    [ResourceManager] Registering I2C interface: /dev/i2c-7 Device 1002:747E Subsystem: 1DA2:F475
72    |Info:    [ResourceManager] Registering I2C interface: /dev/i2c-14 Device 1002:164E Subsystem: 1462:7E26
72    |Info:    [ResourceManager] Registering I2C interface: /dev/i2c-5 Device 1002:747E Subsystem: 1DA2:F475
72    |Info:    [ResourceManager] Registering I2C interface: /dev/i2c-12 Device 1002:164E Subsystem: 1462:7E26
72    |Info:    ------------------------------------------------------
72    |Info:    |               Detecting I2C devices                |
72    |Info:    ------------------------------------------------------
417   |Info:    [ENE DRAM] Registering RGB controller
650   |Info:    [ENE DRAM] Registering RGB controller
1848  |Info:    ------------------------------------------------------
1848  |Info:    |            Detecting I2C DIMM modules              |
1848  |Info:    ------------------------------------------------------
2828  |Info:    [ResourceManager] Detected occupied slot 2, bus 2, type DDR5
3822  |Info:    [ResourceManager] Detected occupied slot 4, bus 2, type DDR5
3847  |Info:    [ResourceManager] Detected occupied slot 2, bus 10, type DDR5
3851  |Info:    [ResourceManager] Detected occupied slot 4, bus 10, type DDR5
3875  |Info:    [ResourceManager] Detected occupied slot 2, bus 11, type DDR5
3880  |Info:    [ResourceManager] Detected occupied slot 4, bus 11, type DDR5
3900  |Info:    ------------------------------------------------------
3900  |Info:    |               Detecting I2C PCI devices            |
3900  |Info:    ------------------------------------------------------
3944  |Info:    ------------------------------------------------------
3944  |Info:    |               Detecting HID devices                |
3944  |Info:    ------------------------------------------------------
3963  |Info:    [MSI B650 GAMING PLUS WIFI (MS-7E26)] Registering RGB controller
3963  |Info:    ------------------------------------------------------
3963  |Info:    |            Detecting libusb HID devices            |
3963  |Info:    ------------------------------------------------------
3970  |Info:    ------------------------------------------------------
3970  |Info:    |              Detecting other devices               |
3970  |Info:    ------------------------------------------------------
4036  |Info:    [ResourceManager] Calling Post-detection callbacks
4036  |Info:    ------------------------------------------------------
4036  |Info:    |                Detection completed                 |
4036  |Info:    ------------------------------------------------------
29444 |Info:    [ProfileManager] Profile loading: Succeeded for ENE DRAM @ I2C: /dev/i2c-0, address 0x71
29444 |Info:    [ProfileManager] Profile loading: Succeeded for ENE DRAM @ I2C: /dev/i2c-0, address 0x73
29444 |Info:    [ProfileManager] Profile loading: Succeeded for MSI B650 GAMING PLUS WIFI (MS-7E26) @ HID: /dev/hidraw5
