    OpenRGB v0.9+ (git1290)
    Commit: 45af044cd84032b9a9b5865cb5e12aa2cd98c47e from 2025-04-13 13:42:14 -0500
    Launched: 20250601_094605
====================================================================================================

1     |Info:    [ProfileManager] Found file: lol.orp attempting to validate header
2     |Info:    [ProfileManager] Valid v5 profile found for lol
2     |Info:    [ProfileManager] Found file: blanco.orp attempting to validate header
2     |Info:    [ProfileManager] Valid v5 profile found for blanco
2     |Info:    [ProfileManager] Found file: Rojo.orp attempting to validate header
3     |Info:    [ProfileManager] Valid v5 profile found for Rojo
3     |Info:    [ProfileManager] Found file: Turquesa\.orp attempting to validate header
3     |Info:    [ProfileManager] Valid v5 profile found for Turquesa\
3     |Info:    [ProfileManager] Found file: free.orp attempting to validate header
4     |Info:    [ProfileManager] Valid v5 profile found for free
74    |Info:    [ResourceManager] Initializing HID interfaces: Success
74    |Info:    ------------------------------------------------------
74    |Info:    |               Start device detection               |
74    |Info:    ------------------------------------------------------
77    |Info:    ------------------------------------------------------
77    |Info:    |             Detecting I2C interfaces               |
77    |Info:    ------------------------------------------------------
78    |Info:    [ResourceManager] Registering I2C interface: /dev/i2c-3 Device 1002:747E Subsystem: 1DA2:F475
78    |Warning: [i2c_smbus_linux] Failed to read i2c device PCI device ID
78    |Info:    [ResourceManager] Registering I2C interface: /dev/i2c-10 Device 0000:0000 Subsystem: 0000:0000
78    |Info:    [ResourceManager] Registering I2C interface: /dev/i2c-1 Device 1022:790B Subsystem: 1462:7E26
78    |Warning: [i2c_smbus_linux] Failed to read i2c device PCI device ID
78    |Info:    [ResourceManager] Registering I2C interface: /dev/i2c-17 Device 0000:0000 Subsystem: 0000:0000
78    |Info:    [ResourceManager] Registering I2C interface: /dev/i2c-8 Device 1002:747E Subsystem: 1DA2:F475
78    |Warning: [i2c_smbus_linux] Failed to read i2c device PCI device ID
78    |Info:    [ResourceManager] Registering I2C interface: /dev/i2c-15 Device 0000:0000 Subsystem: 0000:0000
78    |Info:    [ResourceManager] Registering I2C interface: /dev/i2c-6 Device 1002:747E Subsystem: 1DA2:F475
78    |Info:    [ResourceManager] Registering I2C interface: /dev/i2c-13 Device 1002:164E Subsystem: 1462:7E26
78    |Info:    [ResourceManager] Registering I2C interface: /dev/i2c-4 Device 1002:747E Subsystem: 1DA2:F475
78    |Info:    [ResourceManager] Registering I2C interface: /dev/i2c-11 Device 1002:164E Subsystem: 1462:7E26
78    |Info:    [ResourceManager] Registering I2C interface: /dev/i2c-2 Device 1022:790B Subsystem: 1462:7E26
78    |Info:    [ResourceManager] Registering I2C interface: /dev/i2c-0 Device 1022:790B Subsystem: 1462:7E26
78    |Warning: [i2c_smbus_linux] Failed to read i2c device PCI device ID
78    |Info:    [ResourceManager] Registering I2C interface: /dev/i2c-9 Device 0000:0000 Subsystem: 0000:0000
78    |Warning: [i2c_smbus_linux] Failed to read i2c device PCI device ID
78    |Info:    [ResourceManager] Registering I2C interface: /dev/i2c-16 Device 0000:0000 Subsystem: 0000:0000
78    |Info:    [ResourceManager] Registering I2C interface: /dev/i2c-7 Device 1002:747E Subsystem: 1DA2:F475
79    |Info:    [ResourceManager] Registering I2C interface: /dev/i2c-14 Device 1002:164E Subsystem: 1462:7E26
79    |Info:    [ResourceManager] Registering I2C interface: /dev/i2c-5 Device 1002:747E Subsystem: 1DA2:F475
79    |Info:    [ResourceManager] Registering I2C interface: /dev/i2c-12 Device 1002:164E Subsystem: 1462:7E26
79    |Info:    ------------------------------------------------------
79    |Info:    |               Detecting I2C devices                |
79    |Info:    ------------------------------------------------------
442   |Info:    [ENE DRAM] Registering RGB controller
704   |Info:    [ENE DRAM] Registering RGB controller
1904  |Info:    ------------------------------------------------------
1904  |Info:    |            Detecting I2C DIMM modules              |
1904  |Info:    ------------------------------------------------------
2927  |Info:    [ResourceManager] Detected occupied slot 2, bus 2, type DDR5
3946  |Info:    [ResourceManager] Detected occupied slot 4, bus 2, type DDR5
3972  |Info:    [ResourceManager] Detected occupied slot 2, bus 10, type DDR5
3976  |Info:    [ResourceManager] Detected occupied slot 4, bus 10, type DDR5
4000  |Info:    [ResourceManager] Detected occupied slot 2, bus 11, type DDR5
4005  |Info:    [ResourceManager] Detected occupied slot 4, bus 11, type DDR5
4023  |Info:    ------------------------------------------------------
4023  |Info:    |               Detecting I2C PCI devices            |
4023  |Info:    ------------------------------------------------------
4068  |Info:    ------------------------------------------------------
4068  |Info:    |               Detecting HID devices                |
4068  |Info:    ------------------------------------------------------
4137  |Info:    [MSI B650 GAMING PLUS WIFI (MS-7E26)] Registering RGB controller
4137  |Info:    ------------------------------------------------------
4137  |Info:    |            Detecting libusb HID devices            |
4137  |Info:    ------------------------------------------------------
4145  |Info:    ------------------------------------------------------
4145  |Info:    |              Detecting other devices               |
4145  |Info:    ------------------------------------------------------
4212  |Info:    [ResourceManager] Calling Post-detection callbacks
4212  |Info:    ------------------------------------------------------
4212  |Info:    |                Detection completed                 |
4212  |Info:    ------------------------------------------------------
6274  |Info:    [ProfileManager] Profile loading: Succeeded for ENE DRAM @ I2C: /dev/i2c-0, address 0x71
6274  |Info:    [ProfileManager] Profile loading: Succeeded for ENE DRAM @ I2C: /dev/i2c-0, address 0x73
6274  |Info:    [ProfileManager] Profile loading: Succeeded for MSI B650 GAMING PLUS WIFI (MS-7E26) @ HID: /dev/hidraw5
7695  |Info:    [ProfileManager] Profile loading: Succeeded for ENE DRAM @ I2C: /dev/i2c-0, address 0x71
7695  |Info:    [ProfileManager] Profile loading: Succeeded for ENE DRAM @ I2C: /dev/i2c-0, address 0x73
7695  |Info:    [ProfileManager] Profile loading: Succeeded for MSI B650 GAMING PLUS WIFI (MS-7E26) @ HID: /dev/hidraw5
9635  |Info:    [ProfileManager] Profile loading: Succeeded for ENE DRAM @ I2C: /dev/i2c-0, address 0x71
9635  |Info:    [ProfileManager] Profile loading: Succeeded for ENE DRAM @ I2C: /dev/i2c-0, address 0x73
9635  |Info:    [ProfileManager] Profile loading: Succeeded for MSI B650 GAMING PLUS WIFI (MS-7E26) @ HID: /dev/hidraw5
