    OpenRGB v0.9+ (git1290)
    Commit: 45af044cd84032b9a9b5865cb5e12aa2cd98c47e from 2025-04-13 13:42:14 -0500
    Launched: 20250528_160323
====================================================================================================

0     |Info:    [ProfileManager] Found file: lol.orp attempting to validate header
0     |Info:    [ProfileManager] Valid v5 profile found for lol
0     |Info:    [ProfileManager] Found file: blanco.orp attempting to validate header
1     |Info:    [ProfileManager] Valid v5 profile found for blanco
1     |Info:    [ProfileManager] Found file: Rojo.orp attempting to validate header
1     |Info:    [ProfileManager] Valid v5 profile found for Rojo
1     |Info:    [ProfileManager] Found file: Turquesa\.orp attempting to validate header
2     |Info:    [ProfileManager] Valid v5 profile found for Turquesa\
2     |Info:    [ProfileManager] Found file: free.orp attempting to validate header
3     |Info:    [ProfileManager] Valid v5 profile found for free
64    |Info:    [ResourceManager] Initializing HID interfaces: Success
64    |Info:    ------------------------------------------------------
64    |Info:    |               Start device detection               |
64    |Info:    ------------------------------------------------------
68    |Info:    ------------------------------------------------------
68    |Info:    |             Detecting I2C interfaces               |
68    |Info:    ------------------------------------------------------
68    |Info:    [ResourceManager] Registering I2C interface: /dev/i2c-3 Device 1002:747E Subsystem: 1DA2:F475
68    |Warning: [i2c_smbus_linux] Failed to read i2c device PCI device ID
68    |Info:    [ResourceManager] Registering I2C interface: /dev/i2c-10 Device 0000:0000 Subsystem: 0000:0000
68    |Info:    [ResourceManager] Registering I2C interface: /dev/i2c-1 Device 1022:790B Subsystem: 1462:7E26
68    |Warning: [i2c_smbus_linux] Failed to read i2c device PCI device ID
68    |Info:    [ResourceManager] Registering I2C interface: /dev/i2c-17 Device 0000:0000 Subsystem: 0000:0000
69    |Info:    [ResourceManager] Registering I2C interface: /dev/i2c-8 Device 1002:747E Subsystem: 1DA2:F475
69    |Warning: [i2c_smbus_linux] Failed to read i2c device PCI device ID
69    |Info:    [ResourceManager] Registering I2C interface: /dev/i2c-15 Device 0000:0000 Subsystem: 0000:0000
69    |Info:    [ResourceManager] Registering I2C interface: /dev/i2c-6 Device 1002:747E Subsystem: 1DA2:F475
69    |Info:    [ResourceManager] Registering I2C interface: /dev/i2c-13 Device 1002:164E Subsystem: 1462:7E26
69    |Info:    [ResourceManager] Registering I2C interface: /dev/i2c-4 Device 1002:747E Subsystem: 1DA2:F475
69    |Info:    [ResourceManager] Registering I2C interface: /dev/i2c-11 Device 1002:164E Subsystem: 1462:7E26
69    |Info:    [ResourceManager] Registering I2C interface: /dev/i2c-2 Device 1022:790B Subsystem: 1462:7E26
69    |Info:    [ResourceManager] Registering I2C interface: /dev/i2c-0 Device 1022:790B Subsystem: 1462:7E26
69    |Warning: [i2c_smbus_linux] Failed to read i2c device PCI device ID
69    |Info:    [ResourceManager] Registering I2C interface: /dev/i2c-9 Device 0000:0000 Subsystem: 0000:0000
69    |Warning: [i2c_smbus_linux] Failed to read i2c device PCI device ID
69    |Info:    [ResourceManager] Registering I2C interface: /dev/i2c-16 Device 0000:0000 Subsystem: 0000:0000
69    |Info:    [ResourceManager] Registering I2C interface: /dev/i2c-7 Device 1002:747E Subsystem: 1DA2:F475
69    |Info:    [ResourceManager] Registering I2C interface: /dev/i2c-14 Device 1002:164E Subsystem: 1462:7E26
69    |Info:    [ResourceManager] Registering I2C interface: /dev/i2c-5 Device 1002:747E Subsystem: 1DA2:F475
69    |Info:    [ResourceManager] Registering I2C interface: /dev/i2c-12 Device 1002:164E Subsystem: 1462:7E26
69    |Info:    ------------------------------------------------------
69    |Info:    |               Detecting I2C devices                |
69    |Info:    ------------------------------------------------------
432   |Info:    [ENE DRAM] Registering RGB controller
689   |Info:    [ENE DRAM] Registering RGB controller
1887  |Info:    ------------------------------------------------------
1887  |Info:    |            Detecting I2C DIMM modules              |
1887  |Info:    ------------------------------------------------------
2863  |Info:    [ResourceManager] Detected occupied slot 2, bus 2, type DDR5
3845  |Info:    [ResourceManager] Detected occupied slot 4, bus 2, type DDR5
3869  |Info:    [ResourceManager] Detected occupied slot 2, bus 10, type DDR5
3874  |Info:    [ResourceManager] Detected occupied slot 4, bus 10, type DDR5
3898  |Info:    [ResourceManager] Detected occupied slot 2, bus 11, type DDR5
3903  |Info:    [ResourceManager] Detected occupied slot 4, bus 11, type DDR5
3922  |Info:    ------------------------------------------------------
3922  |Info:    |               Detecting I2C PCI devices            |
3922  |Info:    ------------------------------------------------------
3968  |Info:    ------------------------------------------------------
3968  |Info:    |               Detecting HID devices                |
3968  |Info:    ------------------------------------------------------
4037  |Info:    [MSI B650 GAMING PLUS WIFI (MS-7E26)] Registering RGB controller
4037  |Info:    ------------------------------------------------------
4037  |Info:    |            Detecting libusb HID devices            |
4037  |Info:    ------------------------------------------------------
4116  |Info:    ------------------------------------------------------
4116  |Info:    |              Detecting other devices               |
4116  |Info:    ------------------------------------------------------
4182  |Info:    [ResourceManager] Calling Post-detection callbacks
4182  |Info:    ------------------------------------------------------
4182  |Info:    |                Detection completed                 |
4182  |Info:    ------------------------------------------------------
8182  |Info:    [ProfileManager] Profile loading: Succeeded for ENE DRAM @ I2C: /dev/i2c-0, address 0x71
8182  |Info:    [ProfileManager] Profile loading: Succeeded for ENE DRAM @ I2C: /dev/i2c-0, address 0x73
8182  |Info:    [ProfileManager] Profile loading: Succeeded for MSI B650 GAMING PLUS WIFI (MS-7E26) @ HID: /dev/hidraw5
