    OpenRGB v0.9+ (git1290)
    Commit: 45af044cd84032b9a9b5865cb5e12aa2cd98c47e from 2025-04-13 13:42:14 -0500
    Launched: 20250613_085641
====================================================================================================

0     |Info:    [ProfileManager] Found file: lol.orp attempting to validate header
0     |Info:    [ProfileManager] Valid v5 profile found for lol
0     |Info:    [ProfileManager] Found file: Verde.orp attempting to validate header
0     |Info:    [ProfileManager] Valid v5 profile found for Verde
0     |Info:    [ProfileManager] Found file: blanco.orp attempting to validate header
1     |Info:    [ProfileManager] Valid v5 profile found for blanco
1     |Info:    [ProfileManager] Found file: Rojo.orp attempting to validate header
1     |Info:    [ProfileManager] Valid v5 profile found for Rojo
1     |Info:    [ProfileManager] Found file: rosa.orp attempting to validate header
1     |Info:    [ProfileManager] Valid v5 profile found for rosa
2     |Info:    [ProfileManager] Found file: Turquesa\.orp attempting to validate header
2     |Info:    [ProfileManager] Valid v5 profile found for Turquesa\
2     |Info:    [ProfileManager] Found file: free.orp attempting to validate header
2     |Info:    [ProfileManager] Valid v5 profile found for free
81    |Info:    [ResourceManager] Initializing HID interfaces: Success
81    |Info:    ------------------------------------------------------
81    |Info:    |               Start device detection               |
81    |Info:    ------------------------------------------------------
84    |Info:    ------------------------------------------------------
84    |Info:    |             Detecting I2C interfaces               |
84    |Info:    ------------------------------------------------------
84    |Info:    [ResourceManager] Registering I2C interface: /dev/i2c-3 Device 1002:747E Subsystem: 1DA2:F475
84    |Warning: [i2c_smbus_linux] Failed to read i2c device PCI device ID
84    |Info:    [ResourceManager] Registering I2C interface: /dev/i2c-10 Device 0000:0000 Subsystem: 0000:0000
84    |Info:    [ResourceManager] Registering I2C interface: /dev/i2c-1 Device 1022:790B Subsystem: 1462:7E26
84    |Warning: [i2c_smbus_linux] Failed to read i2c device PCI device ID
84    |Info:    [ResourceManager] Registering I2C interface: /dev/i2c-17 Device 0000:0000 Subsystem: 0000:0000
84    |Info:    [ResourceManager] Registering I2C interface: /dev/i2c-8 Device 1002:747E Subsystem: 1DA2:F475
85    |Info:    [ResourceManager] Registering I2C interface: /dev/i2c-15 Device 1002:164E Subsystem: 1462:7E26
85    |Info:    [ResourceManager] Registering I2C interface: /dev/i2c-6 Device 1002:747E Subsystem: 1DA2:F475
85    |Info:    [ResourceManager] Registering I2C interface: /dev/i2c-13 Device 1002:164E Subsystem: 1462:7E26
85    |Info:    [ResourceManager] Registering I2C interface: /dev/i2c-4 Device 1002:747E Subsystem: 1DA2:F475
85    |Warning: [i2c_smbus_linux] Failed to read i2c device PCI device ID
85    |Info:    [ResourceManager] Registering I2C interface: /dev/i2c-11 Device 0000:0000 Subsystem: 0000:0000
85    |Info:    [ResourceManager] Registering I2C interface: /dev/i2c-2 Device 1022:790B Subsystem: 1462:7E26
85    |Info:    [ResourceManager] Registering I2C interface: /dev/i2c-0 Device 1022:790B Subsystem: 1462:7E26
85    |Warning: [i2c_smbus_linux] Failed to read i2c device PCI device ID
85    |Info:    [ResourceManager] Registering I2C interface: /dev/i2c-18 Device 0000:0000 Subsystem: 0000:0000
85    |Info:    [ResourceManager] Registering I2C interface: /dev/i2c-9 Device 1002:747E Subsystem: 1DA2:F475
85    |Warning: [i2c_smbus_linux] Failed to read i2c device PCI device ID
85    |Info:    [ResourceManager] Registering I2C interface: /dev/i2c-16 Device 0000:0000 Subsystem: 0000:0000
85    |Info:    [ResourceManager] Registering I2C interface: /dev/i2c-7 Device 1002:747E Subsystem: 1DA2:F475
85    |Info:    [ResourceManager] Registering I2C interface: /dev/i2c-14 Device 1002:164E Subsystem: 1462:7E26
85    |Info:    [ResourceManager] Registering I2C interface: /dev/i2c-5 Device 1002:747E Subsystem: 1DA2:F475
85    |Info:    [ResourceManager] Registering I2C interface: /dev/i2c-12 Device 1002:164E Subsystem: 1462:7E26
85    |Info:    ------------------------------------------------------
85    |Info:    |               Detecting I2C devices                |
85    |Info:    ------------------------------------------------------
458   |Info:    [ENE DRAM] Registering RGB controller
720   |Info:    [ENE DRAM] Registering RGB controller
1924  |Info:    ------------------------------------------------------
1924  |Info:    |            Detecting I2C DIMM modules              |
1924  |Info:    ------------------------------------------------------
2940  |Info:    [ResourceManager] Detected occupied slot 2, bus 2, type DDR5
3964  |Info:    [ResourceManager] Detected occupied slot 4, bus 2, type DDR5
3988  |Info:    [ResourceManager] Detected occupied slot 2, bus 10, type DDR5
3993  |Info:    [ResourceManager] Detected occupied slot 4, bus 10, type DDR5
4017  |Info:    [ResourceManager] Detected occupied slot 2, bus 11, type DDR5
4021  |Info:    [ResourceManager] Detected occupied slot 4, bus 11, type DDR5
4041  |Info:    ------------------------------------------------------
4041  |Info:    |               Detecting I2C PCI devices            |
4041  |Info:    ------------------------------------------------------
4081  |Info:    [Sapphire Radeon RX 7700 XT Nitro+] Registering RGB controller
4094  |Info:    ------------------------------------------------------
4094  |Info:    |               Detecting HID devices                |
4094  |Info:    ------------------------------------------------------
4167  |Info:    [MSI B650 GAMING PLUS WIFI (MS-7E26)] Registering RGB controller
4167  |Info:    ------------------------------------------------------
4167  |Info:    |            Detecting libusb HID devices            |
4167  |Info:    ------------------------------------------------------
4176  |Info:    ------------------------------------------------------
4176  |Info:    |              Detecting other devices               |
4176  |Info:    ------------------------------------------------------
4244  |Info:    [ResourceManager] Calling Post-detection callbacks
4244  |Info:    ------------------------------------------------------
4244  |Info:    |                Detection completed                 |
4244  |Info:    ------------------------------------------------------
22325 |Info:    [ProfileManager] Profile loading: Succeeded for ENE DRAM @ I2C: /dev/i2c-0, address 0x71
22325 |Info:    [ProfileManager] Profile loading: Succeeded for ENE DRAM @ I2C: /dev/i2c-0, address 0x73
22325 |Info:    [ProfileManager] Profile loading: Succeeded for Sapphire Radeon RX 7700 XT Nitro+ @ I2C: /dev/i2c-9, address 0x28
22325 |Info:    [ProfileManager] Profile loading: Succeeded for MSI B650 GAMING PLUS WIFI (MS-7E26) @ HID: /dev/hidraw5
