    OpenRGB v0.9+ (git1290)
    Commit: 45af044cd84032b9a9b5865cb5e12aa2cd98c47e from 2025-04-13 13:42:14 -0500
    Launched: 20250803_161710
====================================================================================================

0     |Info:    [ProfileManager] Found file: lol.orp attempting to validate header
1     |Info:    [ProfileManager] Valid v5 profile found for lol
1     |Info:    [ProfileManager] Found file: Verde.orp attempting to validate header
2     |Info:    [ProfileManager] Valid v5 profile found for Verde
2     |Info:    [ProfileManager] Found file: blanco.orp attempting to validate header
3     |Info:    [ProfileManager] Valid v5 profile found for blanco
3     |Info:    [ProfileManager] Found file: Rojo.orp attempting to validate header
8     |Info:    [ProfileManager] Valid v5 profile found for Rojo
8     |Info:    [ProfileManager] Found file: rosa.orp attempting to validate header
9     |Info:    [ProfileManager] Valid v5 profile found for rosa
9     |Info:    [ProfileManager] Found file: Turquesa\.orp attempting to validate header
9     |Info:    [ProfileManager] Valid v5 profile found for Turquesa\
9     |Info:    [ProfileManager] Found file: free.orp attempting to validate header
9     |Info:    [ProfileManager] Valid v5 profile found for free
90    |Info:    [ResourceManager] Initializing HID interfaces: Success
90    |Info:    ------------------------------------------------------
90    |Info:    |               Start device detection               |
90    |Info:    ------------------------------------------------------
94    |Info:    ------------------------------------------------------
94    |Info:    |             Detecting I2C interfaces               |
94    |Info:    ------------------------------------------------------
94    |Info:    [ResourceManager] Registering I2C interface: /dev/i2c-3 Device 1002:747E Subsystem: 1DA2:F475
94    |Warning: [i2c_smbus_linux] Failed to read i2c device PCI device ID
94    |Info:    [ResourceManager] Registering I2C interface: /dev/i2c-10 Device 0000:0000 Subsystem: 0000:0000
94    |Info:    [ResourceManager] Registering I2C interface: /dev/i2c-1 Device 1022:790B Subsystem: 1462:7E26
94    |Warning: [i2c_smbus_linux] Failed to read i2c device PCI device ID
94    |Info:    [ResourceManager] Registering I2C interface: /dev/i2c-17 Device 0000:0000 Subsystem: 0000:0000
94    |Info:    [ResourceManager] Registering I2C interface: /dev/i2c-8 Device 1002:747E Subsystem: 1DA2:F475
94    |Info:    [ResourceManager] Registering I2C interface: /dev/i2c-15 Device 1002:164E Subsystem: 1462:7E26
94    |Info:    [ResourceManager] Registering I2C interface: /dev/i2c-6 Device 1002:747E Subsystem: 1DA2:F475
94    |Info:    [ResourceManager] Registering I2C interface: /dev/i2c-13 Device 1002:164E Subsystem: 1462:7E26
94    |Info:    [ResourceManager] Registering I2C interface: /dev/i2c-4 Device 1002:747E Subsystem: 1DA2:F475
94    |Warning: [i2c_smbus_linux] Failed to read i2c device PCI device ID
94    |Info:    [ResourceManager] Registering I2C interface: /dev/i2c-11 Device 0000:0000 Subsystem: 0000:0000
94    |Info:    [ResourceManager] Registering I2C interface: /dev/i2c-2 Device 1022:790B Subsystem: 1462:7E26
94    |Info:    [ResourceManager] Registering I2C interface: /dev/i2c-0 Device 1022:790B Subsystem: 1462:7E26
94    |Warning: [i2c_smbus_linux] Failed to read i2c device PCI device ID
95    |Info:    [ResourceManager] Registering I2C interface: /dev/i2c-18 Device 0000:0000 Subsystem: 0000:0000
95    |Info:    [ResourceManager] Registering I2C interface: /dev/i2c-9 Device 1002:747E Subsystem: 1DA2:F475
95    |Warning: [i2c_smbus_linux] Failed to read i2c device PCI device ID
95    |Info:    [ResourceManager] Registering I2C interface: /dev/i2c-16 Device 0000:0000 Subsystem: 0000:0000
95    |Info:    [ResourceManager] Registering I2C interface: /dev/i2c-7 Device 1002:747E Subsystem: 1DA2:F475
95    |Info:    [ResourceManager] Registering I2C interface: /dev/i2c-14 Device 1002:164E Subsystem: 1462:7E26
95    |Info:    [ResourceManager] Registering I2C interface: /dev/i2c-5 Device 1002:747E Subsystem: 1DA2:F475
95    |Info:    [ResourceManager] Registering I2C interface: /dev/i2c-12 Device 1002:164E Subsystem: 1462:7E26
95    |Info:    ------------------------------------------------------
95    |Info:    |               Detecting I2C devices                |
95    |Info:    ------------------------------------------------------
461   |Info:    [ENE DRAM] Registering RGB controller
718   |Info:    [ENE DRAM] Registering RGB controller
1917  |Info:    ------------------------------------------------------
1917  |Info:    |            Detecting I2C DIMM modules              |
1917  |Info:    ------------------------------------------------------
2925  |Info:    [ResourceManager] Detected occupied slot 2, bus 2, type DDR5
3938  |Info:    [ResourceManager] Detected occupied slot 4, bus 2, type DDR5
3962  |Info:    [ResourceManager] Detected occupied slot 2, bus 10, type DDR5
3966  |Info:    [ResourceManager] Detected occupied slot 4, bus 10, type DDR5
3990  |Info:    [ResourceManager] Detected occupied slot 2, bus 11, type DDR5
3995  |Info:    [ResourceManager] Detected occupied slot 4, bus 11, type DDR5
4013  |Info:    ------------------------------------------------------
4013  |Info:    |               Detecting I2C PCI devices            |
4013  |Info:    ------------------------------------------------------
4056  |Info:    [Sapphire Radeon RX 7700 XT Nitro+] Registering RGB controller
4069  |Info:    ------------------------------------------------------
4069  |Info:    |               Detecting HID devices                |
4069  |Info:    ------------------------------------------------------
4142  |Info:    [MSI B650 GAMING PLUS WIFI (MS-7E26)] Registering RGB controller
4144  |Info:    ------------------------------------------------------
4144  |Info:    |            Detecting libusb HID devices            |
4144  |Info:    ------------------------------------------------------
4151  |Info:    ------------------------------------------------------
4151  |Info:    |              Detecting other devices               |
4151  |Info:    ------------------------------------------------------
4219  |Info:    [ResourceManager] Calling Post-detection callbacks
4219  |Info:    ------------------------------------------------------
4219  |Info:    |                Detection completed                 |
4219  |Info:    ------------------------------------------------------
