    OpenRGB v0.9+ (git1660)
    Commit: 93dd7f21226f93a7b5ddd49c1eed89ed9d535e54 from 2025-09-28 01:57:07 -0500
    Launched: 20250929_150803
====================================================================================================

2     |Info:    [ProfileManager] Found file: lol.orp attempting to validate header
2     |Info:    [ProfileManager] Valid v5 profile found for lol
2     |Info:    [ProfileManager] Found file: Verde.orp attempting to validate header
3     |Info:    [ProfileManager] Valid v5 profile found for Verde
3     |Info:    [ProfileManager] Found file: Rojo.orp attempting to validate header
3     |Info:    [ProfileManager] Valid v5 profile found for Rojo
3     |Info:    [ProfileManager] Found file: rosa.orp attempting to validate header
3     |Info:    [ProfileManager] Valid v5 profile found for rosa
3     |Info:    [ProfileManager] Found file: Turquesa\.orp attempting to validate header
3     |Info:    [ProfileManager] Valid v5 profile found for Turquesa\
4     |Info:    [ProfileManager] Found file: free.orp attempting to validate header
4     |Info:    [ProfileManager] Valid v5 profile found for free
69    |Info:    [ResourceManager] Initializing HID interfaces: Success
69    |Info:    ------------------------------------------------------
69    |Info:    |               Start device detection               |
69    |Info:    ------------------------------------------------------
80    |Info:    ------------------------------------------------------
80    |Info:    |             Detecting I2C interfaces               |
80    |Info:    ------------------------------------------------------
81    |Info:    [ResourceManager] Registering I2C interface: /dev/i2c-3 Device 1002:747E Subsystem: 1DA2:F475
81    |Warning: [i2c_smbus_linux] Failed to read i2c device PCI device ID
81    |Info:    [ResourceManager] Registering I2C interface: /dev/i2c-10 Device 0000:0000 Subsystem: 0000:0000
81    |Info:    [ResourceManager] Registering I2C interface: /dev/i2c-1 Device 1022:790B Subsystem: 1462:7E26
81    |Warning: [i2c_smbus_linux] Failed to read i2c device PCI device ID
81    |Info:    [ResourceManager] Registering I2C interface: /dev/i2c-17 Device 0000:0000 Subsystem: 0000:0000
81    |Info:    [ResourceManager] Registering I2C interface: /dev/i2c-8 Device 1002:747E Subsystem: 1DA2:F475
81    |Info:    [ResourceManager] Registering I2C interface: /dev/i2c-15 Device 1002:164E Subsystem: 1462:7E26
81    |Info:    [ResourceManager] Registering I2C interface: /dev/i2c-6 Device 1002:747E Subsystem: 1DA2:F475
81    |Info:    [ResourceManager] Registering I2C interface: /dev/i2c-13 Device 1002:164E Subsystem: 1462:7E26
81    |Info:    [ResourceManager] Registering I2C interface: /dev/i2c-4 Device 1002:747E Subsystem: 1DA2:F475
81    |Warning: [i2c_smbus_linux] Failed to read i2c device PCI device ID
81    |Info:    [ResourceManager] Registering I2C interface: /dev/i2c-11 Device 0000:0000 Subsystem: 0000:0000
81    |Info:    [ResourceManager] Registering I2C interface: /dev/i2c-2 Device 1022:790B Subsystem: 1462:7E26
82    |Info:    [ResourceManager] Registering I2C interface: /dev/i2c-0 Device 1022:790B Subsystem: 1462:7E26
82    |Warning: [i2c_smbus_linux] Failed to read i2c device PCI device ID
82    |Info:    [ResourceManager] Registering I2C interface: /dev/i2c-18 Device 0000:0000 Subsystem: 0000:0000
82    |Info:    [ResourceManager] Registering I2C interface: /dev/i2c-9 Device 1002:747E Subsystem: 1DA2:F475
82    |Warning: [i2c_smbus_linux] Failed to read i2c device PCI device ID
82    |Info:    [ResourceManager] Registering I2C interface: /dev/i2c-16 Device 0000:0000 Subsystem: 0000:0000
82    |Info:    [ResourceManager] Registering I2C interface: /dev/i2c-7 Device 1002:747E Subsystem: 1DA2:F475
82    |Info:    [ResourceManager] Registering I2C interface: /dev/i2c-14 Device 1002:164E Subsystem: 1462:7E26
82    |Info:    [ResourceManager] Registering I2C interface: /dev/i2c-5 Device 1002:747E Subsystem: 1DA2:F475
82    |Info:    [ResourceManager] Registering I2C interface: /dev/i2c-12 Device 1002:164E Subsystem: 1462:7E26
82    |Info:    ------------------------------------------------------
82    |Info:    |               Detecting I2C devices                |
82    |Info:    ------------------------------------------------------
443   |Info:    [ENE DRAM] Registering RGB controller
696   |Info:    [ENE DRAM] Registering RGB controller
1593  |Info:    ------------------------------------------------------
1593  |Info:    |            Detecting I2C DIMM modules              |
1593  |Info:    ------------------------------------------------------
2709  |Info:    [ResourceManager] Detected occupied slot 2, bus 11, type DDR5
3738  |Info:    [ResourceManager] Detected occupied slot 4, bus 11, type DDR5
3756  |Info:    ------------------------------------------------------
3756  |Info:    |               Detecting I2C PCI devices            |
3756  |Info:    ------------------------------------------------------
3796  |Info:    [Sapphire Radeon RX 7700 XT Nitro+] Registering RGB controller
3809  |Info:    ------------------------------------------------------
3809  |Info:    |               Detecting HID devices                |
3809  |Info:    ------------------------------------------------------
3874  |Info:    [MSI B650 GAMING PLUS WIFI (MS-7E26)] Registering RGB controller
3875  |Info:    ------------------------------------------------------
3875  |Info:    |            Detecting libusb HID devices            |
3875  |Info:    ------------------------------------------------------
3959  |Info:    ------------------------------------------------------
3959  |Info:    |              Detecting other devices               |
3959  |Info:    ------------------------------------------------------
4035  |Info:    [ResourceManager] Calling Post-detection callbacks
4035  |Info:    ------------------------------------------------------
4035  |Info:    |                Detection completed                 |
4035  |Info:    ------------------------------------------------------
