    OpenRGB v0.9+ (git1290)
    Commit: 45af044cd84032b9a9b5865cb5e12aa2cd98c47e from 2025-04-13 13:42:14 -0500
    Launched: 20250801_205046
====================================================================================================

0     |Info:    [ProfileManager] Found file: lol.orp attempting to validate header
0     |Info:    [ProfileManager] Valid v5 profile found for lol
0     |Info:    [ProfileManager] Found file: Verde.orp attempting to validate header
0     |Info:    [ProfileManager] Valid v5 profile found for Verde
0     |Info:    [ProfileManager] Found file: blanco.orp attempting to validate header
0     |Info:    [ProfileManager] Valid v5 profile found for blanco
0     |Info:    [ProfileManager] Found file: Rojo.orp attempting to validate header
0     |Info:    [ProfileManager] Valid v5 profile found for Rojo
0     |Info:    [ProfileManager] Found file: rosa.orp attempting to validate header
0     |Info:    [ProfileManager] Valid v5 profile found for rosa
0     |Info:    [ProfileManager] Found file: Turquesa\.orp attempting to validate header
0     |Info:    [ProfileManager] Valid v5 profile found for Turquesa\
0     |Info:    [ProfileManager] Found file: free.orp attempting to validate header
0     |Info:    [ProfileManager] Valid v5 profile found for free
52    |Info:    [ResourceManager] Initializing HID interfaces: Success
52    |Info:    ------------------------------------------------------
52    |Info:    |               Start device detection               |
52    |Info:    ------------------------------------------------------
57    |Info:    ------------------------------------------------------
57    |Info:    |             Detecting I2C interfaces               |
57    |Info:    ------------------------------------------------------
57    |Info:    [ResourceManager] Registering I2C interface: /dev/i2c-3 Device 1002:747E Subsystem: 1DA2:F475
57    |Warning: [i2c_smbus_linux] Failed to read i2c device PCI device ID
57    |Info:    [ResourceManager] Registering I2C interface: /dev/i2c-10 Device 0000:0000 Subsystem: 0000:0000
57    |Info:    [ResourceManager] Registering I2C interface: /dev/i2c-1 Device 1022:790B Subsystem: 1462:7E26
57    |Warning: [i2c_smbus_linux] Failed to read i2c device PCI device ID
57    |Info:    [ResourceManager] Registering I2C interface: /dev/i2c-17 Device 0000:0000 Subsystem: 0000:0000
57    |Info:    [ResourceManager] Registering I2C interface: /dev/i2c-8 Device 1002:747E Subsystem: 1DA2:F475
57    |Info:    [ResourceManager] Registering I2C interface: /dev/i2c-15 Device 1002:164E Subsystem: 1462:7E26
57    |Info:    [ResourceManager] Registering I2C interface: /dev/i2c-6 Device 1002:747E Subsystem: 1DA2:F475
57    |Info:    [ResourceManager] Registering I2C interface: /dev/i2c-13 Device 1002:164E Subsystem: 1462:7E26
57    |Info:    [ResourceManager] Registering I2C interface: /dev/i2c-4 Device 1002:747E Subsystem: 1DA2:F475
57    |Warning: [i2c_smbus_linux] Failed to read i2c device PCI device ID
57    |Info:    [ResourceManager] Registering I2C interface: /dev/i2c-11 Device 0000:0000 Subsystem: 0000:0000
57    |Info:    [ResourceManager] Registering I2C interface: /dev/i2c-2 Device 1022:790B Subsystem: 1462:7E26
57    |Info:    [ResourceManager] Registering I2C interface: /dev/i2c-0 Device 1022:790B Subsystem: 1462:7E26
57    |Warning: [i2c_smbus_linux] Failed to read i2c device PCI device ID
57    |Info:    [ResourceManager] Registering I2C interface: /dev/i2c-18 Device 0000:0000 Subsystem: 0000:0000
57    |Info:    [ResourceManager] Registering I2C interface: /dev/i2c-9 Device 1002:747E Subsystem: 1DA2:F475
57    |Warning: [i2c_smbus_linux] Failed to read i2c device PCI device ID
57    |Info:    [ResourceManager] Registering I2C interface: /dev/i2c-16 Device 0000:0000 Subsystem: 0000:0000
57    |Info:    [ResourceManager] Registering I2C interface: /dev/i2c-7 Device 1002:747E Subsystem: 1DA2:F475
58    |Info:    [ResourceManager] Registering I2C interface: /dev/i2c-14 Device 1002:164E Subsystem: 1462:7E26
58    |Info:    [ResourceManager] Registering I2C interface: /dev/i2c-5 Device 1002:747E Subsystem: 1DA2:F475
58    |Info:    [ResourceManager] Registering I2C interface: /dev/i2c-12 Device 1002:164E Subsystem: 1462:7E26
58    |Info:    ------------------------------------------------------
58    |Info:    |               Detecting I2C devices                |
58    |Info:    ------------------------------------------------------
426   |Info:    [ENE DRAM] Registering RGB controller
690   |Info:    [ENE DRAM] Registering RGB controller
1890  |Info:    ------------------------------------------------------
1890  |Info:    |            Detecting I2C DIMM modules              |
1890  |Info:    ------------------------------------------------------
1896  |Info:    [ResourceManager] Detected occupied slot 2, bus 2, type DDR5
1901  |Info:    [ResourceManager] Detected occupied slot 4, bus 2, type DDR5
1925  |Info:    [ResourceManager] Detected occupied slot 2, bus 10, type DDR5
1930  |Info:    [ResourceManager] Detected occupied slot 4, bus 10, type DDR5
1953  |Info:    [ResourceManager] Detected occupied slot 2, bus 11, type DDR5
1959  |Info:    [ResourceManager] Detected occupied slot 4, bus 11, type DDR5
1979  |Info:    ------------------------------------------------------
1979  |Info:    |               Detecting I2C PCI devices            |
1979  |Info:    ------------------------------------------------------
2022  |Info:    [Sapphire Radeon RX 7700 XT Nitro+] Registering RGB controller
2034  |Info:    ------------------------------------------------------
2034  |Info:    |               Detecting HID devices                |
2034  |Info:    ------------------------------------------------------
2101  |Info:    [MSI B650 GAMING PLUS WIFI (MS-7E26)] Registering RGB controller
2102  |Info:    ------------------------------------------------------
2102  |Info:    |            Detecting libusb HID devices            |
2102  |Info:    ------------------------------------------------------
2181  |Info:    ------------------------------------------------------
2181  |Info:    |              Detecting other devices               |
2181  |Info:    ------------------------------------------------------
2242  |Info:    [ResourceManager] Calling Post-detection callbacks
2242  |Info:    ------------------------------------------------------
2242  |Info:    |                Detection completed                 |
2242  |Info:    ------------------------------------------------------
