    OpenRGB v0.9+ (git1660)
    Commit: 93dd7f21226f93a7b5ddd49c1eed89ed9d535e54 from 2025-09-28 01:57:07 -0500
    Launched: 20250930_151151
====================================================================================================

2     |Info:    [ProfileManager] Found file: lol.orp attempting to validate header
2     |Info:    [ProfileManager] Valid v5 profile found for lol
2     |Info:    [ProfileManager] Found file: Verde.orp attempting to validate header
2     |Info:    [ProfileManager] Valid v5 profile found for Verde
2     |Info:    [ProfileManager] Found file: Rojo.orp attempting to validate header
3     |Info:    [ProfileManager] Valid v5 profile found for Rojo
3     |Info:    [ProfileManager] Found file: rosa.orp attempting to validate header
4     |Info:    [ProfileManager] Valid v5 profile found for rosa
4     |Info:    [ProfileManager] Found file: Turquesa\.orp attempting to validate header
4     |Info:    [ProfileManager] Valid v5 profile found for Turquesa\
4     |Info:    [ProfileManager] Found file: free.orp attempting to validate header
4     |Info:    [ProfileManager] Valid v5 profile found for free
70    |Info:    [ResourceManager] Initializing HID interfaces: Success
71    |Info:    ------------------------------------------------------
71    |Info:    |               Start device detection               |
71    |Info:    ------------------------------------------------------
85    |Info:    ------------------------------------------------------
85    |Info:    |             Detecting I2C interfaces               |
85    |Info:    ------------------------------------------------------
85    |Info:    [ResourceManager] Registering I2C interface: /dev/i2c-3 Device 1002:747E Subsystem: 1DA2:F475
85    |Warning: [i2c_smbus_linux] Failed to read i2c device PCI device ID
85    |Info:    [ResourceManager] Registering I2C interface: /dev/i2c-10 Device 0000:0000 Subsystem: 0000:0000
85    |Info:    [ResourceManager] Registering I2C interface: /dev/i2c-1 Device 1022:790B Subsystem: 1462:7E26
85    |Warning: [i2c_smbus_linux] Failed to read i2c device PCI device ID
85    |Info:    [ResourceManager] Registering I2C interface: /dev/i2c-17 Device 0000:0000 Subsystem: 0000:0000
85    |Info:    [ResourceManager] Registering I2C interface: /dev/i2c-8 Device 1002:747E Subsystem: 1DA2:F475
85    |Info:    [ResourceManager] Registering I2C interface: /dev/i2c-15 Device 1002:164E Subsystem: 1462:7E26
85    |Info:    [ResourceManager] Registering I2C interface: /dev/i2c-6 Device 1002:747E Subsystem: 1DA2:F475
85    |Info:    [ResourceManager] Registering I2C interface: /dev/i2c-13 Device 1002:164E Subsystem: 1462:7E26
85    |Info:    [ResourceManager] Registering I2C interface: /dev/i2c-4 Device 1002:747E Subsystem: 1DA2:F475
85    |Warning: [i2c_smbus_linux] Failed to read i2c device PCI device ID
85    |Info:    [ResourceManager] Registering I2C interface: /dev/i2c-11 Device 0000:0000 Subsystem: 0000:0000
85    |Info:    [ResourceManager] Registering I2C interface: /dev/i2c-2 Device 1022:790B Subsystem: 1462:7E26
86    |Info:    [ResourceManager] Registering I2C interface: /dev/i2c-0 Device 1022:790B Subsystem: 1462:7E26
86    |Warning: [i2c_smbus_linux] Failed to read i2c device PCI device ID
86    |Info:    [ResourceManager] Registering I2C interface: /dev/i2c-18 Device 0000:0000 Subsystem: 0000:0000
86    |Info:    [ResourceManager] Registering I2C interface: /dev/i2c-9 Device 1002:747E Subsystem: 1DA2:F475
86    |Warning: [i2c_smbus_linux] Failed to read i2c device PCI device ID
86    |Info:    [ResourceManager] Registering I2C interface: /dev/i2c-16 Device 0000:0000 Subsystem: 0000:0000
86    |Info:    [ResourceManager] Registering I2C interface: /dev/i2c-7 Device 1002:747E Subsystem: 1DA2:F475
86    |Info:    [ResourceManager] Registering I2C interface: /dev/i2c-14 Device 1002:164E Subsystem: 1462:7E26
86    |Info:    [ResourceManager] Registering I2C interface: /dev/i2c-5 Device 1002:747E Subsystem: 1DA2:F475
86    |Info:    [ResourceManager] Registering I2C interface: /dev/i2c-12 Device 1002:164E Subsystem: 1462:7E26
86    |Info:    ------------------------------------------------------
86    |Info:    |               Detecting I2C devices                |
86    |Info:    ------------------------------------------------------
436   |Info:    [ENE DRAM] Registering RGB controller
695   |Info:    [ENE DRAM] Registering RGB controller
1586  |Info:    ------------------------------------------------------
1586  |Info:    |            Detecting I2C DIMM modules              |
1586  |Info:    ------------------------------------------------------
2703  |Info:    [ResourceManager] Detected occupied slot 2, bus 11, type DDR5
3732  |Info:    [ResourceManager] Detected occupied slot 4, bus 11, type DDR5
3751  |Info:    ------------------------------------------------------
3751  |Info:    |               Detecting I2C PCI devices            |
3751  |Info:    ------------------------------------------------------
3790  |Info:    [Sapphire Radeon RX 7700 XT Nitro+] Registering RGB controller
3802  |Info:    ------------------------------------------------------
3802  |Info:    |               Detecting HID devices                |
3802  |Info:    ------------------------------------------------------
3867  |Info:    [MSI B650 GAMING PLUS WIFI (MS-7E26)] Registering RGB controller
3868  |Info:    ------------------------------------------------------
3868  |Info:    |            Detecting libusb HID devices            |
3868  |Info:    ------------------------------------------------------
3950  |Info:    ------------------------------------------------------
3950  |Info:    |              Detecting other devices               |
3950  |Info:    ------------------------------------------------------
4024  |Info:    [ResourceManager] Calling Post-detection callbacks
4024  |Info:    ------------------------------------------------------
4024  |Info:    |                Detection completed                 |
4024  |Info:    ------------------------------------------------------
