    OpenRGB v0.9+ (git1290)
    Commit: 45af044cd84032b9a9b5865cb5e12aa2cd98c47e from 2025-04-13 13:42:14 -0500
    Launched: 20250610_155810
====================================================================================================

0     |Info:    [ProfileManager] Found file: lol.orp attempting to validate header
1     |Info:    [ProfileManager] Valid v5 profile found for lol
1     |Info:    [ProfileManager] Found file: blanco.orp attempting to validate header
1     |Info:    [ProfileManager] Valid v5 profile found for blanco
1     |Info:    [ProfileManager] Found file: Rojo.orp attempting to validate header
1     |Info:    [ProfileManager] Valid v5 profile found for Rojo
1     |Info:    [ProfileManager] Found file: Turquesa\.orp attempting to validate header
2     |Info:    [ProfileManager] Valid v5 profile found for Turquesa\
2     |Info:    [ProfileManager] Found file: free.orp attempting to validate header
3     |Info:    [ProfileManager] Valid v5 profile found for free
76    |Info:    [ResourceManager] Initializing HID interfaces: Success
76    |Info:    ------------------------------------------------------
76    |Info:    |               Start device detection               |
76    |Info:    ------------------------------------------------------
80    |Info:    ------------------------------------------------------
80    |Info:    |             Detecting I2C interfaces               |
80    |Info:    ------------------------------------------------------
80    |Info:    [ResourceManager] Registering I2C interface: /dev/i2c-3 Device 1002:747E Subsystem: 1DA2:F475
80    |Warning: [i2c_smbus_linux] Failed to read i2c device PCI device ID
80    |Info:    [ResourceManager] Registering I2C interface: /dev/i2c-10 Device 0000:0000 Subsystem: 0000:0000
80    |Info:    [ResourceManager] Registering I2C interface: /dev/i2c-1 Device 1022:790B Subsystem: 1462:7E26
80    |Warning: [i2c_smbus_linux] Failed to read i2c device PCI device ID
80    |Info:    [ResourceManager] Registering I2C interface: /dev/i2c-17 Device 0000:0000 Subsystem: 0000:0000
81    |Info:    [ResourceManager] Registering I2C interface: /dev/i2c-8 Device 1002:747E Subsystem: 1DA2:F475
81    |Warning: [i2c_smbus_linux] Failed to read i2c device PCI device ID
81    |Info:    [ResourceManager] Registering I2C interface: /dev/i2c-15 Device 0000:0000 Subsystem: 0000:0000
81    |Info:    [ResourceManager] Registering I2C interface: /dev/i2c-6 Device 1002:747E Subsystem: 1DA2:F475
81    |Info:    [ResourceManager] Registering I2C interface: /dev/i2c-13 Device 1002:164E Subsystem: 1462:7E26
81    |Info:    [ResourceManager] Registering I2C interface: /dev/i2c-4 Device 1002:747E Subsystem: 1DA2:F475
81    |Info:    [ResourceManager] Registering I2C interface: /dev/i2c-11 Device 1002:164E Subsystem: 1462:7E26
81    |Info:    [ResourceManager] Registering I2C interface: /dev/i2c-2 Device 1022:790B Subsystem: 1462:7E26
81    |Info:    [ResourceManager] Registering I2C interface: /dev/i2c-0 Device 1022:790B Subsystem: 1462:7E26
81    |Warning: [i2c_smbus_linux] Failed to read i2c device PCI device ID
81    |Info:    [ResourceManager] Registering I2C interface: /dev/i2c-9 Device 0000:0000 Subsystem: 0000:0000
81    |Warning: [i2c_smbus_linux] Failed to read i2c device PCI device ID
81    |Info:    [ResourceManager] Registering I2C interface: /dev/i2c-16 Device 0000:0000 Subsystem: 0000:0000
81    |Info:    [ResourceManager] Registering I2C interface: /dev/i2c-7 Device 1002:747E Subsystem: 1DA2:F475
81    |Info:    [ResourceManager] Registering I2C interface: /dev/i2c-14 Device 1002:164E Subsystem: 1462:7E26
81    |Info:    [ResourceManager] Registering I2C interface: /dev/i2c-5 Device 1002:747E Subsystem: 1DA2:F475
81    |Info:    [ResourceManager] Registering I2C interface: /dev/i2c-12 Device 1002:164E Subsystem: 1462:7E26
81    |Info:    ------------------------------------------------------
81    |Info:    |               Detecting I2C devices                |
81    |Info:    ------------------------------------------------------
452   |Info:    [ENE DRAM] Registering RGB controller
716   |Info:    [ENE DRAM] Registering RGB controller
1918  |Info:    ------------------------------------------------------
1918  |Info:    |            Detecting I2C DIMM modules              |
1918  |Info:    ------------------------------------------------------
2949  |Info:    [ResourceManager] Detected occupied slot 2, bus 2, type DDR5
3970  |Info:    [ResourceManager] Detected occupied slot 4, bus 2, type DDR5
3995  |Info:    [ResourceManager] Detected occupied slot 2, bus 10, type DDR5
3999  |Info:    [ResourceManager] Detected occupied slot 4, bus 10, type DDR5
4023  |Info:    [ResourceManager] Detected occupied slot 2, bus 11, type DDR5
4027  |Info:    [ResourceManager] Detected occupied slot 4, bus 11, type DDR5
4046  |Info:    ------------------------------------------------------
4046  |Info:    |               Detecting I2C PCI devices            |
4046  |Info:    ------------------------------------------------------
4093  |Info:    ------------------------------------------------------
4093  |Info:    |               Detecting HID devices                |
4093  |Info:    ------------------------------------------------------
4164  |Info:    [MSI B650 GAMING PLUS WIFI (MS-7E26)] Registering RGB controller
4164  |Info:    ------------------------------------------------------
4164  |Info:    |            Detecting libusb HID devices            |
4164  |Info:    ------------------------------------------------------
4243  |Info:    ------------------------------------------------------
4243  |Info:    |              Detecting other devices               |
4243  |Info:    ------------------------------------------------------
4315  |Info:    [ResourceManager] Calling Post-detection callbacks
4315  |Info:    ------------------------------------------------------
4315  |Info:    |                Detection completed                 |
4315  |Info:    ------------------------------------------------------
8797  |Info:    [ProfileManager] Profile loading: Succeeded for ENE DRAM @ I2C: /dev/i2c-0, address 0x71
8797  |Info:    [ProfileManager] Profile loading: Succeeded for ENE DRAM @ I2C: /dev/i2c-0, address 0x73
8797  |Info:    [ProfileManager] Profile loading: Succeeded for MSI B650 GAMING PLUS WIFI (MS-7E26) @ HID: /dev/hidraw5
