    OpenRGB v0.9+ (git1290)
    Commit: 45af044cd84032b9a9b5865cb5e12aa2cd98c47e from 2025-04-13 13:42:14 -0500
    Launched: 20250823_194932
====================================================================================================

5     |Info:    [ProfileManager] Found file: lol.orp attempting to validate header
6     |Info:    [ProfileManager] Valid v5 profile found for lol
6     |Info:    [ProfileManager] Found file: Verde.orp attempting to validate header
7     |Info:    [ProfileManager] Valid v5 profile found for Verde
7     |Info:    [ProfileManager] Found file: blanco.orp attempting to validate header
9     |Info:    [ProfileManager] Valid v5 profile found for blanco
9     |Info:    [ProfileManager] Found file: Rojo.orp attempting to validate header
10    |Info:    [ProfileManager] Valid v5 profile found for Rojo
10    |Info:    [ProfileManager] Found file: rosa.orp attempting to validate header
10    |Info:    [ProfileManager] Valid v5 profile found for rosa
10    |Info:    [ProfileManager] Found file: Turquesa\.orp attempting to validate header
10    |Info:    [ProfileManager] Valid v5 profile found for Turquesa\
10    |Info:    [ProfileManager] Found file: free.orp attempting to validate header
11    |Info:    [ProfileManager] Valid v5 profile found for free
78    |Info:    [ResourceManager] Initializing HID interfaces: Success
78    |Info:    ------------------------------------------------------
78    |Info:    |               Start device detection               |
78    |Info:    ------------------------------------------------------
83    |Info:    ------------------------------------------------------
83    |Info:    |             Detecting I2C interfaces               |
83    |Info:    ------------------------------------------------------
83    |Info:    [ResourceManager] Registering I2C interface: /dev/i2c-3 Device 1002:747E Subsystem: 1DA2:F475
83    |Warning: [i2c_smbus_linux] Failed to read i2c device PCI device ID
84    |Info:    [ResourceManager] Registering I2C interface: /dev/i2c-10 Device 0000:0000 Subsystem: 0000:0000
84    |Info:    [ResourceManager] Registering I2C interface: /dev/i2c-1 Device 1022:790B Subsystem: 1462:7E26
84    |Warning: [i2c_smbus_linux] Failed to read i2c device PCI device ID
84    |Info:    [ResourceManager] Registering I2C interface: /dev/i2c-17 Device 0000:0000 Subsystem: 0000:0000
84    |Info:    [ResourceManager] Registering I2C interface: /dev/i2c-8 Device 1002:747E Subsystem: 1DA2:F475
84    |Info:    [ResourceManager] Registering I2C interface: /dev/i2c-15 Device 1002:164E Subsystem: 1462:7E26
84    |Info:    [ResourceManager] Registering I2C interface: /dev/i2c-6 Device 1002:747E Subsystem: 1DA2:F475
84    |Info:    [ResourceManager] Registering I2C interface: /dev/i2c-13 Device 1002:164E Subsystem: 1462:7E26
84    |Info:    [ResourceManager] Registering I2C interface: /dev/i2c-4 Device 1002:747E Subsystem: 1DA2:F475
84    |Warning: [i2c_smbus_linux] Failed to read i2c device PCI device ID
84    |Info:    [ResourceManager] Registering I2C interface: /dev/i2c-11 Device 0000:0000 Subsystem: 0000:0000
84    |Info:    [ResourceManager] Registering I2C interface: /dev/i2c-2 Device 1022:790B Subsystem: 1462:7E26
84    |Info:    [ResourceManager] Registering I2C interface: /dev/i2c-0 Device 1022:790B Subsystem: 1462:7E26
84    |Warning: [i2c_smbus_linux] Failed to read i2c device PCI device ID
84    |Info:    [ResourceManager] Registering I2C interface: /dev/i2c-18 Device 0000:0000 Subsystem: 0000:0000
84    |Info:    [ResourceManager] Registering I2C interface: /dev/i2c-9 Device 1002:747E Subsystem: 1DA2:F475
84    |Warning: [i2c_smbus_linux] Failed to read i2c device PCI device ID
84    |Info:    [ResourceManager] Registering I2C interface: /dev/i2c-16 Device 0000:0000 Subsystem: 0000:0000
84    |Info:    [ResourceManager] Registering I2C interface: /dev/i2c-7 Device 1002:747E Subsystem: 1DA2:F475
84    |Info:    [ResourceManager] Registering I2C interface: /dev/i2c-14 Device 1002:164E Subsystem: 1462:7E26
84    |Info:    [ResourceManager] Registering I2C interface: /dev/i2c-5 Device 1002:747E Subsystem: 1DA2:F475
84    |Info:    [ResourceManager] Registering I2C interface: /dev/i2c-12 Device 1002:164E Subsystem: 1462:7E26
84    |Info:    ------------------------------------------------------
84    |Info:    |               Detecting I2C devices                |
84    |Info:    ------------------------------------------------------
452   |Info:    [ENE DRAM] Registering RGB controller
717   |Info:    [ENE DRAM] Registering RGB controller
1915  |Info:    ------------------------------------------------------
1915  |Info:    |            Detecting I2C DIMM modules              |
1915  |Info:    ------------------------------------------------------
2934  |Info:    [ResourceManager] Detected occupied slot 2, bus 2, type DDR5
3948  |Info:    [ResourceManager] Detected occupied slot 4, bus 2, type DDR5
3973  |Info:    [ResourceManager] Detected occupied slot 2, bus 10, type DDR5
3978  |Info:    [ResourceManager] Detected occupied slot 4, bus 10, type DDR5
4002  |Info:    [ResourceManager] Detected occupied slot 2, bus 11, type DDR5
4006  |Info:    [ResourceManager] Detected occupied slot 4, bus 11, type DDR5
4026  |Info:    ------------------------------------------------------
4026  |Info:    |               Detecting I2C PCI devices            |
4026  |Info:    ------------------------------------------------------
4066  |Info:    [Sapphire Radeon RX 7700 XT Nitro+] Registering RGB controller
4078  |Info:    ------------------------------------------------------
4078  |Info:    |               Detecting HID devices                |
4078  |Info:    ------------------------------------------------------
4146  |Info:    [MSI B650 GAMING PLUS WIFI (MS-7E26)] Registering RGB controller
4148  |Info:    ------------------------------------------------------
4148  |Info:    |            Detecting libusb HID devices            |
4148  |Info:    ------------------------------------------------------
4228  |Info:    ------------------------------------------------------
4228  |Info:    |              Detecting other devices               |
4228  |Info:    ------------------------------------------------------
4293  |Info:    [ResourceManager] Calling Post-detection callbacks
4293  |Info:    ------------------------------------------------------
4293  |Info:    |                Detection completed                 |
4293  |Info:    ------------------------------------------------------
