    OpenRGB v0.9+ (git1290)
    Commit: 45af044cd84032b9a9b5865cb5e12aa2cd98c47e from 2025-04-13 13:42:14 -0500
    Launched: 20250829_135337
====================================================================================================

0     |Info:    [ProfileManager] Found file: lol.orp attempting to validate header
1     |Info:    [ProfileManager] Valid v5 profile found for lol
1     |Info:    [ProfileManager] Found file: Verde.orp attempting to validate header
3     |Info:    [ProfileManager] Valid v5 profile found for Verde
3     |Info:    [ProfileManager] Found file: blanco.orp attempting to validate header
5     |Info:    [ProfileManager] Valid v5 profile found for blanco
5     |Info:    [ProfileManager] Found file: Rojo.orp attempting to validate header
6     |Info:    [ProfileManager] Valid v5 profile found for Rojo
6     |Info:    [ProfileManager] Found file: rosa.orp attempting to validate header
7     |Info:    [ProfileManager] Valid v5 profile found for rosa
7     |Info:    [ProfileManager] Found file: Turquesa\.orp attempting to validate header
9     |Info:    [ProfileManager] Valid v5 profile found for Turquesa\
9     |Info:    [ProfileManager] Found file: free.orp attempting to validate header
9     |Info:    [ProfileManager] Valid v5 profile found for free
105   |Info:    [ResourceManager] Initializing HID interfaces: Success
105   |Info:    ------------------------------------------------------
105   |Info:    |               Start device detection               |
105   |Info:    ------------------------------------------------------
108   |Info:    ------------------------------------------------------
108   |Info:    |             Detecting I2C interfaces               |
108   |Info:    ------------------------------------------------------
108   |Info:    [ResourceManager] Registering I2C interface: /dev/i2c-3 Device 1002:747E Subsystem: 1DA2:F475
108   |Warning: [i2c_smbus_linux] Failed to read i2c device PCI device ID
108   |Info:    [ResourceManager] Registering I2C interface: /dev/i2c-10 Device 0000:0000 Subsystem: 0000:0000
108   |Info:    [ResourceManager] Registering I2C interface: /dev/i2c-1 Device 1022:790B Subsystem: 1462:7E26
108   |Warning: [i2c_smbus_linux] Failed to read i2c device PCI device ID
108   |Info:    [ResourceManager] Registering I2C interface: /dev/i2c-17 Device 0000:0000 Subsystem: 0000:0000
108   |Info:    [ResourceManager] Registering I2C interface: /dev/i2c-8 Device 1002:747E Subsystem: 1DA2:F475
109   |Info:    [ResourceManager] Registering I2C interface: /dev/i2c-15 Device 1002:164E Subsystem: 1462:7E26
109   |Info:    [ResourceManager] Registering I2C interface: /dev/i2c-6 Device 1002:747E Subsystem: 1DA2:F475
109   |Info:    [ResourceManager] Registering I2C interface: /dev/i2c-13 Device 1002:164E Subsystem: 1462:7E26
109   |Info:    [ResourceManager] Registering I2C interface: /dev/i2c-4 Device 1002:747E Subsystem: 1DA2:F475
109   |Warning: [i2c_smbus_linux] Failed to read i2c device PCI device ID
109   |Info:    [ResourceManager] Registering I2C interface: /dev/i2c-11 Device 0000:0000 Subsystem: 0000:0000
109   |Info:    [ResourceManager] Registering I2C interface: /dev/i2c-2 Device 1022:790B Subsystem: 1462:7E26
109   |Info:    [ResourceManager] Registering I2C interface: /dev/i2c-0 Device 1022:790B Subsystem: 1462:7E26
109   |Warning: [i2c_smbus_linux] Failed to read i2c device PCI device ID
109   |Info:    [ResourceManager] Registering I2C interface: /dev/i2c-18 Device 0000:0000 Subsystem: 0000:0000
109   |Info:    [ResourceManager] Registering I2C interface: /dev/i2c-9 Device 1002:747E Subsystem: 1DA2:F475
109   |Warning: [i2c_smbus_linux] Failed to read i2c device PCI device ID
109   |Info:    [ResourceManager] Registering I2C interface: /dev/i2c-16 Device 0000:0000 Subsystem: 0000:0000
109   |Info:    [ResourceManager] Registering I2C interface: /dev/i2c-7 Device 1002:747E Subsystem: 1DA2:F475
109   |Info:    [ResourceManager] Registering I2C interface: /dev/i2c-14 Device 1002:164E Subsystem: 1462:7E26
109   |Info:    [ResourceManager] Registering I2C interface: /dev/i2c-5 Device 1002:747E Subsystem: 1DA2:F475
109   |Info:    [ResourceManager] Registering I2C interface: /dev/i2c-12 Device 1002:164E Subsystem: 1462:7E26
109   |Info:    ------------------------------------------------------
109   |Info:    |               Detecting I2C devices                |
109   |Info:    ------------------------------------------------------
464   |Info:    [ENE DRAM] Registering RGB controller
725   |Info:    [ENE DRAM] Registering RGB controller
1922  |Info:    ------------------------------------------------------
1922  |Info:    |            Detecting I2C DIMM modules              |
1922  |Info:    ------------------------------------------------------
2940  |Info:    [ResourceManager] Detected occupied slot 2, bus 2, type DDR5
3957  |Info:    [ResourceManager] Detected occupied slot 4, bus 2, type DDR5
3981  |Info:    [ResourceManager] Detected occupied slot 2, bus 10, type DDR5
3986  |Info:    [ResourceManager] Detected occupied slot 4, bus 10, type DDR5
4010  |Info:    [ResourceManager] Detected occupied slot 2, bus 11, type DDR5
4015  |Info:    [ResourceManager] Detected occupied slot 4, bus 11, type DDR5
4034  |Info:    ------------------------------------------------------
4034  |Info:    |               Detecting I2C PCI devices            |
4034  |Info:    ------------------------------------------------------
4073  |Info:    [Sapphire Radeon RX 7700 XT Nitro+] Registering RGB controller
4085  |Info:    ------------------------------------------------------
4085  |Info:    |               Detecting HID devices                |
4085  |Info:    ------------------------------------------------------
4154  |Info:    [MSI B650 GAMING PLUS WIFI (MS-7E26)] Registering RGB controller
4155  |Info:    ------------------------------------------------------
4155  |Info:    |            Detecting libusb HID devices            |
4155  |Info:    ------------------------------------------------------
4162  |Info:    ------------------------------------------------------
4162  |Info:    |              Detecting other devices               |
4162  |Info:    ------------------------------------------------------
4226  |Info:    [ResourceManager] Calling Post-detection callbacks
4226  |Info:    ------------------------------------------------------
4226  |Info:    |                Detection completed                 |
4226  |Info:    ------------------------------------------------------
