    OpenRGB v0.9+ (git1290)
    Commit: 45af044cd84032b9a9b5865cb5e12aa2cd98c47e from 2025-04-13 13:42:14 -0500
    Launched: 20250822_151812
====================================================================================================

4     |Info:    [ProfileManager] Found file: lol.orp attempting to validate header
5     |Info:    [ProfileManager] Valid v5 profile found for lol
5     |Info:    [ProfileManager] Found file: Verde.orp attempting to validate header
9     |Info:    [ProfileManager] Valid v5 profile found for Verde
9     |Info:    [ProfileManager] Found file: blanco.orp attempting to validate header
11    |Info:    [ProfileManager] Valid v5 profile found for blanco
11    |Info:    [ProfileManager] Found file: Rojo.orp attempting to validate header
14    |Info:    [ProfileManager] Valid v5 profile found for Rojo
14    |Info:    [ProfileManager] Found file: rosa.orp attempting to validate header
16    |Info:    [ProfileManager] Valid v5 profile found for rosa
16    |Info:    [ProfileManager] Found file: Turquesa\.orp attempting to validate header
18    |Info:    [ProfileManager] Valid v5 profile found for Turquesa\
18    |Info:    [ProfileManager] Found file: free.orp attempting to validate header
19    |Info:    [ProfileManager] Valid v5 profile found for free
101   |Info:    [ResourceManager] Initializing HID interfaces: Success
101   |Info:    ------------------------------------------------------
101   |Info:    |               Start device detection               |
101   |Info:    ------------------------------------------------------
107   |Info:    ------------------------------------------------------
107   |Info:    |             Detecting I2C interfaces               |
107   |Info:    ------------------------------------------------------
108   |Info:    [ResourceManager] Registering I2C interface: /dev/i2c-3 Device 1002:747E Subsystem: 1DA2:F475
108   |Warning: [i2c_smbus_linux] Failed to read i2c device PCI device ID
108   |Info:    [ResourceManager] Registering I2C interface: /dev/i2c-10 Device 0000:0000 Subsystem: 0000:0000
108   |Info:    [ResourceManager] Registering I2C interface: /dev/i2c-1 Device 1022:790B Subsystem: 1462:7E26
108   |Warning: [i2c_smbus_linux] Failed to read i2c device PCI device ID
108   |Info:    [ResourceManager] Registering I2C interface: /dev/i2c-17 Device 0000:0000 Subsystem: 0000:0000
108   |Info:    [ResourceManager] Registering I2C interface: /dev/i2c-8 Device 1002:747E Subsystem: 1DA2:F475
108   |Info:    [ResourceManager] Registering I2C interface: /dev/i2c-15 Device 1002:164E Subsystem: 1462:7E26
108   |Info:    [ResourceManager] Registering I2C interface: /dev/i2c-6 Device 1002:747E Subsystem: 1DA2:F475
108   |Info:    [ResourceManager] Registering I2C interface: /dev/i2c-13 Device 1002:164E Subsystem: 1462:7E26
108   |Info:    [ResourceManager] Registering I2C interface: /dev/i2c-4 Device 1002:747E Subsystem: 1DA2:F475
108   |Warning: [i2c_smbus_linux] Failed to read i2c device PCI device ID
108   |Info:    [ResourceManager] Registering I2C interface: /dev/i2c-11 Device 0000:0000 Subsystem: 0000:0000
108   |Info:    [ResourceManager] Registering I2C interface: /dev/i2c-2 Device 1022:790B Subsystem: 1462:7E26
108   |Info:    [ResourceManager] Registering I2C interface: /dev/i2c-0 Device 1022:790B Subsystem: 1462:7E26
109   |Warning: [i2c_smbus_linux] Failed to read i2c device PCI device ID
109   |Info:    [ResourceManager] Registering I2C interface: /dev/i2c-18 Device 0000:0000 Subsystem: 0000:0000
109   |Info:    [ResourceManager] Registering I2C interface: /dev/i2c-9 Device 1002:747E Subsystem: 1DA2:F475
109   |Warning: [i2c_smbus_linux] Failed to read i2c device PCI device ID
109   |Info:    [ResourceManager] Registering I2C interface: /dev/i2c-16 Device 0000:0000 Subsystem: 0000:0000
109   |Info:    [ResourceManager] Registering I2C interface: /dev/i2c-7 Device 1002:747E Subsystem: 1DA2:F475
109   |Info:    [ResourceManager] Registering I2C interface: /dev/i2c-14 Device 1002:164E Subsystem: 1462:7E26
109   |Info:    [ResourceManager] Registering I2C interface: /dev/i2c-5 Device 1002:747E Subsystem: 1DA2:F475
109   |Info:    [ResourceManager] Registering I2C interface: /dev/i2c-12 Device 1002:164E Subsystem: 1462:7E26
109   |Info:    ------------------------------------------------------
109   |Info:    |               Detecting I2C devices                |
109   |Info:    ------------------------------------------------------
469   |Info:    [ENE DRAM] Registering RGB controller
732   |Info:    [ENE DRAM] Registering RGB controller
1929  |Info:    ------------------------------------------------------
1929  |Info:    |            Detecting I2C DIMM modules              |
1929  |Info:    ------------------------------------------------------
2945  |Info:    [ResourceManager] Detected occupied slot 2, bus 2, type DDR5
3970  |Info:    [ResourceManager] Detected occupied slot 4, bus 2, type DDR5
3994  |Info:    [ResourceManager] Detected occupied slot 2, bus 10, type DDR5
3999  |Info:    [ResourceManager] Detected occupied slot 4, bus 10, type DDR5
4023  |Info:    [ResourceManager] Detected occupied slot 2, bus 11, type DDR5
4027  |Info:    [ResourceManager] Detected occupied slot 4, bus 11, type DDR5
4046  |Info:    ------------------------------------------------------
4046  |Info:    |               Detecting I2C PCI devices            |
4046  |Info:    ------------------------------------------------------
4085  |Info:    [Sapphire Radeon RX 7700 XT Nitro+] Registering RGB controller
4097  |Info:    ------------------------------------------------------
4097  |Info:    |               Detecting HID devices                |
4097  |Info:    ------------------------------------------------------
4163  |Info:    [MSI B650 GAMING PLUS WIFI (MS-7E26)] Registering RGB controller
4164  |Info:    ------------------------------------------------------
4164  |Info:    |            Detecting libusb HID devices            |
4164  |Info:    ------------------------------------------------------
4244  |Info:    ------------------------------------------------------
4244  |Info:    |              Detecting other devices               |
4244  |Info:    ------------------------------------------------------
4309  |Info:    [ResourceManager] Calling Post-detection callbacks
4309  |Info:    ------------------------------------------------------
4309  |Info:    |                Detection completed                 |
4309  |Info:    ------------------------------------------------------
