    OpenRGB v0.9+ (git1290)
    Commit: 45af044cd84032b9a9b5865cb5e12aa2cd98c47e from 2025-04-13 13:42:14 -0500
    Launched: 20250814_145733
====================================================================================================

1     |Info:    [ProfileManager] Found file: lol.orp attempting to validate header
1     |Info:    [ProfileManager] Valid v5 profile found for lol
1     |Info:    [ProfileManager] Found file: Verde.orp attempting to validate header
3     |Info:    [ProfileManager] Valid v5 profile found for Verde
3     |Info:    [ProfileManager] Found file: blanco.orp attempting to validate header
5     |Info:    [ProfileManager] Valid v5 profile found for blanco
5     |Info:    [ProfileManager] Found file: Rojo.orp attempting to validate header
6     |Info:    [ProfileManager] Valid v5 profile found for Rojo
6     |Info:    [ProfileManager] Found file: rosa.orp attempting to validate header
8     |Info:    [ProfileManager] Valid v5 profile found for rosa
8     |Info:    [ProfileManager] Found file: Turquesa\.orp attempting to validate header
10    |Info:    [ProfileManager] Valid v5 profile found for Turquesa\
10    |Info:    [ProfileManager] Found file: free.orp attempting to validate header
11    |Info:    [ProfileManager] Valid v5 profile found for free
80    |Info:    [ResourceManager] Initializing HID interfaces: Success
80    |Info:    ------------------------------------------------------
80    |Info:    |               Start device detection               |
80    |Info:    ------------------------------------------------------
85    |Info:    ------------------------------------------------------
85    |Info:    |             Detecting I2C interfaces               |
85    |Info:    ------------------------------------------------------
85    |Info:    [ResourceManager] Registering I2C interface: /dev/i2c-3 Device 1002:747E Subsystem: 1DA2:F475
85    |Warning: [i2c_smbus_linux] Failed to read i2c device PCI device ID
85    |Info:    [ResourceManager] Registering I2C interface: /dev/i2c-10 Device 0000:0000 Subsystem: 0000:0000
86    |Info:    [ResourceManager] Registering I2C interface: /dev/i2c-1 Device 1022:790B Subsystem: 1462:7E26
86    |Warning: [i2c_smbus_linux] Failed to read i2c device PCI device ID
86    |Info:    [ResourceManager] Registering I2C interface: /dev/i2c-17 Device 0000:0000 Subsystem: 0000:0000
86    |Info:    [ResourceManager] Registering I2C interface: /dev/i2c-8 Device 1002:747E Subsystem: 1DA2:F475
86    |Info:    [ResourceManager] Registering I2C interface: /dev/i2c-15 Device 1002:164E Subsystem: 1462:7E26
86    |Info:    [ResourceManager] Registering I2C interface: /dev/i2c-6 Device 1002:747E Subsystem: 1DA2:F475
86    |Info:    [ResourceManager] Registering I2C interface: /dev/i2c-13 Device 1002:164E Subsystem: 1462:7E26
86    |Info:    [ResourceManager] Registering I2C interface: /dev/i2c-4 Device 1002:747E Subsystem: 1DA2:F475
86    |Warning: [i2c_smbus_linux] Failed to read i2c device PCI device ID
86    |Info:    [ResourceManager] Registering I2C interface: /dev/i2c-11 Device 0000:0000 Subsystem: 0000:0000
86    |Info:    [ResourceManager] Registering I2C interface: /dev/i2c-2 Device 1022:790B Subsystem: 1462:7E26
86    |Info:    [ResourceManager] Registering I2C interface: /dev/i2c-0 Device 1022:790B Subsystem: 1462:7E26
86    |Warning: [i2c_smbus_linux] Failed to read i2c device PCI device ID
86    |Info:    [ResourceManager] Registering I2C interface: /dev/i2c-18 Device 0000:0000 Subsystem: 0000:0000
86    |Info:    [ResourceManager] Registering I2C interface: /dev/i2c-9 Device 1002:747E Subsystem: 1DA2:F475
86    |Warning: [i2c_smbus_linux] Failed to read i2c device PCI device ID
87    |Info:    [ResourceManager] Registering I2C interface: /dev/i2c-16 Device 0000:0000 Subsystem: 0000:0000
87    |Info:    [ResourceManager] Registering I2C interface: /dev/i2c-7 Device 1002:747E Subsystem: 1DA2:F475
87    |Info:    [ResourceManager] Registering I2C interface: /dev/i2c-14 Device 1002:164E Subsystem: 1462:7E26
87    |Info:    [ResourceManager] Registering I2C interface: /dev/i2c-5 Device 1002:747E Subsystem: 1DA2:F475
87    |Info:    [ResourceManager] Registering I2C interface: /dev/i2c-12 Device 1002:164E Subsystem: 1462:7E26
87    |Info:    ------------------------------------------------------
87    |Info:    |               Detecting I2C devices                |
87    |Info:    ------------------------------------------------------
448   |Info:    [ENE DRAM] Registering RGB controller
695   |Info:    [ENE DRAM] Registering RGB controller
1892  |Info:    ------------------------------------------------------
1892  |Info:    |            Detecting I2C DIMM modules              |
1892  |Info:    ------------------------------------------------------
2913  |Info:    [ResourceManager] Detected occupied slot 2, bus 2, type DDR5
3936  |Info:    [ResourceManager] Detected occupied slot 4, bus 2, type DDR5
3960  |Info:    [ResourceManager] Detected occupied slot 2, bus 10, type DDR5
3964  |Info:    [ResourceManager] Detected occupied slot 4, bus 10, type DDR5
3989  |Info:    [ResourceManager] Detected occupied slot 2, bus 11, type DDR5
3994  |Info:    [ResourceManager] Detected occupied slot 4, bus 11, type DDR5
4013  |Info:    ------------------------------------------------------
4013  |Info:    |               Detecting I2C PCI devices            |
4013  |Info:    ------------------------------------------------------
4056  |Info:    [Sapphire Radeon RX 7700 XT Nitro+] Registering RGB controller
4068  |Info:    ------------------------------------------------------
4068  |Info:    |               Detecting HID devices                |
4068  |Info:    ------------------------------------------------------
4136  |Info:    [MSI B650 GAMING PLUS WIFI (MS-7E26)] Registering RGB controller
4137  |Info:    ------------------------------------------------------
4137  |Info:    |            Detecting libusb HID devices            |
4137  |Info:    ------------------------------------------------------
4217  |Info:    ------------------------------------------------------
4217  |Info:    |              Detecting other devices               |
4217  |Info:    ------------------------------------------------------
4281  |Info:    [ResourceManager] Calling Post-detection callbacks
4281  |Info:    ------------------------------------------------------
4281  |Info:    |                Detection completed                 |
4281  |Info:    ------------------------------------------------------
