    OpenRGB v0.9+ (git1290)
    Commit: 45af044cd84032b9a9b5865cb5e12aa2cd98c47e from 2025-04-13 13:42:14 -0500
    Launched: 20250815_191112
====================================================================================================

2     |Info:    [ProfileManager] Found file: lol.orp attempting to validate header
4     |Info:    [ProfileManager] Valid v5 profile found for lol
4     |Info:    [ProfileManager] Found file: Verde.orp attempting to validate header
5     |Info:    [ProfileManager] Valid v5 profile found for Verde
5     |Info:    [ProfileManager] Found file: blanco.orp attempting to validate header
7     |Info:    [ProfileManager] Valid v5 profile found for blanco
7     |Info:    [ProfileManager] Found file: Rojo.orp attempting to validate header
7     |Info:    [ProfileManager] Valid v5 profile found for Rojo
7     |Info:    [ProfileManager] Found file: rosa.orp attempting to validate header
9     |Info:    [ProfileManager] Valid v5 profile found for rosa
9     |Info:    [ProfileManager] Found file: Turquesa\.orp attempting to validate header
10    |Info:    [ProfileManager] Valid v5 profile found for Turquesa\
10    |Info:    [ProfileManager] Found file: free.orp attempting to validate header
10    |Info:    [ProfileManager] Valid v5 profile found for free
86    |Info:    [ResourceManager] Initializing HID interfaces: Success
86    |Info:    ------------------------------------------------------
86    |Info:    |               Start device detection               |
86    |Info:    ------------------------------------------------------
90    |Info:    ------------------------------------------------------
90    |Info:    |             Detecting I2C interfaces               |
90    |Info:    ------------------------------------------------------
90    |Info:    [ResourceManager] Registering I2C interface: /dev/i2c-3 Device 1002:747E Subsystem: 1DA2:F475
90    |Warning: [i2c_smbus_linux] Failed to read i2c device PCI device ID
90    |Info:    [ResourceManager] Registering I2C interface: /dev/i2c-10 Device 0000:0000 Subsystem: 0000:0000
90    |Info:    [ResourceManager] Registering I2C interface: /dev/i2c-1 Device 1022:790B Subsystem: 1462:7E26
90    |Warning: [i2c_smbus_linux] Failed to read i2c device PCI device ID
91    |Info:    [ResourceManager] Registering I2C interface: /dev/i2c-17 Device 0000:0000 Subsystem: 0000:0000
91    |Info:    [ResourceManager] Registering I2C interface: /dev/i2c-8 Device 1002:747E Subsystem: 1DA2:F475
91    |Info:    [ResourceManager] Registering I2C interface: /dev/i2c-15 Device 1002:164E Subsystem: 1462:7E26
91    |Info:    [ResourceManager] Registering I2C interface: /dev/i2c-6 Device 1002:747E Subsystem: 1DA2:F475
91    |Info:    [ResourceManager] Registering I2C interface: /dev/i2c-13 Device 1002:164E Subsystem: 1462:7E26
91    |Info:    [ResourceManager] Registering I2C interface: /dev/i2c-4 Device 1002:747E Subsystem: 1DA2:F475
91    |Warning: [i2c_smbus_linux] Failed to read i2c device PCI device ID
91    |Info:    [ResourceManager] Registering I2C interface: /dev/i2c-11 Device 0000:0000 Subsystem: 0000:0000
91    |Info:    [ResourceManager] Registering I2C interface: /dev/i2c-2 Device 1022:790B Subsystem: 1462:7E26
91    |Info:    [ResourceManager] Registering I2C interface: /dev/i2c-0 Device 1022:790B Subsystem: 1462:7E26
91    |Warning: [i2c_smbus_linux] Failed to read i2c device PCI device ID
91    |Info:    [ResourceManager] Registering I2C interface: /dev/i2c-18 Device 0000:0000 Subsystem: 0000:0000
91    |Info:    [ResourceManager] Registering I2C interface: /dev/i2c-9 Device 1002:747E Subsystem: 1DA2:F475
91    |Warning: [i2c_smbus_linux] Failed to read i2c device PCI device ID
91    |Info:    [ResourceManager] Registering I2C interface: /dev/i2c-16 Device 0000:0000 Subsystem: 0000:0000
91    |Info:    [ResourceManager] Registering I2C interface: /dev/i2c-7 Device 1002:747E Subsystem: 1DA2:F475
92    |Info:    [ResourceManager] Registering I2C interface: /dev/i2c-14 Device 1002:164E Subsystem: 1462:7E26
92    |Info:    [ResourceManager] Registering I2C interface: /dev/i2c-5 Device 1002:747E Subsystem: 1DA2:F475
92    |Info:    [ResourceManager] Registering I2C interface: /dev/i2c-12 Device 1002:164E Subsystem: 1462:7E26
92    |Info:    ------------------------------------------------------
92    |Info:    |               Detecting I2C devices                |
92    |Info:    ------------------------------------------------------
443   |Info:    [ENE DRAM] Registering RGB controller
701   |Info:    [ENE DRAM] Registering RGB controller
1898  |Info:    ------------------------------------------------------
1898  |Info:    |            Detecting I2C DIMM modules              |
1898  |Info:    ------------------------------------------------------
2912  |Info:    [ResourceManager] Detected occupied slot 2, bus 2, type DDR5
3887  |Info:    [ResourceManager] Detected occupied slot 4, bus 2, type DDR5
3911  |Info:    [ResourceManager] Detected occupied slot 2, bus 10, type DDR5
3916  |Info:    [ResourceManager] Detected occupied slot 4, bus 10, type DDR5
3940  |Info:    [ResourceManager] Detected occupied slot 2, bus 11, type DDR5
3945  |Info:    [ResourceManager] Detected occupied slot 4, bus 11, type DDR5
3964  |Info:    ------------------------------------------------------
3964  |Info:    |               Detecting I2C PCI devices            |
3964  |Info:    ------------------------------------------------------
4004  |Info:    [Sapphire Radeon RX 7700 XT Nitro+] Registering RGB controller
4016  |Info:    ------------------------------------------------------
4016  |Info:    |               Detecting HID devices                |
4016  |Info:    ------------------------------------------------------
4081  |Info:    [MSI B650 GAMING PLUS WIFI (MS-7E26)] Registering RGB controller
4082  |Info:    ------------------------------------------------------
4082  |Info:    |            Detecting libusb HID devices            |
4082  |Info:    ------------------------------------------------------
4090  |Info:    ------------------------------------------------------
4090  |Info:    |              Detecting other devices               |
4090  |Info:    ------------------------------------------------------
4157  |Info:    [ResourceManager] Calling Post-detection callbacks
4157  |Info:    ------------------------------------------------------
4157  |Info:    |                Detection completed                 |
4157  |Info:    ------------------------------------------------------
