    OpenRGB v0.9+ (git1290)
    Commit: 45af044cd84032b9a9b5865cb5e12aa2cd98c47e from 2025-04-13 13:42:14 -0500
    Launched: 20250907_132617
====================================================================================================

4     |Info:    [ProfileManager] Found file: lol.orp attempting to validate header
5     |Info:    [ProfileManager] Valid v5 profile found for lol
5     |Info:    [ProfileManager] Found file: Verde.orp attempting to validate header
5     |Info:    [ProfileManager] Valid v5 profile found for Verde
5     |Info:    [ProfileManager] Found file: blanco.orp attempting to validate header
7     |Info:    [ProfileManager] Valid v5 profile found for blanco
7     |Info:    [ProfileManager] Found file: Rojo.orp attempting to validate header
8     |Info:    [ProfileManager] Valid v5 profile found for Rojo
8     |Info:    [ProfileManager] Found file: rosa.orp attempting to validate header
8     |Info:    [ProfileManager] Valid v5 profile found for rosa
8     |Info:    [ProfileManager] Found file: Turquesa\.orp attempting to validate header
9     |Info:    [ProfileManager] Valid v5 profile found for Turquesa\
9     |Info:    [ProfileManager] Found file: free.orp attempting to validate header
9     |Info:    [ProfileManager] Valid v5 profile found for free
82    |Info:    [ResourceManager] Initializing HID interfaces: Success
82    |Info:    ------------------------------------------------------
82    |Info:    |               Start device detection               |
82    |Info:    ------------------------------------------------------
87    |Info:    ------------------------------------------------------
87    |Info:    |             Detecting I2C interfaces               |
87    |Info:    ------------------------------------------------------
87    |Info:    [ResourceManager] Registering I2C interface: /dev/i2c-3 Device 1002:747E Subsystem: 1DA2:F475
87    |Warning: [i2c_smbus_linux] Failed to read i2c device PCI device ID
87    |Info:    [ResourceManager] Registering I2C interface: /dev/i2c-10 Device 0000:0000 Subsystem: 0000:0000
87    |Info:    [ResourceManager] Registering I2C interface: /dev/i2c-1 Device 1022:790B Subsystem: 1462:7E26
87    |Warning: [i2c_smbus_linux] Failed to read i2c device PCI device ID
87    |Info:    [ResourceManager] Registering I2C interface: /dev/i2c-17 Device 0000:0000 Subsystem: 0000:0000
87    |Info:    [ResourceManager] Registering I2C interface: /dev/i2c-8 Device 1002:747E Subsystem: 1DA2:F475
87    |Info:    [ResourceManager] Registering I2C interface: /dev/i2c-15 Device 1002:164E Subsystem: 1462:7E26
87    |Info:    [ResourceManager] Registering I2C interface: /dev/i2c-6 Device 1002:747E Subsystem: 1DA2:F475
87    |Info:    [ResourceManager] Registering I2C interface: /dev/i2c-13 Device 1002:164E Subsystem: 1462:7E26
87    |Info:    [ResourceManager] Registering I2C interface: /dev/i2c-4 Device 1002:747E Subsystem: 1DA2:F475
88    |Warning: [i2c_smbus_linux] Failed to read i2c device PCI device ID
88    |Info:    [ResourceManager] Registering I2C interface: /dev/i2c-11 Device 0000:0000 Subsystem: 0000:0000
88    |Info:    [ResourceManager] Registering I2C interface: /dev/i2c-2 Device 1022:790B Subsystem: 1462:7E26
88    |Info:    [ResourceManager] Registering I2C interface: /dev/i2c-0 Device 1022:790B Subsystem: 1462:7E26
88    |Warning: [i2c_smbus_linux] Failed to read i2c device PCI device ID
88    |Info:    [ResourceManager] Registering I2C interface: /dev/i2c-18 Device 0000:0000 Subsystem: 0000:0000
88    |Info:    [ResourceManager] Registering I2C interface: /dev/i2c-9 Device 1002:747E Subsystem: 1DA2:F475
88    |Warning: [i2c_smbus_linux] Failed to read i2c device PCI device ID
88    |Info:    [ResourceManager] Registering I2C interface: /dev/i2c-16 Device 0000:0000 Subsystem: 0000:0000
88    |Info:    [ResourceManager] Registering I2C interface: /dev/i2c-7 Device 1002:747E Subsystem: 1DA2:F475
88    |Info:    [ResourceManager] Registering I2C interface: /dev/i2c-14 Device 1002:164E Subsystem: 1462:7E26
88    |Info:    [ResourceManager] Registering I2C interface: /dev/i2c-5 Device 1002:747E Subsystem: 1DA2:F475
88    |Info:    [ResourceManager] Registering I2C interface: /dev/i2c-12 Device 1002:164E Subsystem: 1462:7E26
88    |Info:    ------------------------------------------------------
88    |Info:    |               Detecting I2C devices                |
88    |Info:    ------------------------------------------------------
433   |Info:    [ENE DRAM] Registering RGB controller
687   |Info:    [ENE DRAM] Registering RGB controller
1886  |Info:    ------------------------------------------------------
1886  |Info:    |            Detecting I2C DIMM modules              |
1886  |Info:    ------------------------------------------------------
2903  |Info:    [ResourceManager] Detected occupied slot 2, bus 2, type DDR5
3923  |Info:    [ResourceManager] Detected occupied slot 4, bus 2, type DDR5
3947  |Info:    [ResourceManager] Detected occupied slot 2, bus 10, type DDR5
3952  |Info:    [ResourceManager] Detected occupied slot 4, bus 10, type DDR5
3975  |Info:    [ResourceManager] Detected occupied slot 2, bus 11, type DDR5
3980  |Info:    [ResourceManager] Detected occupied slot 4, bus 11, type DDR5
3999  |Info:    ------------------------------------------------------
3999  |Info:    |               Detecting I2C PCI devices            |
3999  |Info:    ------------------------------------------------------
4038  |Info:    [Sapphire Radeon RX 7700 XT Nitro+] Registering RGB controller
4050  |Info:    ------------------------------------------------------
4050  |Info:    |               Detecting HID devices                |
4050  |Info:    ------------------------------------------------------
4119  |Info:    [MSI B650 GAMING PLUS WIFI (MS-7E26)] Registering RGB controller
4120  |Info:    ------------------------------------------------------
4120  |Info:    |            Detecting libusb HID devices            |
4120  |Info:    ------------------------------------------------------
4128  |Info:    ------------------------------------------------------
4128  |Info:    |              Detecting other devices               |
4128  |Info:    ------------------------------------------------------
4191  |Info:    [ResourceManager] Calling Post-detection callbacks
4191  |Info:    ------------------------------------------------------
4191  |Info:    |                Detection completed                 |
4191  |Info:    ------------------------------------------------------
