    OpenRGB v0.9+ (git1290)
    Commit: 45af044cd84032b9a9b5865cb5e12aa2cd98c47e from 2025-04-13 13:42:14 -0500
    Launched: 20250605_151925
====================================================================================================

0     |Info:    [ProfileManager] Found file: lol.orp attempting to validate header
0     |Info:    [ProfileManager] Valid v5 profile found for lol
0     |Info:    [ProfileManager] Found file: blanco.orp attempting to validate header
1     |Info:    [ProfileManager] Valid v5 profile found for blanco
1     |Info:    [ProfileManager] Found file: Rojo.orp attempting to validate header
1     |Info:    [ProfileManager] Valid v5 profile found for Rojo
1     |Info:    [ProfileManager] Found file: Turquesa\.orp attempting to validate header
2     |Info:    [ProfileManager] Valid v5 profile found for Turquesa\
2     |Info:    [ProfileManager] Found file: free.orp attempting to validate header
3     |Info:    [ProfileManager] Valid v5 profile found for free
78    |Info:    [ResourceManager] Initializing HID interfaces: Success
78    |Info:    ------------------------------------------------------
78    |Info:    |               Start device detection               |
78    |Info:    ------------------------------------------------------
83    |Info:    ------------------------------------------------------
83    |Info:    |             Detecting I2C interfaces               |
83    |Info:    ------------------------------------------------------
83    |Info:    [ResourceManager] Registering I2C interface: /dev/i2c-3 Device 1002:747E Subsystem: 1DA2:F475
83    |Warning: [i2c_smbus_linux] Failed to read i2c device PCI device ID
83    |Info:    [ResourceManager] Registering I2C interface: /dev/i2c-10 Device 0000:0000 Subsystem: 0000:0000
83    |Info:    [ResourceManager] Registering I2C interface: /dev/i2c-1 Device 1022:790B Subsystem: 1462:7E26
83    |Warning: [i2c_smbus_linux] Failed to read i2c device PCI device ID
83    |Info:    [ResourceManager] Registering I2C interface: /dev/i2c-17 Device 0000:0000 Subsystem: 0000:0000
83    |Info:    [ResourceManager] Registering I2C interface: /dev/i2c-8 Device 1002:747E Subsystem: 1DA2:F475
83    |Warning: [i2c_smbus_linux] Failed to read i2c device PCI device ID
83    |Info:    [ResourceManager] Registering I2C interface: /dev/i2c-15 Device 0000:0000 Subsystem: 0000:0000
83    |Info:    [ResourceManager] Registering I2C interface: /dev/i2c-6 Device 1002:747E Subsystem: 1DA2:F475
83    |Info:    [ResourceManager] Registering I2C interface: /dev/i2c-13 Device 1002:164E Subsystem: 1462:7E26
83    |Info:    [ResourceManager] Registering I2C interface: /dev/i2c-4 Device 1002:747E Subsystem: 1DA2:F475
83    |Info:    [ResourceManager] Registering I2C interface: /dev/i2c-11 Device 1002:164E Subsystem: 1462:7E26
83    |Info:    [ResourceManager] Registering I2C interface: /dev/i2c-2 Device 1022:790B Subsystem: 1462:7E26
83    |Info:    [ResourceManager] Registering I2C interface: /dev/i2c-0 Device 1022:790B Subsystem: 1462:7E26
83    |Warning: [i2c_smbus_linux] Failed to read i2c device PCI device ID
83    |Info:    [ResourceManager] Registering I2C interface: /dev/i2c-9 Device 0000:0000 Subsystem: 0000:0000
84    |Warning: [i2c_smbus_linux] Failed to read i2c device PCI device ID
84    |Info:    [ResourceManager] Registering I2C interface: /dev/i2c-16 Device 0000:0000 Subsystem: 0000:0000
84    |Info:    [ResourceManager] Registering I2C interface: /dev/i2c-7 Device 1002:747E Subsystem: 1DA2:F475
84    |Info:    [ResourceManager] Registering I2C interface: /dev/i2c-14 Device 1002:164E Subsystem: 1462:7E26
84    |Info:    [ResourceManager] Registering I2C interface: /dev/i2c-5 Device 1002:747E Subsystem: 1DA2:F475
84    |Info:    [ResourceManager] Registering I2C interface: /dev/i2c-12 Device 1002:164E Subsystem: 1462:7E26
84    |Info:    ------------------------------------------------------
84    |Info:    |               Detecting I2C devices                |
84    |Info:    ------------------------------------------------------
438   |Info:    [ENE DRAM] Registering RGB controller
694   |Info:    [ENE DRAM] Registering RGB controller
1894  |Info:    ------------------------------------------------------
1894  |Info:    |            Detecting I2C DIMM modules              |
1894  |Info:    ------------------------------------------------------
2914  |Info:    [ResourceManager] Detected occupied slot 2, bus 2, type DDR5
3927  |Info:    [ResourceManager] Detected occupied slot 4, bus 2, type DDR5
3951  |Info:    [ResourceManager] Detected occupied slot 2, bus 10, type DDR5
3956  |Info:    [ResourceManager] Detected occupied slot 4, bus 10, type DDR5
3979  |Info:    [ResourceManager] Detected occupied slot 2, bus 11, type DDR5
3984  |Info:    [ResourceManager] Detected occupied slot 4, bus 11, type DDR5
4003  |Info:    ------------------------------------------------------
4003  |Info:    |               Detecting I2C PCI devices            |
4003  |Info:    ------------------------------------------------------
4049  |Info:    ------------------------------------------------------
4049  |Info:    |               Detecting HID devices                |
4049  |Info:    ------------------------------------------------------
4118  |Info:    [MSI B650 GAMING PLUS WIFI (MS-7E26)] Registering RGB controller
4118  |Info:    ------------------------------------------------------
4118  |Info:    |            Detecting libusb HID devices            |
4118  |Info:    ------------------------------------------------------
4199  |Info:    ------------------------------------------------------
4199  |Info:    |              Detecting other devices               |
4199  |Info:    ------------------------------------------------------
4269  |Info:    [ResourceManager] Calling Post-detection callbacks
4269  |Info:    ------------------------------------------------------
4269  |Info:    |                Detection completed                 |
4269  |Info:    ------------------------------------------------------
10878 |Info:    [ProfileManager] Profile loading: Succeeded for ENE DRAM @ I2C: /dev/i2c-0, address 0x71
10878 |Info:    [ProfileManager] Profile loading: Succeeded for ENE DRAM @ I2C: /dev/i2c-0, address 0x73
10878 |Info:    [ProfileManager] Profile loading: Succeeded for MSI B650 GAMING PLUS WIFI (MS-7E26) @ HID: /dev/hidraw5
