    OpenRGB v0.9+ (git1290)
    Commit: 45af044cd84032b9a9b5865cb5e12aa2cd98c47e from 2025-04-13 13:42:14 -0500
    Launched: 20250611_175554
====================================================================================================

0     |Info:    [ProfileManager] Found file: lol.orp attempting to validate header
0     |Info:    [ProfileManager] Valid v5 profile found for lol
0     |Info:    [ProfileManager] Found file: blanco.orp attempting to validate header
0     |Info:    [ProfileManager] Valid v5 profile found for blanco
0     |Info:    [ProfileManager] Found file: Rojo.orp attempting to validate header
0     |Info:    [ProfileManager] Valid v5 profile found for Rojo
0     |Info:    [ProfileManager] Found file: rosa.orp attempting to validate header
0     |Info:    [ProfileManager] Valid v5 profile found for rosa
0     |Info:    [ProfileManager] Found file: Turquesa\.orp attempting to validate header
0     |Info:    [ProfileManager] Valid v5 profile found for Turquesa\
0     |Info:    [ProfileManager] Found file: free.orp attempting to validate header
0     |Info:    [ProfileManager] Valid v5 profile found for free
52    |Info:    [ResourceManager] Initializing HID interfaces: Success
52    |Info:    ------------------------------------------------------
52    |Info:    |               Start device detection               |
52    |Info:    ------------------------------------------------------
56    |Info:    ------------------------------------------------------
56    |Info:    |             Detecting I2C interfaces               |
56    |Info:    ------------------------------------------------------
56    |Info:    [ResourceManager] Registering I2C interface: /dev/i2c-3 Device 1002:747E Subsystem: 1DA2:F475
56    |Warning: [i2c_smbus_linux] Failed to read i2c device PCI device ID
56    |Info:    [ResourceManager] Registering I2C interface: /dev/i2c-10 Device 0000:0000 Subsystem: 0000:0000
57    |Info:    [ResourceManager] Registering I2C interface: /dev/i2c-1 Device 1022:790B Subsystem: 1462:7E26
57    |Warning: [i2c_smbus_linux] Failed to read i2c device PCI device ID
67    |Info:    [ResourceManager] Registering I2C interface: /dev/i2c-17 Device 0000:0000 Subsystem: 0000:0000
67    |Info:    [ResourceManager] Registering I2C interface: /dev/i2c-8 Device 1002:747E Subsystem: 1DA2:F475
67    |Info:    [ResourceManager] Registering I2C interface: /dev/i2c-15 Device 1002:164E Subsystem: 1462:7E26
67    |Info:    [ResourceManager] Registering I2C interface: /dev/i2c-6 Device 1002:747E Subsystem: 1DA2:F475
67    |Info:    [ResourceManager] Registering I2C interface: /dev/i2c-13 Device 1002:164E Subsystem: 1462:7E26
67    |Info:    [ResourceManager] Registering I2C interface: /dev/i2c-4 Device 1002:747E Subsystem: 1DA2:F475
67    |Warning: [i2c_smbus_linux] Failed to read i2c device PCI device ID
67    |Info:    [ResourceManager] Registering I2C interface: /dev/i2c-11 Device 0000:0000 Subsystem: 0000:0000
68    |Info:    [ResourceManager] Registering I2C interface: /dev/i2c-2 Device 1022:790B Subsystem: 1462:7E26
68    |Info:    [ResourceManager] Registering I2C interface: /dev/i2c-0 Device 1022:790B Subsystem: 1462:7E26
68    |Warning: [i2c_smbus_linux] Failed to read i2c device PCI device ID
68    |Info:    [ResourceManager] Registering I2C interface: /dev/i2c-18 Device 0000:0000 Subsystem: 0000:0000
68    |Info:    [ResourceManager] Registering I2C interface: /dev/i2c-9 Device 1002:747E Subsystem: 1DA2:F475
68    |Warning: [i2c_smbus_linux] Failed to read i2c device PCI device ID
68    |Info:    [ResourceManager] Registering I2C interface: /dev/i2c-16 Device 0000:0000 Subsystem: 0000:0000
68    |Info:    [ResourceManager] Registering I2C interface: /dev/i2c-7 Device 1002:747E Subsystem: 1DA2:F475
68    |Info:    [ResourceManager] Registering I2C interface: /dev/i2c-14 Device 1002:164E Subsystem: 1462:7E26
68    |Info:    [ResourceManager] Registering I2C interface: /dev/i2c-5 Device 1002:747E Subsystem: 1DA2:F475
68    |Info:    [ResourceManager] Registering I2C interface: /dev/i2c-12 Device 1002:164E Subsystem: 1462:7E26
68    |Info:    ------------------------------------------------------
68    |Info:    |               Detecting I2C devices                |
68    |Info:    ------------------------------------------------------
416   |Info:    [ENE DRAM] Registering RGB controller
667   |Info:    [ENE DRAM] Registering RGB controller
1863  |Info:    ------------------------------------------------------
1863  |Info:    |            Detecting I2C DIMM modules              |
1863  |Info:    ------------------------------------------------------
1870  |Info:    [ResourceManager] Detected occupied slot 2, bus 2, type DDR5
1875  |Info:    [ResourceManager] Detected occupied slot 4, bus 2, type DDR5
1899  |Info:    [ResourceManager] Detected occupied slot 2, bus 10, type DDR5
1904  |Info:    [ResourceManager] Detected occupied slot 4, bus 10, type DDR5
1927  |Info:    [ResourceManager] Detected occupied slot 2, bus 11, type DDR5
1932  |Info:    [ResourceManager] Detected occupied slot 4, bus 11, type DDR5
1952  |Info:    ------------------------------------------------------
1952  |Info:    |               Detecting I2C PCI devices            |
1952  |Info:    ------------------------------------------------------
1990  |Info:    [Sapphire Radeon RX 7700 XT Nitro+] Registering RGB controller
2003  |Info:    ------------------------------------------------------
2003  |Info:    |               Detecting HID devices                |
2003  |Info:    ------------------------------------------------------
2066  |Info:    [MSI B650 GAMING PLUS WIFI (MS-7E26)] Registering RGB controller
2068  |Info:    ------------------------------------------------------
2068  |Info:    |            Detecting libusb HID devices            |
2068  |Info:    ------------------------------------------------------
2075  |Info:    ------------------------------------------------------
2075  |Info:    |              Detecting other devices               |
2075  |Info:    ------------------------------------------------------
2135  |Info:    [ResourceManager] Calling Post-detection callbacks
2135  |Info:    ------------------------------------------------------
2135  |Info:    |                Detection completed                 |
2135  |Info:    ------------------------------------------------------
84947 |Info:    [ProfileManager] Found file: lol.orp attempting to validate header
84947 |Info:    [ProfileManager] Valid v5 profile found for lol
84947 |Info:    [ProfileManager] Found file: Verde.orp attempting to validate header
84947 |Info:    [ProfileManager] Valid v5 profile found for Verde
84947 |Info:    [ProfileManager] Found file: blanco.orp attempting to validate header
84947 |Info:    [ProfileManager] Valid v5 profile found for blanco
84947 |Info:    [ProfileManager] Found file: Rojo.orp attempting to validate header
84947 |Info:    [ProfileManager] Valid v5 profile found for Rojo
84947 |Info:    [ProfileManager] Found file: rosa.orp attempting to validate header
84947 |Info:    [ProfileManager] Valid v5 profile found for rosa
84947 |Info:    [ProfileManager] Found file: Turquesa\.orp attempting to validate header
84947 |Info:    [ProfileManager] Valid v5 profile found for Turquesa\
84947 |Info:    [ProfileManager] Found file: free.orp attempting to validate header
84947 |Info:    [ProfileManager] Valid v5 profile found for free
