    OpenRGB v0.9+ (git1290)
    Commit: 45af044cd84032b9a9b5865cb5e12aa2cd98c47e from 2025-04-13 13:42:14 -0500
    Launched: 20250828_145143
====================================================================================================

1     |Info:    [ProfileManager] Found file: lol.orp attempting to validate header
1     |Info:    [ProfileManager] Valid v5 profile found for lol
1     |Info:    [ProfileManager] Found file: Verde.orp attempting to validate header
1     |Info:    [ProfileManager] Valid v5 profile found for Verde
1     |Info:    [ProfileManager] Found file: blanco.orp attempting to validate header
2     |Info:    [ProfileManager] Valid v5 profile found for blanco
2     |Info:    [ProfileManager] Found file: Rojo.orp attempting to validate header
3     |Info:    [ProfileManager] Valid v5 profile found for Rojo
3     |Info:    [ProfileManager] Found file: rosa.orp attempting to validate header
3     |Info:    [ProfileManager] Valid v5 profile found for rosa
3     |Info:    [ProfileManager] Found file: Turquesa\.orp attempting to validate header
3     |Info:    [ProfileManager] Valid v5 profile found for Turquesa\
3     |Info:    [ProfileManager] Found file: free.orp attempting to validate header
4     |Info:    [ProfileManager] Valid v5 profile found for free
74    |Info:    [ResourceManager] Initializing HID interfaces: Success
74    |Info:    ------------------------------------------------------
74    |Info:    |               Start device detection               |
74    |Info:    ------------------------------------------------------
78    |Info:    ------------------------------------------------------
78    |Info:    |             Detecting I2C interfaces               |
78    |Info:    ------------------------------------------------------
78    |Info:    [ResourceManager] Registering I2C interface: /dev/i2c-3 Device 1002:747E Subsystem: 1DA2:F475
78    |Warning: [i2c_smbus_linux] Failed to read i2c device PCI device ID
78    |Info:    [ResourceManager] Registering I2C interface: /dev/i2c-10 Device 0000:0000 Subsystem: 0000:0000
78    |Info:    [ResourceManager] Registering I2C interface: /dev/i2c-1 Device 1022:790B Subsystem: 1462:7E26
78    |Warning: [i2c_smbus_linux] Failed to read i2c device PCI device ID
78    |Info:    [ResourceManager] Registering I2C interface: /dev/i2c-17 Device 0000:0000 Subsystem: 0000:0000
78    |Info:    [ResourceManager] Registering I2C interface: /dev/i2c-8 Device 1002:747E Subsystem: 1DA2:F475
78    |Info:    [ResourceManager] Registering I2C interface: /dev/i2c-15 Device 1002:164E Subsystem: 1462:7E26
78    |Info:    [ResourceManager] Registering I2C interface: /dev/i2c-6 Device 1002:747E Subsystem: 1DA2:F475
78    |Info:    [ResourceManager] Registering I2C interface: /dev/i2c-13 Device 1002:164E Subsystem: 1462:7E26
78    |Info:    [ResourceManager] Registering I2C interface: /dev/i2c-4 Device 1002:747E Subsystem: 1DA2:F475
78    |Warning: [i2c_smbus_linux] Failed to read i2c device PCI device ID
78    |Info:    [ResourceManager] Registering I2C interface: /dev/i2c-11 Device 0000:0000 Subsystem: 0000:0000
78    |Info:    [ResourceManager] Registering I2C interface: /dev/i2c-2 Device 1022:790B Subsystem: 1462:7E26
78    |Info:    [ResourceManager] Registering I2C interface: /dev/i2c-0 Device 1022:790B Subsystem: 1462:7E26
78    |Warning: [i2c_smbus_linux] Failed to read i2c device PCI device ID
78    |Info:    [ResourceManager] Registering I2C interface: /dev/i2c-18 Device 0000:0000 Subsystem: 0000:0000
79    |Info:    [ResourceManager] Registering I2C interface: /dev/i2c-9 Device 1002:747E Subsystem: 1DA2:F475
79    |Warning: [i2c_smbus_linux] Failed to read i2c device PCI device ID
79    |Info:    [ResourceManager] Registering I2C interface: /dev/i2c-16 Device 0000:0000 Subsystem: 0000:0000
79    |Info:    [ResourceManager] Registering I2C interface: /dev/i2c-7 Device 1002:747E Subsystem: 1DA2:F475
79    |Info:    [ResourceManager] Registering I2C interface: /dev/i2c-14 Device 1002:164E Subsystem: 1462:7E26
79    |Info:    [ResourceManager] Registering I2C interface: /dev/i2c-5 Device 1002:747E Subsystem: 1DA2:F475
79    |Info:    [ResourceManager] Registering I2C interface: /dev/i2c-12 Device 1002:164E Subsystem: 1462:7E26
79    |Info:    ------------------------------------------------------
79    |Info:    |               Detecting I2C devices                |
79    |Info:    ------------------------------------------------------
443   |Info:    [ENE DRAM] Registering RGB controller
706   |Info:    [ENE DRAM] Registering RGB controller
1904  |Info:    ------------------------------------------------------
1904  |Info:    |            Detecting I2C DIMM modules              |
1904  |Info:    ------------------------------------------------------
2931  |Info:    [ResourceManager] Detected occupied slot 2, bus 2, type DDR5
3953  |Info:    [ResourceManager] Detected occupied slot 4, bus 2, type DDR5
3978  |Info:    [ResourceManager] Detected occupied slot 2, bus 10, type DDR5
3982  |Info:    [ResourceManager] Detected occupied slot 4, bus 10, type DDR5
4006  |Info:    [ResourceManager] Detected occupied slot 2, bus 11, type DDR5
4010  |Info:    [ResourceManager] Detected occupied slot 4, bus 11, type DDR5
4029  |Info:    ------------------------------------------------------
4029  |Info:    |               Detecting I2C PCI devices            |
4029  |Info:    ------------------------------------------------------
4066  |Info:    [Sapphire Radeon RX 7700 XT Nitro+] Registering RGB controller
4079  |Info:    ------------------------------------------------------
4079  |Info:    |               Detecting HID devices                |
4079  |Info:    ------------------------------------------------------
4146  |Info:    [MSI B650 GAMING PLUS WIFI (MS-7E26)] Registering RGB controller
4148  |Info:    ------------------------------------------------------
4148  |Info:    |            Detecting libusb HID devices            |
4148  |Info:    ------------------------------------------------------
4155  |Info:    ------------------------------------------------------
4155  |Info:    |              Detecting other devices               |
4155  |Info:    ------------------------------------------------------
4219  |Info:    [ResourceManager] Calling Post-detection callbacks
4219  |Info:    ------------------------------------------------------
4219  |Info:    |                Detection completed                 |
4219  |Info:    ------------------------------------------------------
