    OpenRGB v0.9+ (git1290)
    Commit: 45af044cd84032b9a9b5865cb5e12aa2cd98c47e from 2025-04-13 13:42:14 -0500
    Launched: 20250819_204751
====================================================================================================

2     |Info:    [ProfileManager] Found file: lol.orp attempting to validate header
3     |Info:    [ProfileManager] Valid v5 profile found for lol
3     |Info:    [ProfileManager] Found file: Verde.orp attempting to validate header
3     |Info:    [ProfileManager] Valid v5 profile found for Verde
3     |Info:    [ProfileManager] Found file: blanco.orp attempting to validate header
5     |Info:    [ProfileManager] Valid v5 profile found for blanco
5     |Info:    [ProfileManager] Found file: Rojo.orp attempting to validate header
9     |Info:    [ProfileManager] Valid v5 profile found for Rojo
9     |Info:    [ProfileManager] Found file: rosa.orp attempting to validate header
10    |Info:    [ProfileManager] Valid v5 profile found for rosa
10    |Info:    [ProfileManager] Found file: Turquesa\.orp attempting to validate header
10    |Info:    [ProfileManager] Valid v5 profile found for Turquesa\
10    |Info:    [ProfileManager] Found file: free.orp attempting to validate header
12    |Info:    [ProfileManager] Valid v5 profile found for free
118   |Info:    [ResourceManager] Initializing HID interfaces: Success
118   |Info:    ------------------------------------------------------
118   |Info:    |               Start device detection               |
118   |Info:    ------------------------------------------------------
124   |Info:    ------------------------------------------------------
124   |Info:    |             Detecting I2C interfaces               |
124   |Info:    ------------------------------------------------------
124   |Info:    [ResourceManager] Registering I2C interface: /dev/i2c-3 Device 1002:747E Subsystem: 1DA2:F475
124   |Warning: [i2c_smbus_linux] Failed to read i2c device PCI device ID
124   |Info:    [ResourceManager] Registering I2C interface: /dev/i2c-10 Device 0000:0000 Subsystem: 0000:0000
124   |Info:    [ResourceManager] Registering I2C interface: /dev/i2c-1 Device 1022:790B Subsystem: 1462:7E26
124   |Warning: [i2c_smbus_linux] Failed to read i2c device PCI device ID
124   |Info:    [ResourceManager] Registering I2C interface: /dev/i2c-17 Device 0000:0000 Subsystem: 0000:0000
124   |Info:    [ResourceManager] Registering I2C interface: /dev/i2c-8 Device 1002:747E Subsystem: 1DA2:F475
124   |Info:    [ResourceManager] Registering I2C interface: /dev/i2c-15 Device 1002:164E Subsystem: 1462:7E26
124   |Info:    [ResourceManager] Registering I2C interface: /dev/i2c-6 Device 1002:747E Subsystem: 1DA2:F475
124   |Info:    [ResourceManager] Registering I2C interface: /dev/i2c-13 Device 1002:164E Subsystem: 1462:7E26
124   |Info:    [ResourceManager] Registering I2C interface: /dev/i2c-4 Device 1002:747E Subsystem: 1DA2:F475
124   |Warning: [i2c_smbus_linux] Failed to read i2c device PCI device ID
124   |Info:    [ResourceManager] Registering I2C interface: /dev/i2c-11 Device 0000:0000 Subsystem: 0000:0000
124   |Info:    [ResourceManager] Registering I2C interface: /dev/i2c-2 Device 1022:790B Subsystem: 1462:7E26
124   |Info:    [ResourceManager] Registering I2C interface: /dev/i2c-0 Device 1022:790B Subsystem: 1462:7E26
124   |Warning: [i2c_smbus_linux] Failed to read i2c device PCI device ID
124   |Info:    [ResourceManager] Registering I2C interface: /dev/i2c-18 Device 0000:0000 Subsystem: 0000:0000
124   |Info:    [ResourceManager] Registering I2C interface: /dev/i2c-9 Device 1002:747E Subsystem: 1DA2:F475
124   |Warning: [i2c_smbus_linux] Failed to read i2c device PCI device ID
124   |Info:    [ResourceManager] Registering I2C interface: /dev/i2c-16 Device 0000:0000 Subsystem: 0000:0000
125   |Info:    [ResourceManager] Registering I2C interface: /dev/i2c-7 Device 1002:747E Subsystem: 1DA2:F475
125   |Info:    [ResourceManager] Registering I2C interface: /dev/i2c-14 Device 1002:164E Subsystem: 1462:7E26
125   |Info:    [ResourceManager] Registering I2C interface: /dev/i2c-5 Device 1002:747E Subsystem: 1DA2:F475
125   |Info:    [ResourceManager] Registering I2C interface: /dev/i2c-12 Device 1002:164E Subsystem: 1462:7E26
125   |Info:    ------------------------------------------------------
125   |Info:    |               Detecting I2C devices                |
125   |Info:    ------------------------------------------------------
479   |Info:    [ENE DRAM] Registering RGB controller
741   |Info:    [ENE DRAM] Registering RGB controller
1936  |Info:    ------------------------------------------------------
1936  |Info:    |            Detecting I2C DIMM modules              |
1936  |Info:    ------------------------------------------------------
2962  |Info:    [ResourceManager] Detected occupied slot 2, bus 2, type DDR5
3958  |Info:    [ResourceManager] Detected occupied slot 4, bus 2, type DDR5
3983  |Info:    [ResourceManager] Detected occupied slot 2, bus 10, type DDR5
3987  |Info:    [ResourceManager] Detected occupied slot 4, bus 10, type DDR5
4011  |Info:    [ResourceManager] Detected occupied slot 2, bus 11, type DDR5
4016  |Info:    [ResourceManager] Detected occupied slot 4, bus 11, type DDR5
4036  |Info:    ------------------------------------------------------
4036  |Info:    |               Detecting I2C PCI devices            |
4036  |Info:    ------------------------------------------------------
4075  |Info:    [Sapphire Radeon RX 7700 XT Nitro+] Registering RGB controller
4087  |Info:    ------------------------------------------------------
4087  |Info:    |               Detecting HID devices                |
4087  |Info:    ------------------------------------------------------
4155  |Info:    [MSI B650 GAMING PLUS WIFI (MS-7E26)] Registering RGB controller
4156  |Info:    ------------------------------------------------------
4156  |Info:    |            Detecting libusb HID devices            |
4156  |Info:    ------------------------------------------------------
4235  |Info:    ------------------------------------------------------
4236  |Info:    |              Detecting other devices               |
4236  |Info:    ------------------------------------------------------
4298  |Info:    [ResourceManager] Calling Post-detection callbacks
4298  |Info:    ------------------------------------------------------
4298  |Info:    |                Detection completed                 |
4298  |Info:    ------------------------------------------------------
