    OpenRGB v0.9+ (git1290)
    Commit: 45af044cd84032b9a9b5865cb5e12aa2cd98c47e from 2025-04-13 13:42:14 -0500
    Launched: 20250821_153041
====================================================================================================

0     |Info:    [ProfileManager] Found file: lol.orp attempting to validate header
0     |Info:    [ProfileManager] Valid v5 profile found for lol
0     |Info:    [ProfileManager] Found file: Verde.orp attempting to validate header
0     |Info:    [ProfileManager] Valid v5 profile found for Verde
0     |Info:    [ProfileManager] Found file: blanco.orp attempting to validate header
0     |Info:    [ProfileManager] Valid v5 profile found for blanco
0     |Info:    [ProfileManager] Found file: Rojo.orp attempting to validate header
0     |Info:    [ProfileManager] Valid v5 profile found for Rojo
0     |Info:    [ProfileManager] Found file: rosa.orp attempting to validate header
0     |Info:    [ProfileManager] Valid v5 profile found for rosa
0     |Info:    [ProfileManager] Found file: Turquesa\.orp attempting to validate header
0     |Info:    [ProfileManager] Valid v5 profile found for Turquesa\
0     |Info:    [ProfileManager] Found file: free.orp attempting to validate header
0     |Info:    [ProfileManager] Valid v5 profile found for free
52    |Info:    [ResourceManager] Initializing HID interfaces: Success
52    |Info:    ------------------------------------------------------
52    |Info:    |               Start device detection               |
52    |Info:    ------------------------------------------------------
57    |Info:    ------------------------------------------------------
57    |Info:    |             Detecting I2C interfaces               |
57    |Info:    ------------------------------------------------------
57    |Info:    [ResourceManager] Registering I2C interface: /dev/i2c-3 Device 1002:747E Subsystem: 1DA2:F475
57    |Warning: [i2c_smbus_linux] Failed to read i2c device PCI device ID
57    |Info:    [ResourceManager] Registering I2C interface: /dev/i2c-10 Device 0000:0000 Subsystem: 0000:0000
57    |Info:    [ResourceManager] Registering I2C interface: /dev/i2c-1 Device 1022:790B Subsystem: 1462:7E26
57    |Warning: [i2c_smbus_linux] Failed to read i2c device PCI device ID
57    |Info:    [ResourceManager] Registering I2C interface: /dev/i2c-17 Device 0000:0000 Subsystem: 0000:0000
57    |Info:    [ResourceManager] Registering I2C interface: /dev/i2c-8 Device 1002:747E Subsystem: 1DA2:F475
57    |Info:    [ResourceManager] Registering I2C interface: /dev/i2c-15 Device 1002:164E Subsystem: 1462:7E26
57    |Info:    [ResourceManager] Registering I2C interface: /dev/i2c-6 Device 1002:747E Subsystem: 1DA2:F475
57    |Info:    [ResourceManager] Registering I2C interface: /dev/i2c-13 Device 1002:164E Subsystem: 1462:7E26
57    |Info:    [ResourceManager] Registering I2C interface: /dev/i2c-4 Device 1002:747E Subsystem: 1DA2:F475
57    |Warning: [i2c_smbus_linux] Failed to read i2c device PCI device ID
57    |Info:    [ResourceManager] Registering I2C interface: /dev/i2c-11 Device 0000:0000 Subsystem: 0000:0000
57    |Info:    [ResourceManager] Registering I2C interface: /dev/i2c-2 Device 1022:790B Subsystem: 1462:7E26
57    |Info:    [ResourceManager] Registering I2C interface: /dev/i2c-0 Device 1022:790B Subsystem: 1462:7E26
57    |Warning: [i2c_smbus_linux] Failed to read i2c device PCI device ID
57    |Info:    [ResourceManager] Registering I2C interface: /dev/i2c-18 Device 0000:0000 Subsystem: 0000:0000
57    |Info:    [ResourceManager] Registering I2C interface: /dev/i2c-9 Device 1002:747E Subsystem: 1DA2:F475
58    |Warning: [i2c_smbus_linux] Failed to read i2c device PCI device ID
58    |Info:    [ResourceManager] Registering I2C interface: /dev/i2c-16 Device 0000:0000 Subsystem: 0000:0000
58    |Info:    [ResourceManager] Registering I2C interface: /dev/i2c-7 Device 1002:747E Subsystem: 1DA2:F475
58    |Info:    [ResourceManager] Registering I2C interface: /dev/i2c-14 Device 1002:164E Subsystem: 1462:7E26
58    |Info:    [ResourceManager] Registering I2C interface: /dev/i2c-5 Device 1002:747E Subsystem: 1DA2:F475
58    |Info:    [ResourceManager] Registering I2C interface: /dev/i2c-12 Device 1002:164E Subsystem: 1462:7E26
58    |Info:    ------------------------------------------------------
58    |Info:    |               Detecting I2C devices                |
58    |Info:    ------------------------------------------------------
415   |Info:    [ENE DRAM] Registering RGB controller
666   |Info:    [ENE DRAM] Registering RGB controller
1862  |Info:    ------------------------------------------------------
1862  |Info:    |            Detecting I2C DIMM modules              |
1862  |Info:    ------------------------------------------------------
1867  |Info:    [ResourceManager] Detected occupied slot 2, bus 2, type DDR5
1872  |Info:    [ResourceManager] Detected occupied slot 4, bus 2, type DDR5
1896  |Info:    [ResourceManager] Detected occupied slot 2, bus 10, type DDR5
1901  |Info:    [ResourceManager] Detected occupied slot 4, bus 10, type DDR5
1925  |Info:    [ResourceManager] Detected occupied slot 2, bus 11, type DDR5
1930  |Info:    [ResourceManager] Detected occupied slot 4, bus 11, type DDR5
1950  |Info:    ------------------------------------------------------
1950  |Info:    |               Detecting I2C PCI devices            |
1950  |Info:    ------------------------------------------------------
1990  |Info:    [Sapphire Radeon RX 7700 XT Nitro+] Registering RGB controller
2003  |Info:    ------------------------------------------------------
2003  |Info:    |               Detecting HID devices                |
2003  |Info:    ------------------------------------------------------
2067  |Info:    [MSI B650 GAMING PLUS WIFI (MS-7E26)] Registering RGB controller
2069  |Info:    ------------------------------------------------------
2069  |Info:    |            Detecting libusb HID devices            |
2069  |Info:    ------------------------------------------------------
2147  |Info:    ------------------------------------------------------
2147  |Info:    |              Detecting other devices               |
2147  |Info:    ------------------------------------------------------
2206  |Info:    [ResourceManager] Calling Post-detection callbacks
2206  |Info:    ------------------------------------------------------
2206  |Info:    |                Detection completed                 |
2206  |Info:    ------------------------------------------------------
4851  |Info:    [ProfileManager] Profile loading: Succeeded for ENE DRAM @ I2C: /dev/i2c-0, address 0x71
4851  |Info:    [ProfileManager] Profile loading: Succeeded for ENE DRAM @ I2C: /dev/i2c-0, address 0x73
4851  |Info:    [ProfileManager] Profile loading: Succeeded for Sapphire Radeon RX 7700 XT Nitro+ @ I2C: /dev/i2c-9, address 0x28
4851  |Info:    [ProfileManager] Profile loading: Succeeded for MSI B650 GAMING PLUS WIFI (MS-7E26) @ HID: /dev/hidraw5
5328  |Info:    [ProfileManager] Profile loading: Succeeded for ENE DRAM @ I2C: /dev/i2c-0, address 0x71
5328  |Info:    [ProfileManager] Profile loading: Succeeded for ENE DRAM @ I2C: /dev/i2c-0, address 0x73
5328  |Info:    [ProfileManager] Profile loading: Succeeded for Sapphire Radeon RX 7700 XT Nitro+ @ I2C: /dev/i2c-9, address 0x28
5328  |Info:    [ProfileManager] Profile loading: Succeeded for MSI B650 GAMING PLUS WIFI (MS-7E26) @ HID: /dev/hidraw5
