    OpenRGB v0.9+ (git1290)
    Commit: 45af044cd84032b9a9b5865cb5e12aa2cd98c47e from 2025-04-13 13:42:14 -0500
    Launched: 20250711_141217
====================================================================================================

0     |Info:    [ProfileManager] Found file: lol.orp attempting to validate header
0     |Info:    [ProfileManager] Valid v5 profile found for lol
0     |Info:    [ProfileManager] Found file: Verde.orp attempting to validate header
0     |Info:    [ProfileManager] Valid v5 profile found for Verde
0     |Info:    [ProfileManager] Found file: blanco.orp attempting to validate header
1     |Info:    [ProfileManager] Valid v5 profile found for blanco
1     |Info:    [ProfileManager] Found file: Rojo.orp attempting to validate header
1     |Info:    [ProfileManager] Valid v5 profile found for Rojo
1     |Info:    [ProfileManager] Found file: rosa.orp attempting to validate header
1     |Info:    [ProfileManager] Valid v5 profile found for rosa
1     |Info:    [ProfileManager] Found file: Turquesa\.orp attempting to validate header
1     |Info:    [ProfileManager] Valid v5 profile found for Turquesa\
1     |Info:    [ProfileManager] Found file: free.orp attempting to validate header
2     |Info:    [ProfileManager] Valid v5 profile found for free
63    |Info:    [ResourceManager] Initializing HID interfaces: Success
63    |Info:    ------------------------------------------------------
63    |Info:    |               Start device detection               |
63    |Info:    ------------------------------------------------------
68    |Info:    ------------------------------------------------------
68    |Info:    |             Detecting I2C interfaces               |
68    |Info:    ------------------------------------------------------
68    |Info:    [ResourceManager] Registering I2C interface: /dev/i2c-3 Device 1002:747E Subsystem: 1DA2:F475
68    |Warning: [i2c_smbus_linux] Failed to read i2c device PCI device ID
68    |Info:    [ResourceManager] Registering I2C interface: /dev/i2c-10 Device 0000:0000 Subsystem: 0000:0000
68    |Info:    [ResourceManager] Registering I2C interface: /dev/i2c-1 Device 1022:790B Subsystem: 1462:7E26
68    |Warning: [i2c_smbus_linux] Failed to read i2c device PCI device ID
68    |Info:    [ResourceManager] Registering I2C interface: /dev/i2c-17 Device 0000:0000 Subsystem: 0000:0000
68    |Info:    [ResourceManager] Registering I2C interface: /dev/i2c-8 Device 1002:747E Subsystem: 1DA2:F475
68    |Info:    [ResourceManager] Registering I2C interface: /dev/i2c-15 Device 1002:164E Subsystem: 1462:7E26
68    |Info:    [ResourceManager] Registering I2C interface: /dev/i2c-6 Device 1002:747E Subsystem: 1DA2:F475
68    |Info:    [ResourceManager] Registering I2C interface: /dev/i2c-13 Device 1002:164E Subsystem: 1462:7E26
68    |Info:    [ResourceManager] Registering I2C interface: /dev/i2c-4 Device 1002:747E Subsystem: 1DA2:F475
68    |Warning: [i2c_smbus_linux] Failed to read i2c device PCI device ID
68    |Info:    [ResourceManager] Registering I2C interface: /dev/i2c-11 Device 0000:0000 Subsystem: 0000:0000
68    |Info:    [ResourceManager] Registering I2C interface: /dev/i2c-2 Device 1022:790B Subsystem: 1462:7E26
68    |Info:    [ResourceManager] Registering I2C interface: /dev/i2c-0 Device 1022:790B Subsystem: 1462:7E26
68    |Warning: [i2c_smbus_linux] Failed to read i2c device PCI device ID
68    |Info:    [ResourceManager] Registering I2C interface: /dev/i2c-18 Device 0000:0000 Subsystem: 0000:0000
69    |Info:    [ResourceManager] Registering I2C interface: /dev/i2c-9 Device 1002:747E Subsystem: 1DA2:F475
69    |Warning: [i2c_smbus_linux] Failed to read i2c device PCI device ID
69    |Info:    [ResourceManager] Registering I2C interface: /dev/i2c-16 Device 0000:0000 Subsystem: 0000:0000
69    |Info:    [ResourceManager] Registering I2C interface: /dev/i2c-7 Device 1002:747E Subsystem: 1DA2:F475
69    |Info:    [ResourceManager] Registering I2C interface: /dev/i2c-14 Device 1002:164E Subsystem: 1462:7E26
69    |Info:    [ResourceManager] Registering I2C interface: /dev/i2c-5 Device 1002:747E Subsystem: 1DA2:F475
69    |Info:    [ResourceManager] Registering I2C interface: /dev/i2c-12 Device 1002:164E Subsystem: 1462:7E26
69    |Info:    ------------------------------------------------------
69    |Info:    |               Detecting I2C devices                |
69    |Info:    ------------------------------------------------------
429   |Info:    [ENE DRAM] Registering RGB controller
687   |Info:    [ENE DRAM] Registering RGB controller
1884  |Info:    ------------------------------------------------------
1884  |Info:    |            Detecting I2C DIMM modules              |
1884  |Info:    ------------------------------------------------------
2895  |Info:    [ResourceManager] Detected occupied slot 2, bus 2, type DDR5
3908  |Info:    [ResourceManager] Detected occupied slot 4, bus 2, type DDR5
3933  |Info:    [ResourceManager] Detected occupied slot 2, bus 10, type DDR5
3937  |Info:    [ResourceManager] Detected occupied slot 4, bus 10, type DDR5
3962  |Info:    [ResourceManager] Detected occupied slot 2, bus 11, type DDR5
3967  |Info:    [ResourceManager] Detected occupied slot 4, bus 11, type DDR5
3987  |Info:    ------------------------------------------------------
3987  |Info:    |               Detecting I2C PCI devices            |
3987  |Info:    ------------------------------------------------------
4029  |Info:    [Sapphire Radeon RX 7700 XT Nitro+] Registering RGB controller
4042  |Info:    ------------------------------------------------------
4042  |Info:    |               Detecting HID devices                |
4042  |Info:    ------------------------------------------------------
4109  |Info:    [MSI B650 GAMING PLUS WIFI (MS-7E26)] Registering RGB controller
4110  |Info:    ------------------------------------------------------
4110  |Info:    |            Detecting libusb HID devices            |
4110  |Info:    ------------------------------------------------------
4190  |Info:    ------------------------------------------------------
4191  |Info:    |              Detecting other devices               |
4191  |Info:    ------------------------------------------------------
4256  |Info:    [ResourceManager] Calling Post-detection callbacks
4256  |Info:    ------------------------------------------------------
4256  |Info:    |                Detection completed                 |
4256  |Info:    ------------------------------------------------------
7112  |Info:    [ProfileManager] Profile loading: Succeeded for ENE DRAM @ I2C: /dev/i2c-0, address 0x71
7112  |Info:    [ProfileManager] Profile loading: Succeeded for ENE DRAM @ I2C: /dev/i2c-0, address 0x73
7112  |Info:    [ProfileManager] Profile loading: Succeeded for Sapphire Radeon RX 7700 XT Nitro+ @ I2C: /dev/i2c-9, address 0x28
7112  |Info:    [ProfileManager] Profile loading: Succeeded for MSI B650 GAMING PLUS WIFI (MS-7E26) @ HID: /dev/hidraw5
