    OpenRGB v0.9+ (git1290)
    Commit: 45af044cd84032b9a9b5865cb5e12aa2cd98c47e from 2025-04-13 13:42:14 -0500
    Launched: 20250815_165619
====================================================================================================

1     |Info:    [ProfileManager] Found file: lol.orp attempting to validate header
2     |Info:    [ProfileManager] Valid v5 profile found for lol
2     |Info:    [ProfileManager] Found file: Verde.orp attempting to validate header
3     |Info:    [ProfileManager] Valid v5 profile found for Verde
3     |Info:    [ProfileManager] Found file: blanco.orp attempting to validate header
5     |Info:    [ProfileManager] Valid v5 profile found for blanco
5     |Info:    [ProfileManager] Found file: Rojo.orp attempting to validate header
6     |Info:    [ProfileManager] Valid v5 profile found for Rojo
6     |Info:    [ProfileManager] Found file: rosa.orp attempting to validate header
7     |Info:    [ProfileManager] Valid v5 profile found for rosa
7     |Info:    [ProfileManager] Found file: Turquesa\.orp attempting to validate header
9     |Info:    [ProfileManager] Valid v5 profile found for Turquesa\
9     |Info:    [ProfileManager] Found file: free.orp attempting to validate header
10    |Info:    [ProfileManager] Valid v5 profile found for free
113   |Info:    [ResourceManager] Initializing HID interfaces: Success
113   |Info:    ------------------------------------------------------
113   |Info:    |               Start device detection               |
113   |Info:    ------------------------------------------------------
117   |Info:    ------------------------------------------------------
117   |Info:    |             Detecting I2C interfaces               |
117   |Info:    ------------------------------------------------------
117   |Info:    [ResourceManager] Registering I2C interface: /dev/i2c-3 Device 1002:747E Subsystem: 1DA2:F475
117   |Warning: [i2c_smbus_linux] Failed to read i2c device PCI device ID
117   |Info:    [ResourceManager] Registering I2C interface: /dev/i2c-10 Device 0000:0000 Subsystem: 0000:0000
117   |Info:    [ResourceManager] Registering I2C interface: /dev/i2c-1 Device 1022:790B Subsystem: 1462:7E26
117   |Warning: [i2c_smbus_linux] Failed to read i2c device PCI device ID
117   |Info:    [ResourceManager] Registering I2C interface: /dev/i2c-17 Device 0000:0000 Subsystem: 0000:0000
117   |Info:    [ResourceManager] Registering I2C interface: /dev/i2c-8 Device 1002:747E Subsystem: 1DA2:F475
117   |Info:    [ResourceManager] Registering I2C interface: /dev/i2c-15 Device 1002:164E Subsystem: 1462:7E26
117   |Info:    [ResourceManager] Registering I2C interface: /dev/i2c-6 Device 1002:747E Subsystem: 1DA2:F475
117   |Info:    [ResourceManager] Registering I2C interface: /dev/i2c-13 Device 1002:164E Subsystem: 1462:7E26
117   |Info:    [ResourceManager] Registering I2C interface: /dev/i2c-4 Device 1002:747E Subsystem: 1DA2:F475
117   |Warning: [i2c_smbus_linux] Failed to read i2c device PCI device ID
117   |Info:    [ResourceManager] Registering I2C interface: /dev/i2c-11 Device 0000:0000 Subsystem: 0000:0000
117   |Info:    [ResourceManager] Registering I2C interface: /dev/i2c-2 Device 1022:790B Subsystem: 1462:7E26
117   |Info:    [ResourceManager] Registering I2C interface: /dev/i2c-0 Device 1022:790B Subsystem: 1462:7E26
117   |Warning: [i2c_smbus_linux] Failed to read i2c device PCI device ID
117   |Info:    [ResourceManager] Registering I2C interface: /dev/i2c-18 Device 0000:0000 Subsystem: 0000:0000
117   |Info:    [ResourceManager] Registering I2C interface: /dev/i2c-9 Device 1002:747E Subsystem: 1DA2:F475
118   |Warning: [i2c_smbus_linux] Failed to read i2c device PCI device ID
118   |Info:    [ResourceManager] Registering I2C interface: /dev/i2c-16 Device 0000:0000 Subsystem: 0000:0000
118   |Info:    [ResourceManager] Registering I2C interface: /dev/i2c-7 Device 1002:747E Subsystem: 1DA2:F475
118   |Info:    [ResourceManager] Registering I2C interface: /dev/i2c-14 Device 1002:164E Subsystem: 1462:7E26
118   |Info:    [ResourceManager] Registering I2C interface: /dev/i2c-5 Device 1002:747E Subsystem: 1DA2:F475
118   |Info:    [ResourceManager] Registering I2C interface: /dev/i2c-12 Device 1002:164E Subsystem: 1462:7E26
118   |Info:    ------------------------------------------------------
118   |Info:    |               Detecting I2C devices                |
118   |Info:    ------------------------------------------------------
462   |Info:    [ENE DRAM] Registering RGB controller
716   |Info:    [ENE DRAM] Registering RGB controller
1912  |Info:    ------------------------------------------------------
1912  |Info:    |            Detecting I2C DIMM modules              |
1912  |Info:    ------------------------------------------------------
2907  |Info:    [ResourceManager] Detected occupied slot 2, bus 2, type DDR5
3884  |Info:    [ResourceManager] Detected occupied slot 4, bus 2, type DDR5
3909  |Info:    [ResourceManager] Detected occupied slot 2, bus 10, type DDR5
3913  |Info:    [ResourceManager] Detected occupied slot 4, bus 10, type DDR5
3937  |Info:    [ResourceManager] Detected occupied slot 2, bus 11, type DDR5
3942  |Info:    [ResourceManager] Detected occupied slot 4, bus 11, type DDR5
3961  |Info:    ------------------------------------------------------
3961  |Info:    |               Detecting I2C PCI devices            |
3961  |Info:    ------------------------------------------------------
4002  |Info:    [Sapphire Radeon RX 7700 XT Nitro+] Registering RGB controller
4014  |Info:    ------------------------------------------------------
4014  |Info:    |               Detecting HID devices                |
4014  |Info:    ------------------------------------------------------
4083  |Info:    [MSI B650 GAMING PLUS WIFI (MS-7E26)] Registering RGB controller
4084  |Info:    ------------------------------------------------------
4084  |Info:    |            Detecting libusb HID devices            |
4084  |Info:    ------------------------------------------------------
4093  |Info:    ------------------------------------------------------
4093  |Info:    |              Detecting other devices               |
4093  |Info:    ------------------------------------------------------
4159  |Info:    [ResourceManager] Calling Post-detection callbacks
4159  |Info:    ------------------------------------------------------
4159  |Info:    |                Detection completed                 |
4159  |Info:    ------------------------------------------------------
