    OpenRGB v0.9+ (git1290)
    Commit: 45af044cd84032b9a9b5865cb5e12aa2cd98c47e from 2025-04-13 13:42:14 -0500
    Launched: 20250820_150657
====================================================================================================

3     |Info:    [ProfileManager] Found file: lol.orp attempting to validate header
6     |Info:    [ProfileManager] Valid v5 profile found for lol
6     |Info:    [ProfileManager] Found file: Verde.orp attempting to validate header
8     |Info:    [ProfileManager] Valid v5 profile found for Verde
8     |Info:    [ProfileManager] Found file: blanco.orp attempting to validate header
10    |Info:    [ProfileManager] Valid v5 profile found for blanco
10    |Info:    [ProfileManager] Found file: Rojo.orp attempting to validate header
10    |Info:    [ProfileManager] Valid v5 profile found for Rojo
10    |Info:    [ProfileManager] Found file: rosa.orp attempting to validate header
11    |Info:    [ProfileManager] Valid v5 profile found for rosa
11    |Info:    [ProfileManager] Found file: Turquesa\.orp attempting to validate header
12    |Info:    [ProfileManager] Valid v5 profile found for Turquesa\
12    |Info:    [ProfileManager] Found file: free.orp attempting to validate header
13    |Info:    [ProfileManager] Valid v5 profile found for free
104   |Info:    [ResourceManager] Initializing HID interfaces: Success
104   |Info:    ------------------------------------------------------
104   |Info:    |               Start device detection               |
104   |Info:    ------------------------------------------------------
109   |Info:    ------------------------------------------------------
109   |Info:    |             Detecting I2C interfaces               |
109   |Info:    ------------------------------------------------------
109   |Info:    [ResourceManager] Registering I2C interface: /dev/i2c-3 Device 1002:747E Subsystem: 1DA2:F475
109   |Warning: [i2c_smbus_linux] Failed to read i2c device PCI device ID
109   |Info:    [ResourceManager] Registering I2C interface: /dev/i2c-10 Device 0000:0000 Subsystem: 0000:0000
109   |Info:    [ResourceManager] Registering I2C interface: /dev/i2c-1 Device 1022:790B Subsystem: 1462:7E26
109   |Warning: [i2c_smbus_linux] Failed to read i2c device PCI device ID
109   |Info:    [ResourceManager] Registering I2C interface: /dev/i2c-17 Device 0000:0000 Subsystem: 0000:0000
109   |Info:    [ResourceManager] Registering I2C interface: /dev/i2c-8 Device 1002:747E Subsystem: 1DA2:F475
109   |Info:    [ResourceManager] Registering I2C interface: /dev/i2c-15 Device 1002:164E Subsystem: 1462:7E26
109   |Info:    [ResourceManager] Registering I2C interface: /dev/i2c-6 Device 1002:747E Subsystem: 1DA2:F475
109   |Info:    [ResourceManager] Registering I2C interface: /dev/i2c-13 Device 1002:164E Subsystem: 1462:7E26
109   |Info:    [ResourceManager] Registering I2C interface: /dev/i2c-4 Device 1002:747E Subsystem: 1DA2:F475
109   |Warning: [i2c_smbus_linux] Failed to read i2c device PCI device ID
109   |Info:    [ResourceManager] Registering I2C interface: /dev/i2c-11 Device 0000:0000 Subsystem: 0000:0000
109   |Info:    [ResourceManager] Registering I2C interface: /dev/i2c-2 Device 1022:790B Subsystem: 1462:7E26
109   |Info:    [ResourceManager] Registering I2C interface: /dev/i2c-0 Device 1022:790B Subsystem: 1462:7E26
109   |Warning: [i2c_smbus_linux] Failed to read i2c device PCI device ID
110   |Info:    [ResourceManager] Registering I2C interface: /dev/i2c-18 Device 0000:0000 Subsystem: 0000:0000
110   |Info:    [ResourceManager] Registering I2C interface: /dev/i2c-9 Device 1002:747E Subsystem: 1DA2:F475
110   |Warning: [i2c_smbus_linux] Failed to read i2c device PCI device ID
110   |Info:    [ResourceManager] Registering I2C interface: /dev/i2c-16 Device 0000:0000 Subsystem: 0000:0000
110   |Info:    [ResourceManager] Registering I2C interface: /dev/i2c-7 Device 1002:747E Subsystem: 1DA2:F475
110   |Info:    [ResourceManager] Registering I2C interface: /dev/i2c-14 Device 1002:164E Subsystem: 1462:7E26
110   |Info:    [ResourceManager] Registering I2C interface: /dev/i2c-5 Device 1002:747E Subsystem: 1DA2:F475
110   |Info:    [ResourceManager] Registering I2C interface: /dev/i2c-12 Device 1002:164E Subsystem: 1462:7E26
110   |Info:    ------------------------------------------------------
110   |Info:    |               Detecting I2C devices                |
110   |Info:    ------------------------------------------------------
473   |Info:    [ENE DRAM] Registering RGB controller
732   |Info:    [ENE DRAM] Registering RGB controller
1928  |Info:    ------------------------------------------------------
1928  |Info:    |            Detecting I2C DIMM modules              |
1928  |Info:    ------------------------------------------------------
2940  |Info:    [ResourceManager] Detected occupied slot 2, bus 2, type DDR5
3952  |Info:    [ResourceManager] Detected occupied slot 4, bus 2, type DDR5
3976  |Info:    [ResourceManager] Detected occupied slot 2, bus 10, type DDR5
3981  |Info:    [ResourceManager] Detected occupied slot 4, bus 10, type DDR5
4005  |Info:    [ResourceManager] Detected occupied slot 2, bus 11, type DDR5
4010  |Info:    [ResourceManager] Detected occupied slot 4, bus 11, type DDR5
4029  |Info:    ------------------------------------------------------
4029  |Info:    |               Detecting I2C PCI devices            |
4029  |Info:    ------------------------------------------------------
4069  |Info:    [Sapphire Radeon RX 7700 XT Nitro+] Registering RGB controller
4081  |Info:    ------------------------------------------------------
4081  |Info:    |               Detecting HID devices                |
4081  |Info:    ------------------------------------------------------
4147  |Info:    [MSI B650 GAMING PLUS WIFI (MS-7E26)] Registering RGB controller
4148  |Info:    ------------------------------------------------------
4148  |Info:    |            Detecting libusb HID devices            |
4148  |Info:    ------------------------------------------------------
4228  |Info:    ------------------------------------------------------
4228  |Info:    |              Detecting other devices               |
4228  |Info:    ------------------------------------------------------
4290  |Info:    [ResourceManager] Calling Post-detection callbacks
4290  |Info:    ------------------------------------------------------
4290  |Info:    |                Detection completed                 |
4290  |Info:    ------------------------------------------------------
