    OpenRGB v0.9+ (git1290)
    Commit: 45af044cd84032b9a9b5865cb5e12aa2cd98c47e from 2025-04-13 13:42:14 -0500
    Launched: 20250730_151455
====================================================================================================

0     |Info:    [ProfileManager] Found file: lol.orp attempting to validate header
0     |Info:    [ProfileManager] Valid v5 profile found for lol
0     |Info:    [ProfileManager] Found file: Verde.orp attempting to validate header
0     |Info:    [ProfileManager] Valid v5 profile found for Verde
0     |Info:    [ProfileManager] Found file: blanco.orp attempting to validate header
1     |Info:    [ProfileManager] Valid v5 profile found for blanco
1     |Info:    [ProfileManager] Found file: Rojo.orp attempting to validate header
1     |Info:    [ProfileManager] Valid v5 profile found for Rojo
1     |Info:    [ProfileManager] Found file: rosa.orp attempting to validate header
1     |Info:    [ProfileManager] Valid v5 profile found for rosa
1     |Info:    [ProfileManager] Found file: Turquesa\.orp attempting to validate header
1     |Info:    [ProfileManager] Valid v5 profile found for Turquesa\
1     |Info:    [ProfileManager] Found file: free.orp attempting to validate header
2     |Info:    [ProfileManager] Valid v5 profile found for free
61    |Info:    [ResourceManager] Initializing HID interfaces: Success
61    |Info:    ------------------------------------------------------
61    |Info:    |               Start device detection               |
61    |Info:    ------------------------------------------------------
66    |Info:    ------------------------------------------------------
66    |Info:    |             Detecting I2C interfaces               |
66    |Info:    ------------------------------------------------------
77    |Info:    [ResourceManager] Registering I2C interface: /dev/i2c-3 Device 1002:747E Subsystem: 1DA2:F475
77    |Warning: [i2c_smbus_linux] Failed to read i2c device PCI device ID
79    |Info:    [ResourceManager] Registering I2C interface: /dev/i2c-10 Device 0000:0000 Subsystem: 0000:0000
79    |Info:    [ResourceManager] Registering I2C interface: /dev/i2c-1 Device 1022:790B Subsystem: 1462:7E26
79    |Warning: [i2c_smbus_linux] Failed to read i2c device PCI device ID
79    |Info:    [ResourceManager] Registering I2C interface: /dev/i2c-17 Device 0000:0000 Subsystem: 0000:0000
79    |Info:    [ResourceManager] Registering I2C interface: /dev/i2c-8 Device 1002:747E Subsystem: 1DA2:F475
79    |Info:    [ResourceManager] Registering I2C interface: /dev/i2c-15 Device 1002:164E Subsystem: 1462:7E26
79    |Info:    [ResourceManager] Registering I2C interface: /dev/i2c-6 Device 1002:747E Subsystem: 1DA2:F475
79    |Info:    [ResourceManager] Registering I2C interface: /dev/i2c-13 Device 1002:164E Subsystem: 1462:7E26
79    |Info:    [ResourceManager] Registering I2C interface: /dev/i2c-4 Device 1002:747E Subsystem: 1DA2:F475
79    |Warning: [i2c_smbus_linux] Failed to read i2c device PCI device ID
79    |Info:    [ResourceManager] Registering I2C interface: /dev/i2c-11 Device 0000:0000 Subsystem: 0000:0000
79    |Info:    [ResourceManager] Registering I2C interface: /dev/i2c-2 Device 1022:790B Subsystem: 1462:7E26
79    |Info:    [ResourceManager] Registering I2C interface: /dev/i2c-0 Device 1022:790B Subsystem: 1462:7E26
79    |Warning: [i2c_smbus_linux] Failed to read i2c device PCI device ID
79    |Info:    [ResourceManager] Registering I2C interface: /dev/i2c-18 Device 0000:0000 Subsystem: 0000:0000
79    |Info:    [ResourceManager] Registering I2C interface: /dev/i2c-9 Device 1002:747E Subsystem: 1DA2:F475
79    |Warning: [i2c_smbus_linux] Failed to read i2c device PCI device ID
79    |Info:    [ResourceManager] Registering I2C interface: /dev/i2c-16 Device 0000:0000 Subsystem: 0000:0000
79    |Info:    [ResourceManager] Registering I2C interface: /dev/i2c-7 Device 1002:747E Subsystem: 1DA2:F475
79    |Info:    [ResourceManager] Registering I2C interface: /dev/i2c-14 Device 1002:164E Subsystem: 1462:7E26
80    |Info:    [ResourceManager] Registering I2C interface: /dev/i2c-5 Device 1002:747E Subsystem: 1DA2:F475
80    |Info:    [ResourceManager] Registering I2C interface: /dev/i2c-12 Device 1002:164E Subsystem: 1462:7E26
80    |Info:    ------------------------------------------------------
80    |Info:    |               Detecting I2C devices                |
80    |Info:    ------------------------------------------------------
437   |Info:    [ENE DRAM] Registering RGB controller
691   |Info:    [ENE DRAM] Registering RGB controller
1901  |Info:    ------------------------------------------------------
1901  |Info:    |            Detecting I2C DIMM modules              |
1901  |Info:    ------------------------------------------------------
2906  |Info:    [ResourceManager] Detected occupied slot 2, bus 2, type DDR5
3853  |Info:    [ResourceManager] Detected occupied slot 4, bus 2, type DDR5
3878  |Info:    [ResourceManager] Detected occupied slot 2, bus 10, type DDR5
3883  |Info:    [ResourceManager] Detected occupied slot 4, bus 10, type DDR5
3907  |Info:    [ResourceManager] Detected occupied slot 2, bus 11, type DDR5
3912  |Info:    [ResourceManager] Detected occupied slot 4, bus 11, type DDR5
3932  |Info:    ------------------------------------------------------
3932  |Info:    |               Detecting I2C PCI devices            |
3932  |Info:    ------------------------------------------------------
3971  |Info:    [Sapphire Radeon RX 7700 XT Nitro+] Registering RGB controller
3983  |Info:    ------------------------------------------------------
3983  |Info:    |               Detecting HID devices                |
3983  |Info:    ------------------------------------------------------
4052  |Info:    [MSI B650 GAMING PLUS WIFI (MS-7E26)] Registering RGB controller
4053  |Info:    ------------------------------------------------------
4053  |Info:    |            Detecting libusb HID devices            |
4053  |Info:    ------------------------------------------------------
4062  |Info:    ------------------------------------------------------
4062  |Info:    |              Detecting other devices               |
4062  |Info:    ------------------------------------------------------
4126  |Info:    [ResourceManager] Calling Post-detection callbacks
4126  |Info:    ------------------------------------------------------
4126  |Info:    |                Detection completed                 |
4126  |Info:    ------------------------------------------------------
7586  |Info:    [ProfileManager] Profile loading: Succeeded for ENE DRAM @ I2C: /dev/i2c-0, address 0x71
7586  |Info:    [ProfileManager] Profile loading: Succeeded for ENE DRAM @ I2C: /dev/i2c-0, address 0x73
7586  |Info:    [ProfileManager] Profile loading: Succeeded for Sapphire Radeon RX 7700 XT Nitro+ @ I2C: /dev/i2c-9, address 0x28
7586  |Info:    [ProfileManager] Profile loading: Succeeded for MSI B650 GAMING PLUS WIFI (MS-7E26) @ HID: /dev/hidraw5
