    OpenRGB v0.9+ (git1290)
    Commit: 45af044cd84032b9a9b5865cb5e12aa2cd98c47e from 2025-04-13 13:42:14 -0500
    Launched: 20250904_205133
====================================================================================================

0     |Info:    [ProfileManager] Found file: lol.orp attempting to validate header
1     |Info:    [ProfileManager] Valid v5 profile found for lol
1     |Info:    [ProfileManager] Found file: Verde.orp attempting to validate header
2     |Info:    [ProfileManager] Valid v5 profile found for Verde
2     |Info:    [ProfileManager] Found file: blanco.orp attempting to validate header
3     |Info:    [ProfileManager] Valid v5 profile found for blanco
3     |Info:    [ProfileManager] Found file: Rojo.orp attempting to validate header
4     |Info:    [ProfileManager] Valid v5 profile found for Rojo
4     |Info:    [ProfileManager] Found file: rosa.orp attempting to validate header
5     |Info:    [ProfileManager] Valid v5 profile found for rosa
5     |Info:    [ProfileManager] Found file: Turquesa\.orp attempting to validate header
6     |Info:    [ProfileManager] Valid v5 profile found for Turquesa\
6     |Info:    [ProfileManager] Found file: free.orp attempting to validate header
6     |Info:    [ProfileManager] Valid v5 profile found for free
74    |Info:    [ResourceManager] Initializing HID interfaces: Success
74    |Info:    ------------------------------------------------------
74    |Info:    |               Start device detection               |
74    |Info:    ------------------------------------------------------
80    |Info:    ------------------------------------------------------
80    |Info:    |             Detecting I2C interfaces               |
80    |Info:    ------------------------------------------------------
80    |Info:    [ResourceManager] Registering I2C interface: /dev/i2c-3 Device 1002:747E Subsystem: 1DA2:F475
80    |Warning: [i2c_smbus_linux] Failed to read i2c device PCI device ID
80    |Info:    [ResourceManager] Registering I2C interface: /dev/i2c-10 Device 0000:0000 Subsystem: 0000:0000
80    |Info:    [ResourceManager] Registering I2C interface: /dev/i2c-1 Device 1022:790B Subsystem: 1462:7E26
80    |Warning: [i2c_smbus_linux] Failed to read i2c device PCI device ID
80    |Info:    [ResourceManager] Registering I2C interface: /dev/i2c-17 Device 0000:0000 Subsystem: 0000:0000
80    |Info:    [ResourceManager] Registering I2C interface: /dev/i2c-8 Device 1002:747E Subsystem: 1DA2:F475
80    |Info:    [ResourceManager] Registering I2C interface: /dev/i2c-15 Device 1002:164E Subsystem: 1462:7E26
80    |Info:    [ResourceManager] Registering I2C interface: /dev/i2c-6 Device 1002:747E Subsystem: 1DA2:F475
81    |Info:    [ResourceManager] Registering I2C interface: /dev/i2c-13 Device 1002:164E Subsystem: 1462:7E26
81    |Info:    [ResourceManager] Registering I2C interface: /dev/i2c-4 Device 1002:747E Subsystem: 1DA2:F475
81    |Warning: [i2c_smbus_linux] Failed to read i2c device PCI device ID
81    |Info:    [ResourceManager] Registering I2C interface: /dev/i2c-11 Device 0000:0000 Subsystem: 0000:0000
81    |Info:    [ResourceManager] Registering I2C interface: /dev/i2c-2 Device 1022:790B Subsystem: 1462:7E26
81    |Info:    [ResourceManager] Registering I2C interface: /dev/i2c-0 Device 1022:790B Subsystem: 1462:7E26
81    |Warning: [i2c_smbus_linux] Failed to read i2c device PCI device ID
81    |Info:    [ResourceManager] Registering I2C interface: /dev/i2c-18 Device 0000:0000 Subsystem: 0000:0000
81    |Info:    [ResourceManager] Registering I2C interface: /dev/i2c-9 Device 1002:747E Subsystem: 1DA2:F475
81    |Warning: [i2c_smbus_linux] Failed to read i2c device PCI device ID
81    |Info:    [ResourceManager] Registering I2C interface: /dev/i2c-16 Device 0000:0000 Subsystem: 0000:0000
81    |Info:    [ResourceManager] Registering I2C interface: /dev/i2c-7 Device 1002:747E Subsystem: 1DA2:F475
81    |Info:    [ResourceManager] Registering I2C interface: /dev/i2c-14 Device 1002:164E Subsystem: 1462:7E26
81    |Info:    [ResourceManager] Registering I2C interface: /dev/i2c-5 Device 1002:747E Subsystem: 1DA2:F475
81    |Info:    [ResourceManager] Registering I2C interface: /dev/i2c-12 Device 1002:164E Subsystem: 1462:7E26
81    |Info:    ------------------------------------------------------
81    |Info:    |               Detecting I2C devices                |
81    |Info:    ------------------------------------------------------
439   |Info:    [ENE DRAM] Registering RGB controller
703   |Info:    [ENE DRAM] Registering RGB controller
1899  |Info:    ------------------------------------------------------
1899  |Info:    |            Detecting I2C DIMM modules              |
1899  |Info:    ------------------------------------------------------
2904  |Info:    [ResourceManager] Detected occupied slot 2, bus 2, type DDR5
3922  |Info:    [ResourceManager] Detected occupied slot 4, bus 2, type DDR5
3947  |Info:    [ResourceManager] Detected occupied slot 2, bus 10, type DDR5
3951  |Info:    [ResourceManager] Detected occupied slot 4, bus 10, type DDR5
3976  |Info:    [ResourceManager] Detected occupied slot 2, bus 11, type DDR5
3980  |Info:    [ResourceManager] Detected occupied slot 4, bus 11, type DDR5
3999  |Info:    ------------------------------------------------------
3999  |Info:    |               Detecting I2C PCI devices            |
3999  |Info:    ------------------------------------------------------
4038  |Info:    [Sapphire Radeon RX 7700 XT Nitro+] Registering RGB controller
4050  |Info:    ------------------------------------------------------
4050  |Info:    |               Detecting HID devices                |
4050  |Info:    ------------------------------------------------------
4115  |Info:    [MSI B650 GAMING PLUS WIFI (MS-7E26)] Registering RGB controller
4117  |Info:    ------------------------------------------------------
4117  |Info:    |            Detecting libusb HID devices            |
4117  |Info:    ------------------------------------------------------
4196  |Info:    ------------------------------------------------------
4196  |Info:    |              Detecting other devices               |
4196  |Info:    ------------------------------------------------------
4258  |Info:    [ResourceManager] Calling Post-detection callbacks
4258  |Info:    ------------------------------------------------------
4258  |Info:    |                Detection completed                 |
4258  |Info:    ------------------------------------------------------
