    OpenRGB v0.9+ (git1290)
    Commit: 45af044cd84032b9a9b5865cb5e12aa2cd98c47e from 2025-04-13 13:42:14 -0500
    Launched: 20250612_103438
====================================================================================================

0     |Info:    [ProfileManager] Found file: lol.orp attempting to validate header
0     |Info:    [ProfileManager] Valid v5 profile found for lol
0     |Info:    [ProfileManager] Found file: Verde.orp attempting to validate header
0     |Info:    [ProfileManager] Valid v5 profile found for Verde
0     |Info:    [ProfileManager] Found file: blanco.orp attempting to validate header
1     |Info:    [ProfileManager] Valid v5 profile found for blanco
1     |Info:    [ProfileManager] Found file: Rojo.orp attempting to validate header
1     |Info:    [ProfileManager] Valid v5 profile found for Rojo
1     |Info:    [ProfileManager] Found file: rosa.orp attempting to validate header
2     |Info:    [ProfileManager] Valid v5 profile found for rosa
2     |Info:    [ProfileManager] Found file: Turquesa\.orp attempting to validate header
2     |Info:    [ProfileManager] Valid v5 profile found for Turquesa\
2     |Info:    [ProfileManager] Found file: free.orp attempting to validate header
3     |Info:    [ProfileManager] Valid v5 profile found for free
84    |Info:    [ResourceManager] Initializing HID interfaces: Success
84    |Info:    ------------------------------------------------------
84    |Info:    |               Start device detection               |
84    |Info:    ------------------------------------------------------
87    |Info:    ------------------------------------------------------
87    |Info:    |             Detecting I2C interfaces               |
87    |Info:    ------------------------------------------------------
87    |Info:    [ResourceManager] Registering I2C interface: /dev/i2c-3 Device 1002:747E Subsystem: 1DA2:F475
87    |Warning: [i2c_smbus_linux] Failed to read i2c device PCI device ID
87    |Info:    [ResourceManager] Registering I2C interface: /dev/i2c-10 Device 0000:0000 Subsystem: 0000:0000
87    |Info:    [ResourceManager] Registering I2C interface: /dev/i2c-1 Device 1022:790B Subsystem: 1462:7E26
87    |Warning: [i2c_smbus_linux] Failed to read i2c device PCI device ID
87    |Info:    [ResourceManager] Registering I2C interface: /dev/i2c-17 Device 0000:0000 Subsystem: 0000:0000
87    |Info:    [ResourceManager] Registering I2C interface: /dev/i2c-8 Device 1002:747E Subsystem: 1DA2:F475
87    |Info:    [ResourceManager] Registering I2C interface: /dev/i2c-15 Device 1002:164E Subsystem: 1462:7E26
87    |Info:    [ResourceManager] Registering I2C interface: /dev/i2c-6 Device 1002:747E Subsystem: 1DA2:F475
87    |Info:    [ResourceManager] Registering I2C interface: /dev/i2c-13 Device 1002:164E Subsystem: 1462:7E26
88    |Info:    [ResourceManager] Registering I2C interface: /dev/i2c-4 Device 1002:747E Subsystem: 1DA2:F475
88    |Warning: [i2c_smbus_linux] Failed to read i2c device PCI device ID
88    |Info:    [ResourceManager] Registering I2C interface: /dev/i2c-11 Device 0000:0000 Subsystem: 0000:0000
88    |Info:    [ResourceManager] Registering I2C interface: /dev/i2c-2 Device 1022:790B Subsystem: 1462:7E26
88    |Info:    [ResourceManager] Registering I2C interface: /dev/i2c-0 Device 1022:790B Subsystem: 1462:7E26
88    |Warning: [i2c_smbus_linux] Failed to read i2c device PCI device ID
88    |Info:    [ResourceManager] Registering I2C interface: /dev/i2c-18 Device 0000:0000 Subsystem: 0000:0000
88    |Info:    [ResourceManager] Registering I2C interface: /dev/i2c-9 Device 1002:747E Subsystem: 1DA2:F475
88    |Warning: [i2c_smbus_linux] Failed to read i2c device PCI device ID
88    |Info:    [ResourceManager] Registering I2C interface: /dev/i2c-16 Device 0000:0000 Subsystem: 0000:0000
88    |Info:    [ResourceManager] Registering I2C interface: /dev/i2c-7 Device 1002:747E Subsystem: 1DA2:F475
88    |Info:    [ResourceManager] Registering I2C interface: /dev/i2c-14 Device 1002:164E Subsystem: 1462:7E26
88    |Info:    [ResourceManager] Registering I2C interface: /dev/i2c-5 Device 1002:747E Subsystem: 1DA2:F475
88    |Info:    [ResourceManager] Registering I2C interface: /dev/i2c-12 Device 1002:164E Subsystem: 1462:7E26
88    |Info:    ------------------------------------------------------
88    |Info:    |               Detecting I2C devices                |
88    |Info:    ------------------------------------------------------
460   |Info:    [ENE DRAM] Registering RGB controller
727   |Info:    [ENE DRAM] Registering RGB controller
1928  |Info:    ------------------------------------------------------
1928  |Info:    |            Detecting I2C DIMM modules              |
1928  |Info:    ------------------------------------------------------
2948  |Info:    [ResourceManager] Detected occupied slot 2, bus 2, type DDR5
3969  |Info:    [ResourceManager] Detected occupied slot 4, bus 2, type DDR5
3994  |Info:    [ResourceManager] Detected occupied slot 2, bus 10, type DDR5
3999  |Info:    [ResourceManager] Detected occupied slot 4, bus 10, type DDR5
4023  |Info:    [ResourceManager] Detected occupied slot 2, bus 11, type DDR5
4028  |Info:    [ResourceManager] Detected occupied slot 4, bus 11, type DDR5
4047  |Info:    ------------------------------------------------------
4047  |Info:    |               Detecting I2C PCI devices            |
4047  |Info:    ------------------------------------------------------
4086  |Info:    [Sapphire Radeon RX 7700 XT Nitro+] Registering RGB controller
4099  |Info:    ------------------------------------------------------
4099  |Info:    |               Detecting HID devices                |
4099  |Info:    ------------------------------------------------------
4168  |Info:    [MSI B650 GAMING PLUS WIFI (MS-7E26)] Registering RGB controller
4168  |Info:    ------------------------------------------------------
4168  |Info:    |            Detecting libusb HID devices            |
4168  |Info:    ------------------------------------------------------
4177  |Info:    ------------------------------------------------------
4177  |Info:    |              Detecting other devices               |
4177  |Info:    ------------------------------------------------------
4246  |Info:    [ResourceManager] Calling Post-detection callbacks
4246  |Info:    ------------------------------------------------------
4246  |Info:    |                Detection completed                 |
4246  |Info:    ------------------------------------------------------
10054 |Info:    [ProfileManager] Profile loading: Succeeded for ENE DRAM @ I2C: /dev/i2c-0, address 0x71
10054 |Info:    [ProfileManager] Profile loading: Succeeded for ENE DRAM @ I2C: /dev/i2c-0, address 0x73
10054 |Info:    [ProfileManager] Profile loading: FAILED! for Sapphire Radeon RX 7700 XT Nitro+ @ I2C: /dev/i2c-9, address 0x28
10054 |Info:    [ProfileManager] Profile loading: Succeeded for MSI B650 GAMING PLUS WIFI (MS-7E26) @ HID: /dev/hidraw5
11693 |Info:    [ProfileManager] Profile loading: Succeeded for ENE DRAM @ I2C: /dev/i2c-0, address 0x71
11693 |Info:    [ProfileManager] Profile loading: Succeeded for ENE DRAM @ I2C: /dev/i2c-0, address 0x73
11693 |Info:    [ProfileManager] Profile loading: FAILED! for Sapphire Radeon RX 7700 XT Nitro+ @ I2C: /dev/i2c-9, address 0x28
11693 |Info:    [ProfileManager] Profile loading: Succeeded for MSI B650 GAMING PLUS WIFI (MS-7E26) @ HID: /dev/hidraw5
49793 |Info:    [ProfileManager] Profile loading: Succeeded for ENE DRAM @ I2C: /dev/i2c-0, address 0x71
49793 |Info:    [ProfileManager] Profile loading: Succeeded for ENE DRAM @ I2C: /dev/i2c-0, address 0x73
49793 |Info:    [ProfileManager] Profile loading: FAILED! for Sapphire Radeon RX 7700 XT Nitro+ @ I2C: /dev/i2c-9, address 0x28
49793 |Info:    [ProfileManager] Profile loading: Succeeded for MSI B650 GAMING PLUS WIFI (MS-7E26) @ HID: /dev/hidraw5
50690 |Info:    [ProfileManager] Profile loading: Succeeded for ENE DRAM @ I2C: /dev/i2c-0, address 0x71
50690 |Info:    [ProfileManager] Profile loading: Succeeded for ENE DRAM @ I2C: /dev/i2c-0, address 0x73
50690 |Info:    [ProfileManager] Profile loading: FAILED! for Sapphire Radeon RX 7700 XT Nitro+ @ I2C: /dev/i2c-9, address 0x28
50690 |Info:    [ProfileManager] Profile loading: Succeeded for MSI B650 GAMING PLUS WIFI (MS-7E26) @ HID: /dev/hidraw5
50918 |Info:    [ProfileManager] Profile loading: Succeeded for ENE DRAM @ I2C: /dev/i2c-0, address 0x71
50918 |Info:    [ProfileManager] Profile loading: Succeeded for ENE DRAM @ I2C: /dev/i2c-0, address 0x73
50918 |Info:    [ProfileManager] Profile loading: FAILED! for Sapphire Radeon RX 7700 XT Nitro+ @ I2C: /dev/i2c-9, address 0x28
50918 |Info:    [ProfileManager] Profile loading: Succeeded for MSI B650 GAMING PLUS WIFI (MS-7E26) @ HID: /dev/hidraw5
89460 |Info:    [ProfileManager] Found file: lol.orp attempting to validate header
89460 |Info:    [ProfileManager] Valid v5 profile found for lol
89460 |Info:    [ProfileManager] Found file: Verde.orp attempting to validate header
89460 |Info:    [ProfileManager] Valid v5 profile found for Verde
89460 |Info:    [ProfileManager] Found file: blanco.orp attempting to validate header
89460 |Info:    [ProfileManager] Valid v5 profile found for blanco
89460 |Info:    [ProfileManager] Found file: Rojo.orp attempting to validate header
89460 |Info:    [ProfileManager] Valid v5 profile found for Rojo
89460 |Info:    [ProfileManager] Found file: rosa.orp attempting to validate header
89460 |Info:    [ProfileManager] Valid v5 profile found for rosa
89460 |Info:    [ProfileManager] Found file: Turquesa\.orp attempting to validate header
89460 |Info:    [ProfileManager] Valid v5 profile found for Turquesa\
89460 |Info:    [ProfileManager] Found file: free.orp attempting to validate header
89460 |Info:    [ProfileManager] Valid v5 profile found for free
