    OpenRGB v0.9+ (git1290)
    Commit: 45af044cd84032b9a9b5865cb5e12aa2cd98c47e from 2025-04-13 13:42:14 -0500
    Launched: 20250803_152856
====================================================================================================

4     |Info:    [ProfileManager] Found file: lol.orp attempting to validate header
4     |Info:    [ProfileManager] Valid v5 profile found for lol
4     |Info:    [ProfileManager] Found file: Verde.orp attempting to validate header
5     |Info:    [ProfileManager] Valid v5 profile found for Verde
5     |Info:    [ProfileManager] Found file: blanco.orp attempting to validate header
6     |Info:    [ProfileManager] Valid v5 profile found for blanco
6     |Info:    [ProfileManager] Found file: Rojo.orp attempting to validate header
9     |Info:    [ProfileManager] Valid v5 profile found for Rojo
9     |Info:    [ProfileManager] Found file: rosa.orp attempting to validate header
10    |Info:    [ProfileManager] Valid v5 profile found for rosa
10    |Info:    [ProfileManager] Found file: Turquesa\.orp attempting to validate header
11    |Info:    [ProfileManager] Valid v5 profile found for Turquesa\
11    |Info:    [ProfileManager] Found file: free.orp attempting to validate header
11    |Info:    [ProfileManager] Valid v5 profile found for free
103   |Info:    [ResourceManager] Initializing HID interfaces: Success
103   |Info:    ------------------------------------------------------
103   |Info:    |               Start device detection               |
103   |Info:    ------------------------------------------------------
107   |Info:    ------------------------------------------------------
107   |Info:    |             Detecting I2C interfaces               |
107   |Info:    ------------------------------------------------------
107   |Info:    [ResourceManager] Registering I2C interface: /dev/i2c-3 Device 1002:747E Subsystem: 1DA2:F475
107   |Warning: [i2c_smbus_linux] Failed to read i2c device PCI device ID
107   |Info:    [ResourceManager] Registering I2C interface: /dev/i2c-10 Device 0000:0000 Subsystem: 0000:0000
107   |Info:    [ResourceManager] Registering I2C interface: /dev/i2c-1 Device 1022:790B Subsystem: 1462:7E26
107   |Warning: [i2c_smbus_linux] Failed to read i2c device PCI device ID
107   |Info:    [ResourceManager] Registering I2C interface: /dev/i2c-17 Device 0000:0000 Subsystem: 0000:0000
107   |Info:    [ResourceManager] Registering I2C interface: /dev/i2c-8 Device 1002:747E Subsystem: 1DA2:F475
107   |Info:    [ResourceManager] Registering I2C interface: /dev/i2c-15 Device 1002:164E Subsystem: 1462:7E26
107   |Info:    [ResourceManager] Registering I2C interface: /dev/i2c-6 Device 1002:747E Subsystem: 1DA2:F475
107   |Info:    [ResourceManager] Registering I2C interface: /dev/i2c-13 Device 1002:164E Subsystem: 1462:7E26
107   |Info:    [ResourceManager] Registering I2C interface: /dev/i2c-4 Device 1002:747E Subsystem: 1DA2:F475
108   |Warning: [i2c_smbus_linux] Failed to read i2c device PCI device ID
108   |Info:    [ResourceManager] Registering I2C interface: /dev/i2c-11 Device 0000:0000 Subsystem: 0000:0000
108   |Info:    [ResourceManager] Registering I2C interface: /dev/i2c-2 Device 1022:790B Subsystem: 1462:7E26
108   |Info:    [ResourceManager] Registering I2C interface: /dev/i2c-0 Device 1022:790B Subsystem: 1462:7E26
108   |Warning: [i2c_smbus_linux] Failed to read i2c device PCI device ID
108   |Info:    [ResourceManager] Registering I2C interface: /dev/i2c-18 Device 0000:0000 Subsystem: 0000:0000
108   |Info:    [ResourceManager] Registering I2C interface: /dev/i2c-9 Device 1002:747E Subsystem: 1DA2:F475
108   |Warning: [i2c_smbus_linux] Failed to read i2c device PCI device ID
108   |Info:    [ResourceManager] Registering I2C interface: /dev/i2c-16 Device 0000:0000 Subsystem: 0000:0000
108   |Info:    [ResourceManager] Registering I2C interface: /dev/i2c-7 Device 1002:747E Subsystem: 1DA2:F475
108   |Info:    [ResourceManager] Registering I2C interface: /dev/i2c-14 Device 1002:164E Subsystem: 1462:7E26
108   |Info:    [ResourceManager] Registering I2C interface: /dev/i2c-5 Device 1002:747E Subsystem: 1DA2:F475
108   |Info:    [ResourceManager] Registering I2C interface: /dev/i2c-12 Device 1002:164E Subsystem: 1462:7E26
108   |Info:    ------------------------------------------------------
108   |Info:    |               Detecting I2C devices                |
108   |Info:    ------------------------------------------------------
461   |Info:    [ENE DRAM] Registering RGB controller
722   |Info:    [ENE DRAM] Registering RGB controller
1922  |Info:    ------------------------------------------------------
1922  |Info:    |            Detecting I2C DIMM modules              |
1922  |Info:    ------------------------------------------------------
2949  |Info:    [ResourceManager] Detected occupied slot 2, bus 2, type DDR5
3971  |Info:    [ResourceManager] Detected occupied slot 4, bus 2, type DDR5
3996  |Info:    [ResourceManager] Detected occupied slot 2, bus 10, type DDR5
4000  |Info:    [ResourceManager] Detected occupied slot 4, bus 10, type DDR5
4023  |Info:    [ResourceManager] Detected occupied slot 2, bus 11, type DDR5
4028  |Info:    [ResourceManager] Detected occupied slot 4, bus 11, type DDR5
4046  |Info:    ------------------------------------------------------
4046  |Info:    |               Detecting I2C PCI devices            |
4046  |Info:    ------------------------------------------------------
4098  |Info:    [Sapphire Radeon RX 7700 XT Nitro+] Registering RGB controller
4110  |Info:    ------------------------------------------------------
4110  |Info:    |               Detecting HID devices                |
4110  |Info:    ------------------------------------------------------
4185  |Info:    [MSI B650 GAMING PLUS WIFI (MS-7E26)] Registering RGB controller
4186  |Info:    ------------------------------------------------------
4186  |Info:    |            Detecting libusb HID devices            |
4186  |Info:    ------------------------------------------------------
4195  |Info:    ------------------------------------------------------
4195  |Info:    |              Detecting other devices               |
4195  |Info:    ------------------------------------------------------
4261  |Info:    [ResourceManager] Calling Post-detection callbacks
4261  |Info:    ------------------------------------------------------
4261  |Info:    |                Detection completed                 |
4261  |Info:    ------------------------------------------------------
