    OpenRGB v0.9+ (git1660)
    Commit: 93dd7f21226f93a7b5ddd49c1eed89ed9d535e54 from 2025-09-28 01:57:07 -0500
    Launched: 20250930_231119
====================================================================================================

6     |Info:    [ProfileManager] Found file: lol.orp attempting to validate header
6     |Info:    [ProfileManager] Valid v5 profile found for lol
6     |Info:    [ProfileManager] Found file: Verde.orp attempting to validate header
7     |Info:    [ProfileManager] Valid v5 profile found for Verde
7     |Info:    [ProfileManager] Found file: Rojo.orp attempting to validate header
7     |Info:    [ProfileManager] Valid v5 profile found for Rojo
7     |Info:    [ProfileManager] Found file: rosa.orp attempting to validate header
7     |Info:    [ProfileManager] Valid v5 profile found for rosa
7     |Info:    [ProfileManager] Found file: Turquesa\.orp attempting to validate header
7     |Info:    [ProfileManager] Valid v5 profile found for Turquesa\
7     |Info:    [ProfileManager] Found file: free.orp attempting to validate header
8     |Info:    [ProfileManager] Valid v5 profile found for free
72    |Info:    [ResourceManager] Initializing HID interfaces: Success
72    |Info:    ------------------------------------------------------
72    |Info:    |               Start device detection               |
72    |Info:    ------------------------------------------------------
84    |Info:    ------------------------------------------------------
84    |Info:    |             Detecting I2C interfaces               |
84    |Info:    ------------------------------------------------------
84    |Info:    [ResourceManager] Registering I2C interface: /dev/i2c-3 Device 1002:747E Subsystem: 1DA2:F475
84    |Warning: [i2c_smbus_linux] Failed to read i2c device PCI device ID
84    |Info:    [ResourceManager] Registering I2C interface: /dev/i2c-10 Device 0000:0000 Subsystem: 0000:0000
84    |Info:    [ResourceManager] Registering I2C interface: /dev/i2c-1 Device 1022:790B Subsystem: 1462:7E26
84    |Warning: [i2c_smbus_linux] Failed to read i2c device PCI device ID
84    |Info:    [ResourceManager] Registering I2C interface: /dev/i2c-17 Device 0000:0000 Subsystem: 0000:0000
84    |Info:    [ResourceManager] Registering I2C interface: /dev/i2c-8 Device 1002:747E Subsystem: 1DA2:F475
84    |Info:    [ResourceManager] Registering I2C interface: /dev/i2c-15 Device 1002:164E Subsystem: 1462:7E26
84    |Info:    [ResourceManager] Registering I2C interface: /dev/i2c-6 Device 1002:747E Subsystem: 1DA2:F475
84    |Info:    [ResourceManager] Registering I2C interface: /dev/i2c-13 Device 1002:164E Subsystem: 1462:7E26
85    |Info:    [ResourceManager] Registering I2C interface: /dev/i2c-4 Device 1002:747E Subsystem: 1DA2:F475
85    |Warning: [i2c_smbus_linux] Failed to read i2c device PCI device ID
85    |Info:    [ResourceManager] Registering I2C interface: /dev/i2c-11 Device 0000:0000 Subsystem: 0000:0000
85    |Info:    [ResourceManager] Registering I2C interface: /dev/i2c-2 Device 1022:790B Subsystem: 1462:7E26
85    |Info:    [ResourceManager] Registering I2C interface: /dev/i2c-0 Device 1022:790B Subsystem: 1462:7E26
85    |Warning: [i2c_smbus_linux] Failed to read i2c device PCI device ID
85    |Info:    [ResourceManager] Registering I2C interface: /dev/i2c-18 Device 0000:0000 Subsystem: 0000:0000
85    |Info:    [ResourceManager] Registering I2C interface: /dev/i2c-9 Device 1002:747E Subsystem: 1DA2:F475
85    |Warning: [i2c_smbus_linux] Failed to read i2c device PCI device ID
85    |Info:    [ResourceManager] Registering I2C interface: /dev/i2c-16 Device 0000:0000 Subsystem: 0000:0000
85    |Info:    [ResourceManager] Registering I2C interface: /dev/i2c-7 Device 1002:747E Subsystem: 1DA2:F475
85    |Info:    [ResourceManager] Registering I2C interface: /dev/i2c-14 Device 1002:164E Subsystem: 1462:7E26
85    |Info:    [ResourceManager] Registering I2C interface: /dev/i2c-5 Device 1002:747E Subsystem: 1DA2:F475
85    |Info:    [ResourceManager] Registering I2C interface: /dev/i2c-12 Device 1002:164E Subsystem: 1462:7E26
85    |Info:    ------------------------------------------------------
85    |Info:    |               Detecting I2C devices                |
85    |Info:    ------------------------------------------------------
442   |Info:    [ENE DRAM] Registering RGB controller
703   |Info:    [ENE DRAM] Registering RGB controller
1602  |Info:    ------------------------------------------------------
1602  |Info:    |            Detecting I2C DIMM modules              |
1602  |Info:    ------------------------------------------------------
2713  |Info:    [ResourceManager] Detected occupied slot 2, bus 11, type DDR5
3725  |Info:    [ResourceManager] Detected occupied slot 4, bus 11, type DDR5
3744  |Info:    ------------------------------------------------------
3744  |Info:    |               Detecting I2C PCI devices            |
3744  |Info:    ------------------------------------------------------
3784  |Info:    [Sapphire Radeon RX 7700 XT Nitro+] Registering RGB controller
3797  |Info:    ------------------------------------------------------
3797  |Info:    |               Detecting HID devices                |
3797  |Info:    ------------------------------------------------------
3862  |Info:    [MSI B650 GAMING PLUS WIFI (MS-7E26)] Registering RGB controller
3863  |Info:    ------------------------------------------------------
3863  |Info:    |            Detecting libusb HID devices            |
3863  |Info:    ------------------------------------------------------
3948  |Info:    ------------------------------------------------------
3948  |Info:    |              Detecting other devices               |
3948  |Info:    ------------------------------------------------------
4025  |Info:    [ResourceManager] Calling Post-detection callbacks
4025  |Info:    ------------------------------------------------------
4025  |Info:    |                Detection completed                 |
4025  |Info:    ------------------------------------------------------
