    OpenRGB v0.9+ (git1290)
    Commit: 45af044cd84032b9a9b5865cb5e12aa2cd98c47e from 2025-04-13 13:42:14 -0500
    Launched: 20250611_172737
====================================================================================================

0     |Info:    [ProfileManager] Found file: lol.orp attempting to validate header
1     |Info:    [ProfileManager] Valid v5 profile found for lol
1     |Info:    [ProfileManager] Found file: blanco.orp attempting to validate header
2     |Info:    [ProfileManager] Valid v5 profile found for blanco
2     |Info:    [ProfileManager] Found file: Rojo.orp attempting to validate header
2     |Info:    [ProfileManager] Valid v5 profile found for Rojo
2     |Info:    [ProfileManager] Found file: Turquesa\.orp attempting to validate header
3     |Info:    [ProfileManager] Valid v5 profile found for Turquesa\
3     |Info:    [ProfileManager] Found file: free.orp attempting to validate header
3     |Info:    [ProfileManager] Valid v5 profile found for free
76    |Info:    [ResourceManager] Initializing HID interfaces: Success
76    |Info:    ------------------------------------------------------
76    |Info:    |               Start device detection               |
76    |Info:    ------------------------------------------------------
81    |Info:    ------------------------------------------------------
81    |Info:    |             Detecting I2C interfaces               |
81    |Info:    ------------------------------------------------------
81    |Info:    [ResourceManager] Registering I2C interface: /dev/i2c-3 Device 1002:747E Subsystem: 1DA2:F475
81    |Warning: [i2c_smbus_linux] Failed to read i2c device PCI device ID
81    |Info:    [ResourceManager] Registering I2C interface: /dev/i2c-10 Device 0000:0000 Subsystem: 0000:0000
81    |Info:    [ResourceManager] Registering I2C interface: /dev/i2c-1 Device 1022:790B Subsystem: 1462:7E26
81    |Warning: [i2c_smbus_linux] Failed to read i2c device PCI device ID
81    |Info:    [ResourceManager] Registering I2C interface: /dev/i2c-17 Device 0000:0000 Subsystem: 0000:0000
82    |Info:    [ResourceManager] Registering I2C interface: /dev/i2c-8 Device 1002:747E Subsystem: 1DA2:F475
82    |Info:    [ResourceManager] Registering I2C interface: /dev/i2c-15 Device 1002:164E Subsystem: 1462:7E26
82    |Info:    [ResourceManager] Registering I2C interface: /dev/i2c-6 Device 1002:747E Subsystem: 1DA2:F475
82    |Info:    [ResourceManager] Registering I2C interface: /dev/i2c-13 Device 1002:164E Subsystem: 1462:7E26
82    |Info:    [ResourceManager] Registering I2C interface: /dev/i2c-4 Device 1002:747E Subsystem: 1DA2:F475
82    |Warning: [i2c_smbus_linux] Failed to read i2c device PCI device ID
82    |Info:    [ResourceManager] Registering I2C interface: /dev/i2c-11 Device 0000:0000 Subsystem: 0000:0000
82    |Info:    [ResourceManager] Registering I2C interface: /dev/i2c-2 Device 1022:790B Subsystem: 1462:7E26
82    |Info:    [ResourceManager] Registering I2C interface: /dev/i2c-0 Device 1022:790B Subsystem: 1462:7E26
82    |Warning: [i2c_smbus_linux] Failed to read i2c device PCI device ID
82    |Info:    [ResourceManager] Registering I2C interface: /dev/i2c-18 Device 0000:0000 Subsystem: 0000:0000
82    |Info:    [ResourceManager] Registering I2C interface: /dev/i2c-9 Device 1002:747E Subsystem: 1DA2:F475
82    |Warning: [i2c_smbus_linux] Failed to read i2c device PCI device ID
82    |Info:    [ResourceManager] Registering I2C interface: /dev/i2c-16 Device 0000:0000 Subsystem: 0000:0000
82    |Info:    [ResourceManager] Registering I2C interface: /dev/i2c-7 Device 1002:747E Subsystem: 1DA2:F475
82    |Info:    [ResourceManager] Registering I2C interface: /dev/i2c-14 Device 1002:164E Subsystem: 1462:7E26
82    |Info:    [ResourceManager] Registering I2C interface: /dev/i2c-5 Device 1002:747E Subsystem: 1DA2:F475
82    |Info:    [ResourceManager] Registering I2C interface: /dev/i2c-12 Device 1002:164E Subsystem: 1462:7E26
82    |Info:    ------------------------------------------------------
82    |Info:    |               Detecting I2C devices                |
82    |Info:    ------------------------------------------------------
439   |Info:    [ENE DRAM] Registering RGB controller
688   |Info:    [ENE DRAM] Registering RGB controller
1886  |Info:    ------------------------------------------------------
1886  |Info:    |            Detecting I2C DIMM modules              |
1886  |Info:    ------------------------------------------------------
2870  |Info:    [ResourceManager] Detected occupied slot 2, bus 2, type DDR5
3872  |Info:    [ResourceManager] Detected occupied slot 4, bus 2, type DDR5
3897  |Info:    [ResourceManager] Detected occupied slot 2, bus 10, type DDR5
3901  |Info:    [ResourceManager] Detected occupied slot 4, bus 10, type DDR5
3926  |Info:    [ResourceManager] Detected occupied slot 2, bus 11, type DDR5
3931  |Info:    [ResourceManager] Detected occupied slot 4, bus 11, type DDR5
3950  |Info:    ------------------------------------------------------
3950  |Info:    |               Detecting I2C PCI devices            |
3950  |Info:    ------------------------------------------------------
3992  |Info:    [Sapphire Radeon RX 7700 XT Nitro+] Registering RGB controller
4005  |Info:    ------------------------------------------------------
4005  |Info:    |               Detecting HID devices                |
4005  |Info:    ------------------------------------------------------
4075  |Info:    [MSI B650 GAMING PLUS WIFI (MS-7E26)] Registering RGB controller
4076  |Info:    ------------------------------------------------------
4076  |Info:    |            Detecting libusb HID devices            |
4076  |Info:    ------------------------------------------------------
4156  |Info:    ------------------------------------------------------
4156  |Info:    |              Detecting other devices               |
4156  |Info:    ------------------------------------------------------
4227  |Info:    [ResourceManager] Calling Post-detection callbacks
4227  |Info:    ------------------------------------------------------
4227  |Info:    |                Detection completed                 |
4227  |Info:    ------------------------------------------------------
6273  |Info:    [ProfileManager] Profile loading: Succeeded for ENE DRAM @ I2C: /dev/i2c-0, address 0x71
6273  |Info:    [ProfileManager] Profile loading: Succeeded for ENE DRAM @ I2C: /dev/i2c-0, address 0x73
6273  |Info:    [ProfileManager] Profile loading: FAILED! for Sapphire Radeon RX 7700 XT Nitro+ @ I2C: /dev/i2c-9, address 0x28
6273  |Info:    [ProfileManager] Profile loading: Succeeded for MSI B650 GAMING PLUS WIFI (MS-7E26) @ HID: /dev/hidraw5
10554 |Info:    [ProfileManager] Profile loading: Succeeded for ENE DRAM @ I2C: /dev/i2c-0, address 0x71
10554 |Info:    [ProfileManager] Profile loading: Succeeded for ENE DRAM @ I2C: /dev/i2c-0, address 0x73
10554 |Info:    [ProfileManager] Profile loading: FAILED! for Sapphire Radeon RX 7700 XT Nitro+ @ I2C: /dev/i2c-9, address 0x28
10554 |Info:    [ProfileManager] Profile loading: Succeeded for MSI B650 GAMING PLUS WIFI (MS-7E26) @ HID: /dev/hidraw5
13863 |Info:    [ProfileManager] Profile loading: Succeeded for ENE DRAM @ I2C: /dev/i2c-0, address 0x71
13863 |Info:    [ProfileManager] Profile loading: Succeeded for ENE DRAM @ I2C: /dev/i2c-0, address 0x73
13863 |Info:    [ProfileManager] Profile loading: FAILED! for Sapphire Radeon RX 7700 XT Nitro+ @ I2C: /dev/i2c-9, address 0x28
13863 |Info:    [ProfileManager] Profile loading: Succeeded for MSI B650 GAMING PLUS WIFI (MS-7E26) @ HID: /dev/hidraw5
18180 |Info:    [ProfileManager] Profile loading: Succeeded for ENE DRAM @ I2C: /dev/i2c-0, address 0x71
18180 |Info:    [ProfileManager] Profile loading: Succeeded for ENE DRAM @ I2C: /dev/i2c-0, address 0x73
18180 |Info:    [ProfileManager] Profile loading: FAILED! for Sapphire Radeon RX 7700 XT Nitro+ @ I2C: /dev/i2c-9, address 0x28
18180 |Info:    [ProfileManager] Profile loading: Succeeded for MSI B650 GAMING PLUS WIFI (MS-7E26) @ HID: /dev/hidraw5
21685 |Info:    [ProfileManager] Profile loading: Succeeded for ENE DRAM @ I2C: /dev/i2c-0, address 0x71
21685 |Info:    [ProfileManager] Profile loading: Succeeded for ENE DRAM @ I2C: /dev/i2c-0, address 0x73
21685 |Info:    [ProfileManager] Profile loading: FAILED! for Sapphire Radeon RX 7700 XT Nitro+ @ I2C: /dev/i2c-9, address 0x28
21685 |Info:    [ProfileManager] Profile loading: Succeeded for MSI B650 GAMING PLUS WIFI (MS-7E26) @ HID: /dev/hidraw5
79289 |Info:    [ResourceManager] Initializing HID interfaces: Success
79289 |Info:    ------------------------------------------------------
79289 |Info:    |               Start device detection               |
79289 |Info:    ------------------------------------------------------
79294 |Info:    ------------------------------------------------------
79294 |Info:    |             Detecting I2C interfaces               |
79294 |Info:    ------------------------------------------------------
79294 |Info:    [ResourceManager] Registering I2C interface: /dev/i2c-3 Device 1002:747E Subsystem: 1DA2:F475
79294 |Warning: [i2c_smbus_linux] Failed to read i2c device PCI device ID
79294 |Info:    [ResourceManager] Registering I2C interface: /dev/i2c-10 Device 0000:0000 Subsystem: 0000:0000
79294 |Info:    [ResourceManager] Registering I2C interface: /dev/i2c-1 Device 1022:790B Subsystem: 1462:7E26
79294 |Warning: [i2c_smbus_linux] Failed to read i2c device PCI device ID
79294 |Info:    [ResourceManager] Registering I2C interface: /dev/i2c-17 Device 0000:0000 Subsystem: 0000:0000
79294 |Info:    [ResourceManager] Registering I2C interface: /dev/i2c-8 Device 1002:747E Subsystem: 1DA2:F475
79294 |Info:    [ResourceManager] Registering I2C interface: /dev/i2c-15 Device 1002:164E Subsystem: 1462:7E26
79294 |Info:    [ResourceManager] Registering I2C interface: /dev/i2c-6 Device 1002:747E Subsystem: 1DA2:F475
79294 |Info:    [ResourceManager] Registering I2C interface: /dev/i2c-13 Device 1002:164E Subsystem: 1462:7E26
79294 |Info:    [ResourceManager] Registering I2C interface: /dev/i2c-4 Device 1002:747E Subsystem: 1DA2:F475
79294 |Warning: [i2c_smbus_linux] Failed to read i2c device PCI device ID
79295 |Info:    [ResourceManager] Registering I2C interface: /dev/i2c-11 Device 0000:0000 Subsystem: 0000:0000
79295 |Info:    [ResourceManager] Registering I2C interface: /dev/i2c-2 Device 1022:790B Subsystem: 1462:7E26
79295 |Info:    [ResourceManager] Registering I2C interface: /dev/i2c-0 Device 1022:790B Subsystem: 1462:7E26
79295 |Warning: [i2c_smbus_linux] Failed to read i2c device PCI device ID
79295 |Info:    [ResourceManager] Registering I2C interface: /dev/i2c-18 Device 0000:0000 Subsystem: 0000:0000
79295 |Info:    [ResourceManager] Registering I2C interface: /dev/i2c-9 Device 1002:747E Subsystem: 1DA2:F475
79295 |Warning: [i2c_smbus_linux] Failed to read i2c device PCI device ID
79295 |Info:    [ResourceManager] Registering I2C interface: /dev/i2c-16 Device 0000:0000 Subsystem: 0000:0000
79295 |Info:    [ResourceManager] Registering I2C interface: /dev/i2c-7 Device 1002:747E Subsystem: 1DA2:F475
79295 |Info:    [ResourceManager] Registering I2C interface: /dev/i2c-14 Device 1002:164E Subsystem: 1462:7E26
79295 |Info:    [ResourceManager] Registering I2C interface: /dev/i2c-5 Device 1002:747E Subsystem: 1DA2:F475
79295 |Info:    [ResourceManager] Registering I2C interface: /dev/i2c-12 Device 1002:164E Subsystem: 1462:7E26
79295 |Info:    ------------------------------------------------------
79295 |Info:    |               Detecting I2C devices                |
79295 |Info:    ------------------------------------------------------
79662 |Info:    [ENE DRAM] Registering RGB controller
79914 |Info:    [ENE DRAM] Registering RGB controller
81112 |Info:    ------------------------------------------------------
81112 |Info:    |            Detecting I2C DIMM modules              |
81112 |Info:    ------------------------------------------------------
81118 |Info:    [ResourceManager] Detected occupied slot 2, bus 2, type DDR5
81122 |Info:    [ResourceManager] Detected occupied slot 4, bus 2, type DDR5
81147 |Info:    [ResourceManager] Detected occupied slot 2, bus 10, type DDR5
81152 |Info:    [ResourceManager] Detected occupied slot 4, bus 10, type DDR5
81175 |Info:    [ResourceManager] Detected occupied slot 2, bus 11, type DDR5
81180 |Info:    [ResourceManager] Detected occupied slot 4, bus 11, type DDR5
81201 |Info:    ------------------------------------------------------
81201 |Info:    |               Detecting I2C PCI devices            |
81201 |Info:    ------------------------------------------------------
81239 |Info:    [Sapphire Radeon RX 7700 XT Nitro+] Registering RGB controller
81252 |Info:    ------------------------------------------------------
81252 |Info:    |               Detecting HID devices                |
81252 |Info:    ------------------------------------------------------
81320 |Info:    [MSI B650 GAMING PLUS WIFI (MS-7E26)] Registering RGB controller
81321 |Info:    ------------------------------------------------------
81321 |Info:    |            Detecting libusb HID devices            |
81321 |Info:    ------------------------------------------------------
81395 |Info:    ------------------------------------------------------
81395 |Info:    |              Detecting other devices               |
81395 |Info:    ------------------------------------------------------
81450 |Info:    [ResourceManager] Calling Post-detection callbacks
81450 |Info:    ------------------------------------------------------
81450 |Info:    |                Detection completed                 |
81450 |Info:    ------------------------------------------------------
224515|Info:    [ProfileManager] Profile loading: Succeeded for ENE DRAM @ I2C: /dev/i2c-0, address 0x71
224515|Info:    [ProfileManager] Profile loading: Succeeded for ENE DRAM @ I2C: /dev/i2c-0, address 0x73
224515|Info:    [ProfileManager] Profile loading: FAILED! for Sapphire Radeon RX 7700 XT Nitro+ @ I2C: /dev/i2c-9, address 0x28
224515|Info:    [ProfileManager] Profile loading: Succeeded for MSI B650 GAMING PLUS WIFI (MS-7E26) @ HID: /dev/hidraw5
225632|Info:    [ProfileManager] Profile loading: Succeeded for ENE DRAM @ I2C: /dev/i2c-0, address 0x71
225632|Info:    [ProfileManager] Profile loading: Succeeded for ENE DRAM @ I2C: /dev/i2c-0, address 0x73
225632|Info:    [ProfileManager] Profile loading: FAILED! for Sapphire Radeon RX 7700 XT Nitro+ @ I2C: /dev/i2c-9, address 0x28
225632|Info:    [ProfileManager] Profile loading: Succeeded for MSI B650 GAMING PLUS WIFI (MS-7E26) @ HID: /dev/hidraw5
225857|Info:    [ProfileManager] Profile loading: Succeeded for ENE DRAM @ I2C: /dev/i2c-0, address 0x71
225857|Info:    [ProfileManager] Profile loading: Succeeded for ENE DRAM @ I2C: /dev/i2c-0, address 0x73
225857|Info:    [ProfileManager] Profile loading: FAILED! for Sapphire Radeon RX 7700 XT Nitro+ @ I2C: /dev/i2c-9, address 0x28
225857|Info:    [ProfileManager] Profile loading: Succeeded for MSI B650 GAMING PLUS WIFI (MS-7E26) @ HID: /dev/hidraw5
226511|Info:    [ProfileManager] Profile loading: Succeeded for ENE DRAM @ I2C: /dev/i2c-0, address 0x71
226511|Info:    [ProfileManager] Profile loading: Succeeded for ENE DRAM @ I2C: /dev/i2c-0, address 0x73
226511|Info:    [ProfileManager] Profile loading: FAILED! for Sapphire Radeon RX 7700 XT Nitro+ @ I2C: /dev/i2c-9, address 0x28
226511|Info:    [ProfileManager] Profile loading: Succeeded for MSI B650 GAMING PLUS WIFI (MS-7E26) @ HID: /dev/hidraw5
260018|Info:    [ProfileManager] Found file: lol.orp attempting to validate header
260018|Info:    [ProfileManager] Valid v5 profile found for lol
260018|Info:    [ProfileManager] Found file: blanco.orp attempting to validate header
260018|Info:    [ProfileManager] Valid v5 profile found for blanco
260018|Info:    [ProfileManager] Found file: Rojo.orp attempting to validate header
260018|Info:    [ProfileManager] Valid v5 profile found for Rojo
260018|Info:    [ProfileManager] Found file: Turquesa\.orp attempting to validate header
260018|Info:    [ProfileManager] Valid v5 profile found for Turquesa\
260018|Info:    [ProfileManager] Found file: free.orp attempting to validate header
260018|Info:    [ProfileManager] Valid v5 profile found for free
260924|Info:    [ProfileManager] Found file: lol.orp attempting to validate header
260924|Info:    [ProfileManager] Valid v5 profile found for lol
260924|Info:    [ProfileManager] Found file: blanco.orp attempting to validate header
260924|Info:    [ProfileManager] Valid v5 profile found for blanco
260924|Info:    [ProfileManager] Found file: Rojo.orp attempting to validate header
260924|Info:    [ProfileManager] Valid v5 profile found for Rojo
260924|Info:    [ProfileManager] Found file: Turquesa\.orp attempting to validate header
260924|Info:    [ProfileManager] Valid v5 profile found for Turquesa\
260924|Info:    [ProfileManager] Found file: free.orp attempting to validate header
260924|Info:    [ProfileManager] Valid v5 profile found for free
261161|Info:    [ProfileManager] Found file: lol.orp attempting to validate header
261161|Info:    [ProfileManager] Valid v5 profile found for lol
261161|Info:    [ProfileManager] Found file: blanco.orp attempting to validate header
261161|Info:    [ProfileManager] Valid v5 profile found for blanco
261161|Info:    [ProfileManager] Found file: Rojo.orp attempting to validate header
261161|Info:    [ProfileManager] Valid v5 profile found for Rojo
261161|Info:    [ProfileManager] Found file: Turquesa\.orp attempting to validate header
261161|Info:    [ProfileManager] Valid v5 profile found for Turquesa\
261161|Info:    [ProfileManager] Found file: free.orp attempting to validate header
261161|Info:    [ProfileManager] Valid v5 profile found for free
261402|Info:    [ProfileManager] Found file: lol.orp attempting to validate header
261402|Info:    [ProfileManager] Valid v5 profile found for lol
261402|Info:    [ProfileManager] Found file: blanco.orp attempting to validate header
261402|Info:    [ProfileManager] Valid v5 profile found for blanco
261402|Info:    [ProfileManager] Found file: Rojo.orp attempting to validate header
261402|Info:    [ProfileManager] Valid v5 profile found for Rojo
261402|Info:    [ProfileManager] Found file: Turquesa\.orp attempting to validate header
261402|Info:    [ProfileManager] Valid v5 profile found for Turquesa\
261402|Info:    [ProfileManager] Found file: free.orp attempting to validate header
261402|Info:    [ProfileManager] Valid v5 profile found for free
263643|Info:    [ProfileManager] Profile loading: Succeeded for ENE DRAM @ I2C: /dev/i2c-0, address 0x71
263643|Info:    [ProfileManager] Profile loading: Succeeded for ENE DRAM @ I2C: /dev/i2c-0, address 0x73
263643|Info:    [ProfileManager] Profile loading: Succeeded for Sapphire Radeon RX 7700 XT Nitro+ @ I2C: /dev/i2c-9, address 0x28
263643|Info:    [ProfileManager] Profile loading: Succeeded for MSI B650 GAMING PLUS WIFI (MS-7E26) @ HID: /dev/hidraw5
