    OpenRGB v0.9+ (git1290)
    Commit: 45af044cd84032b9a9b5865cb5e12aa2cd98c47e from 2025-04-13 13:42:14 -0500
    Launched: 20250810_205141
====================================================================================================

1     |Info:    [ProfileManager] Found file: lol.orp attempting to validate header
1     |Info:    [ProfileManager] Valid v5 profile found for lol
1     |Info:    [ProfileManager] Found file: Verde.orp attempting to validate header
2     |Info:    [ProfileManager] Valid v5 profile found for Verde
2     |Info:    [ProfileManager] Found file: blanco.orp attempting to validate header
4     |Info:    [ProfileManager] Valid v5 profile found for blanco
4     |Info:    [ProfileManager] Found file: Rojo.orp attempting to validate header
5     |Info:    [ProfileManager] Valid v5 profile found for Rojo
5     |Info:    [ProfileManager] Found file: rosa.orp attempting to validate header
6     |Info:    [ProfileManager] Valid v5 profile found for rosa
6     |Info:    [ProfileManager] Found file: Turquesa\.orp attempting to validate header
6     |Info:    [ProfileManager] Valid v5 profile found for Turquesa\
6     |Info:    [ProfileManager] Found file: free.orp attempting to validate header
8     |Info:    [ProfileManager] Valid v5 profile found for free
95    |Info:    [ResourceManager] Initializing HID interfaces: Success
95    |Info:    ------------------------------------------------------
95    |Info:    |               Start device detection               |
95    |Info:    ------------------------------------------------------
101   |Info:    ------------------------------------------------------
101   |Info:    |             Detecting I2C interfaces               |
101   |Info:    ------------------------------------------------------
101   |Info:    [ResourceManager] Registering I2C interface: /dev/i2c-3 Device 1002:747E Subsystem: 1DA2:F475
101   |Warning: [i2c_smbus_linux] Failed to read i2c device PCI device ID
101   |Info:    [ResourceManager] Registering I2C interface: /dev/i2c-10 Device 0000:0000 Subsystem: 0000:0000
101   |Info:    [ResourceManager] Registering I2C interface: /dev/i2c-1 Device 1022:790B Subsystem: 1462:7E26
101   |Warning: [i2c_smbus_linux] Failed to read i2c device PCI device ID
101   |Info:    [ResourceManager] Registering I2C interface: /dev/i2c-17 Device 0000:0000 Subsystem: 0000:0000
101   |Info:    [ResourceManager] Registering I2C interface: /dev/i2c-8 Device 1002:747E Subsystem: 1DA2:F475
101   |Info:    [ResourceManager] Registering I2C interface: /dev/i2c-15 Device 1002:164E Subsystem: 1462:7E26
101   |Info:    [ResourceManager] Registering I2C interface: /dev/i2c-6 Device 1002:747E Subsystem: 1DA2:F475
101   |Info:    [ResourceManager] Registering I2C interface: /dev/i2c-13 Device 1002:164E Subsystem: 1462:7E26
101   |Info:    [ResourceManager] Registering I2C interface: /dev/i2c-4 Device 1002:747E Subsystem: 1DA2:F475
101   |Warning: [i2c_smbus_linux] Failed to read i2c device PCI device ID
101   |Info:    [ResourceManager] Registering I2C interface: /dev/i2c-11 Device 0000:0000 Subsystem: 0000:0000
102   |Info:    [ResourceManager] Registering I2C interface: /dev/i2c-2 Device 1022:790B Subsystem: 1462:7E26
102   |Info:    [ResourceManager] Registering I2C interface: /dev/i2c-0 Device 1022:790B Subsystem: 1462:7E26
102   |Warning: [i2c_smbus_linux] Failed to read i2c device PCI device ID
102   |Info:    [ResourceManager] Registering I2C interface: /dev/i2c-18 Device 0000:0000 Subsystem: 0000:0000
102   |Info:    [ResourceManager] Registering I2C interface: /dev/i2c-9 Device 1002:747E Subsystem: 1DA2:F475
102   |Warning: [i2c_smbus_linux] Failed to read i2c device PCI device ID
102   |Info:    [ResourceManager] Registering I2C interface: /dev/i2c-16 Device 0000:0000 Subsystem: 0000:0000
102   |Info:    [ResourceManager] Registering I2C interface: /dev/i2c-7 Device 1002:747E Subsystem: 1DA2:F475
102   |Info:    [ResourceManager] Registering I2C interface: /dev/i2c-14 Device 1002:164E Subsystem: 1462:7E26
102   |Info:    [ResourceManager] Registering I2C interface: /dev/i2c-5 Device 1002:747E Subsystem: 1DA2:F475
102   |Info:    [ResourceManager] Registering I2C interface: /dev/i2c-12 Device 1002:164E Subsystem: 1462:7E26
102   |Info:    ------------------------------------------------------
102   |Info:    |               Detecting I2C devices                |
102   |Info:    ------------------------------------------------------
469   |Info:    [ENE DRAM] Registering RGB controller
736   |Info:    [ENE DRAM] Registering RGB controller
1928  |Info:    ------------------------------------------------------
1928  |Info:    |            Detecting I2C DIMM modules              |
1928  |Info:    ------------------------------------------------------
2958  |Info:    [ResourceManager] Detected occupied slot 2, bus 2, type DDR5
3984  |Info:    [ResourceManager] Detected occupied slot 4, bus 2, type DDR5
4010  |Info:    [ResourceManager] Detected occupied slot 2, bus 10, type DDR5
4014  |Info:    [ResourceManager] Detected occupied slot 4, bus 10, type DDR5
4039  |Info:    [ResourceManager] Detected occupied slot 2, bus 11, type DDR5
4044  |Info:    [ResourceManager] Detected occupied slot 4, bus 11, type DDR5
4062  |Info:    ------------------------------------------------------
4062  |Info:    |               Detecting I2C PCI devices            |
4062  |Info:    ------------------------------------------------------
4105  |Info:    [Sapphire Radeon RX 7700 XT Nitro+] Registering RGB controller
4117  |Info:    ------------------------------------------------------
4117  |Info:    |               Detecting HID devices                |
4117  |Info:    ------------------------------------------------------
4185  |Info:    [MSI B650 GAMING PLUS WIFI (MS-7E26)] Registering RGB controller
4186  |Info:    ------------------------------------------------------
4186  |Info:    |            Detecting libusb HID devices            |
4186  |Info:    ------------------------------------------------------
4265  |Info:    ------------------------------------------------------
4265  |Info:    |              Detecting other devices               |
4265  |Info:    ------------------------------------------------------
4330  |Info:    [ResourceManager] Calling Post-detection callbacks
4330  |Info:    ------------------------------------------------------
4330  |Info:    |                Detection completed                 |
4330  |Info:    ------------------------------------------------------
