    OpenRGB v0.9+ (git1290)
    Commit: 45af044cd84032b9a9b5865cb5e12aa2cd98c47e from 2025-04-13 13:42:14 -0500
    Launched: 20250722_205405
====================================================================================================

0     |Info:    [ProfileManager] Found file: lol.orp attempting to validate header
0     |Info:    [ProfileManager] Valid v5 profile found for lol
0     |Info:    [ProfileManager] Found file: Verde.orp attempting to validate header
0     |Info:    [ProfileManager] Valid v5 profile found for Verde
0     |Info:    [ProfileManager] Found file: blanco.orp attempting to validate header
1     |Info:    [ProfileManager] Valid v5 profile found for blanco
1     |Info:    [ProfileManager] Found file: Rojo.orp attempting to validate header
1     |Info:    [ProfileManager] Valid v5 profile found for Rojo
1     |Info:    [ProfileManager] Found file: rosa.orp attempting to validate header
1     |Info:    [ProfileManager] Valid v5 profile found for rosa
1     |Info:    [ProfileManager] Found file: Turquesa\.orp attempting to validate header
1     |Info:    [ProfileManager] Valid v5 profile found for Turquesa\
1     |Info:    [ProfileManager] Found file: free.orp attempting to validate header
1     |Info:    [ProfileManager] Valid v5 profile found for free
60    |Info:    [ResourceManager] Initializing HID interfaces: Success
60    |Info:    ------------------------------------------------------
60    |Info:    |               Start device detection               |
60    |Info:    ------------------------------------------------------
71    |Info:    ------------------------------------------------------
71    |Info:    |             Detecting I2C interfaces               |
71    |Info:    ------------------------------------------------------
71    |Info:    [ResourceManager] Registering I2C interface: /dev/i2c-3 Device 1002:747E Subsystem: 1DA2:F475
71    |Warning: [i2c_smbus_linux] Failed to read i2c device PCI device ID
71    |Info:    [ResourceManager] Registering I2C interface: /dev/i2c-10 Device 0000:0000 Subsystem: 0000:0000
71    |Info:    [ResourceManager] Registering I2C interface: /dev/i2c-1 Device 1022:790B Subsystem: 1462:7E26
71    |Warning: [i2c_smbus_linux] Failed to read i2c device PCI device ID
71    |Info:    [ResourceManager] Registering I2C interface: /dev/i2c-17 Device 0000:0000 Subsystem: 0000:0000
71    |Info:    [ResourceManager] Registering I2C interface: /dev/i2c-8 Device 1002:747E Subsystem: 1DA2:F475
72    |Info:    [ResourceManager] Registering I2C interface: /dev/i2c-15 Device 1002:164E Subsystem: 1462:7E26
72    |Info:    [ResourceManager] Registering I2C interface: /dev/i2c-6 Device 1002:747E Subsystem: 1DA2:F475
72    |Info:    [ResourceManager] Registering I2C interface: /dev/i2c-13 Device 1002:164E Subsystem: 1462:7E26
72    |Info:    [ResourceManager] Registering I2C interface: /dev/i2c-4 Device 1002:747E Subsystem: 1DA2:F475
72    |Warning: [i2c_smbus_linux] Failed to read i2c device PCI device ID
72    |Info:    [ResourceManager] Registering I2C interface: /dev/i2c-11 Device 0000:0000 Subsystem: 0000:0000
72    |Info:    [ResourceManager] Registering I2C interface: /dev/i2c-2 Device 1022:790B Subsystem: 1462:7E26
72    |Info:    [ResourceManager] Registering I2C interface: /dev/i2c-0 Device 1022:790B Subsystem: 1462:7E26
72    |Warning: [i2c_smbus_linux] Failed to read i2c device PCI device ID
72    |Info:    [ResourceManager] Registering I2C interface: /dev/i2c-18 Device 0000:0000 Subsystem: 0000:0000
72    |Info:    [ResourceManager] Registering I2C interface: /dev/i2c-9 Device 1002:747E Subsystem: 1DA2:F475
72    |Warning: [i2c_smbus_linux] Failed to read i2c device PCI device ID
72    |Info:    [ResourceManager] Registering I2C interface: /dev/i2c-16 Device 0000:0000 Subsystem: 0000:0000
72    |Info:    [ResourceManager] Registering I2C interface: /dev/i2c-7 Device 1002:747E Subsystem: 1DA2:F475
72    |Info:    [ResourceManager] Registering I2C interface: /dev/i2c-14 Device 1002:164E Subsystem: 1462:7E26
72    |Info:    [ResourceManager] Registering I2C interface: /dev/i2c-5 Device 1002:747E Subsystem: 1DA2:F475
72    |Info:    [ResourceManager] Registering I2C interface: /dev/i2c-12 Device 1002:164E Subsystem: 1462:7E26
72    |Info:    ------------------------------------------------------
72    |Info:    |               Detecting I2C devices                |
72    |Info:    ------------------------------------------------------
439   |Info:    [ENE DRAM] Registering RGB controller
706   |Info:    [ENE DRAM] Registering RGB controller
1908  |Info:    ------------------------------------------------------
1908  |Info:    |            Detecting I2C DIMM modules              |
1908  |Info:    ------------------------------------------------------
2925  |Info:    [ResourceManager] Detected occupied slot 2, bus 2, type DDR5
3954  |Info:    [ResourceManager] Detected occupied slot 4, bus 2, type DDR5
3979  |Info:    [ResourceManager] Detected occupied slot 2, bus 10, type DDR5
3983  |Info:    [ResourceManager] Detected occupied slot 4, bus 10, type DDR5
4008  |Info:    [ResourceManager] Detected occupied slot 2, bus 11, type DDR5
4013  |Info:    [ResourceManager] Detected occupied slot 4, bus 11, type DDR5
4032  |Info:    ------------------------------------------------------
4032  |Info:    |               Detecting I2C PCI devices            |
4032  |Info:    ------------------------------------------------------
4073  |Info:    [Sapphire Radeon RX 7700 XT Nitro+] Registering RGB controller
4085  |Info:    ------------------------------------------------------
4085  |Info:    |               Detecting HID devices                |
4085  |Info:    ------------------------------------------------------
4156  |Info:    [MSI B650 GAMING PLUS WIFI (MS-7E26)] Registering RGB controller
4157  |Info:    ------------------------------------------------------
4157  |Info:    |            Detecting libusb HID devices            |
4157  |Info:    ------------------------------------------------------
4165  |Info:    ------------------------------------------------------
4165  |Info:    |              Detecting other devices               |
4165  |Info:    ------------------------------------------------------
4230  |Info:    [ResourceManager] Calling Post-detection callbacks
4230  |Info:    ------------------------------------------------------
4230  |Info:    |                Detection completed                 |
4230  |Info:    ------------------------------------------------------
6897  |Info:    [ProfileManager] Profile loading: Succeeded for ENE DRAM @ I2C: /dev/i2c-0, address 0x71
6897  |Info:    [ProfileManager] Profile loading: Succeeded for ENE DRAM @ I2C: /dev/i2c-0, address 0x73
6897  |Info:    [ProfileManager] Profile loading: Succeeded for Sapphire Radeon RX 7700 XT Nitro+ @ I2C: /dev/i2c-9, address 0x28
6897  |Info:    [ProfileManager] Profile loading: Succeeded for MSI B650 GAMING PLUS WIFI (MS-7E26) @ HID: /dev/hidraw5
9364  |Info:    [ProfileManager] Profile loading: Succeeded for ENE DRAM @ I2C: /dev/i2c-0, address 0x71
9364  |Info:    [ProfileManager] Profile loading: Succeeded for ENE DRAM @ I2C: /dev/i2c-0, address 0x73
9364  |Info:    [ProfileManager] Profile loading: Succeeded for Sapphire Radeon RX 7700 XT Nitro+ @ I2C: /dev/i2c-9, address 0x28
9364  |Info:    [ProfileManager] Profile loading: Succeeded for MSI B650 GAMING PLUS WIFI (MS-7E26) @ HID: /dev/hidraw5
9859  |Info:    [ProfileManager] Profile loading: Succeeded for ENE DRAM @ I2C: /dev/i2c-0, address 0x71
9859  |Info:    [ProfileManager] Profile loading: Succeeded for ENE DRAM @ I2C: /dev/i2c-0, address 0x73
9859  |Info:    [ProfileManager] Profile loading: Succeeded for Sapphire Radeon RX 7700 XT Nitro+ @ I2C: /dev/i2c-9, address 0x28
9859  |Info:    [ProfileManager] Profile loading: Succeeded for MSI B650 GAMING PLUS WIFI (MS-7E26) @ HID: /dev/hidraw5
