    OpenRGB v0.9+ (git1290)
    Commit: 45af044cd84032b9a9b5865cb5e12aa2cd98c47e from 2025-04-13 13:42:14 -0500
    Launched: 20250814_210702
====================================================================================================

0     |Info:    [ProfileManager] Found file: lol.orp attempting to validate header
1     |Info:    [ProfileManager] Valid v5 profile found for lol
1     |Info:    [ProfileManager] Found file: Verde.orp attempting to validate header
2     |Info:    [ProfileManager] Valid v5 profile found for Verde
2     |Info:    [ProfileManager] Found file: blanco.orp attempting to validate header
5     |Info:    [ProfileManager] Valid v5 profile found for blanco
5     |Info:    [ProfileManager] Found file: Rojo.orp attempting to validate header
6     |Info:    [ProfileManager] Valid v5 profile found for Rojo
6     |Info:    [ProfileManager] Found file: rosa.orp attempting to validate header
6     |Info:    [ProfileManager] Valid v5 profile found for rosa
6     |Info:    [ProfileManager] Found file: Turquesa\.orp attempting to validate header
9     |Info:    [ProfileManager] Valid v5 profile found for Turquesa\
9     |Info:    [ProfileManager] Found file: free.orp attempting to validate header
12    |Info:    [ProfileManager] Valid v5 profile found for free
87    |Info:    [ResourceManager] Initializing HID interfaces: Success
87    |Info:    ------------------------------------------------------
87    |Info:    |               Start device detection               |
87    |Info:    ------------------------------------------------------
92    |Info:    ------------------------------------------------------
92    |Info:    |             Detecting I2C interfaces               |
92    |Info:    ------------------------------------------------------
92    |Info:    [ResourceManager] Registering I2C interface: /dev/i2c-3 Device 1002:747E Subsystem: 1DA2:F475
92    |Warning: [i2c_smbus_linux] Failed to read i2c device PCI device ID
92    |Info:    [ResourceManager] Registering I2C interface: /dev/i2c-10 Device 0000:0000 Subsystem: 0000:0000
92    |Info:    [ResourceManager] Registering I2C interface: /dev/i2c-1 Device 1022:790B Subsystem: 1462:7E26
92    |Warning: [i2c_smbus_linux] Failed to read i2c device PCI device ID
92    |Info:    [ResourceManager] Registering I2C interface: /dev/i2c-17 Device 0000:0000 Subsystem: 0000:0000
92    |Info:    [ResourceManager] Registering I2C interface: /dev/i2c-8 Device 1002:747E Subsystem: 1DA2:F475
92    |Info:    [ResourceManager] Registering I2C interface: /dev/i2c-15 Device 1002:164E Subsystem: 1462:7E26
92    |Info:    [ResourceManager] Registering I2C interface: /dev/i2c-6 Device 1002:747E Subsystem: 1DA2:F475
93    |Info:    [ResourceManager] Registering I2C interface: /dev/i2c-13 Device 1002:164E Subsystem: 1462:7E26
93    |Info:    [ResourceManager] Registering I2C interface: /dev/i2c-4 Device 1002:747E Subsystem: 1DA2:F475
93    |Warning: [i2c_smbus_linux] Failed to read i2c device PCI device ID
93    |Info:    [ResourceManager] Registering I2C interface: /dev/i2c-11 Device 0000:0000 Subsystem: 0000:0000
93    |Info:    [ResourceManager] Registering I2C interface: /dev/i2c-2 Device 1022:790B Subsystem: 1462:7E26
93    |Info:    [ResourceManager] Registering I2C interface: /dev/i2c-0 Device 1022:790B Subsystem: 1462:7E26
93    |Warning: [i2c_smbus_linux] Failed to read i2c device PCI device ID
93    |Info:    [ResourceManager] Registering I2C interface: /dev/i2c-18 Device 0000:0000 Subsystem: 0000:0000
93    |Info:    [ResourceManager] Registering I2C interface: /dev/i2c-9 Device 1002:747E Subsystem: 1DA2:F475
93    |Warning: [i2c_smbus_linux] Failed to read i2c device PCI device ID
93    |Info:    [ResourceManager] Registering I2C interface: /dev/i2c-16 Device 0000:0000 Subsystem: 0000:0000
93    |Info:    [ResourceManager] Registering I2C interface: /dev/i2c-7 Device 1002:747E Subsystem: 1DA2:F475
93    |Info:    [ResourceManager] Registering I2C interface: /dev/i2c-14 Device 1002:164E Subsystem: 1462:7E26
93    |Info:    [ResourceManager] Registering I2C interface: /dev/i2c-5 Device 1002:747E Subsystem: 1DA2:F475
93    |Info:    [ResourceManager] Registering I2C interface: /dev/i2c-12 Device 1002:164E Subsystem: 1462:7E26
93    |Info:    ------------------------------------------------------
93    |Info:    |               Detecting I2C devices                |
93    |Info:    ------------------------------------------------------
448   |Info:    [ENE DRAM] Registering RGB controller
708   |Info:    [ENE DRAM] Registering RGB controller
1903  |Info:    ------------------------------------------------------
1903  |Info:    |            Detecting I2C DIMM modules              |
1903  |Info:    ------------------------------------------------------
2928  |Info:    [ResourceManager] Detected occupied slot 2, bus 2, type DDR5
3954  |Info:    [ResourceManager] Detected occupied slot 4, bus 2, type DDR5
3978  |Info:    [ResourceManager] Detected occupied slot 2, bus 10, type DDR5
3983  |Info:    [ResourceManager] Detected occupied slot 4, bus 10, type DDR5
4006  |Info:    [ResourceManager] Detected occupied slot 2, bus 11, type DDR5
4011  |Info:    [ResourceManager] Detected occupied slot 4, bus 11, type DDR5
4030  |Info:    ------------------------------------------------------
4030  |Info:    |               Detecting I2C PCI devices            |
4030  |Info:    ------------------------------------------------------
4072  |Info:    [Sapphire Radeon RX 7700 XT Nitro+] Registering RGB controller
4084  |Info:    ------------------------------------------------------
4084  |Info:    |               Detecting HID devices                |
4084  |Info:    ------------------------------------------------------
4153  |Info:    [MSI B650 GAMING PLUS WIFI (MS-7E26)] Registering RGB controller
4154  |Info:    ------------------------------------------------------
4154  |Info:    |            Detecting libusb HID devices            |
4154  |Info:    ------------------------------------------------------
4233  |Info:    ------------------------------------------------------
4233  |Info:    |              Detecting other devices               |
4233  |Info:    ------------------------------------------------------
4297  |Info:    [ResourceManager] Calling Post-detection callbacks
4297  |Info:    ------------------------------------------------------
4297  |Info:    |                Detection completed                 |
4297  |Info:    ------------------------------------------------------
