    OpenRGB v0.9+ (git1290)
    Commit: 45af044cd84032b9a9b5865cb5e12aa2cd98c47e from 2025-04-13 13:42:14 -0500
    Launched: 20250829_221217
====================================================================================================

1     |Info:    [ProfileManager] Found file: lol.orp attempting to validate header
2     |Info:    [ProfileManager] Valid v5 profile found for lol
2     |Info:    [ProfileManager] Found file: Verde.orp attempting to validate header
3     |Info:    [ProfileManager] Valid v5 profile found for Verde
3     |Info:    [ProfileManager] Found file: blanco.orp attempting to validate header
6     |Info:    [ProfileManager] Valid v5 profile found for blanco
6     |Info:    [ProfileManager] Found file: Rojo.orp attempting to validate header
11    |Info:    [ProfileManager] Valid v5 profile found for Rojo
11    |Info:    [ProfileManager] Found file: rosa.orp attempting to validate header
12    |Info:    [ProfileManager] Valid v5 profile found for rosa
12    |Info:    [ProfileManager] Found file: Turquesa\.orp attempting to validate header
13    |Info:    [ProfileManager] Valid v5 profile found for Turquesa\
13    |Info:    [ProfileManager] Found file: free.orp attempting to validate header
13    |Info:    [ProfileManager] Valid v5 profile found for free
86    |Info:    [ResourceManager] Initializing HID interfaces: Success
86    |Info:    ------------------------------------------------------
86    |Info:    |               Start device detection               |
86    |Info:    ------------------------------------------------------
90    |Info:    ------------------------------------------------------
90    |Info:    |             Detecting I2C interfaces               |
90    |Info:    ------------------------------------------------------
91    |Info:    [ResourceManager] Registering I2C interface: /dev/i2c-3 Device 1002:747E Subsystem: 1DA2:F475
91    |Warning: [i2c_smbus_linux] Failed to read i2c device PCI device ID
91    |Info:    [ResourceManager] Registering I2C interface: /dev/i2c-10 Device 0000:0000 Subsystem: 0000:0000
91    |Info:    [ResourceManager] Registering I2C interface: /dev/i2c-1 Device 1022:790B Subsystem: 1462:7E26
91    |Warning: [i2c_smbus_linux] Failed to read i2c device PCI device ID
91    |Info:    [ResourceManager] Registering I2C interface: /dev/i2c-17 Device 0000:0000 Subsystem: 0000:0000
91    |Info:    [ResourceManager] Registering I2C interface: /dev/i2c-8 Device 1002:747E Subsystem: 1DA2:F475
91    |Info:    [ResourceManager] Registering I2C interface: /dev/i2c-15 Device 1002:164E Subsystem: 1462:7E26
91    |Info:    [ResourceManager] Registering I2C interface: /dev/i2c-6 Device 1002:747E Subsystem: 1DA2:F475
91    |Info:    [ResourceManager] Registering I2C interface: /dev/i2c-13 Device 1002:164E Subsystem: 1462:7E26
91    |Info:    [ResourceManager] Registering I2C interface: /dev/i2c-4 Device 1002:747E Subsystem: 1DA2:F475
91    |Warning: [i2c_smbus_linux] Failed to read i2c device PCI device ID
91    |Info:    [ResourceManager] Registering I2C interface: /dev/i2c-11 Device 0000:0000 Subsystem: 0000:0000
91    |Info:    [ResourceManager] Registering I2C interface: /dev/i2c-2 Device 1022:790B Subsystem: 1462:7E26
91    |Info:    [ResourceManager] Registering I2C interface: /dev/i2c-0 Device 1022:790B Subsystem: 1462:7E26
92    |Warning: [i2c_smbus_linux] Failed to read i2c device PCI device ID
92    |Info:    [ResourceManager] Registering I2C interface: /dev/i2c-18 Device 0000:0000 Subsystem: 0000:0000
92    |Info:    [ResourceManager] Registering I2C interface: /dev/i2c-9 Device 1002:747E Subsystem: 1DA2:F475
92    |Warning: [i2c_smbus_linux] Failed to read i2c device PCI device ID
92    |Info:    [ResourceManager] Registering I2C interface: /dev/i2c-16 Device 0000:0000 Subsystem: 0000:0000
92    |Info:    [ResourceManager] Registering I2C interface: /dev/i2c-7 Device 1002:747E Subsystem: 1DA2:F475
92    |Info:    [ResourceManager] Registering I2C interface: /dev/i2c-14 Device 1002:164E Subsystem: 1462:7E26
92    |Info:    [ResourceManager] Registering I2C interface: /dev/i2c-5 Device 1002:747E Subsystem: 1DA2:F475
92    |Info:    [ResourceManager] Registering I2C interface: /dev/i2c-12 Device 1002:164E Subsystem: 1462:7E26
92    |Info:    ------------------------------------------------------
92    |Info:    |               Detecting I2C devices                |
92    |Info:    ------------------------------------------------------
450   |Info:    [ENE DRAM] Registering RGB controller
702   |Info:    [ENE DRAM] Registering RGB controller
1899  |Info:    ------------------------------------------------------
1899  |Info:    |            Detecting I2C DIMM modules              |
1899  |Info:    ------------------------------------------------------
2926  |Info:    [ResourceManager] Detected occupied slot 2, bus 2, type DDR5
3951  |Info:    [ResourceManager] Detected occupied slot 4, bus 2, type DDR5
3976  |Info:    [ResourceManager] Detected occupied slot 2, bus 10, type DDR5
3980  |Info:    [ResourceManager] Detected occupied slot 4, bus 10, type DDR5
4003  |Info:    [ResourceManager] Detected occupied slot 2, bus 11, type DDR5
4008  |Info:    [ResourceManager] Detected occupied slot 4, bus 11, type DDR5
4027  |Info:    ------------------------------------------------------
4027  |Info:    |               Detecting I2C PCI devices            |
4027  |Info:    ------------------------------------------------------
4066  |Info:    [Sapphire Radeon RX 7700 XT Nitro+] Registering RGB controller
4078  |Info:    ------------------------------------------------------
4078  |Info:    |               Detecting HID devices                |
4078  |Info:    ------------------------------------------------------
4147  |Info:    [MSI B650 GAMING PLUS WIFI (MS-7E26)] Registering RGB controller
4149  |Info:    ------------------------------------------------------
4149  |Info:    |            Detecting libusb HID devices            |
4149  |Info:    ------------------------------------------------------
4156  |Info:    ------------------------------------------------------
4156  |Info:    |              Detecting other devices               |
4156  |Info:    ------------------------------------------------------
4219  |Info:    [ResourceManager] Calling Post-detection callbacks
4219  |Info:    ------------------------------------------------------
4219  |Info:    |                Detection completed                 |
4219  |Info:    ------------------------------------------------------
