    OpenRGB v0.9+ (git1290)
    Commit: 45af044cd84032b9a9b5865cb5e12aa2cd98c47e from 2025-04-13 13:42:14 -0500
    Launched: 20250805_145500
====================================================================================================

5     |Info:    [ProfileManager] Found file: lol.orp attempting to validate header
6     |Info:    [ProfileManager] Valid v5 profile found for lol
6     |Info:    [ProfileManager] Found file: Verde.orp attempting to validate header
7     |Info:    [ProfileManager] Valid v5 profile found for Verde
7     |Info:    [ProfileManager] Found file: blanco.orp attempting to validate header
8     |Info:    [ProfileManager] Valid v5 profile found for blanco
8     |Info:    [ProfileManager] Found file: Rojo.orp attempting to validate header
9     |Info:    [ProfileManager] Valid v5 profile found for Rojo
9     |Info:    [ProfileManager] Found file: rosa.orp attempting to validate header
9     |Info:    [ProfileManager] Valid v5 profile found for rosa
9     |Info:    [ProfileManager] Found file: Turquesa\.orp attempting to validate header
10    |Info:    [ProfileManager] Valid v5 profile found for Turquesa\
10    |Info:    [ProfileManager] Found file: free.orp attempting to validate header
10    |Info:    [ProfileManager] Valid v5 profile found for free
92    |Info:    [ResourceManager] Initializing HID interfaces: Success
92    |Info:    ------------------------------------------------------
92    |Info:    |               Start device detection               |
92    |Info:    ------------------------------------------------------
96    |Info:    ------------------------------------------------------
96    |Info:    |             Detecting I2C interfaces               |
96    |Info:    ------------------------------------------------------
96    |Info:    [ResourceManager] Registering I2C interface: /dev/i2c-3 Device 1002:747E Subsystem: 1DA2:F475
96    |Warning: [i2c_smbus_linux] Failed to read i2c device PCI device ID
96    |Info:    [ResourceManager] Registering I2C interface: /dev/i2c-10 Device 0000:0000 Subsystem: 0000:0000
96    |Info:    [ResourceManager] Registering I2C interface: /dev/i2c-1 Device 1022:790B Subsystem: 1462:7E26
96    |Warning: [i2c_smbus_linux] Failed to read i2c device PCI device ID
96    |Info:    [ResourceManager] Registering I2C interface: /dev/i2c-17 Device 0000:0000 Subsystem: 0000:0000
96    |Info:    [ResourceManager] Registering I2C interface: /dev/i2c-8 Device 1002:747E Subsystem: 1DA2:F475
96    |Info:    [ResourceManager] Registering I2C interface: /dev/i2c-15 Device 1002:164E Subsystem: 1462:7E26
96    |Info:    [ResourceManager] Registering I2C interface: /dev/i2c-6 Device 1002:747E Subsystem: 1DA2:F475
96    |Info:    [ResourceManager] Registering I2C interface: /dev/i2c-13 Device 1002:164E Subsystem: 1462:7E26
96    |Info:    [ResourceManager] Registering I2C interface: /dev/i2c-4 Device 1002:747E Subsystem: 1DA2:F475
96    |Warning: [i2c_smbus_linux] Failed to read i2c device PCI device ID
96    |Info:    [ResourceManager] Registering I2C interface: /dev/i2c-11 Device 0000:0000 Subsystem: 0000:0000
96    |Info:    [ResourceManager] Registering I2C interface: /dev/i2c-2 Device 1022:790B Subsystem: 1462:7E26
97    |Info:    [ResourceManager] Registering I2C interface: /dev/i2c-0 Device 1022:790B Subsystem: 1462:7E26
97    |Warning: [i2c_smbus_linux] Failed to read i2c device PCI device ID
97    |Info:    [ResourceManager] Registering I2C interface: /dev/i2c-18 Device 0000:0000 Subsystem: 0000:0000
97    |Info:    [ResourceManager] Registering I2C interface: /dev/i2c-9 Device 1002:747E Subsystem: 1DA2:F475
97    |Warning: [i2c_smbus_linux] Failed to read i2c device PCI device ID
97    |Info:    [ResourceManager] Registering I2C interface: /dev/i2c-16 Device 0000:0000 Subsystem: 0000:0000
97    |Info:    [ResourceManager] Registering I2C interface: /dev/i2c-7 Device 1002:747E Subsystem: 1DA2:F475
97    |Info:    [ResourceManager] Registering I2C interface: /dev/i2c-14 Device 1002:164E Subsystem: 1462:7E26
97    |Info:    [ResourceManager] Registering I2C interface: /dev/i2c-5 Device 1002:747E Subsystem: 1DA2:F475
97    |Info:    [ResourceManager] Registering I2C interface: /dev/i2c-12 Device 1002:164E Subsystem: 1462:7E26
97    |Info:    ------------------------------------------------------
97    |Info:    |               Detecting I2C devices                |
97    |Info:    ------------------------------------------------------
462   |Info:    [ENE DRAM] Registering RGB controller
710   |Info:    [ENE DRAM] Registering RGB controller
1908  |Info:    ------------------------------------------------------
1908  |Info:    |            Detecting I2C DIMM modules              |
1908  |Info:    ------------------------------------------------------
2935  |Info:    [ResourceManager] Detected occupied slot 2, bus 2, type DDR5
3962  |Info:    [ResourceManager] Detected occupied slot 4, bus 2, type DDR5
3987  |Info:    [ResourceManager] Detected occupied slot 2, bus 10, type DDR5
3991  |Info:    [ResourceManager] Detected occupied slot 4, bus 10, type DDR5
4015  |Info:    [ResourceManager] Detected occupied slot 2, bus 11, type DDR5
4020  |Info:    [ResourceManager] Detected occupied slot 4, bus 11, type DDR5
4038  |Info:    ------------------------------------------------------
4038  |Info:    |               Detecting I2C PCI devices            |
4038  |Info:    ------------------------------------------------------
4088  |Info:    [Sapphire Radeon RX 7700 XT Nitro+] Registering RGB controller
4101  |Info:    ------------------------------------------------------
4101  |Info:    |               Detecting HID devices                |
4101  |Info:    ------------------------------------------------------
4177  |Info:    [MSI B650 GAMING PLUS WIFI (MS-7E26)] Registering RGB controller
4178  |Info:    ------------------------------------------------------
4178  |Info:    |            Detecting libusb HID devices            |
4178  |Info:    ------------------------------------------------------
4185  |Info:    ------------------------------------------------------
4185  |Info:    |              Detecting other devices               |
4185  |Info:    ------------------------------------------------------
4251  |Info:    [ResourceManager] Calling Post-detection callbacks
4251  |Info:    ------------------------------------------------------
4251  |Info:    |                Detection completed                 |
4251  |Info:    ------------------------------------------------------
