    OpenRGB v0.9+ (git1290)
    Commit: 45af044cd84032b9a9b5865cb5e12aa2cd98c47e from 2025-04-13 13:42:14 -0500
    Launched: 20250905_134321
====================================================================================================

2     |Info:    [ProfileManager] Found file: lol.orp attempting to validate header
2     |Info:    [ProfileManager] Valid v5 profile found for lol
2     |Info:    [ProfileManager] Found file: Verde.orp attempting to validate header
3     |Info:    [ProfileManager] Valid v5 profile found for Verde
3     |Info:    [ProfileManager] Found file: blanco.orp attempting to validate header
4     |Info:    [ProfileManager] Valid v5 profile found for blanco
4     |Info:    [ProfileManager] Found file: Rojo.orp attempting to validate header
5     |Info:    [ProfileManager] Valid v5 profile found for Rojo
5     |Info:    [ProfileManager] Found file: rosa.orp attempting to validate header
5     |Info:    [ProfileManager] Valid v5 profile found for rosa
5     |Info:    [ProfileManager] Found file: Turquesa\.orp attempting to validate header
6     |Info:    [ProfileManager] Valid v5 profile found for Turquesa\
6     |Info:    [ProfileManager] Found file: free.orp attempting to validate header
6     |Info:    [ProfileManager] Valid v5 profile found for free
76    |Info:    [ResourceManager] Initializing HID interfaces: Success
76    |Info:    ------------------------------------------------------
76    |Info:    |               Start device detection               |
76    |Info:    ------------------------------------------------------
81    |Info:    ------------------------------------------------------
81    |Info:    |             Detecting I2C interfaces               |
81    |Info:    ------------------------------------------------------
81    |Info:    [ResourceManager] Registering I2C interface: /dev/i2c-3 Device 1002:747E Subsystem: 1DA2:F475
81    |Warning: [i2c_smbus_linux] Failed to read i2c device PCI device ID
81    |Info:    [ResourceManager] Registering I2C interface: /dev/i2c-10 Device 0000:0000 Subsystem: 0000:0000
81    |Info:    [ResourceManager] Registering I2C interface: /dev/i2c-1 Device 1022:790B Subsystem: 1462:7E26
81    |Warning: [i2c_smbus_linux] Failed to read i2c device PCI device ID
81    |Info:    [ResourceManager] Registering I2C interface: /dev/i2c-17 Device 0000:0000 Subsystem: 0000:0000
81    |Info:    [ResourceManager] Registering I2C interface: /dev/i2c-8 Device 1002:747E Subsystem: 1DA2:F475
81    |Info:    [ResourceManager] Registering I2C interface: /dev/i2c-15 Device 1002:164E Subsystem: 1462:7E26
81    |Info:    [ResourceManager] Registering I2C interface: /dev/i2c-6 Device 1002:747E Subsystem: 1DA2:F475
81    |Info:    [ResourceManager] Registering I2C interface: /dev/i2c-13 Device 1002:164E Subsystem: 1462:7E26
81    |Info:    [ResourceManager] Registering I2C interface: /dev/i2c-4 Device 1002:747E Subsystem: 1DA2:F475
82    |Warning: [i2c_smbus_linux] Failed to read i2c device PCI device ID
82    |Info:    [ResourceManager] Registering I2C interface: /dev/i2c-11 Device 0000:0000 Subsystem: 0000:0000
82    |Info:    [ResourceManager] Registering I2C interface: /dev/i2c-2 Device 1022:790B Subsystem: 1462:7E26
82    |Info:    [ResourceManager] Registering I2C interface: /dev/i2c-0 Device 1022:790B Subsystem: 1462:7E26
82    |Warning: [i2c_smbus_linux] Failed to read i2c device PCI device ID
82    |Info:    [ResourceManager] Registering I2C interface: /dev/i2c-18 Device 0000:0000 Subsystem: 0000:0000
82    |Info:    [ResourceManager] Registering I2C interface: /dev/i2c-9 Device 1002:747E Subsystem: 1DA2:F475
82    |Warning: [i2c_smbus_linux] Failed to read i2c device PCI device ID
82    |Info:    [ResourceManager] Registering I2C interface: /dev/i2c-16 Device 0000:0000 Subsystem: 0000:0000
82    |Info:    [ResourceManager] Registering I2C interface: /dev/i2c-7 Device 1002:747E Subsystem: 1DA2:F475
82    |Info:    [ResourceManager] Registering I2C interface: /dev/i2c-14 Device 1002:164E Subsystem: 1462:7E26
82    |Info:    [ResourceManager] Registering I2C interface: /dev/i2c-5 Device 1002:747E Subsystem: 1DA2:F475
82    |Info:    [ResourceManager] Registering I2C interface: /dev/i2c-12 Device 1002:164E Subsystem: 1462:7E26
82    |Info:    ------------------------------------------------------
82    |Info:    |               Detecting I2C devices                |
82    |Info:    ------------------------------------------------------
437   |Info:    [ENE DRAM] Registering RGB controller
695   |Info:    [ENE DRAM] Registering RGB controller
1896  |Info:    ------------------------------------------------------
1896  |Info:    |            Detecting I2C DIMM modules              |
1896  |Info:    ------------------------------------------------------
2912  |Info:    [ResourceManager] Detected occupied slot 2, bus 2, type DDR5
3936  |Info:    [ResourceManager] Detected occupied slot 4, bus 2, type DDR5
3960  |Info:    [ResourceManager] Detected occupied slot 2, bus 10, type DDR5
3964  |Info:    [ResourceManager] Detected occupied slot 4, bus 10, type DDR5
3988  |Info:    [ResourceManager] Detected occupied slot 2, bus 11, type DDR5
3993  |Info:    [ResourceManager] Detected occupied slot 4, bus 11, type DDR5
4012  |Info:    ------------------------------------------------------
4012  |Info:    |               Detecting I2C PCI devices            |
4012  |Info:    ------------------------------------------------------
4053  |Info:    [Sapphire Radeon RX 7700 XT Nitro+] Registering RGB controller
4066  |Info:    ------------------------------------------------------
4066  |Info:    |               Detecting HID devices                |
4066  |Info:    ------------------------------------------------------
4134  |Info:    [MSI B650 GAMING PLUS WIFI (MS-7E26)] Registering RGB controller
4136  |Info:    ------------------------------------------------------
4136  |Info:    |            Detecting libusb HID devices            |
4136  |Info:    ------------------------------------------------------
4218  |Info:    ------------------------------------------------------
4218  |Info:    |              Detecting other devices               |
4218  |Info:    ------------------------------------------------------
4281  |Info:    [ResourceManager] Calling Post-detection callbacks
4281  |Info:    ------------------------------------------------------
4281  |Info:    |                Detection completed                 |
4281  |Info:    ------------------------------------------------------
