    OpenRGB v0.9+ (git1290)
    Commit: 45af044cd84032b9a9b5865cb5e12aa2cd98c47e from 2025-04-13 13:42:14 -0500
    Launched: 20250908_123029
====================================================================================================

0     |Info:    [ProfileManager] Found file: lol.orp attempting to validate header
1     |Info:    [ProfileManager] Valid v5 profile found for lol
1     |Info:    [ProfileManager] Found file: Verde.orp attempting to validate header
1     |Info:    [ProfileManager] Valid v5 profile found for Verde
1     |Info:    [ProfileManager] Found file: blanco.orp attempting to validate header
2     |Info:    [ProfileManager] Valid v5 profile found for blanco
2     |Info:    [ProfileManager] Found file: Rojo.orp attempting to validate header
3     |Info:    [ProfileManager] Valid v5 profile found for Rojo
3     |Info:    [ProfileManager] Found file: rosa.orp attempting to validate header
3     |Info:    [ProfileManager] Valid v5 profile found for rosa
3     |Info:    [ProfileManager] Found file: Turquesa\.orp attempting to validate header
4     |Info:    [ProfileManager] Valid v5 profile found for Turquesa\
4     |Info:    [ProfileManager] Found file: free.orp attempting to validate header
5     |Info:    [ProfileManager] Valid v5 profile found for free
75    |Info:    [ResourceManager] Initializing HID interfaces: Success
75    |Info:    ------------------------------------------------------
75    |Info:    |               Start device detection               |
75    |Info:    ------------------------------------------------------
81    |Info:    ------------------------------------------------------
81    |Info:    |             Detecting I2C interfaces               |
81    |Info:    ------------------------------------------------------
81    |Info:    [ResourceManager] Registering I2C interface: /dev/i2c-3 Device 1002:747E Subsystem: 1DA2:F475
82    |Warning: [i2c_smbus_linux] Failed to read i2c device PCI device ID
82    |Info:    [ResourceManager] Registering I2C interface: /dev/i2c-10 Device 0000:0000 Subsystem: 0000:0000
82    |Info:    [ResourceManager] Registering I2C interface: /dev/i2c-1 Device 1022:790B Subsystem: 1462:7E26
82    |Warning: [i2c_smbus_linux] Failed to read i2c device PCI device ID
82    |Info:    [ResourceManager] Registering I2C interface: /dev/i2c-17 Device 0000:0000 Subsystem: 0000:0000
82    |Info:    [ResourceManager] Registering I2C interface: /dev/i2c-8 Device 1002:747E Subsystem: 1DA2:F475
82    |Info:    [ResourceManager] Registering I2C interface: /dev/i2c-15 Device 1002:164E Subsystem: 1462:7E26
82    |Info:    [ResourceManager] Registering I2C interface: /dev/i2c-6 Device 1002:747E Subsystem: 1DA2:F475
82    |Info:    [ResourceManager] Registering I2C interface: /dev/i2c-13 Device 1002:164E Subsystem: 1462:7E26
82    |Info:    [ResourceManager] Registering I2C interface: /dev/i2c-4 Device 1002:747E Subsystem: 1DA2:F475
82    |Warning: [i2c_smbus_linux] Failed to read i2c device PCI device ID
82    |Info:    [ResourceManager] Registering I2C interface: /dev/i2c-11 Device 0000:0000 Subsystem: 0000:0000
82    |Info:    [ResourceManager] Registering I2C interface: /dev/i2c-2 Device 1022:790B Subsystem: 1462:7E26
82    |Info:    [ResourceManager] Registering I2C interface: /dev/i2c-0 Device 1022:790B Subsystem: 1462:7E26
82    |Warning: [i2c_smbus_linux] Failed to read i2c device PCI device ID
82    |Info:    [ResourceManager] Registering I2C interface: /dev/i2c-18 Device 0000:0000 Subsystem: 0000:0000
82    |Info:    [ResourceManager] Registering I2C interface: /dev/i2c-9 Device 1002:747E Subsystem: 1DA2:F475
82    |Warning: [i2c_smbus_linux] Failed to read i2c device PCI device ID
82    |Info:    [ResourceManager] Registering I2C interface: /dev/i2c-16 Device 0000:0000 Subsystem: 0000:0000
83    |Info:    [ResourceManager] Registering I2C interface: /dev/i2c-7 Device 1002:747E Subsystem: 1DA2:F475
83    |Info:    [ResourceManager] Registering I2C interface: /dev/i2c-14 Device 1002:164E Subsystem: 1462:7E26
83    |Info:    [ResourceManager] Registering I2C interface: /dev/i2c-5 Device 1002:747E Subsystem: 1DA2:F475
83    |Info:    [ResourceManager] Registering I2C interface: /dev/i2c-12 Device 1002:164E Subsystem: 1462:7E26
83    |Info:    ------------------------------------------------------
83    |Info:    |               Detecting I2C devices                |
83    |Info:    ------------------------------------------------------
447   |Info:    [ENE DRAM] Registering RGB controller
714   |Info:    [ENE DRAM] Registering RGB controller
1912  |Info:    ------------------------------------------------------
1912  |Info:    |            Detecting I2C DIMM modules              |
1912  |Info:    ------------------------------------------------------
2938  |Info:    [ResourceManager] Detected occupied slot 2, bus 2, type DDR5
3965  |Info:    [ResourceManager] Detected occupied slot 4, bus 2, type DDR5
3990  |Info:    [ResourceManager] Detected occupied slot 2, bus 10, type DDR5
3994  |Info:    [ResourceManager] Detected occupied slot 4, bus 10, type DDR5
4018  |Info:    [ResourceManager] Detected occupied slot 2, bus 11, type DDR5
4023  |Info:    [ResourceManager] Detected occupied slot 4, bus 11, type DDR5
4041  |Info:    ------------------------------------------------------
4041  |Info:    |               Detecting I2C PCI devices            |
4041  |Info:    ------------------------------------------------------
4079  |Info:    [Sapphire Radeon RX 7700 XT Nitro+] Registering RGB controller
4091  |Info:    ------------------------------------------------------
4091  |Info:    |               Detecting HID devices                |
4091  |Info:    ------------------------------------------------------
4161  |Info:    [MSI B650 GAMING PLUS WIFI (MS-7E26)] Registering RGB controller
4163  |Info:    ------------------------------------------------------
4163  |Info:    |            Detecting libusb HID devices            |
4163  |Info:    ------------------------------------------------------
4172  |Info:    ------------------------------------------------------
4172  |Info:    |              Detecting other devices               |
4172  |Info:    ------------------------------------------------------
4238  |Info:    [ResourceManager] Calling Post-detection callbacks
4238  |Info:    ------------------------------------------------------
4238  |Info:    |                Detection completed                 |
4238  |Info:    ------------------------------------------------------
