2025-07-09T15:49:29 exception: Failed to open "/home/vmdjavem/.config/mpd/mpdstate": No such file or directory
2025-07-09T15:49:29 update: added /Charli xcx - Everything is romantic.mp3
2025-07-09T15:49:29 update: added /菊池ひみこ - GYPSY SONG - from Carmen.mp3
2025-07-09T15:49:29 update: added /Vertigoaway, Schizoscriptures - Break This The Breaking Point 2.mp3
2025-07-09T15:49:29 update: added /Riot Propaganda - El Miedo Va a Cambiar de Bando.mp3
2025-07-09T15:49:29 update: added /JPEGMAFIA - it's dark and hell is hot.mp3
2025-07-09T15:49:29 update: added /Aphex Twin - 4.mp3
2025-07-09T15:49:29 update: added /A Tribe Called Quest, Trugoy The Dove - Award Tour (feat. Trugoy The Dove).mp3
2025-07-09T15:49:29 update: added /Boards of Canada - Telephasic Workshop.mp3
2025-07-09T15:49:29 update: added /Limp Bizkit - My Generation.mp3
2025-07-09T15:49:29 update: added /DANGERDOOM, MF DOOM, Danger Mouse, CeeLo Green - Benzi Box.mp3
2025-07-09T15:49:29 update: added /Venetian Snares - Ultraviolent Junglist.mp3
2025-07-09T15:49:29 update: added /Canserbero - De Mi Muerte.mp3
2025-07-09T15:49:29 update: added /ooxygen - Soul.mp3
2025-07-09T15:49:29 update: added /Movimiento Original - Grandes Pasos.mp3
2025-07-09T15:49:29 update: added /Frank Ocean - Chanel.mp3
2025-07-09T15:49:29 update: added /Doechii - WAIT.mp3
2025-07-09T15:49:29 update: added /Doechii - Stressed - A COLORS SHOW.mp3
2025-07-09T15:49:29 update: added /Penyair, Gabylonia, La Loquera - No Somos Iguales.mp3
2025-07-09T15:49:29 update: added /Portavoz - Al Pueblo Le Asusta La Revolución.mp3
2025-07-09T15:49:29 update: added /MF DOOM - Change the Beat.mp3
2025-07-09T15:49:29 update: added /MF DOOM - Gas Drawls.mp3
2025-07-09T15:49:29 update: added /Hareton Salvanini - Quarto de Hotel.mp3
2025-07-09T15:49:29 update: added /Bolden. - Dawn in LA..mp3
2025-07-09T15:49:29 update: added /Rxnde Akozta, Rodesens - 'COSAS DEL QUERER'.mp3
2025-07-09T15:49:29 update: added /Doechii - BOILED PEANUTS.mp3
2025-07-09T15:49:29 update: added /Molotov - Más Vale Cholo.mp3
2025-07-09T15:49:29 update: added /Shaggy, Brian & Tony Gold, Sean Paul, Will Smith - Hey Sexy Lady.mp3
2025-07-09T15:49:29 update: added /Oblivion's Mighty Trash - Wacky.mp3
2025-07-09T15:49:29 update: added /Oblivion's Mighty Trash - No Me Acuerdo.mp3
2025-07-09T15:49:29 update: added /Tsuneo Imahori - PHILOSOPHY in a Tea Cup.mp3
2025-07-09T15:49:29 update: added /Doechii - DEATH ROLL.mp3
2025-07-09T15:49:29 update: added /Beastie Boys - Fight For Your Right.mp3
2025-07-09T15:49:29 update: added /A Tribe Called Quest, Busta Rhymes, Dinco D, Charlie Brown - Scenario (feat. Busta Rhymes, Dinco D & Charlie Brown) - LP Mix.mp3
2025-07-09T15:49:29 update: added /Canserbero, NicoJP - Buenas Noches - Instrumental.mp3
2025-07-09T15:49:29 update: added /JPEGMAFIA - I'll Be Right There.mp3
2025-07-09T15:49:29 update: added /Charli xcx - 360.mp3
2025-07-09T15:49:29 update: added /Kordhell, Anar - JUNBI.mp3
2025-07-09T15:49:29 update: added /Venetian Snares - Dollmaker.mp3
2025-07-09T15:49:29 update: added /Cidtronyck, Portavoz - Nuevo Comienzo.mp3
2025-07-09T15:49:29 update: added /Igorrr - Scarlatti 2.0.mp3
2025-07-09T15:49:29 update: added /El Cuarteto De Nos - Ya No Sé Que Hacer Conmigo.mp3
2025-07-09T15:49:29 update: added /Aphex Twin - Xtal.mp3
2025-07-09T15:49:29 update: added /Portavoz, Cidtronyck - Desde.mp3
2025-07-09T15:49:29 update: added /Nujabes - aruarian dance.mp3
2025-07-09T15:49:29 update: added /j1gggs - the cat from ipanema.mp3
2025-07-09T15:49:29 update: added /Alcolirykoz - Suero Casero.mp3
2025-07-09T15:49:29 update: added /菊池ひみこ - PRIMAVELA.mp3
2025-07-09T15:49:29 update: added /Rawayana, Apache - High (feat. Apache).mp3
2025-07-09T15:49:29 update: added /Los Chikos del Maiz - La Soledad del Corredor de Fondo.mp3
2025-07-09T15:49:29 update: added /Oblivion's Mighty Trash - Medallo Bullies.mp3
2025-07-09T15:49:29 update: added /Alcolirykoz - Aranjuez.mp3
2025-07-09T15:49:29 update: added /Kordhell, ZWE1HVNDXR - Fuku.mp3
2025-07-09T15:49:29 update: added /Kendrick Lamar - PRIDE..mp3
2025-07-09T15:49:29 update: added /Rxnde Akozta, Portavoz, DJ Cidtronyck - No Van Pal Baile.mp3
2025-07-09T15:49:29 update: added /Penyair, Alka Produce, Realidad Mental, Eddy Mugre - Ya Verás.mp3
2025-07-09T15:49:29 update: added /Lil Supa - Culto.mp3
2025-07-09T15:49:29 update: added /MF DOOM, DJ Cucumber Slice - Rhymes Like Dimes.mp3
2025-07-09T15:49:29 update: added /psychoangel - neurodivergence.mp3
2025-07-09T15:49:29 update: added /JPEGMAFIA, Danny Brown - Burfict!.mp3
2025-07-09T15:49:29 update: added /Madvillain, Madlib, MF DOOM - All Caps.mp3
2025-07-09T15:49:29 update: added /Venetian Snares - This Bitter Earth.mp3
2025-07-09T15:49:29 update: added /Boards of Canada - Roygbiv.mp3
2025-07-09T15:49:29 update: added /Ska-P - La Sesera No Va.mp3
2025-07-09T15:49:29 update: added /Los Chikos del Maiz, Habeas Corpus - La Estanquera de Saigón.mp3
2025-07-09T15:49:29 update: added /Frank Sinatra - My Way Of Life.mp3
2025-07-09T15:49:29 update: added /Joey Valence & Brae - Underground Sound.mp3
2025-07-09T15:49:29 update: added /Roland Jones, Mari - GRINDIN.mp3
2025-07-09T15:49:29 update: added /JPEGMAFIA - loop it and leave it.mp3
2025-07-09T15:49:29 update: added /Ska-P - Ñapaes.mp3
2025-07-09T15:49:29 update: added /Charli xcx - Mean girls.mp3
2025-07-09T15:49:29 update: added /hkmori - anybody can find love (except you.).mp3
2025-07-09T15:49:29 update: added /A Tribe Called Quest - The Hop.mp3
2025-07-09T15:49:29 update: added /Proof, Trafikante de Almas - Rap de culto.mp3
2025-07-09T15:49:29 update: added /Caparezza - Jodellavitanonhocapitouncazzo.mp3
2025-07-09T15:49:29 update: added /MF DOOM, Raekwon - YESSIR!.mp3
2025-07-09T15:49:29 update: added /Ska-P - El Gato Lopez.mp3
2025-07-09T15:49:29 update: added /6ix, Joey Valence & Brae, FELIX!, Buddy, KYLE, Blu - Raw.mp3
2025-07-09T15:49:29 update: added /Beastie Boys - Right Right Now Now.mp3
2025-07-09T15:49:29 update: added /JPEGMAFIA - 1539 N. Calvert.mp3
2025-07-09T15:49:29 update: added /Tfwamirite - だきしめたい.mp3
2025-07-09T15:49:29 update: added /Joey Valence & Brae - GUMDROP.mp3
2025-07-09T15:49:29 update: added /Los Chikos del Maiz, Shotta - No Gods, No Masters, No Hipsters.mp3
2025-07-09T15:49:29 update: added /Joey Valence & Brae - HOOLIGANG.mp3
2025-07-09T15:49:29 update: added /Sadfriendd, Towa - Pumpfake.mp3
2025-07-09T15:49:29 update: added /usedcvnt, Eden FM - pls tell me what is ur dream.mp3
2025-07-09T15:49:29 update: added /Venetian Snares - Hand Throw.mp3
2025-07-09T15:49:29 update: added /Hachazo - Ocho horas.mp3
2025-07-09T15:49:29 update: added /Molotov - Noko.mp3
2025-07-09T15:49:29 update: added /Ska-P - Welcome to Hell.mp3
2025-07-09T15:49:29 update: added /Ska-P - Jaque al Rey.mp3
2025-07-09T15:49:29 update: added /Doechii - DENIAL IS A RIVER.mp3
2025-07-09T15:49:29 update: added /Vengaboys - Boom, Boom, Boom, Boom!!.mp3
2025-07-09T15:49:29 update: added /Canserbero, Apache - La del Estribillo.mp3
2025-07-09T15:49:29 update: added /Norman Sann - Dance at a Funeral.mp3
2025-07-09T15:49:29 update: added /Los Chikos del Maiz - No Pasarán.mp3
2025-07-09T15:49:29 update: added /PinkPantheress - Break It Off - Bonus.mp3
2025-07-09T15:49:29 update: added /Joey Valence & Brae - LIKE A PUNK.mp3
2025-07-09T15:49:29 update: added /System Of A Down - Protect The Land.mp3
2025-07-09T15:49:29 update: added /Riot Propaganda - Agenda Oculta.mp3
2025-07-09T15:49:29 update: added /Joey Valence & Brae - Like What.mp3
2025-07-09T15:49:29 update: added /Nujabes, Shing02 - battlecry.mp3
2025-07-09T15:49:29 update: added /Igorrr - Very Long Chicken.mp3
2025-07-09T15:49:29 update: added /Portavoz - El Mejor.mp3
2025-07-09T15:49:29 update: added /Los Chikos del Maiz - Los Invisibles.mp3
2025-07-09T15:49:29 update: added /Canserbero - Advertencia.mp3
2025-07-09T15:49:29 update: added /Alcolirykoz - Sancocho en Leña.mp3
2025-07-09T15:49:29 update: added /Limp Bizkit, Method Man - N 2 Gether Now.mp3
2025-07-09T15:49:29 update: added /A Tribe Called Quest - Find a Way.mp3
2025-07-09T15:49:29 update: added /A Tribe Called Quest - Electric Relaxation.mp3
2025-07-09T15:49:29 update: added /Cortex - Devil's Dance.mp3
2025-07-09T15:49:29 update: added /femtanyl - GIRL HELL 1999.mp3
2025-07-09T15:49:29 update: added /Los Prisioneros - Latinoamérica Es un Pueblo al Sur de Estados Unidos.mp3
2025-07-09T15:49:29 update: added /A Tribe Called Quest - Like It Like That.mp3
2025-07-09T15:49:29 update: added /Beastie Boys - Flute Loop.mp3
2025-07-09T15:49:29 update: added /João Gilberto - Pra Que Discutir Com Madame.mp3
2025-07-09T15:49:29 update: added /Eddy Mugre - One two.mp3
2025-07-09T15:49:29 update: added /Alcolirykoz, Bajo Tierra - TNT.mp3
2025-07-09T15:49:29 update: added /2Pac - No More Pain.mp3
2025-07-09T15:49:29 update: added /Galaxy 2 Galaxy - Jupiter Jazz.mp3
2025-07-09T15:49:29 update: added /Canserbero - Canbiate.mp3
2025-07-09T15:49:29 update: added /Alcolirykoz, Sho-Hai - El Rey del Despecho.mp3
2025-07-09T15:49:29 update: added /Joey Valence & Brae - WHERE U FROM.mp3
2025-07-09T15:49:29 update: added /Eddie Palmieri - Vámonos Pa'l Monte.mp3
2025-07-09T15:49:29 update: added /Eddy Mugre - Esas tentaciones.mp3
2025-07-09T15:49:29 update: added /A Tribe Called Quest - Steve Biko (Stir It Up).mp3
2025-07-09T15:49:29 update: added /A Tribe Called Quest - Keeping It Moving.mp3
2025-07-09T15:49:29 update: added /The Davitts - Come Out Ye Black and Tans.mp3
2025-07-09T15:49:29 update: added /Alcolirykoz - Fruko y Sus Presos (2.018).mp3
2025-07-09T15:49:29 update: added /PinkPantheress - Tonight.mp3
2025-07-09T15:49:29 update: added /Laurindo Almeida - The Lamp Is Low.mp3
2025-07-09T15:49:29 update: added /Venetian Snares - twelve.mp3
2025-07-09T15:49:29 update: added /SERAPHINE NOIR, Nona Shipov - All Caps.mp3
2025-07-09T15:49:29 update: added /King Geedorah, Mr Fantastik - Anti-Matter.mp3
2025-07-09T15:49:29 update: added /Ilkae - Cappuccino Summit.mp3
2025-07-09T15:49:29 update: added /Boards of Canada - The Color Of The Fire.mp3
2025-07-09T15:49:29 update: added /PinkPantheress - Pain.mp3
2025-07-09T15:49:29 update: added /Akapellah - La Vida Es un Freestyle.mp3
2025-07-09T15:49:29 update: added /Nujabes, Cise Starr - Lady Brown (feat. Cise Starr from CYNE).mp3
2025-07-09T15:49:29 update: added /Alcolirykoz, Estee Nack - Reflujo.mp3
2025-07-09T15:49:29 update: added /ZSK - Antifascista.mp3
2025-07-09T15:49:29 update: added /King Geedorah - Fazers.mp3
2025-07-09T15:49:29 update: added /Aerophon, Alcolirykoz - La Esquina del Mariachi.mp3
2025-07-09T15:49:29 update: added /Joey Valence & Brae - Ready Set.mp3
2025-07-09T15:49:29 update: added /rusowsky - no t dejas ver.mp3
2025-07-09T15:49:29 update: added /JPEGMAFIA, Danny Brown - God Loves You.mp3
2025-07-09T15:49:29 update: added /Charli xcx - Rewind.mp3
2025-07-09T15:49:29 update: added /Shaggy - Boombastic.mp3
2025-07-09T15:49:29 update: added /Cultura Profética - Saca, Prende y Sorprende.mp3
2025-07-09T15:49:29 update: added /Chihiro Yamanaka - 乙女の祈り.mp3
2025-07-09T15:49:29 update: added /Elis Regina, Antônio Carlos Jobim - Brigas Nunca Mais.mp3
2025-07-09T15:49:29 update: added /Machinedrum - Jewlea.mp3
2025-07-09T15:49:29 update: added /Venetian Snares - Chinaski.mp3
2025-07-09T15:49:29 update: added /Wu-Tang Clan, RZA, MF DOOM - Biochemical Equation.mp3
2025-07-09T15:49:29 update: added /Oblivion's Mighty Trash - Bastian Laurent.mp3
2025-07-09T15:49:29 update: added /Alcolirykoz - No Está en Venta.mp3
2025-07-09T15:49:29 update: added /Venetian Snares - Gentleman.mp3
2025-07-09T15:49:29 update: added /JPEGMAFIA - i scream this in the mirror before i interact with anyone.mp3
2025-07-09T15:49:29 update: added /Ska-P - Romero el Madero.mp3
2025-07-09T15:49:29 update: added /A Tribe Called Quest - Jazz (We've Got).mp3
2025-07-09T15:49:29 update: added /Machine Girl - Krystle - URL Cyber Palace Mix.mp3
2025-07-09T15:49:29 update: added /Purple Posse, BACKWHEN, 6-6-6 - Cookies.mp3
2025-07-09T15:49:29 update: added /Joey Valence & Brae, Z-Trip - NO HANDS (feat. Z-Trip).mp3
2025-07-09T15:49:29 update: added /Ahmed Malek - Maya.mp3
2025-07-09T15:49:29 update: added /Canserbero, NicoJP - No no - Instrumental.mp3
2025-07-09T15:49:29 update: added /Alcolirykoz, Armando Hernandez - El Remate.mp3
2025-07-09T15:49:29 update: added /berlioz, Ted Jasper - nyc in 1940.mp3
2025-07-09T15:49:29 update: added /MF DOOM, J Dilla - GAZZILLION EAR.mp3
2025-07-09T15:49:29 update: added /Los Chikos del Maiz - El derecho a la pereza.mp3
2025-07-09T15:49:29 update: added /PinkPantheress - The aisle.mp3
2025-07-09T15:49:29 update: added /Oblivion's Mighty Trash - Ya Mismo.mp3
2025-07-09T15:49:29 update: added /Boards of Canada - An Eagle In Your Mind.mp3
2025-07-09T15:49:29 update: added /菊池ひみこ - Ducky Ducky.mp3
2025-07-09T15:49:29 update: added /Molotov - No Manches Mi Vida.mp3
2025-07-09T15:49:29 update: added /Molotov - Voto Latino.mp3
2025-07-09T15:49:29 update: added /Boards of Canada - Music Is Math.mp3
2025-07-09T15:49:29 update: added /Shaggy, Rik Rok - It Wasn't Me.mp3
2025-07-09T15:49:29 update: added /Vegyn, JPEGMAFIA - Nauseous  Devilish.mp3
2025-07-09T15:49:29 update: added /Rage Against The Machine - Wake Up.mp3
2025-07-09T15:49:29 update: added /Aphex Twin - Flim.mp3
2025-07-09T15:49:29 update: added /Alcolirykoz - Tararea.mp3
2025-07-09T15:49:29 update: added /Rage Against The Machine - Bulls On Parade.mp3
2025-07-09T15:49:29 update: added /Joey Valence & Brae, Terror Reid - DOUGHBOY (feat. Terror Reid).mp3
2025-07-09T15:49:29 update: added /JPEGMAFIA - BALD!.mp3
2025-07-09T15:49:29 update: added /Sleepy Hallow, Doechii - ANXIETY (feat. Doechii).mp3
2025-07-09T15:49:29 update: added /Aphex Twin - Fingerbib.mp3
2025-07-09T15:49:29 update: added /JPEGMAFIA, Danny Brown - Lean Beef Patty.mp3
2025-07-09T15:49:29 update: added /Shaggy, Collie Buddz, Sizzla - Mad Mad World (feat. Sizzla Kalonji & Collie Buddz).mp3
2025-07-09T15:49:29 update: added /Los Prisioneros - Maldito Sudaca.mp3
2025-07-09T15:49:29 update: added /A Tribe Called Quest - 8 Million Stories.mp3
2025-07-09T15:49:29 update: added /Canserbero, Apache - Uno por Ellas.mp3
2025-07-09T15:49:29 update: added /Ska-P - Ni Fu Ni Fa.mp3
2025-07-09T15:49:29 update: added /Alcolirykoz - Baño de Ruda.mp3
2025-07-09T15:49:29 update: added /System Of A Down - B.Y.O.B..mp3
2025-07-09T15:49:29 update: added /femtanyl - PUSH UR T3MPRR.mp3
2025-07-09T15:49:29 update: added /Igorrr - Fryzura Konika.mp3
2025-07-09T15:49:29 update: added /Portavoz, Matiah Chinaski, Dj Perez - Por Si Las Moscas (En Otra Versión).mp3
2025-07-09T15:49:29 update: added /Control Machete - Andamos Armados.mp3
2025-07-09T15:49:29 update: added /Rage Against The Machine - Bombtrack.mp3
2025-07-09T15:49:29 update: added /A Tribe Called Quest, Busta Rhymes - Oh My God (feat. Busta Rhymes).mp3
2025-07-09T15:49:29 update: added /マドロスMERCURY - 3DS Internet Settings.mp3
2025-07-09T15:49:29 update: added /Anna German - Катюша.mp3
2025-07-09T15:49:29 update: added /wiv - bad days are coming.mp3
2025-07-09T15:49:29 update: added /Oblivion's Mighty Trash - Eso Está Muy Jazzudo.mp3
2025-07-09T15:49:29 update: added /JPEGMAFIA - HAZARD DUTY PAY!.mp3
2025-07-09T15:49:29 update: added /Portavoz - Dando Cara.mp3
2025-07-09T15:49:29 update: added /Hanumankind, Kalmi - Big Dawgs.mp3
2025-07-09T15:49:29 update: added /Alcolirykoz - Normal.mp3
2025-07-09T15:49:29 update: added /Alcolirykoz - Aguanilé.mp3
2025-07-09T15:49:29 update: added /Penyair, dj spizike - Un Pelito y Un Tamal.mp3
2025-07-09T15:49:29 update: added /A Tribe Called Quest - Youthful Expression.mp3
2025-07-09T15:49:29 update: added /cutkolaska - Empty Promise.mp3
2025-07-09T15:49:29 update: added /A Tribe Called Quest - Can I Kick It.mp3
2025-07-09T15:49:29 update: added /Gorillaz - On Melancholy Hill.mp3
2025-07-09T15:49:29 update: added /Science Of Sound, A Tribe Called Quest - Rhymery.mp3
2025-07-09T15:49:29 update: added /Sons of Aguirre, Scila - Vete a Cuba.mp3
2025-07-09T15:49:29 update: added /Oblivion's Mighty Trash - No me soya la playa.mp3
2025-07-09T15:49:29 update: added /Nehruviandoom, MF DOOM - Caskets.mp3
2025-07-09T15:49:29 update: added /MF DOOM, Mr. Fantastik - Rapp Snitch Knishes.mp3
2025-07-09T15:49:29 update: added /Björk - Hidden Place.mp3
2025-07-09T15:49:29 update: added /Ska-P - Paramilitar.mp3
2025-07-09T15:49:29 update: added /Venetian Snares - Szerencsétlen.mp3
2025-07-09T15:49:29 update: added /Venetian Snares - Öngyilkos Vasárnap.mp3
2025-07-09T15:49:29 update: added /Digable Planets - It's Good To Be Here.mp3
2025-07-09T15:49:29 update: added /JPEGMAFIA, Danny Brown - SCARING THE HOES.mp3
2025-07-09T15:49:29 update: added /Charli xcx - Club classics.mp3
2025-07-09T15:49:29 update: added /Selene, Tatiana Gomez Rap, Eddy Mugre, Arion - ¿Algo Que Decir.mp3
2025-07-09T15:49:29 update: added /Kendrick Lamar, Lefty Gunplay - tv off (feat. lefty gunplay).mp3
2025-07-09T15:49:29 update: added /Apache - Pasame la Yesca.mp3
2025-07-09T15:49:29 update: added /Bolden., Mauricesax - I'm here..mp3
2025-07-09T15:49:29 update: added /Control Machete - Así Son Mis Días.mp3
2025-07-09T15:49:29 update: added /Charli xcx - Von dutch.mp3
2025-07-09T15:49:29 update: added /Venetian Snares - Abomination Street.mp3
2025-07-09T15:49:29 update: added /Sergio Mendes & Brasil '66 - Mas Que Nada.mp3
2025-07-09T15:49:29 update: added /PinkPantheress - True romance.mp3
2025-07-09T15:49:29 update: added /Canserbero, Solo Soul, McKlopedia, IceOD, Primobeatz - El mundito del rap.mp3
2025-07-09T15:49:29 update: added /2Pac, Roger, Dr. Dre - California Love - Original Version.mp3
2025-07-09T15:49:29 update: added /Los Prisioneros - Por Qué No Se Van.mp3
2025-07-09T15:49:29 update: added /Lelio Luttazzi - Estate.mp3
2025-07-09T15:49:29 update: added /Aphex Twin - produk 29 [101].mp3
2025-07-09T15:49:29 update: added /Ska-P - El Vals del Obrero.mp3
2025-07-09T15:49:29 update: added /Ska-P - Mis Colegas.mp3
2025-07-09T15:49:29 update: added /Joey Valence & Brae - PUNK TACTICS.mp3
2025-07-09T15:49:29 update: added /Oblivion's Mighty Trash, Saygi - BluessyShit.mp3
2025-07-09T15:49:29 update: added /Canserbero, NicoJP - Outro Chavo - Instrumental.mp3
2025-07-09T15:49:29 update: added /Doechii - Nosebleeds.mp3
2025-07-09T15:49:29 update: added /Apache - Rompiendo el Hielo.mp3
2025-07-09T15:49:29 update: added /Jazz Liberatorz - Loop Prisoner.mp3
2025-07-09T15:49:29 update: added /MF DOOM - Vomitspit.mp3
2025-07-09T15:49:29 update: added /Canserbero, NicoJP - RA Words - Instrumental.mp3
2025-07-09T15:49:29 update: added /Alcolirykoz, ToteKing - El Tour de Sing Sing.mp3
2025-07-09T15:49:29 update: added /Garoto - Um Rosto de Mulher.mp3
2025-07-09T15:49:29 update: added /Eddy Mugre - Kid roy (red allen).mp3
2025-07-09T15:49:29 update: added /Proof - Tratos Con el Diablo.mp3
2025-07-09T15:49:29 update: added /Negroni's Trio, Pedro Capó - El Incomprendido (feat. Pedro Capó).mp3
2025-07-09T15:49:29 update: added /Los Chikos del Maiz, La Maravillosa Orquesta del Alcohol - Esta Ciudad Es de Mentira.mp3
2025-07-09T15:49:29 update: added /System Of A Down - Toxicity.mp3
2025-07-09T15:49:29 update: added /Macabre Plaza - Abandoned Plaza.mp3
2025-07-09T15:49:29 update: added /Alcolirykoz - Todo Lo Bueno Tarda.mp3
2025-07-09T15:49:29 update: added /Los Chikos del Maiz, Evaristo Paramos - Putas y Maricones.mp3
2025-07-09T15:49:29 update: added /A Tribe Called Quest - Bonita Applebum.mp3
2025-07-09T15:49:29 update: added /Ali Primera - Techos de Cartón.mp3
2025-07-09T15:49:29 update: added /Towa - Move MF.mp3
2025-07-09T15:49:29 update: added /JPEGMAFIA - SIN MIEDO.mp3
2025-07-09T15:49:29 update: added /Rxnde Akozta, Marrom Fernandez - Juicio  Canserbero.mp3
2025-07-09T15:49:29 update: added /A Tribe Called Quest - Buggin' Out.mp3
2025-07-09T15:49:29 update: added /菊池ひみこ - Look Your Back!.mp3
2025-07-09T15:49:29 update: added /Molotov - Gimme Tha Power.mp3
2025-07-09T15:49:29 update: added /A Tribe Called Quest - Check the Rhime.mp3
2025-07-09T15:49:29 update: added /Joey Valence & Brae - DANCE NOW.mp3
2025-07-09T15:49:29 update: added /Los Chikos del Maiz - Luces de Neón.mp3
2025-07-09T15:49:29 update: added /JJ DOOM, MF DOOM, Jneiro Jarel - Bookhead.mp3
2025-07-09T15:49:29 update: added /wix9s1xe, SUICIDE KIDDO, Towa - MEXICO HURRICANE.mp3
2025-07-09T15:49:29 update: added /JPEGMAFIA, Danny Brown, redveil - Kingdom Hearts Key (ft. redveil).mp3
2025-07-09T15:49:29 update: added /Oblivion's Mighty Trash - Bello.mp3
2025-07-09T15:49:29 update: added /Oblivion's Mighty Trash - LoveIsInTheAir.mp3
2025-07-09T15:49:29 update: added /Shaggy, Rayvon - Angel.mp3
2025-07-09T15:49:29 update: added /Joey Valence & Brae - OMNITRIX.mp3
2025-07-09T15:49:29 update: added /Sons of Aguirre, Scila, Dj Plan B, Guaja D - Privilegiados.mp3
2025-07-09T15:49:29 update: added /Alcolirykoz, Jeronimo - Medellificación.mp3
2025-07-09T15:49:29 update: added /Sons of Aguirre, Scila - Carta al Sr.Fiscal.mp3
2025-07-09T15:49:29 update: added /Señor Marrano, Eddy Mugre - Sistema - Remix.mp3
2025-07-09T15:49:29 update: added /All That Jazz - 空から降ってきた少女.mp3
2025-07-09T15:49:29 update: added /João Gilberto - Meditação.mp3
2025-07-09T15:49:29 update: added /Igorrr - Melting Nails.mp3
2025-07-09T15:49:29 update: added /Canserbero - Despierta.mp3
2025-07-09T15:49:29 update: added /Menahan Street Band - Queens Highway.mp3
2025-07-09T15:49:29 update: added /Prefuse 73 - Point To B.mp3
2025-07-09T15:49:29 update: added /Ska-P - Cannabis.mp3
2025-07-09T15:49:29 update: added /PinkPantheress - I Must Apologise.mp3
2025-07-09T15:49:29 update: added /Proof - Rap da Rap quita.mp3
2025-07-09T15:49:29 update: added /Dean Martin - Everybody Loves Somebody.mp3
2025-07-09T15:49:29 update: added /Violadores Del Verso - Vicios y Virtudes.mp3
2025-07-09T15:49:29 update: added /A Tribe Called Quest - What.mp3
2025-07-09T15:49:29 update: added /Eddy Mugre - 3 Espinas.mp3
2025-07-09T15:49:29 update: added /JUNTMANE, BIG PROBLEM MAC - O' LORD.mp3
2025-07-09T15:49:29 update: added /Portavoz, Zonyko, Cidtronyck - Rebelarte.mp3
2025-07-09T15:49:29 update: added /Canserbero - Quién Eres.mp3
2025-07-09T15:49:29 update: added /Lil Supa, Doktor Rheal - CLOACA.mp3
2025-07-09T15:49:29 update: added /Charli xcx - Talk talk.mp3
2025-07-09T15:49:29 update: added /Shoebill - shitcorebabes.mp3
2025-07-09T15:49:29 update: added /Charli xcx - B2b.mp3
2025-07-09T15:49:29 update: added /Woodcamp - Eatin' Good.mp3
2025-07-09T15:49:29 update: added /Doechii - SKIPP.mp3
2025-07-09T15:49:29 update: added /MF DOOM, Pebbles The Invisible Girl - Doomsday.mp3
2025-07-09T15:49:29 update: added /Granuja - De Pe a Pa.mp3
2025-07-09T15:49:29 update: added /Joey Valence & Brae, Danny Brown - PACKAPUNCH (feat. Danny Brown).mp3
2025-07-09T15:49:29 update: added /Alcolirykoz, N. Hardem, L'Xuasma - Discos Fuentes.mp3
2025-07-09T15:49:29 update: added /CUPIDS OPPRESSION - LIFE IMITATES ART.mp3
2025-07-09T15:49:29 update: added /Boards of Canada - Sixtyten.mp3
2025-07-09T15:49:29 update: added /DANGERDOOM, MF DOOM, Danger Mouse - Crosshairs.mp3
2025-07-09T15:49:29 update: added /Oblivion's Mighty Trash - Chaíto.mp3
2025-07-09T15:49:29 update: added /Los Chikos del Maiz, Zoo - Vacaciones en Suiza.mp3
2025-07-09T15:49:29 update: added /ilysam, Mc Ster - sweet rally.mp3
2025-07-09T15:49:29 update: added /MF DOOM - THAT'S THAT.mp3
2025-07-09T15:49:29 update: added /Shaggy - That's Life.mp3
2025-07-09T15:49:29 update: added /Mime 871, Taxi Dee - En La Identidad.mp3
2025-07-09T15:49:29 update: added /JPEGMAFIA - What the hip hop hell is this .mp3
2025-07-09T15:49:29 update: added /Los Chikos del Maiz - Revisionismo o Barbarie.mp3
2025-07-09T15:49:29 update: added /Stan Getz - The Girl From Ipanema.mp3
2025-07-09T15:49:29 update: added /Chucho Valdés, Royal Quartet - Tatomania.mp3
2025-07-09T15:49:29 update: added /Shaggy, Rayvon - In The Summertime.mp3
2025-07-09T15:49:29 update: added /Riot Propaganda - Plata o Plomo.mp3
2025-07-09T15:49:29 update: added /Alcolirykoz - La Típica (2.018).mp3
2025-07-09T15:49:29 update: added /Kendrick Lamar, SZA - luther (with sza).mp3
2025-07-09T15:49:29 update: added /Alcolirykoz - Baldor.mp3
2025-07-09T15:49:29 update: added /Sr Pablo, Eddy Mugre - Hattori Hanzo.mp3
2025-07-09T15:49:29 update: added /Oblivion's Mighty Trash - Piqui Blainder.mp3
2025-07-09T15:49:29 update: added /femtanyl - KATAMARI.mp3
2025-07-09T15:49:29 update: added /ZWE1HVNDXR, yatashigang - LOVELY BASTARDS.mp3
2025-07-09T15:49:29 update: added /Sabaton - To Hell and Back.mp3
2025-07-09T15:49:29 update: added /Joey Valence & Brae - BUSSIT.mp3
2025-07-09T15:49:29 update: added /Venetian Snares - Hajnal.mp3
2025-07-09T15:49:29 update: added /2 Low Key, Lil Chucky - On That Devil Shit.mp3
2025-07-09T15:49:29 update: added /JPEGMAFIA, Danny Brown - HOE (Heaven on Earth).mp3
2025-07-09T15:49:29 update: added /JPEGMAFIA, Denzel Curry - JPEGULTRA! (feat. Denzel Curry).mp3
2025-07-09T15:49:29 update: added /the wine is ok - gamay.mp3
2025-07-09T15:49:29 update: added /Ahmed Malek - Bossa.mp3
2025-07-09T15:49:29 update: added /Alcolirykoz, Junior Zamora - La Caza de Nariño.mp3
2025-07-09T15:49:29 update: added /Machine Girl - Ghost.mp3
2025-07-09T15:49:29 update: added /Charli xcx - 365.mp3
2025-07-09T15:49:29 update: added /Alcolirykoz - Round 40.mp3
2025-07-09T16:08:18 alsa_output: Decoder is too slow; playing silence to avoid xrun
2025-07-09T16:08:18 player: played "Vengaboys - Boom, Boom, Boom, Boom!!.mp3"
2025-07-09T16:42:24 alsa_output: Decoder is too slow; playing silence to avoid xrun
2025-07-09T16:42:24 player: played "Los Prisioneros - Por Qué No Se Van.mp3"
2025-07-11T18:49:34 player: played "Alcolirykoz - Aguanilé.mp3"
2025-07-11T18:51:15 player: played "JPEGMAFIA - i scream this in the mirror before i interact with anyone.mp3"
2025-07-11T18:51:22 player: played "Molotov - No Manches Mi Vida.mp3"
2025-07-11T18:53:14 alsa_output: Decoder is too slow; playing silence to avoid xrun
2025-07-11T18:53:15 player: played "JUNTMANE, BIG PROBLEM MAC - O' LORD.mp3"
2025-07-11T18:58:47 alsa_output: Decoder is too slow; playing silence to avoid xrun
2025-07-11T18:58:47 player: played "PinkPantheress - Pain.mp3"
2025-07-11T19:01:04 player: played "PinkPantheress - True romance.mp3"
2025-07-11T19:06:25 alsa_output: Decoder is too slow; playing silence to avoid xrun
2025-07-11T19:06:25 player: played "Boards of Canada - Music Is Math.mp3"
2025-07-11T19:36:20 alsa_output: Decoder is too slow; playing silence to avoid xrun
2025-07-11T19:36:20 player: played "Los Prisioneros - Por Qué No Se Van.mp3"
2025-07-11T19:46:36 alsa_output: Decoder is too slow; playing silence to avoid xrun
2025-07-11T19:46:36 player: played "Sadfriendd, Towa - Pumpfake.mp3"
2025-07-11T19:50:01 player: played "Shaggy - That's Life.mp3"
2025-07-11T19:52:41 player: played "Ska-P - El Gato Lopez.mp3"
2025-07-11T19:55:18 player: played "Sr Pablo, Eddy Mugre - Hattori Hanzo.mp3"
2025-07-11T19:57:32 alsa_output: Decoder is too slow; playing silence to avoid xrun
2025-07-11T19:57:32 player: played "Towa - Move MF.mp3"
2025-07-11T20:04:29 alsa_output: Decoder is too slow; playing silence to avoid xrun
2025-07-11T20:04:29 player: played "Venetian Snares - Abomination Street.mp3"
2025-07-11T20:07:48 alsa_output: Decoder is too slow; playing silence to avoid xrun
2025-07-11T20:07:48 player: played "Venetian Snares - twelve.mp3"
2025-07-11T20:10:54 player: played "Alcolirykoz - Suero Casero.mp3"
2025-07-12T21:21:47 player: played "CUPIDS OPPRESSION - LIFE IMITATES ART.mp3"
2025-07-12T21:25:52 alsa_output: Decoder is too slow; playing silence to avoid xrun
2025-07-12T21:25:52 player: played "Venetian Snares - twelve.mp3"
2025-07-12T21:31:06 alsa_output: Decoder is too slow; playing silence to avoid xrun
2025-07-12T21:31:06 player: played "Venetian Snares - Gentleman.mp3"
2025-07-12T21:56:35 player: played "Venetian Snares - This Bitter Earth.mp3"
2025-07-13T19:06:44 player: played "Venetian Snares - This Bitter Earth.mp3"
2025-07-14T17:33:07 player: played "Venetian Snares - This Bitter Earth.mp3"
2025-07-14T19:36:13 player: played "Venetian Snares - This Bitter Earth.mp3"
2025-07-15T19:58:56 player: played "Venetian Snares - This Bitter Earth.mp3"
2025-07-16T15:54:51 player: played "Venetian Snares - This Bitter Earth.mp3"
2025-07-16T17:52:43 player: played "Venetian Snares - This Bitter Earth.mp3"
2025-07-17T18:15:09 player: played "Venetian Snares - This Bitter Earth.mp3"
2025-07-18T18:38:09 player: played "Venetian Snares - This Bitter Earth.mp3"
2025-07-18T18:41:04 player: played "Venetian Snares - twelve.mp3"
2025-07-18T18:45:37 player: played "Venetian Snares - Gentleman.mp3"
2025-07-18T18:50:07 player: played "Alcolirykoz - Aguanilé.mp3"
2025-07-18T19:37:46 alsa_output: Decoder is too slow; playing silence to avoid xrun
2025-07-18T19:37:46 player: played "Cortex - Devil's Dance.mp3"
2025-07-18T19:41:14 player: played "rusowsky - no t dejas ver.mp3"
2025-07-18T19:43:58 player: played "rusowsky - no t dejas ver.mp3"
2025-07-18T19:46:41 player: played "SERAPHINE NOIR, Nona Shipov - All Caps.mp3"
2025-07-18T19:52:09 alsa_output: Decoder is too slow; playing silence to avoid xrun
2025-07-18T19:52:09 player: played "System Of A Down - Protect The Land.mp3"
2025-07-18T19:56:24 player: played "System Of A Down - B.Y.O.B..mp3"
2025-07-18T20:00:03 player: played "System Of A Down - Toxicity.mp3"
2025-07-18T20:04:37 player: played "Venetian Snares - Gentleman.mp3"
2025-07-18T20:07:00 player: played "Venetian Snares - twelve.mp3"
2025-07-18T20:11:58 player: played "菊池ひみこ - Look Your Back!.mp3"
2025-07-18T20:15:36 player: played "A Tribe Called Quest - Bonita Applebum.mp3"
2025-07-18T20:18:59 player: played "A Tribe Called Quest - Find a Way.mp3"
2025-07-18T20:30:40 alsa_output: Decoder is too slow; playing silence to avoid xrun
2025-07-18T20:30:40 player: played "Boards of Canada - An Eagle In Your Mind.mp3"
2025-07-18T20:36:01 alsa_output: Decoder is too slow; playing silence to avoid xrun
2025-07-18T20:36:01 player: played "Boards of Canada - Music Is Math.mp3"
2025-07-18T20:38:35 player: played "Charli xcx - Club classics.mp3"
2025-07-18T20:42:25 alsa_output: Decoder is too slow; playing silence to avoid xrun
2025-07-18T20:42:25 player: played "Jazz Liberatorz - Loop Prisoner.mp3"
2025-07-18T20:46:36 player: played "MF DOOM, Pebbles The Invisible Girl - Doomsday.mp3"
2025-07-19T14:35:53 player: played "MF DOOM, Pebbles The Invisible Girl - Doomsday.mp3"
2025-07-19T18:17:36 player: played "MF DOOM, Pebbles The Invisible Girl - Doomsday.mp3"
2025-07-19T19:09:50 player: played "MF DOOM, Pebbles The Invisible Girl - Doomsday.mp3"
2025-07-20T12:44:26 player: played "MF DOOM, Pebbles The Invisible Girl - Doomsday.mp3"
2025-07-20T12:47:00 alsa_output: Decoder is too slow; playing silence to avoid xrun
2025-07-20T12:47:00 player: played "Charli xcx - 360.mp3"
2025-07-20T12:49:45 player: played "Dean Martin - Everybody Loves Somebody.mp3"
2025-07-20T12:54:28 alsa_output: Decoder is too slow; playing silence to avoid xrun
2025-07-20T12:54:28 player: played "ilysam, Mc Ster - sweet rally.mp3"
2025-07-20T12:57:05 player: played "JPEGMAFIA - 1539 N. Calvert.mp3"
2025-07-20T12:59:37 alsa_output: Decoder is too slow; playing silence to avoid xrun
2025-07-20T12:59:37 player: played "Oblivion's Mighty Trash - Medallo Bullies.mp3"
2025-07-20T13:02:59 player: played "Nujabes, Shing02 - battlecry.mp3"
2025-07-20T13:05:23 player: played "Venetian Snares - twelve.mp3"
2025-07-20T13:09:49 alsa_output: Decoder is too slow; playing silence to avoid xrun
2025-07-20T13:09:49 player: played "A Tribe Called Quest - Bonita Applebum.mp3"
2025-07-20T13:13:26 player: played "A Tribe Called Quest - Buggin' Out.mp3"
2025-07-20T13:16:49 alsa_output: Decoder is too slow; playing silence to avoid xrun
2025-07-20T13:16:49 player: played "A Tribe Called Quest - Find a Way.mp3"
2025-07-20T13:20:31 player: played "Alcolirykoz, Junior Zamora - La Caza de Nariño.mp3"
2025-07-20T13:23:28 alsa_output: Decoder is too slow; playing silence to avoid xrun
2025-07-20T13:23:28 player: played "Aphex Twin - Flim.mp3"
2025-07-20T13:26:38 player: played "Charli xcx - Club classics.mp3"
2025-07-20T13:29:53 alsa_output: Decoder is too slow; playing silence to avoid xrun
2025-07-20T13:29:54 player: played "Cidtronyck, Portavoz - Nuevo Comienzo.mp3"
2025-07-20T13:31:14 player: played "Jazz Liberatorz - Loop Prisoner.mp3"
2025-07-20T13:34:20 alsa_output: Decoder is too slow; playing silence to avoid xrun
2025-07-20T13:34:20 player: played "JPEGMAFIA - SIN MIEDO.mp3"
2025-07-20T13:38:35 player: played "MF DOOM, J Dilla - GAZZILLION EAR.mp3"
2025-07-20T13:43:33 player: played "MF DOOM, Pebbles The Invisible Girl - Doomsday.mp3"
2025-07-20T19:20:32 player: played "Oblivion's Mighty Trash - No Me Acuerdo.mp3"
2025-07-21T19:07:25 update: updating /Charli xcx - Everything is romantic.mp3
2025-07-21T19:07:25 update: updating /菊池ひみこ - GYPSY SONG - from Carmen.mp3
2025-07-21T19:07:25 update: updating /Vertigoaway, Schizoscriptures - Break This The Breaking Point 2.mp3
2025-07-21T19:07:25 update: updating /Riot Propaganda - El Miedo Va a Cambiar de Bando.mp3
2025-07-21T19:07:25 update: updating /JPEGMAFIA - it's dark and hell is hot.mp3
2025-07-21T19:07:25 update: updating /Aphex Twin - 4.mp3
2025-07-21T19:07:25 update: updating /A Tribe Called Quest, Trugoy The Dove - Award Tour (feat. Trugoy The Dove).mp3
2025-07-21T19:07:25 update: updating /Boards of Canada - Telephasic Workshop.mp3
2025-07-21T19:07:25 update: updating /Limp Bizkit - My Generation.mp3
2025-07-21T19:07:25 update: updating /DANGERDOOM, MF DOOM, Danger Mouse, CeeLo Green - Benzi Box.mp3
2025-07-21T19:07:25 update: updating /Venetian Snares - Ultraviolent Junglist.mp3
2025-07-21T19:07:25 update: updating /Canserbero - De Mi Muerte.mp3
2025-07-21T19:07:25 update: updating /ooxygen - Soul.mp3
2025-07-21T19:07:25 update: updating /Movimiento Original - Grandes Pasos.mp3
2025-07-21T19:07:25 update: updating /Frank Ocean - Chanel.mp3
2025-07-21T19:07:25 update: updating /Doechii - WAIT.mp3
2025-07-21T19:07:25 update: updating /Doechii - Stressed - A COLORS SHOW.mp3
2025-07-21T19:07:25 update: updating /Penyair, Gabylonia, La Loquera - No Somos Iguales.mp3
2025-07-21T19:07:25 update: updating /Portavoz - Al Pueblo Le Asusta La Revolución.mp3
2025-07-21T19:07:25 update: updating /MF DOOM - Change the Beat.mp3
2025-07-21T19:07:25 update: updating /MF DOOM - Gas Drawls.mp3
2025-07-21T19:07:25 update: updating /Hareton Salvanini - Quarto de Hotel.mp3
2025-07-21T19:07:25 update: updating /Bolden. - Dawn in LA..mp3
2025-07-21T19:07:25 update: updating /Rxnde Akozta, Rodesens - 'COSAS DEL QUERER'.mp3
2025-07-21T19:07:25 update: updating /Doechii - BOILED PEANUTS.mp3
2025-07-21T19:07:25 update: updating /Molotov - Más Vale Cholo.mp3
2025-07-21T19:07:25 update: updating /Shaggy, Brian & Tony Gold, Sean Paul, Will Smith - Hey Sexy Lady.mp3
2025-07-21T19:07:25 update: updating /Oblivion's Mighty Trash - Wacky.mp3
2025-07-21T19:07:25 update: updating /Oblivion's Mighty Trash - No Me Acuerdo.mp3
2025-07-21T19:07:25 update: updating /Tsuneo Imahori - PHILOSOPHY in a Tea Cup.mp3
2025-07-21T19:07:25 update: updating /Doechii - DEATH ROLL.mp3
2025-07-21T19:07:25 update: updating /Beastie Boys - Fight For Your Right.mp3
2025-07-21T19:07:25 update: updating /A Tribe Called Quest, Busta Rhymes, Dinco D, Charlie Brown - Scenario (feat. Busta Rhymes, Dinco D & Charlie Brown) - LP Mix.mp3
2025-07-21T19:07:25 update: updating /Canserbero, NicoJP - Buenas Noches - Instrumental.mp3
2025-07-21T19:07:25 update: updating /JPEGMAFIA - I'll Be Right There.mp3
2025-07-21T19:07:25 update: updating /Charli xcx - 360.mp3
2025-07-21T19:07:25 update: updating /Kordhell, Anar - JUNBI.mp3
2025-07-21T19:07:25 update: updating /Venetian Snares - Dollmaker.mp3
2025-07-21T19:07:25 update: updating /Cidtronyck, Portavoz - Nuevo Comienzo.mp3
2025-07-21T19:07:25 update: updating /Igorrr - Scarlatti 2.0.mp3
2025-07-21T19:07:25 update: updating /El Cuarteto De Nos - Ya No Sé Que Hacer Conmigo.mp3
2025-07-21T19:07:25 update: updating /Aphex Twin - Xtal.mp3
2025-07-21T19:07:25 update: updating /Portavoz, Cidtronyck - Desde.mp3
2025-07-21T19:07:25 update: updating /Nujabes - aruarian dance.mp3
2025-07-21T19:07:25 update: updating /j1gggs - the cat from ipanema.mp3
2025-07-21T19:07:25 update: updating /Alcolirykoz - Suero Casero.mp3
2025-07-21T19:07:25 update: updating /菊池ひみこ - PRIMAVELA.mp3
2025-07-21T19:07:25 update: updating /Rawayana, Apache - High (feat. Apache).mp3
2025-07-21T19:07:25 update: updating /Oblivion's Mighty Trash - Medallo Bullies.mp3
2025-07-21T19:07:25 update: updating /Alcolirykoz - Aranjuez.mp3
2025-07-21T19:07:25 update: updating /Kordhell, ZWE1HVNDXR - Fuku.mp3
2025-07-21T19:07:25 update: updating /Kendrick Lamar - PRIDE..mp3
2025-07-21T19:07:25 update: updating /Rxnde Akozta, Portavoz, DJ Cidtronyck - No Van Pal Baile.mp3
2025-07-21T19:07:25 update: updating /Penyair, Alka Produce, Realidad Mental, Eddy Mugre - Ya Verás.mp3
2025-07-21T19:07:25 update: updating /Lil Supa - Culto.mp3
2025-07-21T19:07:25 update: updating /MF DOOM, DJ Cucumber Slice - Rhymes Like Dimes.mp3
2025-07-21T19:07:25 update: updating /psychoangel - neurodivergence.mp3
2025-07-21T19:07:25 update: updating /JPEGMAFIA, Danny Brown - Burfict!.mp3
2025-07-21T19:07:25 update: updating /Madvillain, Madlib, MF DOOM - All Caps.mp3
2025-07-21T19:07:25 update: updating /Venetian Snares - This Bitter Earth.mp3
2025-07-21T19:07:25 update: updating /Boards of Canada - Roygbiv.mp3
2025-07-21T19:07:25 update: updating /Ska-P - La Sesera No Va.mp3
2025-07-21T19:07:25 update: updating /Frank Sinatra - My Way Of Life.mp3
2025-07-21T19:07:25 update: updating /Joey Valence & Brae - Underground Sound.mp3
2025-07-21T19:07:25 update: updating /Roland Jones, Mari - GRINDIN.mp3
2025-07-21T19:07:25 update: updating /JPEGMAFIA - loop it and leave it.mp3
2025-07-21T19:07:25 update: updating /Ska-P - Ñapaes.mp3
2025-07-21T19:07:25 update: updating /Charli xcx - Mean girls.mp3
2025-07-21T19:07:25 update: updating /hkmori - anybody can find love (except you.).mp3
2025-07-21T19:07:25 update: updating /A Tribe Called Quest - The Hop.mp3
2025-07-21T19:07:25 update: updating /Proof, Trafikante de Almas - Rap de culto.mp3
2025-07-21T19:07:25 update: updating /Caparezza - Jodellavitanonhocapitouncazzo.mp3
2025-07-21T19:07:25 update: updating /MF DOOM, Raekwon - YESSIR!.mp3
2025-07-21T19:07:25 update: updating /Ska-P - El Gato Lopez.mp3
2025-07-21T19:07:25 update: updating /6ix, Joey Valence & Brae, FELIX!, Buddy, KYLE, Blu - Raw.mp3
2025-07-21T19:07:25 update: updating /Beastie Boys - Right Right Now Now.mp3
2025-07-21T19:07:25 update: updating /JPEGMAFIA - 1539 N. Calvert.mp3
2025-07-21T19:07:25 update: updating /Tfwamirite - だきしめたい.mp3
2025-07-21T19:07:25 update: updating /Joey Valence & Brae - GUMDROP.mp3
2025-07-21T19:07:25 update: updating /Joey Valence & Brae - HOOLIGANG.mp3
2025-07-21T19:07:25 update: updating /Sadfriendd, Towa - Pumpfake.mp3
2025-07-21T19:07:25 update: updating /usedcvnt, Eden FM - pls tell me what is ur dream.mp3
2025-07-21T19:07:25 update: updating /Venetian Snares - Hand Throw.mp3
2025-07-21T19:07:25 update: updating /Hachazo - Ocho horas.mp3
2025-07-21T19:07:25 update: updating /Molotov - Noko.mp3
2025-07-21T19:07:25 update: updating /Ska-P - Welcome to Hell.mp3
2025-07-21T19:07:25 update: updating /Ska-P - Jaque al Rey.mp3
2025-07-21T19:07:25 update: updating /Doechii - DENIAL IS A RIVER.mp3
2025-07-21T19:07:25 update: updating /Vengaboys - Boom, Boom, Boom, Boom!!.mp3
2025-07-21T19:07:25 update: updating /Canserbero, Apache - La del Estribillo.mp3
2025-07-21T19:07:25 update: updating /Norman Sann - Dance at a Funeral.mp3
2025-07-21T19:07:25 update: updating /PinkPantheress - Break It Off - Bonus.mp3
2025-07-21T19:07:25 update: updating /Joey Valence & Brae - LIKE A PUNK.mp3
2025-07-21T19:07:25 update: updating /System Of A Down - Protect The Land.mp3
2025-07-21T19:07:25 update: updating /Riot Propaganda - Agenda Oculta.mp3
2025-07-21T19:07:25 update: updating /Joey Valence & Brae - Like What.mp3
2025-07-21T19:07:25 update: updating /Nujabes, Shing02 - battlecry.mp3
2025-07-21T19:07:25 update: updating /Igorrr - Very Long Chicken.mp3
2025-07-21T19:07:25 update: updating /Portavoz - El Mejor.mp3
2025-07-21T19:07:25 update: updating /Canserbero - Advertencia.mp3
2025-07-21T19:07:25 update: updating /Alcolirykoz - Sancocho en Leña.mp3
2025-07-21T19:07:25 update: updating /Limp Bizkit, Method Man - N 2 Gether Now.mp3
2025-07-21T19:07:25 update: updating /A Tribe Called Quest - Find a Way.mp3
2025-07-21T19:07:25 update: updating /A Tribe Called Quest - Electric Relaxation.mp3
2025-07-21T19:07:25 update: updating /Cortex - Devil's Dance.mp3
2025-07-21T19:07:25 update: updating /femtanyl - GIRL HELL 1999.mp3
2025-07-21T19:07:25 update: updating /Los Prisioneros - Latinoamérica Es un Pueblo al Sur de Estados Unidos.mp3
2025-07-21T19:07:25 update: updating /A Tribe Called Quest - Like It Like That.mp3
2025-07-21T19:07:25 update: updating /Beastie Boys - Flute Loop.mp3
2025-07-21T19:07:25 update: updating /João Gilberto - Pra Que Discutir Com Madame.mp3
2025-07-21T19:07:25 update: updating /Eddy Mugre - One two.mp3
2025-07-21T19:07:25 update: updating /Alcolirykoz, Bajo Tierra - TNT.mp3
2025-07-21T19:07:25 update: updating /2Pac - No More Pain.mp3
2025-07-21T19:07:25 update: updating /Galaxy 2 Galaxy - Jupiter Jazz.mp3
2025-07-21T19:07:25 update: updating /Canserbero - Canbiate.mp3
2025-07-21T19:07:25 update: updating /Alcolirykoz, Sho-Hai - El Rey del Despecho.mp3
2025-07-21T19:07:25 update: updating /Joey Valence & Brae - WHERE U FROM.mp3
2025-07-21T19:07:25 update: updating /Eddie Palmieri - Vámonos Pa'l Monte.mp3
2025-07-21T19:07:25 update: updating /Eddy Mugre - Esas tentaciones.mp3
2025-07-21T19:07:25 update: updating /A Tribe Called Quest - Steve Biko (Stir It Up).mp3
2025-07-21T19:07:26 update: updating /A Tribe Called Quest - Keeping It Moving.mp3
2025-07-21T19:07:26 update: updating /The Davitts - Come Out Ye Black and Tans.mp3
2025-07-21T19:07:26 update: updating /Alcolirykoz - Fruko y Sus Presos (2.018).mp3
2025-07-21T19:07:26 update: updating /PinkPantheress - Tonight.mp3
2025-07-21T19:07:26 update: updating /Laurindo Almeida - The Lamp Is Low.mp3
2025-07-21T19:07:26 update: updating /Venetian Snares - twelve.mp3
2025-07-21T19:07:26 update: updating /SERAPHINE NOIR, Nona Shipov - All Caps.mp3
2025-07-21T19:07:26 update: updating /King Geedorah, Mr Fantastik - Anti-Matter.mp3
2025-07-21T19:07:26 update: updating /Ilkae - Cappuccino Summit.mp3
2025-07-21T19:07:26 update: updating /Boards of Canada - The Color Of The Fire.mp3
2025-07-21T19:07:26 update: updating /PinkPantheress - Pain.mp3
2025-07-21T19:07:26 update: updating /Akapellah - La Vida Es un Freestyle.mp3
2025-07-21T19:07:26 update: updating /Nujabes, Cise Starr - Lady Brown (feat. Cise Starr from CYNE).mp3
2025-07-21T19:07:26 update: updating /Alcolirykoz, Estee Nack - Reflujo.mp3
2025-07-21T19:07:26 update: updating /ZSK - Antifascista.mp3
2025-07-21T19:07:26 update: updating /King Geedorah - Fazers.mp3
2025-07-21T19:07:26 update: updating /Aerophon, Alcolirykoz - La Esquina del Mariachi.mp3
2025-07-21T19:07:26 update: updating /Joey Valence & Brae - Ready Set.mp3
2025-07-21T19:07:26 update: updating /rusowsky - no t dejas ver.mp3
2025-07-21T19:07:26 update: updating /JPEGMAFIA, Danny Brown - God Loves You.mp3
2025-07-21T19:07:26 update: updating /Charli xcx - Rewind.mp3
2025-07-21T19:07:26 update: updating /Shaggy - Boombastic.mp3
2025-07-21T19:07:26 update: updating /Cultura Profética - Saca, Prende y Sorprende.mp3
2025-07-21T19:07:26 update: updating /Chihiro Yamanaka - 乙女の祈り.mp3
2025-07-21T19:07:26 update: updating /Elis Regina, Antônio Carlos Jobim - Brigas Nunca Mais.mp3
2025-07-21T19:07:26 update: updating /Machinedrum - Jewlea.mp3
2025-07-21T19:07:26 update: updating /Venetian Snares - Chinaski.mp3
2025-07-21T19:07:26 update: updating /Wu-Tang Clan, RZA, MF DOOM - Biochemical Equation.mp3
2025-07-21T19:07:26 update: updating /Oblivion's Mighty Trash - Bastian Laurent.mp3
2025-07-21T19:07:26 update: updating /Alcolirykoz - No Está en Venta.mp3
2025-07-21T19:07:26 update: updating /Venetian Snares - Gentleman.mp3
2025-07-21T19:07:26 update: updating /JPEGMAFIA - i scream this in the mirror before i interact with anyone.mp3
2025-07-21T19:07:26 update: updating /Ska-P - Romero el Madero.mp3
2025-07-21T19:07:26 update: updating /A Tribe Called Quest - Jazz (We've Got).mp3
2025-07-21T19:07:26 update: updating /Machine Girl - Krystle - URL Cyber Palace Mix.mp3
2025-07-21T19:07:26 update: updating /Purple Posse, BACKWHEN, 6-6-6 - Cookies.mp3
2025-07-21T19:07:26 update: updating /Joey Valence & Brae, Z-Trip - NO HANDS (feat. Z-Trip).mp3
2025-07-21T19:07:26 update: updating /Ahmed Malek - Maya.mp3
2025-07-21T19:07:26 update: updating /Canserbero, NicoJP - No no - Instrumental.mp3
2025-07-21T19:07:26 update: updating /Alcolirykoz, Armando Hernandez - El Remate.mp3
2025-07-21T19:07:26 update: updating /berlioz, Ted Jasper - nyc in 1940.mp3
2025-07-21T19:07:26 update: updating /MF DOOM, J Dilla - GAZZILLION EAR.mp3
2025-07-21T19:07:26 update: updating /PinkPantheress - The aisle.mp3
2025-07-21T19:07:26 update: updating /Oblivion's Mighty Trash - Ya Mismo.mp3
2025-07-21T19:07:26 update: updating /Boards of Canada - An Eagle In Your Mind.mp3
2025-07-21T19:07:26 update: updating /菊池ひみこ - Ducky Ducky.mp3
2025-07-21T19:07:26 update: updating /Molotov - No Manches Mi Vida.mp3
2025-07-21T19:07:26 update: updating /Molotov - Voto Latino.mp3
2025-07-21T19:07:26 update: updating /Boards of Canada - Music Is Math.mp3
2025-07-21T19:07:26 update: updating /Shaggy, Rik Rok - It Wasn't Me.mp3
2025-07-21T19:07:26 update: updating /Vegyn, JPEGMAFIA - Nauseous  Devilish.mp3
2025-07-21T19:07:26 update: updating /Rage Against The Machine - Wake Up.mp3
2025-07-21T19:07:26 update: updating /Aphex Twin - Flim.mp3
2025-07-21T19:07:26 update: updating /Alcolirykoz - Tararea.mp3
2025-07-21T19:07:26 update: updating /Rage Against The Machine - Bulls On Parade.mp3
2025-07-21T19:07:26 update: updating /Joey Valence & Brae, Terror Reid - DOUGHBOY (feat. Terror Reid).mp3
2025-07-21T19:07:26 update: updating /JPEGMAFIA - BALD!.mp3
2025-07-21T19:07:26 update: updating /Sleepy Hallow, Doechii - ANXIETY (feat. Doechii).mp3
2025-07-21T19:07:26 update: updating /Aphex Twin - Fingerbib.mp3
2025-07-21T19:07:26 update: updating /JPEGMAFIA, Danny Brown - Lean Beef Patty.mp3
2025-07-21T19:07:26 update: updating /Shaggy, Collie Buddz, Sizzla - Mad Mad World (feat. Sizzla Kalonji & Collie Buddz).mp3
2025-07-21T19:07:26 update: updating /Los Prisioneros - Maldito Sudaca.mp3
2025-07-21T19:07:26 update: updating /A Tribe Called Quest - 8 Million Stories.mp3
2025-07-21T19:07:26 update: updating /Canserbero, Apache - Uno por Ellas.mp3
2025-07-21T19:07:26 update: updating /Ska-P - Ni Fu Ni Fa.mp3
2025-07-21T19:07:26 update: updating /Alcolirykoz - Baño de Ruda.mp3
2025-07-21T19:07:26 update: updating /System Of A Down - B.Y.O.B..mp3
2025-07-21T19:07:26 update: updating /femtanyl - PUSH UR T3MPRR.mp3
2025-07-21T19:07:26 update: updating /Igorrr - Fryzura Konika.mp3
2025-07-21T19:07:26 update: updating /Portavoz, Matiah Chinaski, Dj Perez - Por Si Las Moscas (En Otra Versión).mp3
2025-07-21T19:07:26 update: updating /Control Machete - Andamos Armados.mp3
2025-07-21T19:07:26 update: updating /Rage Against The Machine - Bombtrack.mp3
2025-07-21T19:07:26 update: updating /A Tribe Called Quest, Busta Rhymes - Oh My God (feat. Busta Rhymes).mp3
2025-07-21T19:07:26 update: updating /マドロスMERCURY - 3DS Internet Settings.mp3
2025-07-21T19:07:26 update: updating /Anna German - Катюша.mp3
2025-07-21T19:07:26 update: updating /wiv - bad days are coming.mp3
2025-07-21T19:07:26 update: updating /Oblivion's Mighty Trash - Eso Está Muy Jazzudo.mp3
2025-07-21T19:07:26 update: updating /JPEGMAFIA - HAZARD DUTY PAY!.mp3
2025-07-21T19:07:26 update: updating /Portavoz - Dando Cara.mp3
2025-07-21T19:07:26 update: updating /Hanumankind, Kalmi - Big Dawgs.mp3
2025-07-21T19:07:26 update: updating /Alcolirykoz - Normal.mp3
2025-07-21T19:07:26 update: updating /Alcolirykoz - Aguanilé.mp3
2025-07-21T19:07:26 update: updating /Penyair, dj spizike - Un Pelito y Un Tamal.mp3
2025-07-21T19:07:26 update: updating /A Tribe Called Quest - Youthful Expression.mp3
2025-07-21T19:07:26 update: updating /cutkolaska - Empty Promise.mp3
2025-07-21T19:07:26 update: updating /A Tribe Called Quest - Can I Kick It.mp3
2025-07-21T19:07:26 update: updating /Gorillaz - On Melancholy Hill.mp3
2025-07-21T19:07:26 update: updating /Science Of Sound, A Tribe Called Quest - Rhymery.mp3
2025-07-21T19:07:26 update: updating /Sons of Aguirre, Scila - Vete a Cuba.mp3
2025-07-21T19:07:26 update: updating /Oblivion's Mighty Trash - No me soya la playa.mp3
2025-07-21T19:07:26 update: updating /Nehruviandoom, MF DOOM - Caskets.mp3
2025-07-21T19:07:26 update: updating /MF DOOM, Mr. Fantastik - Rapp Snitch Knishes.mp3
2025-07-21T19:07:26 update: updating /Björk - Hidden Place.mp3
2025-07-21T19:07:26 update: updating /Ska-P - Paramilitar.mp3
2025-07-21T19:07:26 update: updating /Venetian Snares - Szerencsétlen.mp3
2025-07-21T19:07:26 update: updating /Venetian Snares - Öngyilkos Vasárnap.mp3
2025-07-21T19:07:26 update: updating /Digable Planets - It's Good To Be Here.mp3
2025-07-21T19:07:26 update: updating /JPEGMAFIA, Danny Brown - SCARING THE HOES.mp3
2025-07-21T19:07:26 update: updating /Charli xcx - Club classics.mp3
2025-07-21T19:07:26 update: updating /Selene, Tatiana Gomez Rap, Eddy Mugre, Arion - ¿Algo Que Decir.mp3
2025-07-21T19:07:26 update: updating /Kendrick Lamar, Lefty Gunplay - tv off (feat. lefty gunplay).mp3
2025-07-21T19:07:26 update: updating /Apache - Pasame la Yesca.mp3
2025-07-21T19:07:26 update: updating /Bolden., Mauricesax - I'm here..mp3
2025-07-21T19:07:26 update: updating /Control Machete - Así Son Mis Días.mp3
2025-07-21T19:07:26 update: updating /Charli xcx - Von dutch.mp3
2025-07-21T19:07:26 update: updating /Venetian Snares - Abomination Street.mp3
2025-07-21T19:07:26 update: updating /Sergio Mendes & Brasil '66 - Mas Que Nada.mp3
2025-07-21T19:07:26 update: updating /PinkPantheress - True romance.mp3
2025-07-21T19:07:26 update: updating /Canserbero, Solo Soul, McKlopedia, IceOD, Primobeatz - El mundito del rap.mp3
2025-07-21T19:07:26 update: updating /2Pac, Roger, Dr. Dre - California Love - Original Version.mp3
2025-07-21T19:07:26 update: updating /Los Prisioneros - Por Qué No Se Van.mp3
2025-07-21T19:07:26 update: updating /Lelio Luttazzi - Estate.mp3
2025-07-21T19:07:26 update: updating /Aphex Twin - produk 29 [101].mp3
2025-07-21T19:07:26 update: updating /Ska-P - El Vals del Obrero.mp3
2025-07-21T19:07:26 update: updating /Ska-P - Mis Colegas.mp3
2025-07-21T19:07:26 update: updating /Joey Valence & Brae - PUNK TACTICS.mp3
2025-07-21T19:07:26 update: updating /Oblivion's Mighty Trash, Saygi - BluessyShit.mp3
2025-07-21T19:07:26 update: updating /Canserbero, NicoJP - Outro Chavo - Instrumental.mp3
2025-07-21T19:07:26 update: updating /Doechii - Nosebleeds.mp3
2025-07-21T19:07:26 update: updating /Apache - Rompiendo el Hielo.mp3
2025-07-21T19:07:26 update: updating /Jazz Liberatorz - Loop Prisoner.mp3
2025-07-21T19:07:26 update: updating /MF DOOM - Vomitspit.mp3
2025-07-21T19:07:26 update: updating /Canserbero, NicoJP - RA Words - Instrumental.mp3
2025-07-21T19:07:26 update: updating /Alcolirykoz, ToteKing - El Tour de Sing Sing.mp3
2025-07-21T19:07:26 update: updating /Garoto - Um Rosto de Mulher.mp3
2025-07-21T19:07:26 update: updating /Eddy Mugre - Kid roy (red allen).mp3
2025-07-21T19:07:26 update: updating /Proof - Tratos Con el Diablo.mp3
2025-07-21T19:07:26 update: updating /Negroni's Trio, Pedro Capó - El Incomprendido (feat. Pedro Capó).mp3
2025-07-21T19:07:26 update: updating /System Of A Down - Toxicity.mp3
2025-07-21T19:07:26 update: updating /Macabre Plaza - Abandoned Plaza.mp3
2025-07-21T19:07:26 update: updating /Alcolirykoz - Todo Lo Bueno Tarda.mp3
2025-07-21T19:07:26 update: updating /A Tribe Called Quest - Bonita Applebum.mp3
2025-07-21T19:07:26 update: updating /Ali Primera - Techos de Cartón.mp3
2025-07-21T19:07:26 update: updating /Towa - Move MF.mp3
2025-07-21T19:07:26 update: updating /JPEGMAFIA - SIN MIEDO.mp3
2025-07-21T19:07:26 update: updating /Rxnde Akozta, Marrom Fernandez - Juicio  Canserbero.mp3
2025-07-21T19:07:26 update: updating /A Tribe Called Quest - Buggin' Out.mp3
2025-07-21T19:07:26 update: updating /菊池ひみこ - Look Your Back!.mp3
2025-07-21T19:07:26 update: updating /Molotov - Gimme Tha Power.mp3
2025-07-21T19:07:26 update: updating /A Tribe Called Quest - Check the Rhime.mp3
2025-07-21T19:07:26 update: updating /Joey Valence & Brae - DANCE NOW.mp3
2025-07-21T19:07:26 update: updating /JJ DOOM, MF DOOM, Jneiro Jarel - Bookhead.mp3
2025-07-21T19:07:26 update: updating /wix9s1xe, SUICIDE KIDDO, Towa - MEXICO HURRICANE.mp3
2025-07-21T19:07:26 update: updating /JPEGMAFIA, Danny Brown, redveil - Kingdom Hearts Key (ft. redveil).mp3
2025-07-21T19:07:26 update: updating /Oblivion's Mighty Trash - Bello.mp3
2025-07-21T19:07:26 update: updating /Oblivion's Mighty Trash - LoveIsInTheAir.mp3
2025-07-21T19:07:26 update: updating /Shaggy, Rayvon - Angel.mp3
2025-07-21T19:07:26 update: updating /Joey Valence & Brae - OMNITRIX.mp3
2025-07-21T19:07:26 update: updating /Sons of Aguirre, Scila, Dj Plan B, Guaja D - Privilegiados.mp3
2025-07-21T19:07:26 update: updating /Alcolirykoz, Jeronimo - Medellificación.mp3
2025-07-21T19:07:26 update: updating /Sons of Aguirre, Scila - Carta al Sr.Fiscal.mp3
2025-07-21T19:07:26 update: updating /Señor Marrano, Eddy Mugre - Sistema - Remix.mp3
2025-07-21T19:07:26 update: updating /All That Jazz - 空から降ってきた少女.mp3
2025-07-21T19:07:26 update: updating /João Gilberto - Meditação.mp3
2025-07-21T19:07:26 update: updating /Igorrr - Melting Nails.mp3
2025-07-21T19:07:26 update: updating /Canserbero - Despierta.mp3
2025-07-21T19:07:26 update: updating /Menahan Street Band - Queens Highway.mp3
2025-07-21T19:07:26 update: updating /Prefuse 73 - Point To B.mp3
2025-07-21T19:07:26 update: updating /Ska-P - Cannabis.mp3
2025-07-21T19:07:26 update: updating /PinkPantheress - I Must Apologise.mp3
2025-07-21T19:07:26 update: updating /Proof - Rap da Rap quita.mp3
2025-07-21T19:07:26 update: updating /Dean Martin - Everybody Loves Somebody.mp3
2025-07-21T19:07:26 update: updating /Violadores Del Verso - Vicios y Virtudes.mp3
2025-07-21T19:07:26 update: updating /A Tribe Called Quest - What.mp3
2025-07-21T19:07:26 update: updating /Eddy Mugre - 3 Espinas.mp3
2025-07-21T19:07:26 update: updating /JUNTMANE, BIG PROBLEM MAC - O' LORD.mp3
2025-07-21T19:07:26 update: updating /Portavoz, Zonyko, Cidtronyck - Rebelarte.mp3
2025-07-21T19:07:26 update: updating /Canserbero - Quién Eres.mp3
2025-07-21T19:07:26 update: updating /Lil Supa, Doktor Rheal - CLOACA.mp3
2025-07-21T19:07:26 update: updating /Charli xcx - Talk talk.mp3
2025-07-21T19:07:26 update: updating /Shoebill - shitcorebabes.mp3
2025-07-21T19:07:26 update: updating /Charli xcx - B2b.mp3
2025-07-21T19:07:26 update: updating /Woodcamp - Eatin' Good.mp3
2025-07-21T19:07:26 update: updating /Doechii - SKIPP.mp3
2025-07-21T19:07:26 update: updating /MF DOOM, Pebbles The Invisible Girl - Doomsday.mp3
2025-07-21T19:07:26 update: updating /Granuja - De Pe a Pa.mp3
2025-07-21T19:07:26 update: updating /Joey Valence & Brae, Danny Brown - PACKAPUNCH (feat. Danny Brown).mp3
2025-07-21T19:07:26 update: updating /Alcolirykoz, N. Hardem, L'Xuasma - Discos Fuentes.mp3
2025-07-21T19:07:26 update: updating /CUPIDS OPPRESSION - LIFE IMITATES ART.mp3
2025-07-21T19:07:26 update: updating /Boards of Canada - Sixtyten.mp3
2025-07-21T19:07:26 update: updating /DANGERDOOM, MF DOOM, Danger Mouse - Crosshairs.mp3
2025-07-21T19:07:26 update: updating /Oblivion's Mighty Trash - Chaíto.mp3
2025-07-21T19:07:26 update: updating /ilysam, Mc Ster - sweet rally.mp3
2025-07-21T19:07:26 update: updating /MF DOOM - THAT'S THAT.mp3
2025-07-21T19:07:26 update: updating /Shaggy - That's Life.mp3
2025-07-21T19:07:26 update: updating /Mime 871, Taxi Dee - En La Identidad.mp3
2025-07-21T19:07:26 update: updating /JPEGMAFIA - What the hip hop hell is this .mp3
2025-07-21T19:07:26 update: updating /Stan Getz - The Girl From Ipanema.mp3
2025-07-21T19:07:26 update: updating /Chucho Valdés, Royal Quartet - Tatomania.mp3
2025-07-21T19:07:26 update: updating /Shaggy, Rayvon - In The Summertime.mp3
2025-07-21T19:07:26 update: updating /Riot Propaganda - Plata o Plomo.mp3
2025-07-21T19:07:26 update: updating /Alcolirykoz - La Típica (2.018).mp3
2025-07-21T19:07:26 update: updating /Kendrick Lamar, SZA - luther (with sza).mp3
2025-07-21T19:07:26 update: updating /Alcolirykoz - Baldor.mp3
2025-07-21T19:07:26 update: updating /Sr Pablo, Eddy Mugre - Hattori Hanzo.mp3
2025-07-21T19:07:26 update: updating /Oblivion's Mighty Trash - Piqui Blainder.mp3
2025-07-21T19:07:26 update: updating /femtanyl - KATAMARI.mp3
2025-07-21T19:07:26 update: updating /ZWE1HVNDXR, yatashigang - LOVELY BASTARDS.mp3
2025-07-21T19:07:26 update: updating /Sabaton - To Hell and Back.mp3
2025-07-21T19:07:26 update: updating /Joey Valence & Brae - BUSSIT.mp3
2025-07-21T19:07:26 update: updating /Venetian Snares - Hajnal.mp3
2025-07-21T19:07:26 update: updating /2 Low Key, Lil Chucky - On That Devil Shit.mp3
2025-07-21T19:07:26 update: updating /JPEGMAFIA, Danny Brown - HOE (Heaven on Earth).mp3
2025-07-21T19:07:26 update: updating /JPEGMAFIA, Denzel Curry - JPEGULTRA! (feat. Denzel Curry).mp3
2025-07-21T19:07:26 update: updating /the wine is ok - gamay.mp3
2025-07-21T19:07:26 update: updating /Ahmed Malek - Bossa.mp3
2025-07-21T19:07:26 update: updating /Alcolirykoz, Junior Zamora - La Caza de Nariño.mp3
2025-07-21T19:07:26 update: updating /Machine Girl - Ghost.mp3
2025-07-21T19:07:26 update: updating /Charli xcx - 365.mp3
2025-07-21T19:07:26 update: updating /Alcolirykoz - Round 40.mp3
2025-07-21T19:07:26 update: removing Los Chikos del Maiz - La Soledad del Corredor de Fondo.mp3
2025-07-21T19:07:26 update: removing Los Chikos del Maiz - Los Invisibles.mp3
2025-07-21T19:07:26 update: removing Los Chikos del Maiz, Shotta - No Gods, No Masters, No Hipsters.mp3
2025-07-21T19:07:26 update: removing Los Chikos del Maiz, Evaristo Paramos - Putas y Maricones.mp3
2025-07-21T19:07:26 update: removing Los Chikos del Maiz - Revisionismo o Barbarie.mp3
2025-07-21T19:07:26 update: removing Los Chikos del Maiz, Zoo - Vacaciones en Suiza.mp3
2025-07-21T19:07:26 update: removing Los Chikos del Maiz, Habeas Corpus - La Estanquera de Saigón.mp3
2025-07-21T19:07:26 update: removing Los Chikos del Maiz - El derecho a la pereza.mp3
2025-07-21T19:07:26 update: removing Los Chikos del Maiz, La Maravillosa Orquesta del Alcohol - Esta Ciudad Es de Mentira.mp3
2025-07-21T19:07:26 update: removing Los Chikos del Maiz - Luces de Neón.mp3
2025-07-21T19:07:26 update: removing Los Chikos del Maiz - No Pasarán.mp3
2025-07-21T19:31:19 player: played "Oblivion's Mighty Trash - No Me Acuerdo.mp3"
2025-07-21T21:06:02 update: updating /Charli xcx - Everything is romantic.mp3
2025-07-21T21:06:02 update: updating /菊池ひみこ - GYPSY SONG - from Carmen.mp3
2025-07-21T21:06:02 update: updating /Vertigoaway, Schizoscriptures - Break This The Breaking Point 2.mp3
2025-07-21T21:06:02 update: updating /Riot Propaganda - El Miedo Va a Cambiar de Bando.mp3
2025-07-21T21:06:02 update: updating /JPEGMAFIA - it's dark and hell is hot.mp3
2025-07-21T21:06:02 update: updating /Aphex Twin - 4.mp3
2025-07-21T21:06:02 update: updating /A Tribe Called Quest, Trugoy The Dove - Award Tour (feat. Trugoy The Dove).mp3
2025-07-21T21:06:02 update: updating /Boards of Canada - Telephasic Workshop.mp3
2025-07-21T21:06:02 update: updating /Limp Bizkit - My Generation.mp3
2025-07-21T21:06:02 update: updating /DANGERDOOM, MF DOOM, Danger Mouse, CeeLo Green - Benzi Box.mp3
2025-07-21T21:06:02 update: added /Digable Planets - Where I'm From.mp3
2025-07-21T21:06:02 update: updating /Venetian Snares - Ultraviolent Junglist.mp3
2025-07-21T21:06:02 update: updating /Canserbero - De Mi Muerte.mp3
2025-07-21T21:06:02 update: updating /ooxygen - Soul.mp3
2025-07-21T21:06:02 update: updating /Movimiento Original - Grandes Pasos.mp3
2025-07-21T21:06:02 update: updating /Frank Ocean - Chanel.mp3
2025-07-21T21:06:02 update: updating /Doechii - WAIT.mp3
2025-07-21T21:06:02 update: updating /Doechii - Stressed - A COLORS SHOW.mp3
2025-07-21T21:06:02 update: updating /Penyair, Gabylonia, La Loquera - No Somos Iguales.mp3
2025-07-21T21:06:02 update: updating /Portavoz - Al Pueblo Le Asusta La Revolución.mp3
2025-07-21T21:06:02 update: updating /MF DOOM - Change the Beat.mp3
2025-07-21T21:06:02 update: updating /MF DOOM - Gas Drawls.mp3
2025-07-21T21:06:02 update: updating /Hareton Salvanini - Quarto de Hotel.mp3
2025-07-21T21:06:02 update: updating /Bolden. - Dawn in LA..mp3
2025-07-21T21:06:02 update: updating /Rxnde Akozta, Rodesens - 'COSAS DEL QUERER'.mp3
2025-07-21T21:06:02 update: added /Digable Planets - Rebirth Of Slick (Cool Like Dat).mp3
2025-07-21T21:06:02 update: updating /Doechii - BOILED PEANUTS.mp3
2025-07-21T21:06:02 update: updating /Molotov - Más Vale Cholo.mp3
2025-07-21T21:06:02 update: updating /Shaggy, Brian & Tony Gold, Sean Paul, Will Smith - Hey Sexy Lady.mp3
2025-07-21T21:06:02 update: updating /Oblivion's Mighty Trash - Wacky.mp3
2025-07-21T21:06:02 update: updating /Oblivion's Mighty Trash - No Me Acuerdo.mp3
2025-07-21T21:06:02 update: updating /Tsuneo Imahori - PHILOSOPHY in a Tea Cup.mp3
2025-07-21T21:06:02 update: updating /Doechii - DEATH ROLL.mp3
2025-07-21T21:06:02 update: updating /Beastie Boys - Fight For Your Right.mp3
2025-07-21T21:06:02 update: updating /A Tribe Called Quest, Busta Rhymes, Dinco D, Charlie Brown - Scenario (feat. Busta Rhymes, Dinco D & Charlie Brown) - LP Mix.mp3
2025-07-21T21:06:02 update: updating /Canserbero, NicoJP - Buenas Noches - Instrumental.mp3
2025-07-21T21:06:02 update: updating /JPEGMAFIA - I'll Be Right There.mp3
2025-07-21T21:06:02 update: updating /Charli xcx - 360.mp3
2025-07-21T21:06:02 update: updating /Kordhell, Anar - JUNBI.mp3
2025-07-21T21:06:02 update: updating /Venetian Snares - Dollmaker.mp3
2025-07-21T21:06:02 update: updating /Cidtronyck, Portavoz - Nuevo Comienzo.mp3
2025-07-21T21:06:02 update: updating /Igorrr - Scarlatti 2.0.mp3
2025-07-21T21:06:02 update: updating /El Cuarteto De Nos - Ya No Sé Que Hacer Conmigo.mp3
2025-07-21T21:06:02 update: updating /Aphex Twin - Xtal.mp3
2025-07-21T21:06:02 update: updating /Portavoz, Cidtronyck - Desde.mp3
2025-07-21T21:06:02 update: updating /Nujabes - aruarian dance.mp3
2025-07-21T21:06:02 update: updating /j1gggs - the cat from ipanema.mp3
2025-07-21T21:06:02 update: updating /Alcolirykoz - Suero Casero.mp3
2025-07-21T21:06:02 update: updating /菊池ひみこ - PRIMAVELA.mp3
2025-07-21T21:06:02 update: updating /Rawayana, Apache - High (feat. Apache).mp3
2025-07-21T21:06:02 update: updating /Oblivion's Mighty Trash - Medallo Bullies.mp3
2025-07-21T21:06:02 update: updating /Alcolirykoz - Aranjuez.mp3
2025-07-21T21:06:02 update: updating /Kordhell, ZWE1HVNDXR - Fuku.mp3
2025-07-21T21:06:02 update: updating /Kendrick Lamar - PRIDE..mp3
2025-07-21T21:06:02 update: updating /Rxnde Akozta, Portavoz, DJ Cidtronyck - No Van Pal Baile.mp3
2025-07-21T21:06:02 update: updating /Penyair, Alka Produce, Realidad Mental, Eddy Mugre - Ya Verás.mp3
2025-07-21T21:06:02 update: updating /Lil Supa - Culto.mp3
2025-07-21T21:06:02 update: updating /MF DOOM, DJ Cucumber Slice - Rhymes Like Dimes.mp3
2025-07-21T21:06:02 update: updating /psychoangel - neurodivergence.mp3
2025-07-21T21:06:02 update: updating /JPEGMAFIA, Danny Brown - Burfict!.mp3
2025-07-21T21:06:02 update: updating /Madvillain, Madlib, MF DOOM - All Caps.mp3
2025-07-21T21:06:02 update: updating /Venetian Snares - This Bitter Earth.mp3
2025-07-21T21:06:02 update: updating /Boards of Canada - Roygbiv.mp3
2025-07-21T21:06:02 update: updating /Ska-P - La Sesera No Va.mp3
2025-07-21T21:06:02 update: updating /Frank Sinatra - My Way Of Life.mp3
2025-07-21T21:06:02 update: updating /Joey Valence & Brae - Underground Sound.mp3
2025-07-21T21:06:02 update: updating /Roland Jones, Mari - GRINDIN.mp3
2025-07-21T21:06:02 update: updating /JPEGMAFIA - loop it and leave it.mp3
2025-07-21T21:06:02 update: updating /Ska-P - Ñapaes.mp3
2025-07-21T21:06:02 update: updating /Charli xcx - Mean girls.mp3
2025-07-21T21:06:02 update: updating /hkmori - anybody can find love (except you.).mp3
2025-07-21T21:06:02 update: updating /A Tribe Called Quest - The Hop.mp3
2025-07-21T21:06:02 update: updating /Proof, Trafikante de Almas - Rap de culto.mp3
2025-07-21T21:06:02 update: updating /Caparezza - Jodellavitanonhocapitouncazzo.mp3
2025-07-21T21:06:02 update: updating /MF DOOM, Raekwon - YESSIR!.mp3
2025-07-21T21:06:02 update: updating /Ska-P - El Gato Lopez.mp3
2025-07-21T21:06:02 update: updating /6ix, Joey Valence & Brae, FELIX!, Buddy, KYLE, Blu - Raw.mp3
2025-07-21T21:06:02 update: updating /Beastie Boys - Right Right Now Now.mp3
2025-07-21T21:06:02 update: updating /JPEGMAFIA - 1539 N. Calvert.mp3
2025-07-21T21:06:02 update: updating /Tfwamirite - だきしめたい.mp3
2025-07-21T21:06:02 update: updating /Joey Valence & Brae - GUMDROP.mp3
2025-07-21T21:06:02 update: updating /Joey Valence & Brae - HOOLIGANG.mp3
2025-07-21T21:06:02 update: updating /Sadfriendd, Towa - Pumpfake.mp3
2025-07-21T21:06:02 update: updating /usedcvnt, Eden FM - pls tell me what is ur dream.mp3
2025-07-21T21:06:02 update: updating /Venetian Snares - Hand Throw.mp3
2025-07-21T21:06:02 update: updating /Hachazo - Ocho horas.mp3
2025-07-21T21:06:02 update: updating /Molotov - Noko.mp3
2025-07-21T21:06:02 update: updating /Ska-P - Welcome to Hell.mp3
2025-07-21T21:06:02 update: updating /Ska-P - Jaque al Rey.mp3
2025-07-21T21:06:02 update: updating /Doechii - DENIAL IS A RIVER.mp3
2025-07-21T21:06:02 update: updating /Vengaboys - Boom, Boom, Boom, Boom!!.mp3
2025-07-21T21:06:02 update: updating /Canserbero, Apache - La del Estribillo.mp3
2025-07-21T21:06:02 update: updating /Norman Sann - Dance at a Funeral.mp3
2025-07-21T21:06:02 update: updating /PinkPantheress - Break It Off - Bonus.mp3
2025-07-21T21:06:02 update: updating /Joey Valence & Brae - LIKE A PUNK.mp3
2025-07-21T21:06:02 update: updating /System Of A Down - Protect The Land.mp3
2025-07-21T21:06:02 update: updating /Riot Propaganda - Agenda Oculta.mp3
2025-07-21T21:06:02 update: updating /Joey Valence & Brae - Like What.mp3
2025-07-21T21:06:02 update: updating /Nujabes, Shing02 - battlecry.mp3
2025-07-21T21:06:02 update: updating /Igorrr - Very Long Chicken.mp3
2025-07-21T21:06:02 update: updating /Portavoz - El Mejor.mp3
2025-07-21T21:06:02 update: updating /Canserbero - Advertencia.mp3
2025-07-21T21:06:02 update: updating /Alcolirykoz - Sancocho en Leña.mp3
2025-07-21T21:06:02 update: updating /Limp Bizkit, Method Man - N 2 Gether Now.mp3
2025-07-21T21:06:02 update: updating /A Tribe Called Quest - Find a Way.mp3
2025-07-21T21:06:02 update: updating /A Tribe Called Quest - Electric Relaxation.mp3
2025-07-21T21:06:02 update: updating /Cortex - Devil's Dance.mp3
2025-07-21T21:06:02 update: updating /femtanyl - GIRL HELL 1999.mp3
2025-07-21T21:06:02 update: updating /Los Prisioneros - Latinoamérica Es un Pueblo al Sur de Estados Unidos.mp3
2025-07-21T21:06:02 update: updating /A Tribe Called Quest - Like It Like That.mp3
2025-07-21T21:06:02 update: updating /Beastie Boys - Flute Loop.mp3
2025-07-21T21:06:02 update: updating /João Gilberto - Pra Que Discutir Com Madame.mp3
2025-07-21T21:06:02 update: updating /Eddy Mugre - One two.mp3
2025-07-21T21:06:02 update: updating /Alcolirykoz, Bajo Tierra - TNT.mp3
2025-07-21T21:06:02 update: updating /2Pac - No More Pain.mp3
2025-07-21T21:06:02 update: updating /Galaxy 2 Galaxy - Jupiter Jazz.mp3
2025-07-21T21:06:02 update: updating /Canserbero - Canbiate.mp3
2025-07-21T21:06:02 update: updating /Alcolirykoz, Sho-Hai - El Rey del Despecho.mp3
2025-07-21T21:06:02 update: updating /Joey Valence & Brae - WHERE U FROM.mp3
2025-07-21T21:06:02 update: updating /Eddie Palmieri - Vámonos Pa'l Monte.mp3
2025-07-21T21:06:02 update: updating /Eddy Mugre - Esas tentaciones.mp3
2025-07-21T21:06:02 update: updating /A Tribe Called Quest - Steve Biko (Stir It Up).mp3
2025-07-21T21:06:02 update: updating /A Tribe Called Quest - Keeping It Moving.mp3
2025-07-21T21:06:02 update: updating /The Davitts - Come Out Ye Black and Tans.mp3
2025-07-21T21:06:02 update: updating /Alcolirykoz - Fruko y Sus Presos (2.018).mp3
2025-07-21T21:06:02 update: updating /PinkPantheress - Tonight.mp3
2025-07-21T21:06:02 update: updating /Laurindo Almeida - The Lamp Is Low.mp3
2025-07-21T21:06:02 update: updating /Venetian Snares - twelve.mp3
2025-07-21T21:06:02 update: updating /SERAPHINE NOIR, Nona Shipov - All Caps.mp3
2025-07-21T21:06:02 update: updating /King Geedorah, Mr Fantastik - Anti-Matter.mp3
2025-07-21T21:06:02 update: updating /Ilkae - Cappuccino Summit.mp3
2025-07-21T21:06:02 update: updating /Boards of Canada - The Color Of The Fire.mp3
2025-07-21T21:06:02 update: updating /PinkPantheress - Pain.mp3
2025-07-21T21:06:02 update: updating /Akapellah - La Vida Es un Freestyle.mp3
2025-07-21T21:06:02 update: updating /Nujabes, Cise Starr - Lady Brown (feat. Cise Starr from CYNE).mp3
2025-07-21T21:06:02 update: updating /Alcolirykoz, Estee Nack - Reflujo.mp3
2025-07-21T21:06:02 update: updating /ZSK - Antifascista.mp3
2025-07-21T21:06:02 update: updating /King Geedorah - Fazers.mp3
2025-07-21T21:06:02 update: updating /Aerophon, Alcolirykoz - La Esquina del Mariachi.mp3
2025-07-21T21:06:02 update: updating /Joey Valence & Brae - Ready Set.mp3
2025-07-21T21:06:02 update: updating /rusowsky - no t dejas ver.mp3
2025-07-21T21:06:02 update: updating /JPEGMAFIA, Danny Brown - God Loves You.mp3
2025-07-21T21:06:02 update: updating /Charli xcx - Rewind.mp3
2025-07-21T21:06:02 update: updating /Shaggy - Boombastic.mp3
2025-07-21T21:06:02 update: updating /Cultura Profética - Saca, Prende y Sorprende.mp3
2025-07-21T21:06:02 update: updating /Chihiro Yamanaka - 乙女の祈り.mp3
2025-07-21T21:06:02 update: updating /Elis Regina, Antônio Carlos Jobim - Brigas Nunca Mais.mp3
2025-07-21T21:06:02 update: updating /Machinedrum - Jewlea.mp3
2025-07-21T21:06:02 update: updating /Venetian Snares - Chinaski.mp3
2025-07-21T21:06:02 update: updating /Wu-Tang Clan, RZA, MF DOOM - Biochemical Equation.mp3
2025-07-21T21:06:02 update: updating /Oblivion's Mighty Trash - Bastian Laurent.mp3
2025-07-21T21:06:02 update: updating /Alcolirykoz - No Está en Venta.mp3
2025-07-21T21:06:02 update: updating /Venetian Snares - Gentleman.mp3
2025-07-21T21:06:02 update: updating /JPEGMAFIA - i scream this in the mirror before i interact with anyone.mp3
2025-07-21T21:06:02 update: updating /Ska-P - Romero el Madero.mp3
2025-07-21T21:06:02 update: updating /A Tribe Called Quest - Jazz (We've Got).mp3
2025-07-21T21:06:02 update: updating /Machine Girl - Krystle - URL Cyber Palace Mix.mp3
2025-07-21T21:06:02 update: updating /Purple Posse, BACKWHEN, 6-6-6 - Cookies.mp3
2025-07-21T21:06:02 update: updating /Joey Valence & Brae, Z-Trip - NO HANDS (feat. Z-Trip).mp3
2025-07-21T21:06:02 update: updating /Ahmed Malek - Maya.mp3
2025-07-21T21:06:02 update: updating /Canserbero, NicoJP - No no - Instrumental.mp3
2025-07-21T21:06:02 update: updating /Alcolirykoz, Armando Hernandez - El Remate.mp3
2025-07-21T21:06:02 update: updating /berlioz, Ted Jasper - nyc in 1940.mp3
2025-07-21T21:06:02 update: updating /MF DOOM, J Dilla - GAZZILLION EAR.mp3
2025-07-21T21:06:02 update: updating /PinkPantheress - The aisle.mp3
2025-07-21T21:06:02 update: updating /Oblivion's Mighty Trash - Ya Mismo.mp3
2025-07-21T21:06:02 update: updating /Boards of Canada - An Eagle In Your Mind.mp3
2025-07-21T21:06:02 update: updating /菊池ひみこ - Ducky Ducky.mp3
2025-07-21T21:06:02 update: updating /Molotov - No Manches Mi Vida.mp3
2025-07-21T21:06:02 update: updating /Molotov - Voto Latino.mp3
2025-07-21T21:06:02 update: updating /Boards of Canada - Music Is Math.mp3
2025-07-21T21:06:02 update: updating /Shaggy, Rik Rok - It Wasn't Me.mp3
2025-07-21T21:06:02 update: updating /Vegyn, JPEGMAFIA - Nauseous  Devilish.mp3
2025-07-21T21:06:02 update: updating /Rage Against The Machine - Wake Up.mp3
2025-07-21T21:06:02 update: updating /Aphex Twin - Flim.mp3
2025-07-21T21:06:02 update: updating /Alcolirykoz - Tararea.mp3
2025-07-21T21:06:02 update: updating /Rage Against The Machine - Bulls On Parade.mp3
2025-07-21T21:06:02 update: updating /Joey Valence & Brae, Terror Reid - DOUGHBOY (feat. Terror Reid).mp3
2025-07-21T21:06:02 update: updating /JPEGMAFIA - BALD!.mp3
2025-07-21T21:06:02 update: updating /Sleepy Hallow, Doechii - ANXIETY (feat. Doechii).mp3
2025-07-21T21:06:02 update: updating /Aphex Twin - Fingerbib.mp3
2025-07-21T21:06:02 update: updating /JPEGMAFIA, Danny Brown - Lean Beef Patty.mp3
2025-07-21T21:06:02 update: updating /Shaggy, Collie Buddz, Sizzla - Mad Mad World (feat. Sizzla Kalonji & Collie Buddz).mp3
2025-07-21T21:06:02 update: updating /Los Prisioneros - Maldito Sudaca.mp3
2025-07-21T21:06:02 update: updating /A Tribe Called Quest - 8 Million Stories.mp3
2025-07-21T21:06:02 update: updating /Canserbero, Apache - Uno por Ellas.mp3
2025-07-21T21:06:02 update: updating /Ska-P - Ni Fu Ni Fa.mp3
2025-07-21T21:06:02 update: updating /Alcolirykoz - Baño de Ruda.mp3
2025-07-21T21:06:02 update: updating /System Of A Down - B.Y.O.B..mp3
2025-07-21T21:06:02 update: updating /femtanyl - PUSH UR T3MPRR.mp3
2025-07-21T21:06:02 update: updating /Igorrr - Fryzura Konika.mp3
2025-07-21T21:06:02 update: updating /Portavoz, Matiah Chinaski, Dj Perez - Por Si Las Moscas (En Otra Versión).mp3
2025-07-21T21:06:02 update: updating /Control Machete - Andamos Armados.mp3
2025-07-21T21:06:02 update: updating /Rage Against The Machine - Bombtrack.mp3
2025-07-21T21:06:02 update: updating /A Tribe Called Quest, Busta Rhymes - Oh My God (feat. Busta Rhymes).mp3
2025-07-21T21:06:02 update: updating /マドロスMERCURY - 3DS Internet Settings.mp3
2025-07-21T21:06:02 update: updating /Anna German - Катюша.mp3
2025-07-21T21:06:02 update: updating /wiv - bad days are coming.mp3
2025-07-21T21:06:02 update: updating /Oblivion's Mighty Trash - Eso Está Muy Jazzudo.mp3
2025-07-21T21:06:02 update: updating /JPEGMAFIA - HAZARD DUTY PAY!.mp3
2025-07-21T21:06:02 update: updating /Portavoz - Dando Cara.mp3
2025-07-21T21:06:02 update: updating /Hanumankind, Kalmi - Big Dawgs.mp3
2025-07-21T21:06:02 update: updating /Alcolirykoz - Normal.mp3
2025-07-21T21:06:02 update: updating /Alcolirykoz - Aguanilé.mp3
2025-07-21T21:06:02 update: updating /Penyair, dj spizike - Un Pelito y Un Tamal.mp3
2025-07-21T21:06:02 update: updating /A Tribe Called Quest - Youthful Expression.mp3
2025-07-21T21:06:02 update: updating /cutkolaska - Empty Promise.mp3
2025-07-21T21:06:02 update: updating /A Tribe Called Quest - Can I Kick It.mp3
2025-07-21T21:06:02 update: updating /Gorillaz - On Melancholy Hill.mp3
2025-07-21T21:06:02 update: updating /Science Of Sound, A Tribe Called Quest - Rhymery.mp3
2025-07-21T21:06:02 update: updating /Sons of Aguirre, Scila - Vete a Cuba.mp3
2025-07-21T21:06:02 update: updating /Oblivion's Mighty Trash - No me soya la playa.mp3
2025-07-21T21:06:02 update: updating /Nehruviandoom, MF DOOM - Caskets.mp3
2025-07-21T21:06:02 update: updating /MF DOOM, Mr. Fantastik - Rapp Snitch Knishes.mp3
2025-07-21T21:06:02 update: updating /Björk - Hidden Place.mp3
2025-07-21T21:06:02 update: updating /Ska-P - Paramilitar.mp3
2025-07-21T21:06:02 update: updating /Venetian Snares - Szerencsétlen.mp3
2025-07-21T21:06:02 update: updating /Venetian Snares - Öngyilkos Vasárnap.mp3
2025-07-21T21:06:02 update: updating /Digable Planets - It's Good To Be Here.mp3
2025-07-21T21:06:02 update: updating /JPEGMAFIA, Danny Brown - SCARING THE HOES.mp3
2025-07-21T21:06:02 update: updating /Charli xcx - Club classics.mp3
2025-07-21T21:06:02 update: updating /Selene, Tatiana Gomez Rap, Eddy Mugre, Arion - ¿Algo Que Decir.mp3
2025-07-21T21:06:02 update: updating /Kendrick Lamar, Lefty Gunplay - tv off (feat. lefty gunplay).mp3
2025-07-21T21:06:02 update: updating /Apache - Pasame la Yesca.mp3
2025-07-21T21:06:02 update: updating /Bolden., Mauricesax - I'm here..mp3
2025-07-21T21:06:02 update: updating /Control Machete - Así Son Mis Días.mp3
2025-07-21T21:06:02 update: updating /Charli xcx - Von dutch.mp3
2025-07-21T21:06:02 update: updating /Venetian Snares - Abomination Street.mp3
2025-07-21T21:06:02 update: updating /Sergio Mendes & Brasil '66 - Mas Que Nada.mp3
2025-07-21T21:06:02 update: updating /PinkPantheress - True romance.mp3
2025-07-21T21:06:02 update: updating /Canserbero, Solo Soul, McKlopedia, IceOD, Primobeatz - El mundito del rap.mp3
2025-07-21T21:06:02 update: updating /2Pac, Roger, Dr. Dre - California Love - Original Version.mp3
2025-07-21T21:06:02 update: updating /Los Prisioneros - Por Qué No Se Van.mp3
2025-07-21T21:06:02 update: updating /Lelio Luttazzi - Estate.mp3
2025-07-21T21:06:02 update: updating /Aphex Twin - produk 29 [101].mp3
2025-07-21T21:06:02 update: updating /Ska-P - El Vals del Obrero.mp3
2025-07-21T21:06:02 update: updating /Ska-P - Mis Colegas.mp3
2025-07-21T21:06:02 update: updating /Joey Valence & Brae - PUNK TACTICS.mp3
2025-07-21T21:06:02 update: updating /Oblivion's Mighty Trash, Saygi - BluessyShit.mp3
2025-07-21T21:06:02 update: updating /Canserbero, NicoJP - Outro Chavo - Instrumental.mp3
2025-07-21T21:06:02 update: updating /Doechii - Nosebleeds.mp3
2025-07-21T21:06:02 update: updating /Apache - Rompiendo el Hielo.mp3
2025-07-21T21:06:02 update: updating /Jazz Liberatorz - Loop Prisoner.mp3
2025-07-21T21:06:02 update: updating /MF DOOM - Vomitspit.mp3
2025-07-21T21:06:02 update: updating /Canserbero, NicoJP - RA Words - Instrumental.mp3
2025-07-21T21:06:02 update: updating /Alcolirykoz, ToteKing - El Tour de Sing Sing.mp3
2025-07-21T21:06:02 update: updating /Garoto - Um Rosto de Mulher.mp3
2025-07-21T21:06:02 update: updating /Eddy Mugre - Kid roy (red allen).mp3
2025-07-21T21:06:02 update: updating /Proof - Tratos Con el Diablo.mp3
2025-07-21T21:06:02 update: updating /Negroni's Trio, Pedro Capó - El Incomprendido (feat. Pedro Capó).mp3
2025-07-21T21:06:02 update: updating /System Of A Down - Toxicity.mp3
2025-07-21T21:06:02 update: updating /Macabre Plaza - Abandoned Plaza.mp3
2025-07-21T21:06:02 update: updating /Alcolirykoz - Todo Lo Bueno Tarda.mp3
2025-07-21T21:06:02 update: updating /A Tribe Called Quest - Bonita Applebum.mp3
2025-07-21T21:06:02 update: updating /Ali Primera - Techos de Cartón.mp3
2025-07-21T21:06:02 update: updating /Towa - Move MF.mp3
2025-07-21T21:06:02 update: updating /JPEGMAFIA - SIN MIEDO.mp3
2025-07-21T21:06:02 update: updating /Rxnde Akozta, Marrom Fernandez - Juicio  Canserbero.mp3
2025-07-21T21:06:02 update: updating /A Tribe Called Quest - Buggin' Out.mp3
2025-07-21T21:06:02 update: updating /菊池ひみこ - Look Your Back!.mp3
2025-07-21T21:06:02 update: updating /Molotov - Gimme Tha Power.mp3
2025-07-21T21:06:02 update: updating /A Tribe Called Quest - Check the Rhime.mp3
2025-07-21T21:06:02 update: updating /Joey Valence & Brae - DANCE NOW.mp3
2025-07-21T21:06:02 update: updating /JJ DOOM, MF DOOM, Jneiro Jarel - Bookhead.mp3
2025-07-21T21:06:02 update: updating /wix9s1xe, SUICIDE KIDDO, Towa - MEXICO HURRICANE.mp3
2025-07-21T21:06:02 update: updating /JPEGMAFIA, Danny Brown, redveil - Kingdom Hearts Key (ft. redveil).mp3
2025-07-21T21:06:02 update: updating /Oblivion's Mighty Trash - Bello.mp3
2025-07-21T21:06:02 update: updating /Oblivion's Mighty Trash - LoveIsInTheAir.mp3
2025-07-21T21:06:02 update: updating /Shaggy, Rayvon - Angel.mp3
2025-07-21T21:06:02 update: updating /Joey Valence & Brae - OMNITRIX.mp3
2025-07-21T21:06:02 update: updating /Sons of Aguirre, Scila, Dj Plan B, Guaja D - Privilegiados.mp3
2025-07-21T21:06:02 update: updating /Alcolirykoz, Jeronimo - Medellificación.mp3
2025-07-21T21:06:02 update: updating /Sons of Aguirre, Scila - Carta al Sr.Fiscal.mp3
2025-07-21T21:06:02 update: updating /Señor Marrano, Eddy Mugre - Sistema - Remix.mp3
2025-07-21T21:06:02 update: updating /All That Jazz - 空から降ってきた少女.mp3
2025-07-21T21:06:02 update: updating /João Gilberto - Meditação.mp3
2025-07-21T21:06:02 update: updating /Igorrr - Melting Nails.mp3
2025-07-21T21:06:02 update: updating /Canserbero - Despierta.mp3
2025-07-21T21:06:02 update: updating /Menahan Street Band - Queens Highway.mp3
2025-07-21T21:06:02 update: updating /Prefuse 73 - Point To B.mp3
2025-07-21T21:06:02 update: updating /Ska-P - Cannabis.mp3
2025-07-21T21:06:02 update: updating /PinkPantheress - I Must Apologise.mp3
2025-07-21T21:06:02 update: updating /Proof - Rap da Rap quita.mp3
2025-07-21T21:06:02 update: updating /Dean Martin - Everybody Loves Somebody.mp3
2025-07-21T21:06:02 update: updating /Violadores Del Verso - Vicios y Virtudes.mp3
2025-07-21T21:06:02 update: updating /A Tribe Called Quest - What.mp3
2025-07-21T21:06:02 update: updating /Eddy Mugre - 3 Espinas.mp3
2025-07-21T21:06:02 update: updating /JUNTMANE, BIG PROBLEM MAC - O' LORD.mp3
2025-07-21T21:06:02 update: updating /Portavoz, Zonyko, Cidtronyck - Rebelarte.mp3
2025-07-21T21:06:02 update: updating /Canserbero - Quién Eres.mp3
2025-07-21T21:06:02 update: updating /Lil Supa, Doktor Rheal - CLOACA.mp3
2025-07-21T21:06:02 update: updating /Charli xcx - Talk talk.mp3
2025-07-21T21:06:02 update: updating /Shoebill - shitcorebabes.mp3
2025-07-21T21:06:02 update: updating /Charli xcx - B2b.mp3
2025-07-21T21:06:02 update: updating /Woodcamp - Eatin' Good.mp3
2025-07-21T21:06:02 update: updating /Doechii - SKIPP.mp3
2025-07-21T21:06:02 update: updating /MF DOOM, Pebbles The Invisible Girl - Doomsday.mp3
2025-07-21T21:06:02 update: updating /Granuja - De Pe a Pa.mp3
2025-07-21T21:06:02 update: updating /Joey Valence & Brae, Danny Brown - PACKAPUNCH (feat. Danny Brown).mp3
2025-07-21T21:06:02 update: updating /Alcolirykoz, N. Hardem, L'Xuasma - Discos Fuentes.mp3
2025-07-21T21:06:02 update: updating /CUPIDS OPPRESSION - LIFE IMITATES ART.mp3
2025-07-21T21:06:02 update: updating /Boards of Canada - Sixtyten.mp3
2025-07-21T21:06:02 update: updating /DANGERDOOM, MF DOOM, Danger Mouse - Crosshairs.mp3
2025-07-21T21:06:02 update: updating /Oblivion's Mighty Trash - Chaíto.mp3
2025-07-21T21:06:02 update: updating /ilysam, Mc Ster - sweet rally.mp3
2025-07-21T21:06:02 update: updating /MF DOOM - THAT'S THAT.mp3
2025-07-21T21:06:02 update: updating /Shaggy - That's Life.mp3
2025-07-21T21:06:02 update: updating /Mime 871, Taxi Dee - En La Identidad.mp3
2025-07-21T21:06:02 update: updating /JPEGMAFIA - What the hip hop hell is this .mp3
2025-07-21T21:06:02 update: updating /Stan Getz - The Girl From Ipanema.mp3
2025-07-21T21:06:02 update: updating /Chucho Valdés, Royal Quartet - Tatomania.mp3
2025-07-21T21:06:02 update: updating /Shaggy, Rayvon - In The Summertime.mp3
2025-07-21T21:06:02 update: updating /Riot Propaganda - Plata o Plomo.mp3
2025-07-21T21:06:02 update: updating /Alcolirykoz - La Típica (2.018).mp3
2025-07-21T21:06:02 update: updating /Kendrick Lamar, SZA - luther (with sza).mp3
2025-07-21T21:06:02 update: updating /Alcolirykoz - Baldor.mp3
2025-07-21T21:06:02 update: updating /Sr Pablo, Eddy Mugre - Hattori Hanzo.mp3
2025-07-21T21:06:02 update: updating /Oblivion's Mighty Trash - Piqui Blainder.mp3
2025-07-21T21:06:02 update: updating /femtanyl - KATAMARI.mp3
2025-07-21T21:06:02 update: updating /ZWE1HVNDXR, yatashigang - LOVELY BASTARDS.mp3
2025-07-21T21:06:02 update: updating /Sabaton - To Hell and Back.mp3
2025-07-21T21:06:02 update: updating /Joey Valence & Brae - BUSSIT.mp3
2025-07-21T21:06:02 update: updating /Venetian Snares - Hajnal.mp3
2025-07-21T21:06:02 update: updating /2 Low Key, Lil Chucky - On That Devil Shit.mp3
2025-07-21T21:06:02 update: updating /JPEGMAFIA, Danny Brown - HOE (Heaven on Earth).mp3
2025-07-21T21:06:02 update: updating /JPEGMAFIA, Denzel Curry - JPEGULTRA! (feat. Denzel Curry).mp3
2025-07-21T21:06:02 update: updating /the wine is ok - gamay.mp3
2025-07-21T21:06:02 update: updating /Ahmed Malek - Bossa.mp3
2025-07-21T21:06:02 update: updating /Alcolirykoz, Junior Zamora - La Caza de Nariño.mp3
2025-07-21T21:06:02 update: updating /Machine Girl - Ghost.mp3
2025-07-21T21:06:02 update: updating /Charli xcx - 365.mp3
2025-07-21T21:06:02 update: updating /Alcolirykoz - Round 40.mp3
2025-07-21T21:44:14 player: played "Oblivion's Mighty Trash - No Me Acuerdo.mp3"
2025-07-22T17:07:15 alsa_output: Decoder is too slow; playing silence to avoid xrun
2025-07-22T17:07:15 player: played "Oblivion's Mighty Trash - No Me Acuerdo.mp3"
2025-07-22T17:09:39 player: played "Oblivion's Mighty Trash - Ya Mismo.mp3"
2025-07-22T17:11:55 alsa_output: Decoder is too slow; playing silence to avoid xrun
2025-07-22T17:11:55 player: played "PinkPantheress - True romance.mp3"
2025-07-22T17:14:44 player: played "Rage Against The Machine - Bulls On Parade.mp3"
2025-07-22T17:18:14 player: played "Alcolirykoz - Aguanilé.mp3"
2025-07-22T17:21:24 alsa_output: Decoder is too slow; playing silence to avoid xrun
2025-07-22T17:21:24 player: played "Alcolirykoz - Baño de Ruda.mp3"
2025-07-22T17:25:28 alsa_output: Decoder is too slow; playing silence to avoid xrun
2025-07-22T17:25:28 player: played "Alcolirykoz, Armando Hernandez - El Remate.mp3"
2025-07-22T17:29:39 alsa_output: Decoder is too slow; playing silence to avoid xrun
2025-07-22T17:29:39 player: played "berlioz, Ted Jasper - nyc in 1940.mp3"
2025-07-22T17:31:53 alsa_output: Decoder is too slow; playing silence to avoid xrun
2025-07-22T17:31:53 player: played "Charli xcx - 360.mp3"
2025-07-22T17:38:40 alsa_output: Decoder is too slow; playing silence to avoid xrun
2025-07-22T17:38:40 player: played "Cultura Profética - Saca, Prende y Sorprende.mp3"
2025-07-22T19:24:34 player: played "femtanyl - KATAMARI.mp3"
2025-07-22T22:07:44 player: played "femtanyl - KATAMARI.mp3"
2025-07-23T17:07:14 player: played "Digable Planets - Rebirth Of Slick (Cool Like Dat).mp3"
2025-07-23T19:34:40 player: played "Digable Planets - Rebirth Of Slick (Cool Like Dat).mp3"
2025-07-24T17:58:52 alsa_output: Decoder is too slow; playing silence to avoid xrun
2025-07-24T17:58:52 player: played "Digable Planets - Where I'm From.mp3"
2025-07-24T18:41:53 player: played "Digable Planets - Rebirth Of Slick (Cool Like Dat).mp3"
2025-07-24T19:46:32 player: played "Digable Planets - Where I'm From.mp3"
2025-07-24T19:52:39 player: played "Digable Planets - Rebirth Of Slick (Cool Like Dat).mp3"
2025-07-24T19:55:50 player: played "Charli xcx - 360.mp3"
2025-07-24T20:01:39 alsa_output: Decoder is too slow; playing silence to avoid xrun
2025-07-24T20:01:39 player: played "Digable Planets - It's Good To Be Here.mp3"
2025-07-24T20:03:26 player: played "ilysam, Mc Ster - sweet rally.mp3"
2025-07-24T20:05:13 player: played "JUNTMANE, BIG PROBLEM MAC - O' LORD.mp3"
2025-07-24T20:08:30 player: played "King Geedorah - Fazers.mp3"
2025-07-24T20:10:07 player: played "Macabre Plaza - Abandoned Plaza.mp3"
2025-07-24T20:16:40 player: played "Stan Getz - The Girl From Ipanema.mp3"
2025-07-24T20:18:19 player: played "the wine is ok - gamay.mp3"
2025-07-24T20:23:17 player: played "菊池ひみこ - Look Your Back!.mp3"
2025-07-24T20:28:31 player: played "菊池ひみこ - PRIMAVELA.mp3"
2025-07-24T20:33:49 player: played "A Tribe Called Quest - Steve Biko (Stir It Up).mp3"
2025-07-24T20:37:12 player: played "A Tribe Called Quest - Find a Way.mp3"
2025-07-24T20:40:09 player: played "Aphex Twin - Flim.mp3"
2025-07-24T20:46:34 player: played "Boards of Canada - An Eagle In Your Mind.mp3"
2025-07-24T20:50:51 player: played "Chihiro Yamanaka - 乙女の祈り.mp3"
2025-07-24T20:52:11 player: played "Jazz Liberatorz - Loop Prisoner.mp3"
2025-07-24T20:58:17 player: played "MF DOOM, Pebbles The Invisible Girl - Doomsday.mp3"
2025-07-24T21:00:05 player: played "PinkPantheress - I Must Apologise.mp3"
2025-07-24T21:02:22 player: played "PinkPantheress - True romance.mp3"
2025-07-24T21:06:29 player: played "Shaggy - Boombastic.mp3"
2025-07-24T21:10:44 player: played "System Of A Down - B.Y.O.B..mp3"
2025-07-24T21:27:21 player: played "Vegyn, JPEGMAFIA - Nauseous  Devilish.mp3"
2025-07-24T21:32:17 player: played "Venetian Snares - Szerencsétlen.mp3"
2025-07-24T21:36:34 player: played "Venetian Snares - This Bitter Earth.mp3"
2025-07-24T21:42:06 player: played "菊池ひみこ - GYPSY SONG - from Carmen.mp3"
2025-07-24T21:47:10 player: played "Aphex Twin - produk 29 [101].mp3"
2025-07-24T21:48:56 player: played "Boards of Canada - The Color Of The Fire.mp3"
2025-07-24T21:53:31 alsa_output: Decoder is too slow; playing silence to avoid xrun
2025-07-24T21:53:31 player: played "Digable Planets - Where I'm From.mp3"
2025-07-24T21:56:37 player: played "Doechii - BOILED PEANUTS.mp3"
2025-07-24T22:21:41 player: played "Eddie Palmieri - Vámonos Pa'l Monte.mp3"
2025-07-24T22:22:43 player: played "Garoto - Um Rosto de Mulher.mp3"
2025-07-24T22:29:47 player: played "Joey Valence & Brae, Z-Trip - NO HANDS (feat. Z-Trip).mp3"
